2025-04-28 20:49:56,646 [INFO] Activator:176 - 


2025-04-28 20:49:56,650 [INFO] Activator:177 - !SESSION log4j initialized
2025-04-28 20:50:01,406 [INFO] LogOutputStream:77 - [STDOUT_REDIRECT] 
2025-04-28 20:50:04,231 [INFO] ApplicationProperties:184 - Using Application install path: C:\ST\STM32CubeIDE_1.17.0\STM32CubeIDE\plugins\com.st.stm32cube.common.mx_6.13.0.202411220809
2025-04-28 20:50:04,244 [INFO] DbMcusXml:78 - Set database path to: C:\ST\STM32CubeIDE_1.17.0\STM32CubeIDE\plugins\com.st.stm32cube.common.mx_6.13.0.202411220809\\db\/mcu/
2025-04-28 20:50:04,244 [INFO] ApiDb:274 - Set plugin database path to: C:\ST\STM32CubeIDE_1.17.0\STM32CubeIDE\plugins\com.st.stm32cube.common.mx_6.13.0.202411220809\\db\/plugins/boardmanager/
2025-04-28 20:50:04,245 [WARN] ApiDb:259 - Overriding images path with different value:  => C:\ST\STM32CubeIDE_1.17.0\STM32CubeIDE\plugins\com.st.stm32cube.common.mx_6.13.0.202411220809\\db\/plugins/mcufinder/images/
2025-04-28 20:50:04,251 [INFO] ApiDb:250 - Set database path to: C:\Users\a0979\.stmcufinder\plugins\mcufinder//mcu/
2025-04-28 20:50:04,251 [INFO] DbMcusAds:125 - Set database path to: C:\Users\a0979\.stmcufinder\plugins\mcufinder//mcu/
2025-04-28 20:50:04,253 [INFO] CrossReferenceDbSqlite:203 - Set database path to: C:\Users\a0979\.stmcufinder\plugins\mcufinder//mcu/cs/
2025-04-28 20:50:04,345 [INFO] RulesReader:64 - Compatibility file has been processed (297 Rules)
2025-04-28 20:50:04,420 [INFO] DbMcusXml:78 - Set database path to: C:\ST\STM32CubeIDE_1.17.0\STM32CubeIDE\plugins\com.st.stm32cube.common.mx_6.13.0.202411220809\\db\/mcu/
2025-04-28 20:50:04,420 [INFO] ApiDb:274 - Set plugin database path to: C:\ST\STM32CubeIDE_1.17.0\STM32CubeIDE\plugins\com.st.stm32cube.common.mx_6.13.0.202411220809\\db\/plugins/boardmanager/
2025-04-28 20:50:04,420 [INFO] ApiDb:261 - Set plugin images path to: C:\ST\STM32CubeIDE_1.17.0\STM32CubeIDE\plugins\com.st.stm32cube.common.mx_6.13.0.202411220809\\db\/plugins/mcufinder/images/
2025-04-28 20:50:04,420 [WARN] DbFile:41 - Overriding database path with different value: C:\Users\a0979\.stmcufinder\plugins\mcufinder/ => C:\Users\a0979\.stmcufinder\plugins\mcufinder
2025-04-28 20:50:04,420 [INFO] ApiDb:250 - Set database path to: C:\Users\a0979\.stmcufinder\plugins\mcufinder//mcu/
2025-04-28 20:50:04,420 [WARN] DbFile:41 - Overriding database path with different value: C:\Users\a0979\.stmcufinder\plugins\mcufinder/ => C:\Users\a0979\.stmcufinder\plugins\mcufinder
2025-04-28 20:50:04,420 [INFO] DbMcusAds:125 - Set database path to: C:\Users\a0979\.stmcufinder\plugins\mcufinder//mcu/
2025-04-28 20:50:04,420 [WARN] DbFile:41 - Overriding database path with different value: C:\Users\a0979\.stmcufinder\plugins\mcufinder/ => C:\Users\a0979\.stmcufinder\plugins\mcufinder
2025-04-28 20:50:04,420 [WARN] DbFile:41 - Overriding database path with different value: C:\Users\a0979\.stmcufinder\plugins\mcufinder/ => C:\Users\a0979\.stmcufinder\plugins\mcufinder
2025-04-28 20:50:04,421 [INFO] CrossReferenceDbSqlite:203 - Set database path to: C:\Users\a0979\.stmcufinder\plugins\mcufinder//mcu/cs/
2025-04-28 20:50:04,474 [INFO] MainPanel:272 - HeapMemory: 268435456
2025-04-28 20:50:04,559 [INFO] DbMcusXml:78 - Set database path to: C:\ST\STM32CubeIDE_1.17.0\STM32CubeIDE\plugins\com.st.stm32cube.common.mx_6.13.0.202411220809\\db\/mcu/
2025-04-28 20:50:04,559 [INFO] ApiDb:274 - Set plugin database path to: C:\ST\STM32CubeIDE_1.17.0\STM32CubeIDE\plugins\com.st.stm32cube.common.mx_6.13.0.202411220809\\db\/plugins/boardmanager/
2025-04-28 20:50:04,559 [INFO] ApiDb:261 - Set plugin images path to: C:\ST\STM32CubeIDE_1.17.0\STM32CubeIDE\plugins\com.st.stm32cube.common.mx_6.13.0.202411220809\\db\/plugins/mcufinder/images/
2025-04-28 20:50:04,559 [WARN] DbFile:41 - Overriding database path with different value: C:\Users\a0979\.stmcufinder\plugins\mcufinder/ => C:\Users\a0979\.stmcufinder\plugins\mcufinder
2025-04-28 20:50:04,560 [INFO] ApiDb:250 - Set database path to: C:\Users\a0979\.stmcufinder\plugins\mcufinder//mcu/
2025-04-28 20:50:04,560 [WARN] DbFile:41 - Overriding database path with different value: C:\Users\a0979\.stmcufinder\plugins\mcufinder/ => C:\Users\a0979\.stmcufinder\plugins\mcufinder
2025-04-28 20:50:04,560 [INFO] DbMcusAds:125 - Set database path to: C:\Users\a0979\.stmcufinder\plugins\mcufinder//mcu/
2025-04-28 20:50:04,560 [WARN] DbFile:41 - Overriding database path with different value: C:\Users\a0979\.stmcufinder\plugins\mcufinder/ => C:\Users\a0979\.stmcufinder\plugins\mcufinder
2025-04-28 20:50:04,560 [WARN] DbFile:41 - Overriding database path with different value: C:\Users\a0979\.stmcufinder\plugins\mcufinder/ => C:\Users\a0979\.stmcufinder\plugins\mcufinder
2025-04-28 20:50:04,560 [INFO] CrossReferenceDbSqlite:203 - Set database path to: C:\Users\a0979\.stmcufinder\plugins\mcufinder//mcu/cs/
2025-04-28 20:50:04,574 [INFO] ApplicationProperties:184 - Using Application install path: C:\ST\STM32CubeIDE_1.17.0\STM32CubeIDE\plugins\com.st.stm32cube.common.mx_6.13.0.202411220809
2025-04-28 20:50:04,575 [INFO] PluginManage:196 - Search for loadable plugins [exclusion list=, ]
2025-04-28 20:50:04,576 [INFO] PluginManage:310 - Check plugin analytics
2025-04-28 20:50:04,747 [INFO] AnalyticsPlugin:253 - Accepted Software Licenses: 
2025-04-28 20:50:04,748 [INFO] AnalyticsPlugin:255 - Accepted CMSIS Pack Licenses: 
2025-04-28 20:50:04,748 [INFO] AnalyticsPlugin:257 - Accepted Firmware Licenses: FW.L4.1.18.0,FW.F4.1.28.0
2025-04-28 20:50:04,752 [INFO] PluginManage:359 - Loaded plugin analytics (category:tool,tabindex:-1)
2025-04-28 20:50:04,752 [INFO] PluginManage:310 - Check plugin cadmodel
2025-04-28 20:50:04,767 [INFO] CADModel:105 - Init CAD model plugin
2025-04-28 20:50:04,767 [INFO] PluginManage:359 - Loaded plugin cadmodel (category:power,tabindex:5)
2025-04-28 20:50:04,767 [INFO] PluginManage:310 - Check plugin clock
2025-04-28 20:50:04,785 [INFO] PluginManage:359 - Loaded plugin clock (category:base,tabindex:2)
2025-04-28 20:50:04,785 [INFO] PluginManage:310 - Check plugin ddr
2025-04-28 20:50:04,788 [INFO] PluginManage:359 - Loaded plugin ddr (category:tool,tabindex:6)
2025-04-28 20:50:04,788 [INFO] PluginManage:310 - Check plugin filemanager
2025-04-28 20:50:04,911 [INFO] PluginManage:359 - Loaded plugin filemanager (category:base,tabindex:10)
2025-04-28 20:50:04,911 [INFO] PluginManage:310 - Check plugin ipmanager
2025-04-28 20:50:04,917 [INFO] PluginManage:359 - Loaded plugin ipmanager (category:base,tabindex:5)
2025-04-28 20:50:04,918 [INFO] PluginManage:310 - Check plugin lpbam
2025-04-28 20:50:04,933 [INFO] PluginManage:359 - Loaded plugin lpbam (category:base,tabindex:0)
2025-04-28 20:50:04,933 [INFO] PluginManage:310 - Check plugin memorymap
2025-04-28 20:50:04,952 [INFO] PluginManage:359 - Loaded plugin memorymap (category:base,tabindex:4)
2025-04-28 20:50:04,952 [INFO] PluginManage:310 - Check plugin pinoutandconfiguration
2025-04-28 20:50:04,967 [INFO] PluginManage:359 - Loaded plugin pinoutandconfiguration (category:base,tabindex:1)
2025-04-28 20:50:04,967 [INFO] PluginManage:310 - Check plugin pinoutconfig
2025-04-28 20:50:05,046 [WARN] SupportedApi:132 - Cannot load RTOS API schema: s4s-elt-must-match.1: The content of 'definitions' must match (annotation?, (simpleType | complexType)?, (unique | key | keyref)*)). A problem was found starting at: attribute.
2025-04-28 20:50:05,158 [INFO] PluginManage:359 - Loaded plugin pinoutconfig (category:base,tabindex:0)
2025-04-28 20:50:05,158 [INFO] PluginManage:310 - Check plugin power
2025-04-28 20:50:05,175 [INFO] PluginManage:359 - Loaded plugin power (category:power,tabindex:4)
2025-04-28 20:50:05,175 [INFO] PluginManage:310 - Check plugin projectmanager
2025-04-28 20:50:05,190 [INFO] PluginManage:359 - Loaded plugin projectmanager (category:projectmanager,tabindex:4)
2025-04-28 20:50:05,190 [INFO] PluginManage:310 - Check plugin rif
2025-04-28 20:50:05,209 [INFO] PluginManage:359 - Loaded plugin rif (category:base,tabindex:3)
2025-04-28 20:50:05,209 [INFO] PluginManage:310 - Check plugin thirdparty
2025-04-28 20:50:05,459 [WARN] IntegrityCheckThread:84 - waiting for thirdparty lock release [integrity check]
2025-04-28 20:50:05,459 [INFO] PluginManage:359 - Loaded plugin thirdparty (category:base,tabindex:-1)
2025-04-28 20:50:05,459 [INFO] IntegrityCheckThread:86 - entering critical section [integrity check]
2025-04-28 20:50:05,459 [INFO] PluginManage:310 - Check plugin tools
2025-04-28 20:50:05,459 [INFO] ThirdPartyUpdaterWithRetryManager:70 - Updater plugin not ready yet. [1/15]
2025-04-28 20:50:05,490 [INFO] PluginManage:359 - Loaded plugin tools (category:base,tabindex:7)
2025-04-28 20:50:05,490 [INFO] PluginManage:310 - Check plugin tutovideos
2025-04-28 20:50:05,643 [INFO] PluginManage:359 - Loaded plugin tutovideos (category:base,tabindex:-1)
2025-04-28 20:50:05,643 [INFO] PluginManage:310 - Check plugin updater
2025-04-28 20:50:05,662 [INFO] PluginManage:359 - Loaded plugin updater (category:base,tabindex:12)
2025-04-28 20:50:05,663 [INFO] PluginManage:310 - Check plugin userauth
2025-04-28 20:50:05,666 [INFO] UserAuth:118 - Init User Auth plugin
2025-04-28 20:50:05,667 [INFO] PluginManage:359 - Loaded plugin userauth (category:base,tabindex:14)
2025-04-28 20:50:05,667 [INFO] PluginManage:283 - PluginManage : Loaded plugins [18]
2025-04-28 20:50:05,821 [INFO] PinOutPanel:1589 - setPackage(No Configuration,No Configuration)
2025-04-28 20:50:05,883 [INFO] CADModel:165 - CPN selected for project level
2025-04-28 20:50:05,883 [INFO] CADModel:114 - Register for checkConnection events
2025-04-28 20:50:05,907 [INFO] IPUIPlugin:80 - create IPUIPlugin
2025-04-28 20:50:05,908 [INFO] PluginManager:220 - loadIPPluginJar : add adc
2025-04-28 20:50:05,942 [INFO] IPUIPlugin:80 - create IPUIPlugin
2025-04-28 20:50:05,942 [INFO] PluginManager:220 - loadIPPluginJar : add aes
2025-04-28 20:50:05,978 [INFO] IPUIPlugin:80 - create IPUIPlugin
2025-04-28 20:50:05,980 [INFO] PluginManager:220 - loadIPPluginJar : add can
2025-04-28 20:50:06,001 [INFO] IPUIPlugin:80 - create IPUIPlugin
2025-04-28 20:50:06,001 [INFO] PluginManager:220 - loadIPPluginJar : add comp
2025-04-28 20:50:06,029 [INFO] IPUIPlugin:80 - create IPUIPlugin
2025-04-28 20:50:06,029 [INFO] PluginManager:220 - loadIPPluginJar : add cryp
2025-04-28 20:50:06,039 [INFO] IPUIPlugin:80 - create IPUIPlugin
2025-04-28 20:50:06,039 [INFO] PluginManager:220 - loadIPPluginJar : add ddr_ctrl_phy
2025-04-28 20:50:06,062 [INFO] IPUIPlugin:80 - create IPUIPlugin
2025-04-28 20:50:06,062 [INFO] PluginManager:220 - loadIPPluginJar : add dfsdm
2025-04-28 20:50:06,073 [INFO] IPUIPlugin:80 - create IPUIPlugin
2025-04-28 20:50:06,073 [INFO] PluginManager:220 - loadIPPluginJar : add dma
2025-04-28 20:50:06,100 [INFO] IPUIPlugin:80 - create IPUIPlugin
2025-04-28 20:50:06,101 [INFO] PluginManager:220 - loadIPPluginJar : add dma3
2025-04-28 20:50:06,134 [INFO] IPUIPlugin:80 - create IPUIPlugin
2025-04-28 20:50:06,135 [INFO] PluginManager:220 - loadIPPluginJar : add extmemmanager
2025-04-28 20:50:06,154 [INFO] IPUIPlugin:80 - create IPUIPlugin
2025-04-28 20:50:06,154 [INFO] PluginManager:220 - loadIPPluginJar : add fatfs
2025-04-28 20:50:06,191 [INFO] IPUIPlugin:80 - create IPUIPlugin
2025-04-28 20:50:06,191 [INFO] PluginManager:220 - loadIPPluginJar : add fmc
2025-04-28 20:50:06,204 [INFO] IPUIPlugin:80 - create IPUIPlugin
2025-04-28 20:50:06,205 [INFO] PluginManager:220 - loadIPPluginJar : add freertos
2025-04-28 20:50:06,228 [INFO] IPUIPlugin:80 - create IPUIPlugin
2025-04-28 20:50:06,228 [INFO] PluginManager:220 - loadIPPluginJar : add genericplugin
2025-04-28 20:50:06,322 [INFO] IPUIPlugin:80 - create IPUIPlugin
2025-04-28 20:50:06,322 [INFO] PluginManager:220 - loadIPPluginJar : add gfxmmu
2025-04-28 20:50:06,422 [INFO] IPUIPlugin:80 - create IPUIPlugin
2025-04-28 20:50:06,422 [INFO] PluginManager:220 - loadIPPluginJar : add gic
2025-04-28 20:50:06,434 [INFO] IPUIPlugin:80 - create IPUIPlugin
2025-04-28 20:50:06,434 [INFO] PluginManager:220 - loadIPPluginJar : add gpio
2025-04-28 20:50:06,504 [INFO] IPUIPlugin:80 - create IPUIPlugin
2025-04-28 20:50:06,504 [INFO] PluginManager:220 - loadIPPluginJar : add gtzc
2025-04-28 20:50:06,530 [INFO] IPUIPlugin:80 - create IPUIPlugin
2025-04-28 20:50:06,530 [INFO] PluginManager:220 - loadIPPluginJar : add hash
2025-04-28 20:50:06,572 [INFO] IPUIPlugin:80 - create IPUIPlugin
2025-04-28 20:50:06,572 [INFO] PluginManager:220 - loadIPPluginJar : add i2c
2025-04-28 20:50:06,606 [INFO] IPUIPlugin:80 - create IPUIPlugin
2025-04-28 20:50:06,607 [INFO] PluginManager:220 - loadIPPluginJar : add i2s
2025-04-28 20:50:06,639 [INFO] IPUIPlugin:80 - create IPUIPlugin
2025-04-28 20:50:06,640 [INFO] PluginManager:220 - loadIPPluginJar : add i3c
2025-04-28 20:50:06,713 [INFO] IPUIPlugin:80 - create IPUIPlugin
2025-04-28 20:50:06,713 [INFO] PluginManager:220 - loadIPPluginJar : add ipddr
2025-04-28 20:50:06,783 [INFO] IPUIPlugin:80 - create IPUIPlugin
2025-04-28 20:50:06,783 [INFO] PluginManager:220 - loadIPPluginJar : add linkedlist
2025-04-28 20:50:06,813 [INFO] IPUIPlugin:80 - create IPUIPlugin
2025-04-28 20:50:06,813 [INFO] PluginManager:220 - loadIPPluginJar : add lorawan
2025-04-28 20:50:06,841 [INFO] IPUIPlugin:80 - create IPUIPlugin
2025-04-28 20:50:06,841 [INFO] PluginManager:220 - loadIPPluginJar : add ltdc
2025-04-28 20:50:06,853 [INFO] IPUIPlugin:80 - create IPUIPlugin
2025-04-28 20:50:06,854 [INFO] PluginManager:220 - loadIPPluginJar : add mdma
2025-04-28 20:50:06,864 [INFO] IPUIPlugin:80 - create IPUIPlugin
2025-04-28 20:50:06,865 [INFO] PluginManager:220 - loadIPPluginJar : add nvic
2025-04-28 20:50:06,894 [INFO] IPUIPlugin:80 - create IPUIPlugin
2025-04-28 20:50:06,894 [INFO] PluginManager:220 - loadIPPluginJar : add opamp
2025-04-28 20:50:06,939 [INFO] IPUIPlugin:80 - create IPUIPlugin
2025-04-28 20:50:06,939 [INFO] PluginManager:220 - loadIPPluginJar : add openamp
2025-04-28 20:50:06,971 [INFO] IPUIPlugin:80 - create IPUIPlugin
2025-04-28 20:50:06,972 [INFO] PluginManager:220 - loadIPPluginJar : add pdm2pcm
2025-04-28 20:50:06,984 [INFO] IPUIPlugin:80 - create IPUIPlugin
2025-04-28 20:50:06,985 [INFO] PluginManager:220 - loadIPPluginJar : add plateformsettings
2025-04-28 20:50:07,004 [INFO] IPUIPlugin:80 - create IPUIPlugin
2025-04-28 20:50:07,004 [INFO] PluginManager:220 - loadIPPluginJar : add quadspi
2025-04-28 20:50:07,024 [INFO] IPUIPlugin:80 - create IPUIPlugin
2025-04-28 20:50:07,025 [INFO] PluginManager:220 - loadIPPluginJar : add radio
2025-04-28 20:50:07,035 [INFO] IPUIPlugin:80 - create IPUIPlugin
2025-04-28 20:50:07,036 [INFO] PluginManager:220 - loadIPPluginJar : add resmgrutility
2025-04-28 20:50:07,070 [INFO] IPUIPlugin:80 - create IPUIPlugin
2025-04-28 20:50:07,070 [INFO] PluginManager:220 - loadIPPluginJar : add sai
2025-04-28 20:50:07,097 [INFO] IPUIPlugin:80 - create IPUIPlugin
2025-04-28 20:50:07,097 [INFO] PluginManager:220 - loadIPPluginJar : add spi
2025-04-28 20:50:07,149 [INFO] IPUIPlugin:80 - create IPUIPlugin
2025-04-28 20:50:07,149 [INFO] PluginManager:220 - loadIPPluginJar : add stm32_wpan
2025-04-28 20:50:07,169 [INFO] IPUIPlugin:80 - create IPUIPlugin
2025-04-28 20:50:07,169 [INFO] PluginManager:220 - loadIPPluginJar : add tim
2025-04-28 20:50:07,212 [INFO] IPUIPlugin:80 - create IPUIPlugin
2025-04-28 20:50:07,212 [INFO] PluginManager:220 - loadIPPluginJar : add touchsensing
2025-04-28 20:50:07,229 [INFO] IPUIPlugin:80 - create IPUIPlugin
2025-04-28 20:50:07,229 [INFO] PluginManager:220 - loadIPPluginJar : add tracer_emb
2025-04-28 20:50:07,248 [INFO] IPUIPlugin:80 - create IPUIPlugin
2025-04-28 20:50:07,248 [INFO] PluginManager:220 - loadIPPluginJar : add ts
2025-04-28 20:50:07,267 [INFO] IPUIPlugin:80 - create IPUIPlugin
2025-04-28 20:50:07,267 [INFO] PluginManager:220 - loadIPPluginJar : add tsc
2025-04-28 20:50:07,286 [INFO] IPUIPlugin:80 - create IPUIPlugin
2025-04-28 20:50:07,286 [INFO] PluginManager:220 - loadIPPluginJar : add ucpd
2025-04-28 20:50:07,318 [INFO] IPUIPlugin:80 - create IPUIPlugin
2025-04-28 20:50:07,318 [INFO] PluginManager:220 - loadIPPluginJar : add usart
2025-04-28 20:50:07,351 [INFO] IPUIPlugin:80 - create IPUIPlugin
2025-04-28 20:50:07,351 [INFO] PluginManager:220 - loadIPPluginJar : add usbx
2025-04-28 20:50:07,457 [FATAL] Updater:351 - Updater called before beeing initialized
2025-04-28 20:50:07,479 [INFO] RulesReader:64 - Compatibility file has been processed (297 Rules)
2025-04-28 20:50:07,490 [INFO] RulesReader:64 - Compatibility file has been processed (297 Rules)
2025-04-28 20:50:07,499 [INFO] CADModel:165 - CPN selected for project level
2025-04-28 20:50:07,500 [INFO] CADModel:114 - Register for checkConnection events
2025-04-28 20:50:07,500 [FATAL] Updater:351 - Updater called before beeing initialized
2025-04-28 20:50:07,500 [ERROR] CADModel:125 - Updater not yet initialized, retry later 
2025-04-28 20:50:07,642 [FATAL] Updater:351 - Updater called before beeing initialized
2025-04-28 20:50:07,660 [INFO] CADModel:165 - CPN selected for project level
2025-04-28 20:50:07,660 [INFO] CADModel:114 - Register for checkConnection events
2025-04-28 20:50:07,660 [FATAL] Updater:351 - Updater called before beeing initialized
2025-04-28 20:50:07,661 [ERROR] CADModel:125 - Updater not yet initialized, retry later 
2025-04-28 20:50:07,664 [FATAL] Updater:351 - Updater called before beeing initialized
2025-04-28 20:50:07,741 [FATAL] Updater:351 - Updater called before beeing initialized
2025-04-28 20:50:07,749 [INFO] DbMcusAds:53 - JSON generation date=Thu Mar 06 22:54:22 CST 2025 (1741272862078)
2025-04-28 20:50:07,749 [FATAL] Updater:351 - Updater called before beeing initialized
2025-04-28 20:50:07,775 [WARN] DetailPanel:346 - Failed to get advertising image, set to default
2025-04-28 20:50:07,912 [FATAL] Updater:351 - Updater called before beeing initialized
2025-04-28 20:50:07,914 [FATAL] Updater:351 - Updater called before beeing initialized
2025-04-28 20:50:07,914 [FATAL] Updater:351 - Updater called before beeing initialized
2025-04-28 20:50:07,914 [WARN] DetailPanel:346 - Failed to get advertising image, set to default
2025-04-28 20:50:07,915 [FATAL] Updater:351 - Updater called before beeing initialized
2025-04-28 20:50:07,956 [ERROR] Updater:1198 - MainUpdater not yet initialized. External WinMGr cannot be set.
2025-04-28 20:50:07,963 [INFO] Updater:1134 - Updater Version found : 6.13.0
2025-04-28 20:50:07,976 [INFO] ApplicationProperties:184 - Using Application install path: C:\ST\STM32CubeIDE_1.17.0\STM32CubeIDE\plugins\com.st.stm32cube.common.mx_6.13.0.202411220809
2025-04-28 20:50:08,461 [INFO] ThirdPartyUpdaterWithRetryManager:70 - Updater plugin not ready yet. [2/15]
2025-04-28 20:50:09,567 [ERROR] LogOutputStream:75 - [STDERR_REDIRECT] Apr 28, 2025 8:50:09 PM java.util.prefs.WindowsPreferences <init>
2025-04-28 20:50:09,568 [ERROR] LogOutputStream:75 - [STDERR_REDIRECT] WARNING: Could not open/create prefs root node Software\JavaSoft\Prefs at root 0xffffffff80000002. Windows RegCreateKeyEx(...) returned error code 5.
2025-04-28 20:50:09,568 [ERROR] LogOutputStream:75 - [STDERR_REDIRECT] 
2025-04-28 20:50:09,843 [INFO] MainUpdater:2872 - connection check result : 10
2025-04-28 20:50:09,844 [INFO] MainUpdater:289 - Updater Check For Update Now.
2025-04-28 20:50:09,844 [INFO] MicroXplorer:498 - Change Database Version : DB.6.0.130
2025-04-28 20:50:09,864 [INFO] McuFinderGlobals:63 - Set McuFinder mode to 2 (CubeIDE integrated)
2025-04-28 20:50:09,864 [INFO] UserAuth:171 - activating auth plugin
2025-04-28 20:50:09,868 [INFO] UserAuth:486 - Internet connection configuration mode: 1
2025-04-28 20:50:09,900 [INFO] JxBrowserEngine:152 - Initiate JxBrowser Engine with user profile folder
2025-04-28 20:50:10,028 [INFO] CheckServerUpdateThread:120 - End of CheckServer Thread
2025-04-28 20:50:10,693 [INFO] WebApp:168 - Instantiating new browser for Auth
2025-04-28 20:50:11,251 [INFO] WebApp:449 - Apply proxy settings
2025-04-28 20:50:11,251 [INFO] WebApp:534 - Chromium requires no authentication
2025-04-28 20:50:11,258 [INFO] WebApp:477 - Direct internet connection detected
2025-04-28 20:50:11,277 [INFO] WebApp:880 - Register for checkConnection events
2025-04-28 20:50:11,277 [INFO] WebApp:449 - Apply proxy settings
2025-04-28 20:50:11,277 [INFO] WebApp:534 - Chromium requires no authentication
2025-04-28 20:50:11,278 [INFO] WebApp:477 - Direct internet connection detected
2025-04-28 20:50:11,405 [INFO] WebApp:221 - Starting web application
2025-04-28 20:50:11,405 [INFO] WebApp:579 - Web application path used C:\ST\STM32CubeIDE_1.17.0\STM32CubeIDE\plugins\com.st.stm32cube.common.mx_6.13.0.202411220809\db\plugins\mcufinder\reactClient1\index.html
2025-04-28 20:50:11,521 [INFO] WebApp:187 - Connection restablished
2025-04-28 20:50:11,629 [WARN] PackLoader:240 - Cannot read IP mode file for STMicroelectronics.FP-SNS-MOTENVWB1.1.4.0
2025-04-28 20:50:11,645 [WARN] PackLoader:240 - Cannot read IP mode file for STMicroelectronics.FP-ATR-ASTRA1.2.0.2
2025-04-28 20:50:11,664 [WARN] PackLoader:240 - Cannot read IP mode file for STMicroelectronics.X-CUBE-SMBUS.2.1.0
2025-04-28 20:50:11,679 [WARN] PackLoader:240 - Cannot read IP mode file for STMicroelectronics.X-CUBE-WB05N.1.1.0
2025-04-28 20:50:11,721 [WARN] PackLoader:240 - Cannot read IP mode file for STMicroelectronics.X-CUBE-AZRTOS-F7.1.1.0
2025-04-28 20:50:11,735 [WARN] PackLoader:240 - Cannot read IP mode file for STMicroelectronics.FP-SNS-FLIGHT1.5.0.2
2025-04-28 20:50:11,761 [WARN] PackLoader:240 - Cannot read IP mode file for Infineon.AIROC-Wi-Fi-Bluetooth-STM32.1.7.0
2025-04-28 20:50:11,791 [WARN] PackLoader:240 - Cannot read IP mode file for STMicroelectronics.X-CUBE-DISPLAY.3.0.0
2025-04-28 20:50:11,804 [WARN] PackLoader:240 - Cannot read IP mode file for STMicroelectronics.X-CUBE-BLE1.7.0.0
2025-04-28 20:50:11,816 [WARN] PackLoader:240 - Cannot read IP mode file for STMicroelectronics.X-CUBE-NFC10.1.0.0
2025-04-28 20:50:11,831 [WARN] PackLoader:240 - Cannot read IP mode file for STMicroelectronics.X-CUBE-BLEMGR.4.0.0
2025-04-28 20:50:11,844 [WARN] PackLoader:240 - Cannot read IP mode file for emotas.I-CUBE-CANOPEN.1.3.0
2025-04-28 20:50:11,854 [WARN] PackLoader:240 - Cannot read IP mode file for STMicroelectronics.X-CUBE-AI.10.0.0
2025-04-28 20:50:11,867 [WARN] PackLoader:240 - Cannot read IP mode file for STMicroelectronics.FP-SNS-SMARTAG2.1.2.0
2025-04-28 20:50:11,876 [WARN] PackLoader:240 - Cannot read IP mode file for STMicroelectronics.FP-SNS-FLIGHT1.5.1.0
2025-04-28 20:50:11,911 [WARN] PackLoader:240 - Cannot read IP mode file for STMicroelectronics.X-CUBE-MEMS1.11.1.0
2025-04-28 20:50:12,037 [INFO] LogOutputStream:77 - [STDOUT_REDIRECT] 1 : Invalid condition id : UX_CORESTACK_Condition cause : null
2025-04-28 20:50:12,038 [INFO] LogOutputStream:77 - [STDOUT_REDIRECT] 1 : Invalid condition id : UX_CORESTACK_Condition cause : null
2025-04-28 20:50:12,040 [INFO] LogOutputStream:77 - [STDOUT_REDIRECT] 1 : Invalid condition id : UX_CORESTACK_Condition cause : null
2025-04-28 20:50:12,040 [INFO] LogOutputStream:77 - [STDOUT_REDIRECT] 1 : Invalid condition id : UX_CORESTACK_Condition cause : null
2025-04-28 20:50:12,041 [INFO] LogOutputStream:77 - [STDOUT_REDIRECT] 1 : Invalid condition id : UX_CORESTACK_Condition cause : null
2025-04-28 20:50:12,044 [WARN] PackLoader:240 - Cannot read IP mode file for STMicroelectronics.X-CUBE-AZRTOS-WL.2.0.0
2025-04-28 20:50:12,060 [WARN] PackLoader:240 - Cannot read IP mode file for STMicroelectronics.FP-SNS-MOTENV1.5.0.0
2025-04-28 20:50:12,075 [WARN] PackLoader:240 - Cannot read IP mode file for WES.I-CUBE-Cesium.1.3.0
2025-04-28 20:50:12,087 [WARN] PackLoader:240 - Cannot read IP mode file for STMicroelectronics.X-CUBE-BLE2.3.3.0
2025-04-28 20:50:12,100 [WARN] PackLoader:240 - Cannot read IP mode file for STMicroelectronics.X-CUBE-NFC9.1.0.0
2025-04-28 20:50:12,112 [WARN] PackLoader:240 - Cannot read IP mode file for STMicroelectronics.X-CUBE-BLE1.7.1.0
2025-04-28 20:50:12,122 [WARN] PackLoader:240 - Cannot read IP mode file for wolfSSL.I-CUBE-wolfMQTT.1.19.2
2025-04-28 20:50:12,165 [WARN] PackLoader:240 - Cannot read IP mode file for STMicroelectronics.X-CUBE-MEMS1.11.2.0
2025-04-28 20:50:12,253 [WARN] PackLoader:240 - Cannot read IP mode file for STMicroelectronics.X-CUBE-AZRTOS-G0.1.1.0
2025-04-28 20:50:12,271 [WARN] PackLoader:240 - Cannot read IP mode file for STMicroelectronics.X-CUBE-SAFEA1.1.2.2
2025-04-28 20:50:12,287 [WARN] PackLoader:240 - Cannot read IP mode file for STMicroelectronics.X-CUBE-NFC4.3.0.0
2025-04-28 20:50:12,300 [WARN] PackLoader:240 - Cannot read IP mode file for EmbeddedOffice.I-CUBE-FS-RTOS.1.0.1
2025-04-28 20:50:12,311 [WARN] PackLoader:240 - Cannot read IP mode file for STMicroelectronics.X-CUBE-WB05N.2.0.0
2025-04-28 20:50:12,321 [WARN] PackLoader:240 - Cannot read IP mode file for wolfSSL.I-CUBE-wolfTPM.3.8.0
2025-04-28 20:50:12,333 [WARN] PackLoader:240 - Cannot read IP mode file for STMicroelectronics.X-CUBE-TCPP.4.2.0
2025-04-28 20:50:12,344 [WARN] PackLoader:240 - Cannot read IP mode file for RealThread.X-CUBE-RT-Thread_Nano.4.1.1
2025-04-28 20:50:12,354 [WARN] PackLoader:240 - Cannot read IP mode file for STMicroelectronics.FP-ATR-SIGFOX1.3.2.0
2025-04-28 20:50:12,364 [WARN] ConditionMgr:438 - getConditionDescription Invalid condition id : Cortex-A Device cause : null
2025-04-28 20:50:12,383 [WARN] ConditionMgr:1044 - genDependencies : Invalid condition id : Cortex-A Device cause : null
2025-04-28 20:50:12,383 [WARN] ConditionMgr:1044 - genDependencies : Invalid condition id : Cortex-A Device cause : null
2025-04-28 20:50:12,383 [WARN] ConditionMgr:1044 - genDependencies : Invalid condition id : Cortex-A Device cause : null
2025-04-28 20:50:12,394 [WARN] PackLoader:240 - Cannot read IP mode file for STMicroelectronics.X-CUBE-EEPRMA1.5.1.0
2025-04-28 20:50:12,406 [WARN] PackLoader:240 - Cannot read IP mode file for wolfSSL.I-CUBE-wolfSSL.5.7.6
2025-04-28 20:50:12,419 [WARN] PackLoader:240 - Cannot read IP mode file for ITTIA_DB.I-CUBE-ITTIADB.8.9.0
2025-04-28 20:50:12,443 [WARN] PackLoader:240 - Cannot read IP mode file for SEGGER.I-CUBE-embOS.1.3.1
2025-04-28 20:50:12,475 [WARN] PackLoader:240 - Cannot read IP mode file for STMicroelectronics.X-CUBE-ALGOBUILD.1.4.0
2025-04-28 20:50:12,494 [WARN] PackLoader:240 - Cannot read IP mode file for STMicroelectronics.X-CUBE-AZRTOS-F4.1.1.0
2025-04-28 20:50:12,507 [WARN] PackLoader:240 - Cannot read IP mode file for Avnet-IotConnect.X-CUBE-IoTC-DA16k-PMOD.1.0.0
2025-04-28 20:50:12,518 [WARN] PackLoader:240 - Cannot read IP mode file for STMicroelectronics.X-CUBE-ISPU.2.1.0
2025-04-28 20:50:12,537 [WARN] PackLoader:240 - Cannot read IP mode file for STMicroelectronics.X-CUBE-AZRTOS-L5.2.0.0
2025-04-28 20:50:12,551 [WARN] PackLoader:240 - Cannot read IP mode file for STMicroelectronics.X-CUBE-NFC6.3.1.0
2025-04-28 20:50:12,564 [WARN] PackLoader:240 - Cannot read IP mode file for STMicroelectronics.X-CUBE-DPower.1.2.0
2025-04-28 20:50:12,577 [WARN] PackLoader:240 - Cannot read IP mode file for STMicroelectronics.X-CUBE-FREERTOS.1.3.0
2025-04-28 20:50:12,587 [WARN] PackLoader:240 - Cannot read IP mode file for STMicroelectronics.X-CUBE-NFC7.1.0.1
2025-04-28 20:50:12,598 [WARN] PackLoader:240 - Cannot read IP mode file for STMicroelectronics.X-CUBE-DPower.1.3.0
2025-04-28 20:50:12,618 [WARN] ConditionMgr:438 - getConditionDescription Invalid condition id : LAN8742 Phy interface Condition cause : null
2025-04-28 20:50:12,618 [WARN] PackLoader:240 - Cannot read IP mode file for STMicroelectronics.X-CUBE-AZRTOS-L4.2.0.0
2025-04-28 20:50:12,618 [WARN] ConditionMgr:1044 - genDependencies : Invalid condition id : LAN8742 Phy interface Condition cause : null
2025-04-28 20:50:12,618 [WARN] ConditionMgr:1044 - genDependencies : Invalid condition id : LAN8742 Phy interface Condition cause : null
2025-04-28 20:50:12,619 [WARN] ConditionMgr:1044 - genDependencies : Invalid condition id : LAN8742 Phy interface Condition cause : null
2025-04-28 20:50:12,630 [WARN] PackLoader:240 - Cannot read IP mode file for STMicroelectronics.X-CUBE-SFXS2LP1.4.0.0
2025-04-28 20:50:12,651 [WARN] PackLoader:240 - Cannot read IP mode file for STMicroelectronics.X-CUBE-AZRTOS-H7.3.3.0
2025-04-28 20:50:12,668 [WARN] ConditionMgr:438 - getConditionDescription Invalid condition id : UX DEVICE CLASS RTOS Condition cause : null
2025-04-28 20:50:12,669 [WARN] ConditionMgr:438 - getConditionDescription Invalid condition id : UX DEVICE CLASS RTOS Condition cause : null
2025-04-28 20:50:12,670 [WARN] PackLoader:240 - Cannot read IP mode file for STMicroelectronics.X-CUBE-AZRTOS-WB.2.0.0
2025-04-28 20:50:12,670 [WARN] ConditionMgr:1044 - genDependencies : Invalid condition id : UX DEVICE CLASS RTOS Condition cause : null
2025-04-28 20:50:12,670 [WARN] ConditionMgr:1044 - genDependencies : Invalid condition id : UX DEVICE CLASS RTOS Condition cause : null
2025-04-28 20:50:12,670 [WARN] ConditionMgr:1044 - genDependencies : Invalid condition id : UX DEVICE CLASS RTOS Condition cause : null
2025-04-28 20:50:12,670 [WARN] ConditionMgr:1044 - genDependencies : Invalid condition id : UX DEVICE CLASS RTOS Condition cause : null
2025-04-28 20:50:12,670 [WARN] ConditionMgr:1044 - genDependencies : Invalid condition id : UX DEVICE CLASS RTOS Condition cause : null
2025-04-28 20:50:12,681 [WARN] PackLoader:240 - Cannot read IP mode file for STMicroelectronics.X-CUBE-GNSS1.7.0.1
2025-04-28 20:50:12,696 [WARN] PackLoader:240 - Cannot read IP mode file for STMicroelectronics.X-CUBE-TOUCHGFX.4.25.0
2025-04-28 20:50:12,711 [WARN] PackLoader:240 - Cannot read IP mode file for STMicroelectronics.FP-SNS-STBOX1.2.0.0
2025-04-28 20:50:12,726 [WARN] PackLoader:240 - Cannot read IP mode file for STMicroelectronics.X-CUBE-SUBG2.5.0.0
2025-04-28 20:50:12,751 [WARN] PackLoader:240 - Cannot read IP mode file for STMicroelectronics.X-CUBE-AZRTOS-H7RS.1.1.0
2025-04-28 20:50:12,762 [WARN] PackLoader:240 - Cannot read IP mode file for Cesanta.I-CUBE-Mongoose.7.13.0
2025-04-28 20:50:12,779 [WARN] PackLoader:240 - Cannot read IP mode file for STMicroelectronics.X-CUBE-AZRTOS-G4.2.0.0
2025-04-28 20:50:12,791 [WARN] PackLoader:240 - Cannot read IP mode file for wolfSSL.I-CUBE-wolfSSH.1.4.20
2025-04-28 20:50:12,804 [WARN] PackLoader:240 - Cannot read IP mode file for STMicroelectronics.X-CUBE-IPS.3.1.0
2025-04-28 20:50:12,817 [WARN] PackLoader:240 - Cannot read IP mode file for STMicroelectronics.X-CUBE-ALS.1.0.2
2025-04-28 20:50:12,827 [WARN] PackLoader:240 - Cannot read IP mode file for STMicroelectronics.X-CUBE-TOUCHGFX.4.24.2
2025-04-28 20:50:12,842 [WARN] PackLoader:240 - Cannot read IP mode file for portGmbH.I-Cube-SoM-uGOAL.1.1.0
2025-04-28 20:50:12,881 [WARN] PackLoader:240 - Cannot read IP mode file for STMicroelectronics.X-CUBE-AZRTOS-H7RS.1.0.0
2025-04-28 20:50:12,902 [WARN] PackLoader:240 - Cannot read IP mode file for STMicroelectronics.X-CUBE-TOF1.3.4.2
2025-04-28 20:50:12,918 [WARN] PackLoader:240 - Cannot read IP mode file for STMicroelectronics.X-CUBE-TOF1.3.4.3
2025-04-28 20:50:12,922 [INFO] ThirdParty:978 - Integrity check success = true
2025-04-28 20:50:12,922 [INFO] IntegrityCheckThread:100 - exiting critical section [integrity check]
2025-04-28 20:50:12,922 [INFO] IntegrityCheckThread:103 - End integrity checks thread
2025-04-28 21:14:17,260 [INFO] WebApp:190 - Connection lost
2025-04-28 21:14:28,407 [INFO] WebApp:187 - Connection restablished
2025-04-28 23:54:45,085 [ERROR] LogOutputStream:75 - [STDERR_REDIRECT] 
2025-04-28 23:54:45,087 [ERROR] LogOutputStream:75 - [STDERR_REDIRECT] 
