2025-06-01 20:38:21,498 [INFO] Activator:176 - 


2025-06-01 20:38:21,510 [INFO] Activator:177 - !SESSION log4j initialized
2025-06-01 20:38:27,572 [INFO] LogOutputStream:77 - [STDOUT_REDIRECT] 
2025-06-01 20:38:29,745 [INFO] ApplicationProperties:184 - Using Application install path: C:\ST\STM32CubeIDE_1.17.0\STM32CubeIDE\plugins\com.st.stm32cube.common.mx_6.13.0.202411220809
2025-06-01 20:38:29,766 [INFO] DbMcusXml:78 - Set database path to: C:\ST\STM32CubeIDE_1.17.0\STM32CubeIDE\plugins\com.st.stm32cube.common.mx_6.13.0.202411220809\\db\/mcu/
2025-06-01 20:38:29,766 [INFO] ApiDb:274 - Set plugin database path to: C:\ST\STM32CubeIDE_1.17.0\STM32CubeIDE\plugins\com.st.stm32cube.common.mx_6.13.0.202411220809\\db\/plugins/boardmanager/
2025-06-01 20:38:29,767 [WARN] ApiDb:259 - Overriding images path with different value:  => C:\ST\STM32CubeIDE_1.17.0\STM32CubeIDE\plugins\com.st.stm32cube.common.mx_6.13.0.202411220809\\db\/plugins/mcufinder/images/
2025-06-01 20:38:29,773 [INFO] ApiDb:250 - Set database path to: C:\Users\a0979\.stmcufinder\plugins\mcufinder//mcu/
2025-06-01 20:38:29,775 [INFO] DbMcusAds:125 - Set database path to: C:\Users\a0979\.stmcufinder\plugins\mcufinder//mcu/
2025-06-01 20:38:29,778 [INFO] CrossReferenceDbSqlite:203 - Set database path to: C:\Users\a0979\.stmcufinder\plugins\mcufinder//mcu/cs/
2025-06-01 20:38:29,904 [INFO] RulesReader:64 - Compatibility file has been processed (297 Rules)
2025-06-01 20:38:30,003 [INFO] DbMcusXml:78 - Set database path to: C:\ST\STM32CubeIDE_1.17.0\STM32CubeIDE\plugins\com.st.stm32cube.common.mx_6.13.0.202411220809\\db\/mcu/
2025-06-01 20:38:30,003 [INFO] ApiDb:274 - Set plugin database path to: C:\ST\STM32CubeIDE_1.17.0\STM32CubeIDE\plugins\com.st.stm32cube.common.mx_6.13.0.202411220809\\db\/plugins/boardmanager/
2025-06-01 20:38:30,003 [INFO] ApiDb:261 - Set plugin images path to: C:\ST\STM32CubeIDE_1.17.0\STM32CubeIDE\plugins\com.st.stm32cube.common.mx_6.13.0.202411220809\\db\/plugins/mcufinder/images/
2025-06-01 20:38:30,004 [WARN] DbFile:41 - Overriding database path with different value: C:\Users\a0979\.stmcufinder\plugins\mcufinder/ => C:\Users\a0979\.stmcufinder\plugins\mcufinder
2025-06-01 20:38:30,004 [INFO] ApiDb:250 - Set database path to: C:\Users\a0979\.stmcufinder\plugins\mcufinder//mcu/
2025-06-01 20:38:30,004 [WARN] DbFile:41 - Overriding database path with different value: C:\Users\a0979\.stmcufinder\plugins\mcufinder/ => C:\Users\a0979\.stmcufinder\plugins\mcufinder
2025-06-01 20:38:30,004 [INFO] DbMcusAds:125 - Set database path to: C:\Users\a0979\.stmcufinder\plugins\mcufinder//mcu/
2025-06-01 20:38:30,004 [WARN] DbFile:41 - Overriding database path with different value: C:\Users\a0979\.stmcufinder\plugins\mcufinder/ => C:\Users\a0979\.stmcufinder\plugins\mcufinder
2025-06-01 20:38:30,005 [WARN] DbFile:41 - Overriding database path with different value: C:\Users\a0979\.stmcufinder\plugins\mcufinder/ => C:\Users\a0979\.stmcufinder\plugins\mcufinder
2025-06-01 20:38:30,005 [INFO] CrossReferenceDbSqlite:203 - Set database path to: C:\Users\a0979\.stmcufinder\plugins\mcufinder//mcu/cs/
2025-06-01 20:38:30,090 [INFO] MainPanel:272 - HeapMemory: 268435456
2025-06-01 20:38:30,172 [INFO] DbMcusXml:78 - Set database path to: C:\ST\STM32CubeIDE_1.17.0\STM32CubeIDE\plugins\com.st.stm32cube.common.mx_6.13.0.202411220809\\db\/mcu/
2025-06-01 20:38:30,172 [INFO] ApiDb:274 - Set plugin database path to: C:\ST\STM32CubeIDE_1.17.0\STM32CubeIDE\plugins\com.st.stm32cube.common.mx_6.13.0.202411220809\\db\/plugins/boardmanager/
2025-06-01 20:38:30,172 [INFO] ApiDb:261 - Set plugin images path to: C:\ST\STM32CubeIDE_1.17.0\STM32CubeIDE\plugins\com.st.stm32cube.common.mx_6.13.0.202411220809\\db\/plugins/mcufinder/images/
2025-06-01 20:38:30,172 [WARN] DbFile:41 - Overriding database path with different value: C:\Users\a0979\.stmcufinder\plugins\mcufinder/ => C:\Users\a0979\.stmcufinder\plugins\mcufinder
2025-06-01 20:38:30,172 [INFO] ApiDb:250 - Set database path to: C:\Users\a0979\.stmcufinder\plugins\mcufinder//mcu/
2025-06-01 20:38:30,172 [WARN] DbFile:41 - Overriding database path with different value: C:\Users\a0979\.stmcufinder\plugins\mcufinder/ => C:\Users\a0979\.stmcufinder\plugins\mcufinder
2025-06-01 20:38:30,173 [INFO] DbMcusAds:125 - Set database path to: C:\Users\a0979\.stmcufinder\plugins\mcufinder//mcu/
2025-06-01 20:38:30,173 [WARN] DbFile:41 - Overriding database path with different value: C:\Users\a0979\.stmcufinder\plugins\mcufinder/ => C:\Users\a0979\.stmcufinder\plugins\mcufinder
2025-06-01 20:38:30,173 [WARN] DbFile:41 - Overriding database path with different value: C:\Users\a0979\.stmcufinder\plugins\mcufinder/ => C:\Users\a0979\.stmcufinder\plugins\mcufinder
2025-06-01 20:38:30,173 [INFO] CrossReferenceDbSqlite:203 - Set database path to: C:\Users\a0979\.stmcufinder\plugins\mcufinder//mcu/cs/
2025-06-01 20:38:30,186 [INFO] ApplicationProperties:184 - Using Application install path: C:\ST\STM32CubeIDE_1.17.0\STM32CubeIDE\plugins\com.st.stm32cube.common.mx_6.13.0.202411220809
2025-06-01 20:38:30,189 [INFO] PluginManage:196 - Search for loadable plugins [exclusion list=, ]
2025-06-01 20:38:30,190 [INFO] PluginManage:310 - Check plugin analytics
2025-06-01 20:38:30,392 [INFO] AnalyticsPlugin:253 - Accepted Software Licenses: 
2025-06-01 20:38:30,392 [INFO] AnalyticsPlugin:255 - Accepted CMSIS Pack Licenses: STMicroelectronics.X-CUBE-BLE1.7.0.0,STMicroelectronics.X-CUBE-AI.10.0.0,STMicroelectronics.X-CUBE-BLE2.3.3.0
2025-06-01 20:38:30,392 [INFO] AnalyticsPlugin:257 - Accepted Firmware Licenses: FW.L4.1.18.0,FW.F4.1.28.0
2025-06-01 20:38:30,398 [INFO] PluginManage:359 - Loaded plugin analytics (category:tool,tabindex:-1)
2025-06-01 20:38:30,398 [INFO] PluginManage:310 - Check plugin cadmodel
2025-06-01 20:38:30,404 [INFO] CADModel:105 - Init CAD model plugin
2025-06-01 20:38:30,405 [INFO] PluginManage:359 - Loaded plugin cadmodel (category:power,tabindex:5)
2025-06-01 20:38:30,405 [INFO] PluginManage:310 - Check plugin clock
2025-06-01 20:38:30,414 [INFO] PluginManage:359 - Loaded plugin clock (category:base,tabindex:2)
2025-06-01 20:38:30,415 [INFO] PluginManage:310 - Check plugin ddr
2025-06-01 20:38:30,418 [INFO] PluginManage:359 - Loaded plugin ddr (category:tool,tabindex:6)
2025-06-01 20:38:30,418 [INFO] PluginManage:310 - Check plugin filemanager
2025-06-01 20:38:30,595 [INFO] PluginManage:359 - Loaded plugin filemanager (category:base,tabindex:10)
2025-06-01 20:38:30,596 [INFO] PluginManage:310 - Check plugin ipmanager
2025-06-01 20:38:30,608 [INFO] PluginManage:359 - Loaded plugin ipmanager (category:base,tabindex:5)
2025-06-01 20:38:30,608 [INFO] PluginManage:310 - Check plugin lpbam
2025-06-01 20:38:30,618 [INFO] PluginManage:359 - Loaded plugin lpbam (category:base,tabindex:0)
2025-06-01 20:38:30,618 [INFO] PluginManage:310 - Check plugin memorymap
2025-06-01 20:38:30,639 [INFO] PluginManage:359 - Loaded plugin memorymap (category:base,tabindex:4)
2025-06-01 20:38:30,639 [INFO] PluginManage:310 - Check plugin pinoutandconfiguration
2025-06-01 20:38:30,645 [INFO] PluginManage:359 - Loaded plugin pinoutandconfiguration (category:base,tabindex:1)
2025-06-01 20:38:30,645 [INFO] PluginManage:310 - Check plugin pinoutconfig
2025-06-01 20:38:30,746 [WARN] SupportedApi:132 - Cannot load RTOS API schema: s4s-elt-must-match.1: The content of 'definitions' must match (annotation?, (simpleType | complexType)?, (unique | key | keyref)*)). A problem was found starting at: attribute.
2025-06-01 20:38:30,871 [INFO] PluginManage:359 - Loaded plugin pinoutconfig (category:base,tabindex:0)
2025-06-01 20:38:30,871 [INFO] PluginManage:310 - Check plugin power
2025-06-01 20:38:30,878 [INFO] PluginManage:359 - Loaded plugin power (category:power,tabindex:4)
2025-06-01 20:38:30,879 [INFO] PluginManage:310 - Check plugin projectmanager
2025-06-01 20:38:30,893 [INFO] PluginManage:359 - Loaded plugin projectmanager (category:projectmanager,tabindex:4)
2025-06-01 20:38:30,893 [INFO] PluginManage:310 - Check plugin rif
2025-06-01 20:38:30,899 [INFO] PluginManage:359 - Loaded plugin rif (category:base,tabindex:3)
2025-06-01 20:38:30,899 [INFO] PluginManage:310 - Check plugin thirdparty
2025-06-01 20:38:31,017 [INFO] PluginManage:359 - Loaded plugin thirdparty (category:base,tabindex:-1)
2025-06-01 20:38:31,017 [INFO] PluginManage:310 - Check plugin tools
2025-06-01 20:38:31,017 [WARN] IntegrityCheckThread:84 - waiting for thirdparty lock release [integrity check]
2025-06-01 20:38:31,017 [INFO] IntegrityCheckThread:86 - entering critical section [integrity check]
2025-06-01 20:38:31,018 [INFO] ThirdPartyUpdaterWithRetryManager:70 - Updater plugin not ready yet. [1/15]
2025-06-01 20:38:31,019 [INFO] PluginManage:359 - Loaded plugin tools (category:base,tabindex:7)
2025-06-01 20:38:31,020 [INFO] PluginManage:310 - Check plugin tutovideos
2025-06-01 20:38:31,212 [INFO] PluginManage:359 - Loaded plugin tutovideos (category:base,tabindex:-1)
2025-06-01 20:38:31,212 [INFO] PluginManage:310 - Check plugin updater
2025-06-01 20:38:31,232 [INFO] PluginManage:359 - Loaded plugin updater (category:base,tabindex:12)
2025-06-01 20:38:31,232 [INFO] PluginManage:310 - Check plugin userauth
2025-06-01 20:38:31,236 [INFO] UserAuth:118 - Init User Auth plugin
2025-06-01 20:38:31,236 [INFO] PluginManage:359 - Loaded plugin userauth (category:base,tabindex:14)
2025-06-01 20:38:31,236 [INFO] PluginManage:283 - PluginManage : Loaded plugins [18]
2025-06-01 20:38:31,416 [INFO] PinOutPanel:1589 - setPackage(No Configuration,No Configuration)
2025-06-01 20:38:31,478 [INFO] CADModel:165 - CPN selected for project level
2025-06-01 20:38:31,478 [INFO] CADModel:114 - Register for checkConnection events
2025-06-01 20:38:31,490 [INFO] IPUIPlugin:80 - create IPUIPlugin
2025-06-01 20:38:31,490 [INFO] PluginManager:220 - loadIPPluginJar : add adc
2025-06-01 20:38:31,492 [INFO] IPUIPlugin:80 - create IPUIPlugin
2025-06-01 20:38:31,492 [INFO] PluginManager:220 - loadIPPluginJar : add aes
2025-06-01 20:38:31,494 [INFO] IPUIPlugin:80 - create IPUIPlugin
2025-06-01 20:38:31,494 [INFO] PluginManager:220 - loadIPPluginJar : add can
2025-06-01 20:38:31,495 [INFO] IPUIPlugin:80 - create IPUIPlugin
2025-06-01 20:38:31,495 [INFO] PluginManager:220 - loadIPPluginJar : add comp
2025-06-01 20:38:31,497 [INFO] IPUIPlugin:80 - create IPUIPlugin
2025-06-01 20:38:31,497 [INFO] PluginManager:220 - loadIPPluginJar : add cryp
2025-06-01 20:38:31,499 [INFO] IPUIPlugin:80 - create IPUIPlugin
2025-06-01 20:38:31,499 [INFO] PluginManager:220 - loadIPPluginJar : add ddr_ctrl_phy
2025-06-01 20:38:31,500 [INFO] IPUIPlugin:80 - create IPUIPlugin
2025-06-01 20:38:31,500 [INFO] PluginManager:220 - loadIPPluginJar : add dfsdm
2025-06-01 20:38:31,504 [INFO] IPUIPlugin:80 - create IPUIPlugin
2025-06-01 20:38:31,505 [INFO] PluginManager:220 - loadIPPluginJar : add dma
2025-06-01 20:38:31,506 [INFO] IPUIPlugin:80 - create IPUIPlugin
2025-06-01 20:38:31,506 [INFO] PluginManager:220 - loadIPPluginJar : add dma3
2025-06-01 20:38:31,508 [INFO] IPUIPlugin:80 - create IPUIPlugin
2025-06-01 20:38:31,508 [INFO] PluginManager:220 - loadIPPluginJar : add extmemmanager
2025-06-01 20:38:31,508 [INFO] IPUIPlugin:80 - create IPUIPlugin
2025-06-01 20:38:31,508 [INFO] PluginManager:220 - loadIPPluginJar : add fatfs
2025-06-01 20:38:31,511 [INFO] IPUIPlugin:80 - create IPUIPlugin
2025-06-01 20:38:31,511 [INFO] PluginManager:220 - loadIPPluginJar : add fmc
2025-06-01 20:38:31,515 [INFO] IPUIPlugin:80 - create IPUIPlugin
2025-06-01 20:38:31,515 [INFO] PluginManager:220 - loadIPPluginJar : add freertos
2025-06-01 20:38:31,516 [INFO] IPUIPlugin:80 - create IPUIPlugin
2025-06-01 20:38:31,516 [INFO] PluginManager:220 - loadIPPluginJar : add genericplugin
2025-06-01 20:38:31,518 [INFO] IPUIPlugin:80 - create IPUIPlugin
2025-06-01 20:38:31,518 [INFO] PluginManager:220 - loadIPPluginJar : add gfxmmu
2025-06-01 20:38:31,521 [INFO] IPUIPlugin:80 - create IPUIPlugin
2025-06-01 20:38:31,521 [INFO] PluginManager:220 - loadIPPluginJar : add gic
2025-06-01 20:38:31,523 [INFO] IPUIPlugin:80 - create IPUIPlugin
2025-06-01 20:38:31,523 [INFO] PluginManager:220 - loadIPPluginJar : add gpio
2025-06-01 20:38:31,524 [INFO] IPUIPlugin:80 - create IPUIPlugin
2025-06-01 20:38:31,525 [INFO] PluginManager:220 - loadIPPluginJar : add gtzc
2025-06-01 20:38:31,526 [INFO] IPUIPlugin:80 - create IPUIPlugin
2025-06-01 20:38:31,526 [INFO] PluginManager:220 - loadIPPluginJar : add hash
2025-06-01 20:38:31,528 [INFO] IPUIPlugin:80 - create IPUIPlugin
2025-06-01 20:38:31,528 [INFO] PluginManager:220 - loadIPPluginJar : add i2c
2025-06-01 20:38:31,529 [INFO] IPUIPlugin:80 - create IPUIPlugin
2025-06-01 20:38:31,529 [INFO] PluginManager:220 - loadIPPluginJar : add i2s
2025-06-01 20:38:31,531 [INFO] IPUIPlugin:80 - create IPUIPlugin
2025-06-01 20:38:31,531 [INFO] PluginManager:220 - loadIPPluginJar : add i3c
2025-06-01 20:38:31,533 [INFO] IPUIPlugin:80 - create IPUIPlugin
2025-06-01 20:38:31,533 [INFO] PluginManager:220 - loadIPPluginJar : add ipddr
2025-06-01 20:38:31,539 [INFO] IPUIPlugin:80 - create IPUIPlugin
2025-06-01 20:38:31,540 [INFO] PluginManager:220 - loadIPPluginJar : add linkedlist
2025-06-01 20:38:31,542 [INFO] IPUIPlugin:80 - create IPUIPlugin
2025-06-01 20:38:31,542 [INFO] PluginManager:220 - loadIPPluginJar : add lorawan
2025-06-01 20:38:31,543 [INFO] IPUIPlugin:80 - create IPUIPlugin
2025-06-01 20:38:31,543 [INFO] PluginManager:220 - loadIPPluginJar : add ltdc
2025-06-01 20:38:31,547 [INFO] IPUIPlugin:80 - create IPUIPlugin
2025-06-01 20:38:31,547 [INFO] PluginManager:220 - loadIPPluginJar : add mdma
2025-06-01 20:38:31,550 [INFO] IPUIPlugin:80 - create IPUIPlugin
2025-06-01 20:38:31,550 [INFO] PluginManager:220 - loadIPPluginJar : add nvic
2025-06-01 20:38:31,552 [INFO] IPUIPlugin:80 - create IPUIPlugin
2025-06-01 20:38:31,552 [INFO] PluginManager:220 - loadIPPluginJar : add opamp
2025-06-01 20:38:31,554 [INFO] IPUIPlugin:80 - create IPUIPlugin
2025-06-01 20:38:31,554 [INFO] PluginManager:220 - loadIPPluginJar : add openamp
2025-06-01 20:38:31,556 [INFO] IPUIPlugin:80 - create IPUIPlugin
2025-06-01 20:38:31,556 [INFO] PluginManager:220 - loadIPPluginJar : add pdm2pcm
2025-06-01 20:38:31,560 [INFO] IPUIPlugin:80 - create IPUIPlugin
2025-06-01 20:38:31,561 [INFO] PluginManager:220 - loadIPPluginJar : add plateformsettings
2025-06-01 20:38:31,562 [INFO] IPUIPlugin:80 - create IPUIPlugin
2025-06-01 20:38:31,562 [INFO] PluginManager:220 - loadIPPluginJar : add quadspi
2025-06-01 20:38:31,565 [INFO] IPUIPlugin:80 - create IPUIPlugin
2025-06-01 20:38:31,565 [INFO] PluginManager:220 - loadIPPluginJar : add radio
2025-06-01 20:38:31,567 [INFO] IPUIPlugin:80 - create IPUIPlugin
2025-06-01 20:38:31,567 [INFO] PluginManager:220 - loadIPPluginJar : add resmgrutility
2025-06-01 20:38:31,569 [INFO] IPUIPlugin:80 - create IPUIPlugin
2025-06-01 20:38:31,569 [INFO] PluginManager:220 - loadIPPluginJar : add sai
2025-06-01 20:38:31,570 [INFO] IPUIPlugin:80 - create IPUIPlugin
2025-06-01 20:38:31,570 [INFO] PluginManager:220 - loadIPPluginJar : add spi
2025-06-01 20:38:31,574 [INFO] IPUIPlugin:80 - create IPUIPlugin
2025-06-01 20:38:31,574 [INFO] PluginManager:220 - loadIPPluginJar : add stm32_wpan
2025-06-01 20:38:31,575 [INFO] IPUIPlugin:80 - create IPUIPlugin
2025-06-01 20:38:31,575 [INFO] PluginManager:220 - loadIPPluginJar : add tim
2025-06-01 20:38:31,576 [INFO] IPUIPlugin:80 - create IPUIPlugin
2025-06-01 20:38:31,576 [INFO] PluginManager:220 - loadIPPluginJar : add touchsensing
2025-06-01 20:38:31,577 [INFO] IPUIPlugin:80 - create IPUIPlugin
2025-06-01 20:38:31,577 [INFO] PluginManager:220 - loadIPPluginJar : add tracer_emb
2025-06-01 20:38:31,578 [INFO] IPUIPlugin:80 - create IPUIPlugin
2025-06-01 20:38:31,579 [INFO] PluginManager:220 - loadIPPluginJar : add ts
2025-06-01 20:38:31,579 [INFO] IPUIPlugin:80 - create IPUIPlugin
2025-06-01 20:38:31,579 [INFO] PluginManager:220 - loadIPPluginJar : add tsc
2025-06-01 20:38:31,580 [INFO] IPUIPlugin:80 - create IPUIPlugin
2025-06-01 20:38:31,581 [INFO] PluginManager:220 - loadIPPluginJar : add ucpd
2025-06-01 20:38:31,582 [INFO] IPUIPlugin:80 - create IPUIPlugin
2025-06-01 20:38:31,582 [INFO] PluginManager:220 - loadIPPluginJar : add usart
2025-06-01 20:38:31,584 [INFO] IPUIPlugin:80 - create IPUIPlugin
2025-06-01 20:38:31,584 [INFO] PluginManager:220 - loadIPPluginJar : add usbx
2025-06-01 20:38:31,689 [FATAL] Updater:351 - Updater called before beeing initialized
2025-06-01 20:38:31,719 [INFO] RulesReader:64 - Compatibility file has been processed (297 Rules)
2025-06-01 20:38:31,729 [INFO] RulesReader:64 - Compatibility file has been processed (297 Rules)
2025-06-01 20:38:31,738 [INFO] CADModel:165 - CPN selected for project level
2025-06-01 20:38:31,738 [INFO] CADModel:114 - Register for checkConnection events
2025-06-01 20:38:31,738 [FATAL] Updater:351 - Updater called before beeing initialized
2025-06-01 20:38:31,738 [ERROR] CADModel:125 - Updater not yet initialized, retry later 
2025-06-01 20:38:31,877 [FATAL] Updater:351 - Updater called before beeing initialized
2025-06-01 20:38:31,879 [INFO] CADModel:165 - CPN selected for project level
2025-06-01 20:38:31,879 [INFO] CADModel:114 - Register for checkConnection events
2025-06-01 20:38:31,879 [FATAL] Updater:351 - Updater called before beeing initialized
2025-06-01 20:38:31,879 [ERROR] CADModel:125 - Updater not yet initialized, retry later 
2025-06-01 20:38:31,882 [FATAL] Updater:351 - Updater called before beeing initialized
2025-06-01 20:38:31,958 [FATAL] Updater:351 - Updater called before beeing initialized
2025-06-01 20:38:31,961 [INFO] DbMcusAds:53 - JSON generation date=Wed May 07 17:07:55 CST 2025 (1746608875484)
2025-06-01 20:38:31,962 [FATAL] Updater:351 - Updater called before beeing initialized
2025-06-01 20:38:31,990 [WARN] DetailPanel:346 - Failed to get advertising image, set to default
2025-06-01 20:38:32,184 [FATAL] Updater:351 - Updater called before beeing initialized
2025-06-01 20:38:32,185 [FATAL] Updater:351 - Updater called before beeing initialized
2025-06-01 20:38:32,185 [FATAL] Updater:351 - Updater called before beeing initialized
2025-06-01 20:38:32,186 [WARN] DetailPanel:346 - Failed to get advertising image, set to default
2025-06-01 20:38:32,186 [FATAL] Updater:351 - Updater called before beeing initialized
2025-06-01 20:38:32,217 [ERROR] Updater:1198 - MainUpdater not yet initialized. External WinMGr cannot be set.
2025-06-01 20:38:32,219 [INFO] Updater:1134 - Updater Version found : 6.13.0
2025-06-01 20:38:32,229 [INFO] ApplicationProperties:184 - Using Application install path: C:\ST\STM32CubeIDE_1.17.0\STM32CubeIDE\plugins\com.st.stm32cube.common.mx_6.13.0.202411220809
2025-06-01 20:38:33,798 [ERROR] LogOutputStream:75 - [STDERR_REDIRECT] Jun 01, 2025 8:38:33 PM java.util.prefs.WindowsPreferences <init>
2025-06-01 20:38:33,799 [ERROR] LogOutputStream:75 - [STDERR_REDIRECT] WARNING: Could not open/create prefs root node Software\JavaSoft\Prefs at root 0xffffffff80000002. Windows RegCreateKeyEx(...) returned error code 5.
2025-06-01 20:38:33,799 [ERROR] LogOutputStream:75 - [STDERR_REDIRECT] 
2025-06-01 20:38:34,019 [INFO] ThirdPartyUpdaterWithRetryManager:70 - Updater plugin not ready yet. [2/15]
2025-06-01 20:38:34,091 [INFO] MainUpdater:2872 - connection check result : 10
2025-06-01 20:38:34,092 [INFO] MainUpdater:289 - Updater Check For Update Now.
2025-06-01 20:38:34,092 [INFO] MicroXplorer:498 - Change Database Version : DB.6.0.130
2025-06-01 20:38:34,101 [INFO] McuFinderGlobals:63 - Set McuFinder mode to 2 (CubeIDE integrated)
2025-06-01 20:38:34,102 [INFO] UserAuth:486 - Internet connection configuration mode: 1
2025-06-01 20:38:34,139 [INFO] JxBrowserEngine:152 - Initiate JxBrowser Engine with user profile folder
2025-06-01 20:38:34,258 [INFO] CheckServerUpdateThread:120 - End of CheckServer Thread
2025-06-01 20:38:35,041 [INFO] WebApp:168 - Instantiating new browser for Auth
2025-06-01 20:38:35,564 [INFO] WebApp:449 - Apply proxy settings
2025-06-01 20:38:35,564 [INFO] WebApp:534 - Chromium requires no authentication
2025-06-01 20:38:35,572 [INFO] WebApp:477 - Direct internet connection detected
2025-06-01 20:38:35,595 [INFO] WebApp:880 - Register for checkConnection events
2025-06-01 20:38:35,595 [INFO] WebApp:449 - Apply proxy settings
2025-06-01 20:38:35,595 [INFO] WebApp:534 - Chromium requires no authentication
2025-06-01 20:38:35,595 [INFO] WebApp:477 - Direct internet connection detected
2025-06-01 20:38:35,718 [INFO] WebApp:187 - Connection restablished
2025-06-01 20:38:35,735 [INFO] WebApp:221 - Starting web application
2025-06-01 20:38:35,735 [INFO] WebApp:579 - Web application path used C:\ST\STM32CubeIDE_1.17.0\STM32CubeIDE\plugins\com.st.stm32cube.common.mx_6.13.0.202411220809\db\plugins\mcufinder\reactClient1\index.html
2025-06-01 20:38:35,799 [INFO] UserAuth:486 - Internet connection configuration mode: 1
2025-06-01 20:38:37,133 [WARN] PackLoader:240 - Cannot read IP mode file for STMicroelectronics.FP-SNS-MOTENVWB1.1.4.0
2025-06-01 20:38:37,139 [WARN] PackLoader:240 - Cannot read IP mode file for STMicroelectronics.FP-ATR-ASTRA1.2.0.2
2025-06-01 20:38:37,147 [WARN] PackLoader:240 - Cannot read IP mode file for STMicroelectronics.X-CUBE-SMBUS.2.1.0
2025-06-01 20:38:37,152 [WARN] PackLoader:240 - Cannot read IP mode file for STMicroelectronics.X-CUBE-WB05N.1.1.0
2025-06-01 20:38:37,156 [WARN] PackLoader:240 - Cannot read IP mode file for STMicroelectronics.X-CUBE-ST60.1.0.0
2025-06-01 20:38:37,176 [WARN] PackLoader:240 - Cannot read IP mode file for STMicroelectronics.X-CUBE-AZRTOS-F7.1.1.0
2025-06-01 20:38:37,183 [WARN] PackLoader:240 - Cannot read IP mode file for STMicroelectronics.FP-SNS-FLIGHT1.5.0.2
2025-06-01 20:38:37,199 [WARN] PackLoader:240 - Cannot read IP mode file for Infineon.AIROC-Wi-Fi-Bluetooth-STM32.1.7.0
2025-06-01 20:38:37,208 [WARN] PackLoader:240 - Cannot read IP mode file for STMicroelectronics.X-CUBE-DISPLAY.3.0.0
2025-06-01 20:38:37,217 [WARN] PackLoader:240 - Cannot read IP mode file for STMicroelectronics.X-CUBE-BLE1.7.0.0
2025-06-01 20:38:37,292 [WARN] PackLoader:240 - Cannot read IP mode file for STMicroelectronics.X-CUBE-NFC10.1.0.0
2025-06-01 20:38:37,300 [WARN] PackLoader:240 - Cannot read IP mode file for STMicroelectronics.X-CUBE-BLEMGR.4.0.0
2025-06-01 20:38:37,306 [WARN] PackLoader:240 - Cannot read IP mode file for emotas.I-CUBE-CANOPEN.1.3.0
2025-06-01 20:38:37,309 [WARN] ConditionMgr:438 - getConditionDescription Invalid condition id : Cortex-A Device cause : null
2025-06-01 20:38:37,316 [WARN] ConditionMgr:1044 - genDependencies : Invalid condition id : Cortex-A Device cause : null
2025-06-01 20:38:37,316 [WARN] ConditionMgr:1044 - genDependencies : Invalid condition id : Cortex-A Device cause : null
2025-06-01 20:38:37,316 [WARN] ConditionMgr:1044 - genDependencies : Invalid condition id : Cortex-A Device cause : null
2025-06-01 20:38:37,320 [WARN] PackLoader:240 - Cannot read IP mode file for STMicroelectronics.X-CUBE-AI.10.0.0
2025-06-01 20:38:37,402 [WARN] PackLoader:240 - Cannot read IP mode file for STMicroelectronics.FP-SNS-SMARTAG2.1.2.0
2025-06-01 20:38:37,408 [WARN] PackLoader:240 - Cannot read IP mode file for STMicroelectronics.FP-SNS-FLIGHT1.5.1.0
2025-06-01 20:38:37,440 [WARN] PackLoader:240 - Cannot read IP mode file for STMicroelectronics.X-CUBE-MEMS1.11.1.0
2025-06-01 20:38:37,573 [INFO] LogOutputStream:77 - [STDOUT_REDIRECT] 1 : Invalid condition id : UX_CORESTACK_Condition cause : null
2025-06-01 20:38:37,574 [INFO] LogOutputStream:77 - [STDOUT_REDIRECT] 1 : Invalid condition id : UX_CORESTACK_Condition cause : null
2025-06-01 20:38:37,576 [INFO] LogOutputStream:77 - [STDOUT_REDIRECT] 1 : Invalid condition id : UX_CORESTACK_Condition cause : null
2025-06-01 20:38:37,577 [INFO] LogOutputStream:77 - [STDOUT_REDIRECT] 1 : Invalid condition id : UX_CORESTACK_Condition cause : null
2025-06-01 20:38:37,578 [INFO] LogOutputStream:77 - [STDOUT_REDIRECT] 1 : Invalid condition id : UX_CORESTACK_Condition cause : null
2025-06-01 20:38:37,579 [WARN] PackLoader:240 - Cannot read IP mode file for STMicroelectronics.X-CUBE-AZRTOS-WL.2.0.0
2025-06-01 20:38:37,583 [WARN] PackLoader:240 - Cannot read IP mode file for STMicroelectronics.FP-SNS-MOTENV1.5.0.0
2025-06-01 20:38:37,592 [WARN] PackLoader:240 - Cannot read IP mode file for WES.I-CUBE-Cesium.1.3.0
2025-06-01 20:38:37,596 [WARN] PackLoader:240 - Cannot read IP mode file for STMicroelectronics.X-CUBE-BLE2.3.3.0
2025-06-01 20:38:37,620 [WARN] PackLoader:240 - Cannot read IP mode file for STMicroelectronics.X-CUBE-NFC9.1.0.0
2025-06-01 20:38:37,625 [WARN] PackLoader:240 - Cannot read IP mode file for wolfSSL.I-CUBE-wolfSSL.5.8.0
2025-06-01 20:38:37,629 [WARN] PackLoader:240 - Cannot read IP mode file for STMicroelectronics.X-CUBE-BLE1.7.1.0
2025-06-01 20:38:37,633 [WARN] PackLoader:240 - Cannot read IP mode file for wolfSSL.I-CUBE-wolfMQTT.1.19.2
2025-06-01 20:38:37,661 [WARN] PackLoader:240 - Cannot read IP mode file for STMicroelectronics.X-CUBE-MEMS1.11.2.0
2025-06-01 20:38:37,741 [WARN] PackLoader:240 - Cannot read IP mode file for STMicroelectronics.X-CUBE-AZRTOS-G0.1.1.0
2025-06-01 20:38:37,748 [WARN] PackLoader:240 - Cannot read IP mode file for STMicroelectronics.X-CUBE-SAFEA1.1.2.2
2025-06-01 20:38:37,752 [WARN] PackLoader:240 - Cannot read IP mode file for STMicroelectronics.X-CUBE-NFC4.3.0.0
2025-06-01 20:38:37,761 [WARN] PackLoader:240 - Cannot read IP mode file for EmbeddedOffice.I-CUBE-FS-RTOS.1.0.1
2025-06-01 20:38:37,766 [WARN] PackLoader:240 - Cannot read IP mode file for STMicroelectronics.X-CUBE-WB05N.2.0.0
2025-06-01 20:38:37,865 [WARN] PackLoader:240 - Cannot read IP mode file for wolfSSL.I-CUBE-wolfTPM.3.8.0
2025-06-01 20:38:37,870 [WARN] PackLoader:240 - Cannot read IP mode file for STMicroelectronics.X-CUBE-TCPP.4.2.0
2025-06-01 20:38:37,875 [WARN] PackLoader:240 - Cannot read IP mode file for RealThread.X-CUBE-RT-Thread_Nano.4.1.1
2025-06-01 20:38:37,878 [WARN] PackLoader:240 - Cannot read IP mode file for STMicroelectronics.FP-ATR-SIGFOX1.3.2.0
2025-06-01 20:38:37,881 [WARN] ConditionMgr:438 - getConditionDescription Invalid condition id : Cortex-A Device cause : null
2025-06-01 20:38:37,895 [WARN] ConditionMgr:1044 - genDependencies : Invalid condition id : Cortex-A Device cause : null
2025-06-01 20:38:37,895 [WARN] ConditionMgr:1044 - genDependencies : Invalid condition id : Cortex-A Device cause : null
2025-06-01 20:38:37,896 [WARN] ConditionMgr:1044 - genDependencies : Invalid condition id : Cortex-A Device cause : null
2025-06-01 20:38:37,900 [WARN] PackLoader:240 - Cannot read IP mode file for STMicroelectronics.X-CUBE-EEPRMA1.5.1.0
2025-06-01 20:38:37,903 [WARN] PackLoader:240 - Cannot read IP mode file for wolfSSL.I-CUBE-wolfSSL.5.7.6
2025-06-01 20:38:37,907 [WARN] PackLoader:240 - Cannot read IP mode file for ITTIA_DB.I-CUBE-ITTIADB.8.9.0
2025-06-01 20:38:37,922 [WARN] PackLoader:240 - Cannot read IP mode file for SEGGER.I-CUBE-embOS.1.3.1
2025-06-01 20:38:37,953 [WARN] PackLoader:240 - Cannot read IP mode file for STMicroelectronics.X-CUBE-ALGOBUILD.1.4.0
2025-06-01 20:38:37,961 [WARN] PackLoader:240 - Cannot read IP mode file for STMicroelectronics.X-CUBE-AZRTOS-F4.1.1.0
2025-06-01 20:38:37,965 [WARN] PackLoader:240 - Cannot read IP mode file for Avnet-IotConnect.X-CUBE-IoTC-DA16k-PMOD.1.0.0
2025-06-01 20:38:37,968 [WARN] PackLoader:240 - Cannot read IP mode file for STMicroelectronics.X-CUBE-ISPU.2.1.0
2025-06-01 20:38:37,976 [WARN] PackLoader:240 - Cannot read IP mode file for STMicroelectronics.X-CUBE-AZRTOS-L5.2.0.0
2025-06-01 20:38:37,984 [WARN] PackLoader:240 - Cannot read IP mode file for STMicroelectronics.X-CUBE-NFC6.3.1.0
2025-06-01 20:38:37,989 [WARN] PackLoader:240 - Cannot read IP mode file for STMicroelectronics.X-CUBE-DPower.1.2.0
2025-06-01 20:38:37,992 [WARN] PackLoader:240 - Cannot read IP mode file for STMicroelectronics.X-CUBE-FREERTOS.1.3.1
2025-06-01 20:38:37,995 [WARN] PackLoader:240 - Cannot read IP mode file for STMicroelectronics.X-CUBE-FREERTOS.1.3.0
2025-06-01 20:38:37,998 [WARN] PackLoader:240 - Cannot read IP mode file for STMicroelectronics.X-CUBE-NFC7.1.0.1
2025-06-01 20:38:38,001 [WARN] PackLoader:240 - Cannot read IP mode file for STMicroelectronics.X-CUBE-DPower.1.3.0
2025-06-01 20:38:38,009 [WARN] ConditionMgr:438 - getConditionDescription Invalid condition id : LAN8742 Phy interface Condition cause : null
2025-06-01 20:38:38,009 [WARN] PackLoader:240 - Cannot read IP mode file for STMicroelectronics.X-CUBE-AZRTOS-L4.2.0.0
2025-06-01 20:38:38,010 [WARN] ConditionMgr:1044 - genDependencies : Invalid condition id : LAN8742 Phy interface Condition cause : null
2025-06-01 20:38:38,010 [WARN] ConditionMgr:1044 - genDependencies : Invalid condition id : LAN8742 Phy interface Condition cause : null
2025-06-01 20:38:38,011 [WARN] ConditionMgr:1044 - genDependencies : Invalid condition id : LAN8742 Phy interface Condition cause : null
2025-06-01 20:38:38,014 [WARN] PackLoader:240 - Cannot read IP mode file for STMicroelectronics.X-CUBE-SFXS2LP1.4.0.0
2025-06-01 20:38:38,024 [WARN] PackLoader:240 - Cannot read IP mode file for STMicroelectronics.X-CUBE-AZRTOS-H7.3.3.0
2025-06-01 20:38:38,032 [WARN] ConditionMgr:438 - getConditionDescription Invalid condition id : UX DEVICE CLASS RTOS Condition cause : null
2025-06-01 20:38:38,032 [WARN] ConditionMgr:438 - getConditionDescription Invalid condition id : UX DEVICE CLASS RTOS Condition cause : null
2025-06-01 20:38:38,033 [WARN] PackLoader:240 - Cannot read IP mode file for STMicroelectronics.X-CUBE-AZRTOS-WB.2.0.0
2025-06-01 20:38:38,033 [WARN] ConditionMgr:1044 - genDependencies : Invalid condition id : UX DEVICE CLASS RTOS Condition cause : null
2025-06-01 20:38:38,033 [WARN] ConditionMgr:1044 - genDependencies : Invalid condition id : UX DEVICE CLASS RTOS Condition cause : null
2025-06-01 20:38:38,033 [WARN] ConditionMgr:1044 - genDependencies : Invalid condition id : UX DEVICE CLASS RTOS Condition cause : null
2025-06-01 20:38:38,033 [WARN] ConditionMgr:1044 - genDependencies : Invalid condition id : UX DEVICE CLASS RTOS Condition cause : null
2025-06-01 20:38:38,033 [WARN] ConditionMgr:1044 - genDependencies : Invalid condition id : UX DEVICE CLASS RTOS Condition cause : null
2025-06-01 20:38:38,038 [WARN] PackLoader:240 - Cannot read IP mode file for STMicroelectronics.X-CUBE-GNSS1.7.0.1
2025-06-01 20:38:38,044 [WARN] PackLoader:240 - Cannot read IP mode file for STMicroelectronics.X-CUBE-TOUCHGFX.4.25.0
2025-06-01 20:38:38,048 [WARN] PackLoader:240 - Cannot read IP mode file for STMicroelectronics.FP-SNS-STBOX1.2.0.0
2025-06-01 20:38:38,055 [WARN] PackLoader:240 - Cannot read IP mode file for STMicroelectronics.X-CUBE-SUBG2.5.0.0
2025-06-01 20:38:38,068 [WARN] PackLoader:240 - Cannot read IP mode file for STMicroelectronics.X-CUBE-AZRTOS-H7RS.1.1.0
2025-06-01 20:38:38,073 [WARN] PackLoader:240 - Cannot read IP mode file for Cesanta.I-CUBE-Mongoose.7.13.0
2025-06-01 20:38:38,081 [WARN] PackLoader:240 - Cannot read IP mode file for STMicroelectronics.X-CUBE-AZRTOS-G4.2.0.0
2025-06-01 20:38:38,086 [WARN] PackLoader:240 - Cannot read IP mode file for wolfSSL.I-CUBE-wolfSSH.1.4.20
2025-06-01 20:38:38,089 [WARN] PackLoader:240 - Cannot read IP mode file for STMicroelectronics.X-CUBE-NFC7.2.0.0
2025-06-01 20:38:38,096 [WARN] PackLoader:240 - Cannot read IP mode file for STMicroelectronics.X-CUBE-IPS.3.1.0
2025-06-01 20:38:38,104 [WARN] PackLoader:240 - Cannot read IP mode file for STMicroelectronics.X-CUBE-ALS.1.0.2
2025-06-01 20:38:38,107 [WARN] PackLoader:240 - Cannot read IP mode file for STMicroelectronics.X-CUBE-TOUCHGFX.4.24.2
2025-06-01 20:38:38,111 [WARN] PackLoader:240 - Cannot read IP mode file for portGmbH.I-Cube-SoM-uGOAL.1.1.0
2025-06-01 20:38:38,124 [WARN] PackLoader:240 - Cannot read IP mode file for STMicroelectronics.X-CUBE-AZRTOS-H7RS.1.0.0
2025-06-01 20:38:38,131 [WARN] PackLoader:240 - Cannot read IP mode file for STMicroelectronics.X-CUBE-TOF1.3.4.2
2025-06-01 20:38:38,146 [WARN] PackLoader:240 - Cannot read IP mode file for STMicroelectronics.X-CUBE-TOF1.3.4.3
2025-06-01 20:38:38,157 [INFO] ThirdParty:978 - Integrity check success = true
2025-06-01 20:38:38,157 [INFO] IntegrityCheckThread:100 - exiting critical section [integrity check]
2025-06-01 20:38:38,157 [INFO] IntegrityCheckThread:103 - End integrity checks thread
2025-06-01 21:41:15,814 [ERROR] LogOutputStream:75 - [STDERR_REDIRECT] 
2025-06-01 21:41:15,815 [ERROR] LogOutputStream:75 - [STDERR_REDIRECT] 
