2025-05-10 20:31:16,496 [INFO] Activator:176 - 


2025-05-10 20:31:16,496 [INFO] Activator:177 - !SESSION log4j initialized
2025-05-10 20:31:22,192 [INFO] LogOutputStream:77 - [STDOUT_REDIRECT] 
2025-05-10 20:31:24,929 [INFO] ApplicationProperties:184 - Using Application install path: C:\ST\STM32CubeIDE_1.17.0\STM32CubeIDE\plugins\com.st.stm32cube.common.mx_6.13.0.202411220809
2025-05-10 20:31:24,941 [INFO] DbMcusXml:78 - Set database path to: C:\ST\STM32CubeIDE_1.17.0\STM32CubeIDE\plugins\com.st.stm32cube.common.mx_6.13.0.202411220809\\db\/mcu/
2025-05-10 20:31:24,941 [INFO] ApiDb:274 - Set plugin database path to: C:\ST\STM32CubeIDE_1.17.0\STM32CubeIDE\plugins\com.st.stm32cube.common.mx_6.13.0.202411220809\\db\/plugins/boardmanager/
2025-05-10 20:31:24,941 [WARN] ApiDb:259 - Overriding images path with different value:  => C:\ST\STM32CubeIDE_1.17.0\STM32CubeIDE\plugins\com.st.stm32cube.common.mx_6.13.0.202411220809\\db\/plugins/mcufinder/images/
2025-05-10 20:31:24,954 [INFO] ApiDb:250 - Set database path to: C:\Users\a0979\.stmcufinder\plugins\mcufinder//mcu/
2025-05-10 20:31:24,954 [INFO] DbMcusAds:125 - Set database path to: C:\Users\a0979\.stmcufinder\plugins\mcufinder//mcu/
2025-05-10 20:31:24,954 [INFO] CrossReferenceDbSqlite:203 - Set database path to: C:\Users\a0979\.stmcufinder\plugins\mcufinder//mcu/cs/
2025-05-10 20:31:25,038 [INFO] RulesReader:64 - Compatibility file has been processed (297 Rules)
2025-05-10 20:31:25,123 [INFO] DbMcusXml:78 - Set database path to: C:\ST\STM32CubeIDE_1.17.0\STM32CubeIDE\plugins\com.st.stm32cube.common.mx_6.13.0.202411220809\\db\/mcu/
2025-05-10 20:31:25,123 [INFO] ApiDb:274 - Set plugin database path to: C:\ST\STM32CubeIDE_1.17.0\STM32CubeIDE\plugins\com.st.stm32cube.common.mx_6.13.0.202411220809\\db\/plugins/boardmanager/
2025-05-10 20:31:25,123 [INFO] ApiDb:261 - Set plugin images path to: C:\ST\STM32CubeIDE_1.17.0\STM32CubeIDE\plugins\com.st.stm32cube.common.mx_6.13.0.202411220809\\db\/plugins/mcufinder/images/
2025-05-10 20:31:25,123 [WARN] DbFile:41 - Overriding database path with different value: C:\Users\a0979\.stmcufinder\plugins\mcufinder/ => C:\Users\a0979\.stmcufinder\plugins\mcufinder
2025-05-10 20:31:25,123 [INFO] ApiDb:250 - Set database path to: C:\Users\a0979\.stmcufinder\plugins\mcufinder//mcu/
2025-05-10 20:31:25,123 [WARN] DbFile:41 - Overriding database path with different value: C:\Users\a0979\.stmcufinder\plugins\mcufinder/ => C:\Users\a0979\.stmcufinder\plugins\mcufinder
2025-05-10 20:31:25,123 [INFO] DbMcusAds:125 - Set database path to: C:\Users\a0979\.stmcufinder\plugins\mcufinder//mcu/
2025-05-10 20:31:25,123 [WARN] DbFile:41 - Overriding database path with different value: C:\Users\a0979\.stmcufinder\plugins\mcufinder/ => C:\Users\a0979\.stmcufinder\plugins\mcufinder
2025-05-10 20:31:25,123 [WARN] DbFile:41 - Overriding database path with different value: C:\Users\a0979\.stmcufinder\plugins\mcufinder/ => C:\Users\a0979\.stmcufinder\plugins\mcufinder
2025-05-10 20:31:25,123 [INFO] CrossReferenceDbSqlite:203 - Set database path to: C:\Users\a0979\.stmcufinder\plugins\mcufinder//mcu/cs/
2025-05-10 20:31:25,173 [INFO] MainPanel:272 - HeapMemory: 268435456
2025-05-10 20:31:25,256 [INFO] DbMcusXml:78 - Set database path to: C:\ST\STM32CubeIDE_1.17.0\STM32CubeIDE\plugins\com.st.stm32cube.common.mx_6.13.0.202411220809\\db\/mcu/
2025-05-10 20:31:25,256 [INFO] ApiDb:274 - Set plugin database path to: C:\ST\STM32CubeIDE_1.17.0\STM32CubeIDE\plugins\com.st.stm32cube.common.mx_6.13.0.202411220809\\db\/plugins/boardmanager/
2025-05-10 20:31:25,256 [INFO] ApiDb:261 - Set plugin images path to: C:\ST\STM32CubeIDE_1.17.0\STM32CubeIDE\plugins\com.st.stm32cube.common.mx_6.13.0.202411220809\\db\/plugins/mcufinder/images/
2025-05-10 20:31:25,256 [WARN] DbFile:41 - Overriding database path with different value: C:\Users\a0979\.stmcufinder\plugins\mcufinder/ => C:\Users\a0979\.stmcufinder\plugins\mcufinder
2025-05-10 20:31:25,256 [INFO] ApiDb:250 - Set database path to: C:\Users\a0979\.stmcufinder\plugins\mcufinder//mcu/
2025-05-10 20:31:25,256 [WARN] DbFile:41 - Overriding database path with different value: C:\Users\a0979\.stmcufinder\plugins\mcufinder/ => C:\Users\a0979\.stmcufinder\plugins\mcufinder
2025-05-10 20:31:25,256 [INFO] DbMcusAds:125 - Set database path to: C:\Users\a0979\.stmcufinder\plugins\mcufinder//mcu/
2025-05-10 20:31:25,256 [WARN] DbFile:41 - Overriding database path with different value: C:\Users\a0979\.stmcufinder\plugins\mcufinder/ => C:\Users\a0979\.stmcufinder\plugins\mcufinder
2025-05-10 20:31:25,256 [WARN] DbFile:41 - Overriding database path with different value: C:\Users\a0979\.stmcufinder\plugins\mcufinder/ => C:\Users\a0979\.stmcufinder\plugins\mcufinder
2025-05-10 20:31:25,256 [INFO] CrossReferenceDbSqlite:203 - Set database path to: C:\Users\a0979\.stmcufinder\plugins\mcufinder//mcu/cs/
2025-05-10 20:31:25,273 [INFO] ApplicationProperties:184 - Using Application install path: C:\ST\STM32CubeIDE_1.17.0\STM32CubeIDE\plugins\com.st.stm32cube.common.mx_6.13.0.202411220809
2025-05-10 20:31:25,273 [INFO] PluginManage:196 - Search for loadable plugins [exclusion list=, ]
2025-05-10 20:31:25,273 [INFO] PluginManage:310 - Check plugin analytics
2025-05-10 20:31:25,462 [INFO] AnalyticsPlugin:253 - Accepted Software Licenses: 
2025-05-10 20:31:25,462 [INFO] AnalyticsPlugin:255 - Accepted CMSIS Pack Licenses: 
2025-05-10 20:31:25,462 [INFO] AnalyticsPlugin:257 - Accepted Firmware Licenses: FW.L4.1.18.0,FW.F4.1.28.0
2025-05-10 20:31:25,462 [INFO] PluginManage:359 - Loaded plugin analytics (category:tool,tabindex:-1)
2025-05-10 20:31:25,462 [INFO] PluginManage:310 - Check plugin cadmodel
2025-05-10 20:31:25,487 [INFO] CADModel:105 - Init CAD model plugin
2025-05-10 20:31:25,487 [INFO] PluginManage:359 - Loaded plugin cadmodel (category:power,tabindex:5)
2025-05-10 20:31:25,487 [INFO] PluginManage:310 - Check plugin clock
2025-05-10 20:31:25,505 [INFO] PluginManage:359 - Loaded plugin clock (category:base,tabindex:2)
2025-05-10 20:31:25,505 [INFO] PluginManage:310 - Check plugin ddr
2025-05-10 20:31:25,505 [INFO] PluginManage:359 - Loaded plugin ddr (category:tool,tabindex:6)
2025-05-10 20:31:25,505 [INFO] PluginManage:310 - Check plugin filemanager
2025-05-10 20:31:25,618 [INFO] PluginManage:359 - Loaded plugin filemanager (category:base,tabindex:10)
2025-05-10 20:31:25,618 [INFO] PluginManage:310 - Check plugin ipmanager
2025-05-10 20:31:25,627 [INFO] PluginManage:359 - Loaded plugin ipmanager (category:base,tabindex:5)
2025-05-10 20:31:25,627 [INFO] PluginManage:310 - Check plugin lpbam
2025-05-10 20:31:25,638 [INFO] PluginManage:359 - Loaded plugin lpbam (category:base,tabindex:0)
2025-05-10 20:31:25,638 [INFO] PluginManage:310 - Check plugin memorymap
2025-05-10 20:31:25,663 [INFO] PluginManage:359 - Loaded plugin memorymap (category:base,tabindex:4)
2025-05-10 20:31:25,663 [INFO] PluginManage:310 - Check plugin pinoutandconfiguration
2025-05-10 20:31:25,675 [INFO] PluginManage:359 - Loaded plugin pinoutandconfiguration (category:base,tabindex:1)
2025-05-10 20:31:25,675 [INFO] PluginManage:310 - Check plugin pinoutconfig
2025-05-10 20:31:25,774 [WARN] SupportedApi:132 - Cannot load RTOS API schema: s4s-elt-must-match.1: The content of 'definitions' must match (annotation?, (simpleType | complexType)?, (unique | key | keyref)*)). A problem was found starting at: attribute.
2025-05-10 20:31:25,893 [INFO] PluginManage:359 - Loaded plugin pinoutconfig (category:base,tabindex:0)
2025-05-10 20:31:25,893 [INFO] PluginManage:310 - Check plugin power
2025-05-10 20:31:25,905 [INFO] PluginManage:359 - Loaded plugin power (category:power,tabindex:4)
2025-05-10 20:31:25,905 [INFO] PluginManage:310 - Check plugin projectmanager
2025-05-10 20:31:25,927 [INFO] PluginManage:359 - Loaded plugin projectmanager (category:projectmanager,tabindex:4)
2025-05-10 20:31:25,927 [INFO] PluginManage:310 - Check plugin rif
2025-05-10 20:31:25,942 [INFO] PluginManage:359 - Loaded plugin rif (category:base,tabindex:3)
2025-05-10 20:31:25,942 [INFO] PluginManage:310 - Check plugin thirdparty
2025-05-10 20:31:26,196 [INFO] PluginManage:359 - Loaded plugin thirdparty (category:base,tabindex:-1)
2025-05-10 20:31:26,196 [WARN] IntegrityCheckThread:84 - waiting for thirdparty lock release [integrity check]
2025-05-10 20:31:26,198 [INFO] IntegrityCheckThread:86 - entering critical section [integrity check]
2025-05-10 20:31:26,198 [INFO] PluginManage:310 - Check plugin tools
2025-05-10 20:31:26,198 [INFO] ThirdPartyUpdaterWithRetryManager:70 - Updater plugin not ready yet. [1/15]
2025-05-10 20:31:26,238 [INFO] PluginManage:359 - Loaded plugin tools (category:base,tabindex:7)
2025-05-10 20:31:26,238 [INFO] PluginManage:310 - Check plugin tutovideos
2025-05-10 20:31:26,402 [INFO] PluginManage:359 - Loaded plugin tutovideos (category:base,tabindex:-1)
2025-05-10 20:31:26,402 [INFO] PluginManage:310 - Check plugin updater
2025-05-10 20:31:26,422 [INFO] PluginManage:359 - Loaded plugin updater (category:base,tabindex:12)
2025-05-10 20:31:26,422 [INFO] PluginManage:310 - Check plugin userauth
2025-05-10 20:31:26,426 [INFO] UserAuth:118 - Init User Auth plugin
2025-05-10 20:31:26,426 [INFO] PluginManage:359 - Loaded plugin userauth (category:base,tabindex:14)
2025-05-10 20:31:26,426 [INFO] PluginManage:283 - PluginManage : Loaded plugins [18]
2025-05-10 20:31:26,608 [INFO] PinOutPanel:1589 - setPackage(No Configuration,No Configuration)
2025-05-10 20:31:26,680 [INFO] CADModel:165 - CPN selected for project level
2025-05-10 20:31:26,680 [INFO] CADModel:114 - Register for checkConnection events
2025-05-10 20:31:26,709 [INFO] IPUIPlugin:80 - create IPUIPlugin
2025-05-10 20:31:26,709 [INFO] PluginManager:220 - loadIPPluginJar : add adc
2025-05-10 20:31:26,741 [INFO] IPUIPlugin:80 - create IPUIPlugin
2025-05-10 20:31:26,741 [INFO] PluginManager:220 - loadIPPluginJar : add aes
2025-05-10 20:31:26,788 [INFO] IPUIPlugin:80 - create IPUIPlugin
2025-05-10 20:31:26,788 [INFO] PluginManager:220 - loadIPPluginJar : add can
2025-05-10 20:31:26,814 [INFO] IPUIPlugin:80 - create IPUIPlugin
2025-05-10 20:31:26,814 [INFO] PluginManager:220 - loadIPPluginJar : add comp
2025-05-10 20:31:26,845 [INFO] IPUIPlugin:80 - create IPUIPlugin
2025-05-10 20:31:26,845 [INFO] PluginManager:220 - loadIPPluginJar : add cryp
2025-05-10 20:31:26,848 [INFO] IPUIPlugin:80 - create IPUIPlugin
2025-05-10 20:31:26,848 [INFO] PluginManager:220 - loadIPPluginJar : add ddr_ctrl_phy
2025-05-10 20:31:26,884 [INFO] IPUIPlugin:80 - create IPUIPlugin
2025-05-10 20:31:26,884 [INFO] PluginManager:220 - loadIPPluginJar : add dfsdm
2025-05-10 20:31:26,897 [INFO] IPUIPlugin:80 - create IPUIPlugin
2025-05-10 20:31:26,899 [INFO] PluginManager:220 - loadIPPluginJar : add dma
2025-05-10 20:31:26,935 [INFO] IPUIPlugin:80 - create IPUIPlugin
2025-05-10 20:31:26,935 [INFO] PluginManager:220 - loadIPPluginJar : add dma3
2025-05-10 20:31:26,972 [INFO] IPUIPlugin:80 - create IPUIPlugin
2025-05-10 20:31:26,972 [INFO] PluginManager:220 - loadIPPluginJar : add extmemmanager
2025-05-10 20:31:26,984 [INFO] IPUIPlugin:80 - create IPUIPlugin
2025-05-10 20:31:26,984 [INFO] PluginManager:220 - loadIPPluginJar : add fatfs
2025-05-10 20:31:27,035 [INFO] IPUIPlugin:80 - create IPUIPlugin
2025-05-10 20:31:27,035 [INFO] PluginManager:220 - loadIPPluginJar : add fmc
2025-05-10 20:31:27,050 [INFO] IPUIPlugin:80 - create IPUIPlugin
2025-05-10 20:31:27,050 [INFO] PluginManager:220 - loadIPPluginJar : add freertos
2025-05-10 20:31:27,067 [INFO] IPUIPlugin:80 - create IPUIPlugin
2025-05-10 20:31:27,067 [INFO] PluginManager:220 - loadIPPluginJar : add genericplugin
2025-05-10 20:31:27,141 [INFO] IPUIPlugin:80 - create IPUIPlugin
2025-05-10 20:31:27,141 [INFO] PluginManager:220 - loadIPPluginJar : add gfxmmu
2025-05-10 20:31:27,255 [INFO] IPUIPlugin:80 - create IPUIPlugin
2025-05-10 20:31:27,257 [INFO] PluginManager:220 - loadIPPluginJar : add gic
2025-05-10 20:31:27,262 [INFO] IPUIPlugin:80 - create IPUIPlugin
2025-05-10 20:31:27,262 [INFO] PluginManager:220 - loadIPPluginJar : add gpio
2025-05-10 20:31:27,335 [INFO] IPUIPlugin:80 - create IPUIPlugin
2025-05-10 20:31:27,335 [INFO] PluginManager:220 - loadIPPluginJar : add gtzc
2025-05-10 20:31:27,371 [INFO] IPUIPlugin:80 - create IPUIPlugin
2025-05-10 20:31:27,371 [INFO] PluginManager:220 - loadIPPluginJar : add hash
2025-05-10 20:31:27,419 [INFO] IPUIPlugin:80 - create IPUIPlugin
2025-05-10 20:31:27,419 [INFO] PluginManager:220 - loadIPPluginJar : add i2c
2025-05-10 20:31:27,456 [INFO] IPUIPlugin:80 - create IPUIPlugin
2025-05-10 20:31:27,456 [INFO] PluginManager:220 - loadIPPluginJar : add i2s
2025-05-10 20:31:27,480 [INFO] IPUIPlugin:80 - create IPUIPlugin
2025-05-10 20:31:27,480 [INFO] PluginManager:220 - loadIPPluginJar : add i3c
2025-05-10 20:31:27,565 [INFO] IPUIPlugin:80 - create IPUIPlugin
2025-05-10 20:31:27,565 [INFO] PluginManager:220 - loadIPPluginJar : add ipddr
2025-05-10 20:31:27,640 [INFO] IPUIPlugin:80 - create IPUIPlugin
2025-05-10 20:31:27,640 [INFO] PluginManager:220 - loadIPPluginJar : add linkedlist
2025-05-10 20:31:27,668 [INFO] IPUIPlugin:80 - create IPUIPlugin
2025-05-10 20:31:27,668 [INFO] PluginManager:220 - loadIPPluginJar : add lorawan
2025-05-10 20:31:27,705 [INFO] IPUIPlugin:80 - create IPUIPlugin
2025-05-10 20:31:27,705 [INFO] PluginManager:220 - loadIPPluginJar : add ltdc
2025-05-10 20:31:27,720 [INFO] IPUIPlugin:80 - create IPUIPlugin
2025-05-10 20:31:27,720 [INFO] PluginManager:220 - loadIPPluginJar : add mdma
2025-05-10 20:31:27,735 [INFO] IPUIPlugin:80 - create IPUIPlugin
2025-05-10 20:31:27,735 [INFO] PluginManager:220 - loadIPPluginJar : add nvic
2025-05-10 20:31:27,765 [INFO] IPUIPlugin:80 - create IPUIPlugin
2025-05-10 20:31:27,765 [INFO] PluginManager:220 - loadIPPluginJar : add opamp
2025-05-10 20:31:27,814 [INFO] IPUIPlugin:80 - create IPUIPlugin
2025-05-10 20:31:27,814 [INFO] PluginManager:220 - loadIPPluginJar : add openamp
2025-05-10 20:31:27,854 [INFO] IPUIPlugin:80 - create IPUIPlugin
2025-05-10 20:31:27,854 [INFO] PluginManager:220 - loadIPPluginJar : add pdm2pcm
2025-05-10 20:31:27,869 [INFO] IPUIPlugin:80 - create IPUIPlugin
2025-05-10 20:31:27,871 [INFO] PluginManager:220 - loadIPPluginJar : add plateformsettings
2025-05-10 20:31:27,891 [INFO] IPUIPlugin:80 - create IPUIPlugin
2025-05-10 20:31:27,891 [INFO] PluginManager:220 - loadIPPluginJar : add quadspi
2025-05-10 20:31:27,911 [INFO] IPUIPlugin:80 - create IPUIPlugin
2025-05-10 20:31:27,920 [INFO] PluginManager:220 - loadIPPluginJar : add radio
2025-05-10 20:31:27,936 [INFO] IPUIPlugin:80 - create IPUIPlugin
2025-05-10 20:31:27,936 [INFO] PluginManager:220 - loadIPPluginJar : add resmgrutility
2025-05-10 20:31:27,984 [INFO] IPUIPlugin:80 - create IPUIPlugin
2025-05-10 20:31:27,984 [INFO] PluginManager:220 - loadIPPluginJar : add sai
2025-05-10 20:31:28,021 [INFO] IPUIPlugin:80 - create IPUIPlugin
2025-05-10 20:31:28,021 [INFO] PluginManager:220 - loadIPPluginJar : add spi
2025-05-10 20:31:28,092 [INFO] IPUIPlugin:80 - create IPUIPlugin
2025-05-10 20:31:28,092 [INFO] PluginManager:220 - loadIPPluginJar : add stm32_wpan
2025-05-10 20:31:28,117 [INFO] IPUIPlugin:80 - create IPUIPlugin
2025-05-10 20:31:28,117 [INFO] PluginManager:220 - loadIPPluginJar : add tim
2025-05-10 20:31:28,184 [INFO] IPUIPlugin:80 - create IPUIPlugin
2025-05-10 20:31:28,184 [INFO] PluginManager:220 - loadIPPluginJar : add touchsensing
2025-05-10 20:31:28,208 [INFO] IPUIPlugin:80 - create IPUIPlugin
2025-05-10 20:31:28,208 [INFO] PluginManager:220 - loadIPPluginJar : add tracer_emb
2025-05-10 20:31:28,232 [INFO] IPUIPlugin:80 - create IPUIPlugin
2025-05-10 20:31:28,232 [INFO] PluginManager:220 - loadIPPluginJar : add ts
2025-05-10 20:31:28,268 [INFO] IPUIPlugin:80 - create IPUIPlugin
2025-05-10 20:31:28,268 [INFO] PluginManager:220 - loadIPPluginJar : add tsc
2025-05-10 20:31:28,292 [INFO] IPUIPlugin:80 - create IPUIPlugin
2025-05-10 20:31:28,292 [INFO] PluginManager:220 - loadIPPluginJar : add ucpd
2025-05-10 20:31:28,337 [INFO] IPUIPlugin:80 - create IPUIPlugin
2025-05-10 20:31:28,337 [INFO] PluginManager:220 - loadIPPluginJar : add usart
2025-05-10 20:31:28,386 [INFO] IPUIPlugin:80 - create IPUIPlugin
2025-05-10 20:31:28,386 [INFO] PluginManager:220 - loadIPPluginJar : add usbx
2025-05-10 20:31:28,502 [FATAL] Updater:351 - Updater called before beeing initialized
2025-05-10 20:31:28,531 [INFO] RulesReader:64 - Compatibility file has been processed (297 Rules)
2025-05-10 20:31:28,541 [INFO] RulesReader:64 - Compatibility file has been processed (297 Rules)
2025-05-10 20:31:28,553 [INFO] CADModel:165 - CPN selected for project level
2025-05-10 20:31:28,553 [INFO] CADModel:114 - Register for checkConnection events
2025-05-10 20:31:28,553 [FATAL] Updater:351 - Updater called before beeing initialized
2025-05-10 20:31:28,553 [ERROR] CADModel:125 - Updater not yet initialized, retry later 
2025-05-10 20:31:28,688 [FATAL] Updater:351 - Updater called before beeing initialized
2025-05-10 20:31:28,692 [INFO] CADModel:165 - CPN selected for project level
2025-05-10 20:31:28,692 [INFO] CADModel:114 - Register for checkConnection events
2025-05-10 20:31:28,692 [FATAL] Updater:351 - Updater called before beeing initialized
2025-05-10 20:31:28,692 [ERROR] CADModel:125 - Updater not yet initialized, retry later 
2025-05-10 20:31:28,694 [FATAL] Updater:351 - Updater called before beeing initialized
2025-05-10 20:31:28,777 [FATAL] Updater:351 - Updater called before beeing initialized
2025-05-10 20:31:28,789 [INFO] DbMcusAds:53 - JSON generation date=Thu Mar 06 22:54:22 CST 2025 (1741272862078)
2025-05-10 20:31:28,789 [FATAL] Updater:351 - Updater called before beeing initialized
2025-05-10 20:31:28,828 [WARN] DetailPanel:346 - Failed to get advertising image, set to default
2025-05-10 20:31:29,007 [FATAL] Updater:351 - Updater called before beeing initialized
2025-05-10 20:31:29,009 [FATAL] Updater:351 - Updater called before beeing initialized
2025-05-10 20:31:29,010 [FATAL] Updater:351 - Updater called before beeing initialized
2025-05-10 20:31:29,010 [WARN] DetailPanel:346 - Failed to get advertising image, set to default
2025-05-10 20:31:29,010 [FATAL] Updater:351 - Updater called before beeing initialized
2025-05-10 20:31:29,084 [ERROR] Updater:1198 - MainUpdater not yet initialized. External WinMGr cannot be set.
2025-05-10 20:31:29,094 [INFO] Updater:1134 - Updater Version found : 6.13.0
2025-05-10 20:31:29,110 [INFO] ApplicationProperties:184 - Using Application install path: C:\ST\STM32CubeIDE_1.17.0\STM32CubeIDE\plugins\com.st.stm32cube.common.mx_6.13.0.202411220809
2025-05-10 20:31:29,208 [INFO] ThirdPartyUpdaterWithRetryManager:70 - Updater plugin not ready yet. [2/15]
2025-05-10 20:31:30,705 [ERROR] LogOutputStream:75 - [STDERR_REDIRECT] May 10, 2025 8:31:30 PM java.util.prefs.WindowsPreferences <init>
2025-05-10 20:31:30,707 [ERROR] LogOutputStream:75 - [STDERR_REDIRECT] WARNING: Could not open/create prefs root node Software\JavaSoft\Prefs at root 0xffffffff80000002. Windows RegCreateKeyEx(...) returned error code 5.
2025-05-10 20:31:30,707 [ERROR] LogOutputStream:75 - [STDERR_REDIRECT] 
2025-05-10 20:31:31,014 [INFO] MainUpdater:2872 - connection check result : 10
2025-05-10 20:31:31,014 [INFO] MainUpdater:3566 - Updater definition file requires update
2025-05-10 20:31:31,014 [INFO] MainUpdater:289 - Updater Check For Update Now.
2025-05-10 20:31:31,014 [INFO] MicroXplorer:498 - Change Database Version : DB.6.0.130
2025-05-10 20:31:31,025 [INFO] McuFinderGlobals:63 - Set McuFinder mode to 2 (CubeIDE integrated)
2025-05-10 20:31:31,025 [INFO] UserAuth:171 - activating auth plugin
2025-05-10 20:31:31,025 [INFO] ServerAccessManage:473 - Download File updaters.zip
2025-05-10 20:31:31,037 [INFO] UserAuth:486 - Internet connection configuration mode: 1
2025-05-10 20:31:31,067 [INFO] JxBrowserEngine:152 - Initiate JxBrowser Engine with user profile folder
2025-05-10 20:31:31,104 [INFO] FileExtend:240 - Unzip File : updaters.zip
2025-05-10 20:31:31,104 [INFO] FileExtend:255 - Standard Zip Deflate
2025-05-10 20:31:31,576 [INFO] ServerAccessManage:473 - Download File PacksControlFlags.xml
2025-05-10 20:31:31,631 [INFO] ServerAccessManage:473 - Download File cubemx.pidx
2025-05-10 20:31:32,218 [WARN] MainUpdater:1193 - Updater busy. Cannot search thirdparties
2025-05-10 20:31:32,218 [INFO] ThirdPartyUpdaterWithRetryManager:96 - Updater plugin is busy. [1/15]
2025-05-10 20:31:32,218 [INFO] ServerAccessManage:473 - Download File STMicroelectronics.X-CUBE-FREERTOS.pdsc
2025-05-10 20:31:32,945 [INFO] WebApp:168 - Instantiating new browser for Auth
2025-05-10 20:31:33,412 [WARN] PackLoader:240 - Cannot read IP mode file for STMicroelectronics.X-CUBE-FREERTOS.1.3.1
2025-05-10 20:31:33,412 [INFO] PopulateThirdPartyThread:66 - Ending populate Thread
2025-05-10 20:31:33,422 [INFO] ThirdParty:1030 - CMSIS Pack Vendor :STMicroelectronics X-CUBE-FREERTOS 1.3.1
2025-05-10 20:31:33,422 [INFO] LoadServerUpdatesThread:375 - End of LoadServerUpdate Thread
2025-05-10 20:31:33,448 [INFO] CheckServerUpdateThread:120 - End of CheckServer Thread
2025-05-10 20:31:33,998 [INFO] WebApp:449 - Apply proxy settings
2025-05-10 20:31:33,998 [INFO] WebApp:534 - Chromium requires no authentication
2025-05-10 20:31:34,006 [INFO] WebApp:477 - Direct internet connection detected
2025-05-10 20:31:34,018 [INFO] WebApp:880 - Register for checkConnection events
2025-05-10 20:31:34,018 [INFO] WebApp:449 - Apply proxy settings
2025-05-10 20:31:34,018 [INFO] WebApp:534 - Chromium requires no authentication
2025-05-10 20:31:34,018 [INFO] WebApp:477 - Direct internet connection detected
2025-05-10 20:31:34,157 [INFO] WebApp:221 - Starting web application
2025-05-10 20:31:34,157 [INFO] WebApp:579 - Web application path used C:\ST\STM32CubeIDE_1.17.0\STM32CubeIDE\plugins\com.st.stm32cube.common.mx_6.13.0.202411220809\db\plugins\mcufinder\reactClient1\index.html
2025-05-10 20:31:34,259 [INFO] WebApp:187 - Connection restablished
2025-05-10 20:31:35,361 [WARN] PackLoader:240 - Cannot read IP mode file for STMicroelectronics.FP-SNS-MOTENVWB1.1.4.0
2025-05-10 20:31:35,366 [WARN] PackLoader:240 - Cannot read IP mode file for STMicroelectronics.FP-ATR-ASTRA1.2.0.2
2025-05-10 20:31:35,379 [WARN] PackLoader:240 - Cannot read IP mode file for STMicroelectronics.X-CUBE-SMBUS.2.1.0
2025-05-10 20:31:35,392 [WARN] PackLoader:240 - Cannot read IP mode file for STMicroelectronics.X-CUBE-WB05N.1.1.0
2025-05-10 20:31:35,425 [WARN] PackLoader:240 - Cannot read IP mode file for STMicroelectronics.X-CUBE-AZRTOS-F7.1.1.0
2025-05-10 20:31:35,444 [WARN] PackLoader:240 - Cannot read IP mode file for STMicroelectronics.FP-SNS-FLIGHT1.5.0.2
2025-05-10 20:31:35,469 [WARN] PackLoader:240 - Cannot read IP mode file for Infineon.AIROC-Wi-Fi-Bluetooth-STM32.1.7.0
2025-05-10 20:31:35,488 [WARN] PackLoader:240 - Cannot read IP mode file for STMicroelectronics.X-CUBE-DISPLAY.3.0.0
2025-05-10 20:31:35,503 [WARN] PackLoader:240 - Cannot read IP mode file for STMicroelectronics.X-CUBE-BLE1.7.0.0
2025-05-10 20:31:35,515 [WARN] PackLoader:240 - Cannot read IP mode file for STMicroelectronics.X-CUBE-NFC10.1.0.0
2025-05-10 20:31:35,531 [WARN] PackLoader:240 - Cannot read IP mode file for STMicroelectronics.X-CUBE-BLEMGR.4.0.0
2025-05-10 20:31:35,545 [WARN] PackLoader:240 - Cannot read IP mode file for emotas.I-CUBE-CANOPEN.1.3.0
2025-05-10 20:31:35,557 [WARN] PackLoader:240 - Cannot read IP mode file for STMicroelectronics.X-CUBE-AI.10.0.0
2025-05-10 20:31:35,570 [WARN] PackLoader:240 - Cannot read IP mode file for STMicroelectronics.FP-SNS-SMARTAG2.1.2.0
2025-05-10 20:31:35,574 [WARN] PackLoader:240 - Cannot read IP mode file for STMicroelectronics.FP-SNS-FLIGHT1.5.1.0
2025-05-10 20:31:35,609 [WARN] PackLoader:240 - Cannot read IP mode file for STMicroelectronics.X-CUBE-MEMS1.11.1.0
2025-05-10 20:31:35,700 [INFO] LogOutputStream:77 - [STDOUT_REDIRECT] 1 : Invalid condition id : UX_CORESTACK_Condition cause : null
2025-05-10 20:31:35,701 [INFO] LogOutputStream:77 - [STDOUT_REDIRECT] 1 : Invalid condition id : UX_CORESTACK_Condition cause : null
2025-05-10 20:31:35,702 [INFO] LogOutputStream:77 - [STDOUT_REDIRECT] 1 : Invalid condition id : UX_CORESTACK_Condition cause : null
2025-05-10 20:31:35,703 [INFO] LogOutputStream:77 - [STDOUT_REDIRECT] 1 : Invalid condition id : UX_CORESTACK_Condition cause : null
2025-05-10 20:31:35,704 [INFO] LogOutputStream:77 - [STDOUT_REDIRECT] 1 : Invalid condition id : UX_CORESTACK_Condition cause : null
2025-05-10 20:31:35,705 [WARN] PackLoader:240 - Cannot read IP mode file for STMicroelectronics.X-CUBE-AZRTOS-WL.2.0.0
2025-05-10 20:31:35,717 [WARN] PackLoader:240 - Cannot read IP mode file for STMicroelectronics.FP-SNS-MOTENV1.5.0.0
2025-05-10 20:31:35,730 [WARN] PackLoader:240 - Cannot read IP mode file for WES.I-CUBE-Cesium.1.3.0
2025-05-10 20:31:35,742 [WARN] PackLoader:240 - Cannot read IP mode file for STMicroelectronics.X-CUBE-BLE2.3.3.0
2025-05-10 20:31:35,759 [WARN] PackLoader:240 - Cannot read IP mode file for STMicroelectronics.X-CUBE-NFC9.1.0.0
2025-05-10 20:31:35,772 [WARN] PackLoader:240 - Cannot read IP mode file for STMicroelectronics.X-CUBE-BLE1.7.1.0
2025-05-10 20:31:35,776 [WARN] PackLoader:240 - Cannot read IP mode file for wolfSSL.I-CUBE-wolfMQTT.1.19.2
2025-05-10 20:31:35,811 [WARN] PackLoader:240 - Cannot read IP mode file for STMicroelectronics.X-CUBE-MEMS1.11.2.0
2025-05-10 20:31:35,893 [WARN] PackLoader:240 - Cannot read IP mode file for STMicroelectronics.X-CUBE-AZRTOS-G0.1.1.0
2025-05-10 20:31:35,906 [WARN] PackLoader:240 - Cannot read IP mode file for STMicroelectronics.X-CUBE-SAFEA1.1.2.2
2025-05-10 20:31:35,919 [WARN] PackLoader:240 - Cannot read IP mode file for STMicroelectronics.X-CUBE-NFC4.3.0.0
2025-05-10 20:31:35,933 [WARN] PackLoader:240 - Cannot read IP mode file for EmbeddedOffice.I-CUBE-FS-RTOS.1.0.1
2025-05-10 20:31:35,946 [WARN] PackLoader:240 - Cannot read IP mode file for STMicroelectronics.X-CUBE-WB05N.2.0.0
2025-05-10 20:31:35,949 [WARN] PackLoader:240 - Cannot read IP mode file for wolfSSL.I-CUBE-wolfTPM.3.8.0
2025-05-10 20:31:35,960 [WARN] PackLoader:240 - Cannot read IP mode file for STMicroelectronics.X-CUBE-TCPP.4.2.0
2025-05-10 20:31:35,972 [WARN] PackLoader:240 - Cannot read IP mode file for RealThread.X-CUBE-RT-Thread_Nano.4.1.1
2025-05-10 20:31:35,983 [WARN] PackLoader:240 - Cannot read IP mode file for STMicroelectronics.FP-ATR-SIGFOX1.3.2.0
2025-05-10 20:31:35,987 [WARN] ConditionMgr:438 - getConditionDescription Invalid condition id : Cortex-A Device cause : null
2025-05-10 20:31:36,003 [WARN] ConditionMgr:1044 - genDependencies : Invalid condition id : Cortex-A Device cause : null
2025-05-10 20:31:36,003 [WARN] ConditionMgr:1044 - genDependencies : Invalid condition id : Cortex-A Device cause : null
2025-05-10 20:31:36,003 [WARN] ConditionMgr:1044 - genDependencies : Invalid condition id : Cortex-A Device cause : null
2025-05-10 20:31:36,014 [WARN] PackLoader:240 - Cannot read IP mode file for STMicroelectronics.X-CUBE-EEPRMA1.5.1.0
2025-05-10 20:31:36,026 [WARN] PackLoader:240 - Cannot read IP mode file for wolfSSL.I-CUBE-wolfSSL.5.7.6
2025-05-10 20:31:36,037 [WARN] PackLoader:240 - Cannot read IP mode file for ITTIA_DB.I-CUBE-ITTIADB.8.9.0
2025-05-10 20:31:36,056 [WARN] PackLoader:240 - Cannot read IP mode file for SEGGER.I-CUBE-embOS.1.3.1
2025-05-10 20:31:36,079 [WARN] PackLoader:240 - Cannot read IP mode file for STMicroelectronics.X-CUBE-ALGOBUILD.1.4.0
2025-05-10 20:31:36,098 [WARN] PackLoader:240 - Cannot read IP mode file for STMicroelectronics.X-CUBE-AZRTOS-F4.1.1.0
2025-05-10 20:31:36,103 [WARN] PackLoader:240 - Cannot read IP mode file for Avnet-IotConnect.X-CUBE-IoTC-DA16k-PMOD.1.0.0
2025-05-10 20:31:36,113 [WARN] PackLoader:240 - Cannot read IP mode file for STMicroelectronics.X-CUBE-ISPU.2.1.0
2025-05-10 20:31:36,135 [WARN] PackLoader:240 - Cannot read IP mode file for STMicroelectronics.X-CUBE-AZRTOS-L5.2.0.0
2025-05-10 20:31:36,149 [WARN] PackLoader:240 - Cannot read IP mode file for STMicroelectronics.X-CUBE-NFC6.3.1.0
2025-05-10 20:31:36,162 [WARN] PackLoader:240 - Cannot read IP mode file for STMicroelectronics.X-CUBE-DPower.1.2.0
2025-05-10 20:31:36,166 [WARN] PackLoader:240 - Cannot read IP mode file for STMicroelectronics.X-CUBE-FREERTOS.1.3.1
2025-05-10 20:31:36,177 [WARN] PackLoader:240 - Cannot read IP mode file for STMicroelectronics.X-CUBE-FREERTOS.1.3.0
2025-05-10 20:31:36,190 [WARN] PackLoader:240 - Cannot read IP mode file for STMicroelectronics.X-CUBE-NFC7.1.0.1
2025-05-10 20:31:36,202 [WARN] PackLoader:240 - Cannot read IP mode file for STMicroelectronics.X-CUBE-DPower.1.3.0
2025-05-10 20:31:36,223 [WARN] ConditionMgr:438 - getConditionDescription Invalid condition id : LAN8742 Phy interface Condition cause : null
2025-05-10 20:31:36,223 [WARN] PackLoader:240 - Cannot read IP mode file for STMicroelectronics.X-CUBE-AZRTOS-L4.2.0.0
2025-05-10 20:31:36,224 [WARN] ConditionMgr:1044 - genDependencies : Invalid condition id : LAN8742 Phy interface Condition cause : null
2025-05-10 20:31:36,224 [WARN] ConditionMgr:1044 - genDependencies : Invalid condition id : LAN8742 Phy interface Condition cause : null
2025-05-10 20:31:36,224 [WARN] ConditionMgr:1044 - genDependencies : Invalid condition id : LAN8742 Phy interface Condition cause : null
2025-05-10 20:31:36,236 [WARN] PackLoader:240 - Cannot read IP mode file for STMicroelectronics.X-CUBE-SFXS2LP1.4.0.0
2025-05-10 20:31:36,257 [WARN] PackLoader:240 - Cannot read IP mode file for STMicroelectronics.X-CUBE-AZRTOS-H7.3.3.0
2025-05-10 20:31:36,276 [WARN] ConditionMgr:438 - getConditionDescription Invalid condition id : UX DEVICE CLASS RTOS Condition cause : null
2025-05-10 20:31:36,276 [WARN] ConditionMgr:438 - getConditionDescription Invalid condition id : UX DEVICE CLASS RTOS Condition cause : null
2025-05-10 20:31:36,278 [WARN] PackLoader:240 - Cannot read IP mode file for STMicroelectronics.X-CUBE-AZRTOS-WB.2.0.0
2025-05-10 20:31:36,279 [WARN] ConditionMgr:1044 - genDependencies : Invalid condition id : UX DEVICE CLASS RTOS Condition cause : null
2025-05-10 20:31:36,279 [WARN] ConditionMgr:1044 - genDependencies : Invalid condition id : UX DEVICE CLASS RTOS Condition cause : null
2025-05-10 20:31:36,279 [WARN] ConditionMgr:1044 - genDependencies : Invalid condition id : UX DEVICE CLASS RTOS Condition cause : null
2025-05-10 20:31:36,279 [WARN] ConditionMgr:1044 - genDependencies : Invalid condition id : UX DEVICE CLASS RTOS Condition cause : null
2025-05-10 20:31:36,279 [WARN] ConditionMgr:1044 - genDependencies : Invalid condition id : UX DEVICE CLASS RTOS Condition cause : null
2025-05-10 20:31:36,291 [WARN] PackLoader:240 - Cannot read IP mode file for STMicroelectronics.X-CUBE-GNSS1.7.0.1
2025-05-10 20:31:36,302 [WARN] PackLoader:240 - Cannot read IP mode file for STMicroelectronics.X-CUBE-TOUCHGFX.4.25.0
2025-05-10 20:31:36,315 [WARN] PackLoader:240 - Cannot read IP mode file for STMicroelectronics.FP-SNS-STBOX1.2.0.0
2025-05-10 20:31:36,333 [WARN] PackLoader:240 - Cannot read IP mode file for STMicroelectronics.X-CUBE-SUBG2.5.0.0
2025-05-10 20:31:36,358 [WARN] PackLoader:240 - Cannot read IP mode file for STMicroelectronics.X-CUBE-AZRTOS-H7RS.1.1.0
2025-05-10 20:31:36,362 [WARN] PackLoader:240 - Cannot read IP mode file for Cesanta.I-CUBE-Mongoose.7.13.0
2025-05-10 20:31:36,379 [WARN] PackLoader:240 - Cannot read IP mode file for STMicroelectronics.X-CUBE-AZRTOS-G4.2.0.0
2025-05-10 20:31:36,384 [WARN] PackLoader:240 - Cannot read IP mode file for wolfSSL.I-CUBE-wolfSSH.1.4.20
2025-05-10 20:31:36,394 [WARN] PackLoader:240 - Cannot read IP mode file for STMicroelectronics.X-CUBE-NFC7.2.0.0
2025-05-10 20:31:36,407 [WARN] PackLoader:240 - Cannot read IP mode file for STMicroelectronics.X-CUBE-IPS.3.1.0
2025-05-10 20:31:36,419 [WARN] PackLoader:240 - Cannot read IP mode file for STMicroelectronics.X-CUBE-ALS.1.0.2
2025-05-10 20:31:36,429 [WARN] PackLoader:240 - Cannot read IP mode file for STMicroelectronics.X-CUBE-TOUCHGFX.4.24.2
2025-05-10 20:31:36,440 [WARN] PackLoader:240 - Cannot read IP mode file for portGmbH.I-Cube-SoM-uGOAL.1.1.0
2025-05-10 20:31:36,459 [WARN] PackLoader:240 - Cannot read IP mode file for STMicroelectronics.X-CUBE-AZRTOS-H7RS.1.0.0
2025-05-10 20:31:36,473 [WARN] PackLoader:240 - Cannot read IP mode file for STMicroelectronics.X-CUBE-TOF1.3.4.2
2025-05-10 20:31:36,488 [WARN] PackLoader:240 - Cannot read IP mode file for STMicroelectronics.X-CUBE-TOF1.3.4.3
2025-05-10 20:31:36,493 [INFO] ThirdParty:978 - Integrity check success = true
2025-05-10 20:31:36,493 [INFO] IntegrityCheckThread:100 - exiting critical section [integrity check]
2025-05-10 20:31:36,493 [INFO] IntegrityCheckThread:103 - End integrity checks thread
2025-05-10 20:44:47,624 [ERROR] LogOutputStream:75 - [STDERR_REDIRECT] 
2025-05-10 20:44:47,629 [ERROR] LogOutputStream:75 - [STDERR_REDIRECT] 
