2025-05-23 22:16:40,872 [INFO] Activator:176 - 


2025-05-23 22:16:40,875 [INFO] Activator:177 - !SESSION log4j initialized
2025-05-23 22:16:45,474 [INFO] LogOutputStream:77 - [STDOUT_REDIRECT] 
2025-05-23 22:16:47,648 [INFO] ApplicationProperties:184 - Using Application install path: C:\ST\STM32CubeIDE_1.17.0\STM32CubeIDE\plugins\com.st.stm32cube.common.mx_6.13.0.202411220809
2025-05-23 22:16:47,664 [INFO] DbMcusXml:78 - Set database path to: C:\ST\STM32CubeIDE_1.17.0\STM32CubeIDE\plugins\com.st.stm32cube.common.mx_6.13.0.202411220809\\db\/mcu/
2025-05-23 22:16:47,664 [INFO] ApiDb:274 - Set plugin database path to: C:\ST\STM32CubeIDE_1.17.0\STM32CubeIDE\plugins\com.st.stm32cube.common.mx_6.13.0.202411220809\\db\/plugins/boardmanager/
2025-05-23 22:16:47,665 [WARN] ApiDb:259 - Overriding images path with different value:  => C:\ST\STM32CubeIDE_1.17.0\STM32CubeIDE\plugins\com.st.stm32cube.common.mx_6.13.0.202411220809\\db\/plugins/mcufinder/images/
2025-05-23 22:16:47,669 [INFO] ApiDb:250 - Set database path to: C:\Users\a0979\.stmcufinder\plugins\mcufinder//mcu/
2025-05-23 22:16:47,669 [INFO] DbMcusAds:125 - Set database path to: C:\Users\a0979\.stmcufinder\plugins\mcufinder//mcu/
2025-05-23 22:16:47,671 [INFO] CrossReferenceDbSqlite:203 - Set database path to: C:\Users\a0979\.stmcufinder\plugins\mcufinder//mcu/cs/
2025-05-23 22:16:47,772 [INFO] RulesReader:64 - Compatibility file has been processed (297 Rules)
2025-05-23 22:16:47,837 [INFO] DbMcusXml:78 - Set database path to: C:\ST\STM32CubeIDE_1.17.0\STM32CubeIDE\plugins\com.st.stm32cube.common.mx_6.13.0.202411220809\\db\/mcu/
2025-05-23 22:16:47,837 [INFO] ApiDb:274 - Set plugin database path to: C:\ST\STM32CubeIDE_1.17.0\STM32CubeIDE\plugins\com.st.stm32cube.common.mx_6.13.0.202411220809\\db\/plugins/boardmanager/
2025-05-23 22:16:47,837 [INFO] ApiDb:261 - Set plugin images path to: C:\ST\STM32CubeIDE_1.17.0\STM32CubeIDE\plugins\com.st.stm32cube.common.mx_6.13.0.202411220809\\db\/plugins/mcufinder/images/
2025-05-23 22:16:47,837 [WARN] DbFile:41 - Overriding database path with different value: C:\Users\a0979\.stmcufinder\plugins\mcufinder/ => C:\Users\a0979\.stmcufinder\plugins\mcufinder
2025-05-23 22:16:47,838 [INFO] ApiDb:250 - Set database path to: C:\Users\a0979\.stmcufinder\plugins\mcufinder//mcu/
2025-05-23 22:16:47,838 [WARN] DbFile:41 - Overriding database path with different value: C:\Users\a0979\.stmcufinder\plugins\mcufinder/ => C:\Users\a0979\.stmcufinder\plugins\mcufinder
2025-05-23 22:16:47,838 [INFO] DbMcusAds:125 - Set database path to: C:\Users\a0979\.stmcufinder\plugins\mcufinder//mcu/
2025-05-23 22:16:47,838 [WARN] DbFile:41 - Overriding database path with different value: C:\Users\a0979\.stmcufinder\plugins\mcufinder/ => C:\Users\a0979\.stmcufinder\plugins\mcufinder
2025-05-23 22:16:47,838 [WARN] DbFile:41 - Overriding database path with different value: C:\Users\a0979\.stmcufinder\plugins\mcufinder/ => C:\Users\a0979\.stmcufinder\plugins\mcufinder
2025-05-23 22:16:47,838 [INFO] CrossReferenceDbSqlite:203 - Set database path to: C:\Users\a0979\.stmcufinder\plugins\mcufinder//mcu/cs/
2025-05-23 22:16:47,906 [INFO] MainPanel:272 - HeapMemory: 268435456
2025-05-23 22:16:47,982 [INFO] DbMcusXml:78 - Set database path to: C:\ST\STM32CubeIDE_1.17.0\STM32CubeIDE\plugins\com.st.stm32cube.common.mx_6.13.0.202411220809\\db\/mcu/
2025-05-23 22:16:47,982 [INFO] ApiDb:274 - Set plugin database path to: C:\ST\STM32CubeIDE_1.17.0\STM32CubeIDE\plugins\com.st.stm32cube.common.mx_6.13.0.202411220809\\db\/plugins/boardmanager/
2025-05-23 22:16:47,982 [INFO] ApiDb:261 - Set plugin images path to: C:\ST\STM32CubeIDE_1.17.0\STM32CubeIDE\plugins\com.st.stm32cube.common.mx_6.13.0.202411220809\\db\/plugins/mcufinder/images/
2025-05-23 22:16:47,983 [WARN] DbFile:41 - Overriding database path with different value: C:\Users\a0979\.stmcufinder\plugins\mcufinder/ => C:\Users\a0979\.stmcufinder\plugins\mcufinder
2025-05-23 22:16:47,983 [INFO] ApiDb:250 - Set database path to: C:\Users\a0979\.stmcufinder\plugins\mcufinder//mcu/
2025-05-23 22:16:47,983 [WARN] DbFile:41 - Overriding database path with different value: C:\Users\a0979\.stmcufinder\plugins\mcufinder/ => C:\Users\a0979\.stmcufinder\plugins\mcufinder
2025-05-23 22:16:47,983 [INFO] DbMcusAds:125 - Set database path to: C:\Users\a0979\.stmcufinder\plugins\mcufinder//mcu/
2025-05-23 22:16:47,983 [WARN] DbFile:41 - Overriding database path with different value: C:\Users\a0979\.stmcufinder\plugins\mcufinder/ => C:\Users\a0979\.stmcufinder\plugins\mcufinder
2025-05-23 22:16:47,983 [WARN] DbFile:41 - Overriding database path with different value: C:\Users\a0979\.stmcufinder\plugins\mcufinder/ => C:\Users\a0979\.stmcufinder\plugins\mcufinder
2025-05-23 22:16:47,983 [INFO] CrossReferenceDbSqlite:203 - Set database path to: C:\Users\a0979\.stmcufinder\plugins\mcufinder//mcu/cs/
2025-05-23 22:16:47,998 [INFO] ApplicationProperties:184 - Using Application install path: C:\ST\STM32CubeIDE_1.17.0\STM32CubeIDE\plugins\com.st.stm32cube.common.mx_6.13.0.202411220809
2025-05-23 22:16:47,999 [INFO] PluginManage:196 - Search for loadable plugins [exclusion list=, ]
2025-05-23 22:16:48,000 [INFO] PluginManage:310 - Check plugin analytics
2025-05-23 22:16:48,152 [INFO] AnalyticsPlugin:253 - Accepted Software Licenses: 
2025-05-23 22:16:48,152 [INFO] AnalyticsPlugin:255 - Accepted CMSIS Pack Licenses: STMicroelectronics.X-CUBE-BLE1.7.0.0,STMicroelectronics.X-CUBE-AI.10.0.0,STMicroelectronics.X-CUBE-BLE2.3.3.0
2025-05-23 22:16:48,152 [INFO] AnalyticsPlugin:257 - Accepted Firmware Licenses: FW.L4.1.18.0,FW.F4.1.28.0
2025-05-23 22:16:48,156 [INFO] PluginManage:359 - Loaded plugin analytics (category:tool,tabindex:-1)
2025-05-23 22:16:48,157 [INFO] PluginManage:310 - Check plugin cadmodel
2025-05-23 22:16:48,173 [INFO] CADModel:105 - Init CAD model plugin
2025-05-23 22:16:48,173 [INFO] PluginManage:359 - Loaded plugin cadmodel (category:power,tabindex:5)
2025-05-23 22:16:48,173 [INFO] PluginManage:310 - Check plugin clock
2025-05-23 22:16:48,191 [INFO] PluginManage:359 - Loaded plugin clock (category:base,tabindex:2)
2025-05-23 22:16:48,192 [INFO] PluginManage:310 - Check plugin ddr
2025-05-23 22:16:48,194 [INFO] PluginManage:359 - Loaded plugin ddr (category:tool,tabindex:6)
2025-05-23 22:16:48,195 [INFO] PluginManage:310 - Check plugin filemanager
2025-05-23 22:16:48,324 [INFO] PluginManage:359 - Loaded plugin filemanager (category:base,tabindex:10)
2025-05-23 22:16:48,324 [INFO] PluginManage:310 - Check plugin ipmanager
2025-05-23 22:16:48,329 [INFO] PluginManage:359 - Loaded plugin ipmanager (category:base,tabindex:5)
2025-05-23 22:16:48,329 [INFO] PluginManage:310 - Check plugin lpbam
2025-05-23 22:16:48,345 [INFO] PluginManage:359 - Loaded plugin lpbam (category:base,tabindex:0)
2025-05-23 22:16:48,345 [INFO] PluginManage:310 - Check plugin memorymap
2025-05-23 22:16:48,364 [INFO] PluginManage:359 - Loaded plugin memorymap (category:base,tabindex:4)
2025-05-23 22:16:48,365 [INFO] PluginManage:310 - Check plugin pinoutandconfiguration
2025-05-23 22:16:48,379 [INFO] PluginManage:359 - Loaded plugin pinoutandconfiguration (category:base,tabindex:1)
2025-05-23 22:16:48,379 [INFO] PluginManage:310 - Check plugin pinoutconfig
2025-05-23 22:16:48,467 [WARN] SupportedApi:132 - Cannot load RTOS API schema: s4s-elt-must-match.1: The content of 'definitions' must match (annotation?, (simpleType | complexType)?, (unique | key | keyref)*)). A problem was found starting at: attribute.
2025-05-23 22:16:48,576 [INFO] PluginManage:359 - Loaded plugin pinoutconfig (category:base,tabindex:0)
2025-05-23 22:16:48,576 [INFO] PluginManage:310 - Check plugin power
2025-05-23 22:16:48,595 [INFO] PluginManage:359 - Loaded plugin power (category:power,tabindex:4)
2025-05-23 22:16:48,595 [INFO] PluginManage:310 - Check plugin projectmanager
2025-05-23 22:16:48,609 [INFO] PluginManage:359 - Loaded plugin projectmanager (category:projectmanager,tabindex:4)
2025-05-23 22:16:48,609 [INFO] PluginManage:310 - Check plugin rif
2025-05-23 22:16:48,626 [INFO] PluginManage:359 - Loaded plugin rif (category:base,tabindex:3)
2025-05-23 22:16:48,627 [INFO] PluginManage:310 - Check plugin thirdparty
2025-05-23 22:16:48,888 [INFO] PluginManage:359 - Loaded plugin thirdparty (category:base,tabindex:-1)
2025-05-23 22:16:48,888 [INFO] PluginManage:310 - Check plugin tools
2025-05-23 22:16:48,888 [WARN] IntegrityCheckThread:84 - waiting for thirdparty lock release [integrity check]
2025-05-23 22:16:48,888 [INFO] IntegrityCheckThread:86 - entering critical section [integrity check]
2025-05-23 22:16:48,888 [INFO] ThirdPartyUpdaterWithRetryManager:70 - Updater plugin not ready yet. [1/15]
2025-05-23 22:16:48,919 [INFO] PluginManage:359 - Loaded plugin tools (category:base,tabindex:7)
2025-05-23 22:16:48,919 [INFO] PluginManage:310 - Check plugin tutovideos
2025-05-23 22:16:49,075 [INFO] PluginManage:359 - Loaded plugin tutovideos (category:base,tabindex:-1)
2025-05-23 22:16:49,075 [INFO] PluginManage:310 - Check plugin updater
2025-05-23 22:16:49,091 [INFO] PluginManage:359 - Loaded plugin updater (category:base,tabindex:12)
2025-05-23 22:16:49,091 [INFO] PluginManage:310 - Check plugin userauth
2025-05-23 22:16:49,094 [INFO] UserAuth:118 - Init User Auth plugin
2025-05-23 22:16:49,095 [INFO] PluginManage:359 - Loaded plugin userauth (category:base,tabindex:14)
2025-05-23 22:16:49,095 [INFO] PluginManage:283 - PluginManage : Loaded plugins [18]
2025-05-23 22:16:49,269 [INFO] PinOutPanel:1589 - setPackage(No Configuration,No Configuration)
2025-05-23 22:16:49,330 [INFO] CADModel:165 - CPN selected for project level
2025-05-23 22:16:49,330 [INFO] CADModel:114 - Register for checkConnection events
2025-05-23 22:16:49,351 [INFO] IPUIPlugin:80 - create IPUIPlugin
2025-05-23 22:16:49,351 [INFO] PluginManager:220 - loadIPPluginJar : add adc
2025-05-23 22:16:49,384 [INFO] IPUIPlugin:80 - create IPUIPlugin
2025-05-23 22:16:49,384 [INFO] PluginManager:220 - loadIPPluginJar : add aes
2025-05-23 22:16:49,419 [INFO] IPUIPlugin:80 - create IPUIPlugin
2025-05-23 22:16:49,420 [INFO] PluginManager:220 - loadIPPluginJar : add can
2025-05-23 22:16:49,440 [INFO] IPUIPlugin:80 - create IPUIPlugin
2025-05-23 22:16:49,440 [INFO] PluginManager:220 - loadIPPluginJar : add comp
2025-05-23 22:16:49,469 [INFO] IPUIPlugin:80 - create IPUIPlugin
2025-05-23 22:16:49,469 [INFO] PluginManager:220 - loadIPPluginJar : add cryp
2025-05-23 22:16:49,482 [INFO] IPUIPlugin:80 - create IPUIPlugin
2025-05-23 22:16:49,482 [INFO] PluginManager:220 - loadIPPluginJar : add ddr_ctrl_phy
2025-05-23 22:16:49,508 [INFO] IPUIPlugin:80 - create IPUIPlugin
2025-05-23 22:16:49,508 [INFO] PluginManager:220 - loadIPPluginJar : add dfsdm
2025-05-23 22:16:49,520 [INFO] IPUIPlugin:80 - create IPUIPlugin
2025-05-23 22:16:49,521 [INFO] PluginManager:220 - loadIPPluginJar : add dma
2025-05-23 22:16:49,554 [INFO] IPUIPlugin:80 - create IPUIPlugin
2025-05-23 22:16:49,554 [INFO] PluginManager:220 - loadIPPluginJar : add dma3
2025-05-23 22:16:49,592 [INFO] IPUIPlugin:80 - create IPUIPlugin
2025-05-23 22:16:49,592 [INFO] PluginManager:220 - loadIPPluginJar : add extmemmanager
2025-05-23 22:16:49,609 [INFO] IPUIPlugin:80 - create IPUIPlugin
2025-05-23 22:16:49,609 [INFO] PluginManager:220 - loadIPPluginJar : add fatfs
2025-05-23 22:16:49,649 [INFO] IPUIPlugin:80 - create IPUIPlugin
2025-05-23 22:16:49,649 [INFO] PluginManager:220 - loadIPPluginJar : add fmc
2025-05-23 22:16:49,663 [INFO] IPUIPlugin:80 - create IPUIPlugin
2025-05-23 22:16:49,664 [INFO] PluginManager:220 - loadIPPluginJar : add freertos
2025-05-23 22:16:49,683 [INFO] IPUIPlugin:80 - create IPUIPlugin
2025-05-23 22:16:49,683 [INFO] PluginManager:220 - loadIPPluginJar : add genericplugin
2025-05-23 22:16:49,780 [INFO] IPUIPlugin:80 - create IPUIPlugin
2025-05-23 22:16:49,780 [INFO] PluginManager:220 - loadIPPluginJar : add gfxmmu
2025-05-23 22:16:49,900 [INFO] IPUIPlugin:80 - create IPUIPlugin
2025-05-23 22:16:49,901 [INFO] PluginManager:220 - loadIPPluginJar : add gic
2025-05-23 22:16:49,912 [INFO] IPUIPlugin:80 - create IPUIPlugin
2025-05-23 22:16:49,912 [INFO] PluginManager:220 - loadIPPluginJar : add gpio
2025-05-23 22:16:49,999 [INFO] IPUIPlugin:80 - create IPUIPlugin
2025-05-23 22:16:49,999 [INFO] PluginManager:220 - loadIPPluginJar : add gtzc
2025-05-23 22:16:50,030 [INFO] IPUIPlugin:80 - create IPUIPlugin
2025-05-23 22:16:50,030 [INFO] PluginManager:220 - loadIPPluginJar : add hash
2025-05-23 22:16:50,077 [INFO] IPUIPlugin:80 - create IPUIPlugin
2025-05-23 22:16:50,078 [INFO] PluginManager:220 - loadIPPluginJar : add i2c
2025-05-23 22:16:50,111 [INFO] IPUIPlugin:80 - create IPUIPlugin
2025-05-23 22:16:50,111 [INFO] PluginManager:220 - loadIPPluginJar : add i2s
2025-05-23 22:16:50,151 [INFO] IPUIPlugin:80 - create IPUIPlugin
2025-05-23 22:16:50,151 [INFO] PluginManager:220 - loadIPPluginJar : add i3c
2025-05-23 22:16:50,235 [INFO] IPUIPlugin:80 - create IPUIPlugin
2025-05-23 22:16:50,235 [INFO] PluginManager:220 - loadIPPluginJar : add ipddr
2025-05-23 22:16:50,318 [INFO] IPUIPlugin:80 - create IPUIPlugin
2025-05-23 22:16:50,318 [INFO] PluginManager:220 - loadIPPluginJar : add linkedlist
2025-05-23 22:16:50,347 [INFO] IPUIPlugin:80 - create IPUIPlugin
2025-05-23 22:16:50,347 [INFO] PluginManager:220 - loadIPPluginJar : add lorawan
2025-05-23 22:16:50,377 [INFO] IPUIPlugin:80 - create IPUIPlugin
2025-05-23 22:16:50,377 [INFO] PluginManager:220 - loadIPPluginJar : add ltdc
2025-05-23 22:16:50,389 [INFO] IPUIPlugin:80 - create IPUIPlugin
2025-05-23 22:16:50,389 [INFO] PluginManager:220 - loadIPPluginJar : add mdma
2025-05-23 22:16:50,400 [INFO] IPUIPlugin:80 - create IPUIPlugin
2025-05-23 22:16:50,400 [INFO] PluginManager:220 - loadIPPluginJar : add nvic
2025-05-23 22:16:50,433 [INFO] IPUIPlugin:80 - create IPUIPlugin
2025-05-23 22:16:50,433 [INFO] PluginManager:220 - loadIPPluginJar : add opamp
2025-05-23 22:16:50,484 [INFO] IPUIPlugin:80 - create IPUIPlugin
2025-05-23 22:16:50,484 [INFO] PluginManager:220 - loadIPPluginJar : add openamp
2025-05-23 22:16:50,522 [INFO] IPUIPlugin:80 - create IPUIPlugin
2025-05-23 22:16:50,522 [INFO] PluginManager:220 - loadIPPluginJar : add pdm2pcm
2025-05-23 22:16:50,533 [INFO] IPUIPlugin:80 - create IPUIPlugin
2025-05-23 22:16:50,536 [INFO] PluginManager:220 - loadIPPluginJar : add plateformsettings
2025-05-23 22:16:50,557 [INFO] IPUIPlugin:80 - create IPUIPlugin
2025-05-23 22:16:50,557 [INFO] PluginManager:220 - loadIPPluginJar : add quadspi
2025-05-23 22:16:50,580 [INFO] IPUIPlugin:80 - create IPUIPlugin
2025-05-23 22:16:50,581 [INFO] PluginManager:220 - loadIPPluginJar : add radio
2025-05-23 22:16:50,591 [INFO] IPUIPlugin:80 - create IPUIPlugin
2025-05-23 22:16:50,591 [INFO] PluginManager:220 - loadIPPluginJar : add resmgrutility
2025-05-23 22:16:50,632 [INFO] IPUIPlugin:80 - create IPUIPlugin
2025-05-23 22:16:50,632 [INFO] PluginManager:220 - loadIPPluginJar : add sai
2025-05-23 22:16:50,665 [INFO] IPUIPlugin:80 - create IPUIPlugin
2025-05-23 22:16:50,665 [INFO] PluginManager:220 - loadIPPluginJar : add spi
2025-05-23 22:16:50,718 [INFO] IPUIPlugin:80 - create IPUIPlugin
2025-05-23 22:16:50,719 [INFO] PluginManager:220 - loadIPPluginJar : add stm32_wpan
2025-05-23 22:16:50,741 [INFO] IPUIPlugin:80 - create IPUIPlugin
2025-05-23 22:16:50,741 [INFO] PluginManager:220 - loadIPPluginJar : add tim
2025-05-23 22:16:50,792 [INFO] IPUIPlugin:80 - create IPUIPlugin
2025-05-23 22:16:50,792 [INFO] PluginManager:220 - loadIPPluginJar : add touchsensing
2025-05-23 22:16:50,812 [INFO] IPUIPlugin:80 - create IPUIPlugin
2025-05-23 22:16:50,812 [INFO] PluginManager:220 - loadIPPluginJar : add tracer_emb
2025-05-23 22:16:50,834 [INFO] IPUIPlugin:80 - create IPUIPlugin
2025-05-23 22:16:50,834 [INFO] PluginManager:220 - loadIPPluginJar : add ts
2025-05-23 22:16:50,855 [INFO] IPUIPlugin:80 - create IPUIPlugin
2025-05-23 22:16:50,855 [INFO] PluginManager:220 - loadIPPluginJar : add tsc
2025-05-23 22:16:50,875 [INFO] IPUIPlugin:80 - create IPUIPlugin
2025-05-23 22:16:50,875 [INFO] PluginManager:220 - loadIPPluginJar : add ucpd
2025-05-23 22:16:50,911 [INFO] IPUIPlugin:80 - create IPUIPlugin
2025-05-23 22:16:50,911 [INFO] PluginManager:220 - loadIPPluginJar : add usart
2025-05-23 22:16:50,947 [INFO] IPUIPlugin:80 - create IPUIPlugin
2025-05-23 22:16:50,948 [INFO] PluginManager:220 - loadIPPluginJar : add usbx
2025-05-23 22:16:51,054 [FATAL] Updater:351 - Updater called before beeing initialized
2025-05-23 22:16:51,074 [INFO] RulesReader:64 - Compatibility file has been processed (297 Rules)
2025-05-23 22:16:51,084 [INFO] RulesReader:64 - Compatibility file has been processed (297 Rules)
2025-05-23 22:16:51,092 [INFO] CADModel:165 - CPN selected for project level
2025-05-23 22:16:51,092 [INFO] CADModel:114 - Register for checkConnection events
2025-05-23 22:16:51,092 [FATAL] Updater:351 - Updater called before beeing initialized
2025-05-23 22:16:51,092 [ERROR] CADModel:125 - Updater not yet initialized, retry later 
2025-05-23 22:16:51,226 [FATAL] Updater:351 - Updater called before beeing initialized
2025-05-23 22:16:51,228 [INFO] CADModel:165 - CPN selected for project level
2025-05-23 22:16:51,228 [INFO] CADModel:114 - Register for checkConnection events
2025-05-23 22:16:51,228 [FATAL] Updater:351 - Updater called before beeing initialized
2025-05-23 22:16:51,228 [ERROR] CADModel:125 - Updater not yet initialized, retry later 
2025-05-23 22:16:51,231 [FATAL] Updater:351 - Updater called before beeing initialized
2025-05-23 22:16:51,306 [FATAL] Updater:351 - Updater called before beeing initialized
2025-05-23 22:16:51,315 [INFO] DbMcusAds:53 - JSON generation date=Wed May 07 17:07:55 CST 2025 (1746608875679)
2025-05-23 22:16:51,316 [FATAL] Updater:351 - Updater called before beeing initialized
2025-05-23 22:16:51,349 [WARN] DetailPanel:346 - Failed to get advertising image, set to default
2025-05-23 22:16:51,513 [FATAL] Updater:351 - Updater called before beeing initialized
2025-05-23 22:16:51,514 [FATAL] Updater:351 - Updater called before beeing initialized
2025-05-23 22:16:51,514 [FATAL] Updater:351 - Updater called before beeing initialized
2025-05-23 22:16:51,515 [WARN] DetailPanel:346 - Failed to get advertising image, set to default
2025-05-23 22:16:51,516 [FATAL] Updater:351 - Updater called before beeing initialized
2025-05-23 22:16:51,561 [ERROR] Updater:1198 - MainUpdater not yet initialized. External WinMGr cannot be set.
2025-05-23 22:16:51,570 [INFO] Updater:1134 - Updater Version found : 6.13.0
2025-05-23 22:16:51,581 [INFO] ApplicationProperties:184 - Using Application install path: C:\ST\STM32CubeIDE_1.17.0\STM32CubeIDE\plugins\com.st.stm32cube.common.mx_6.13.0.202411220809
2025-05-23 22:16:51,890 [INFO] ThirdPartyUpdaterWithRetryManager:70 - Updater plugin not ready yet. [2/15]
2025-05-23 22:16:53,154 [ERROR] LogOutputStream:75 - [STDERR_REDIRECT] May 23, 2025 10:16:53 PM java.util.prefs.WindowsPreferences <init>
2025-05-23 22:16:53,155 [ERROR] LogOutputStream:75 - [STDERR_REDIRECT] WARNING: Could not open/create prefs root node Software\JavaSoft\Prefs at root 0xffffffff80000002. Windows RegCreateKeyEx(...) returned error code 5.
2025-05-23 22:16:53,155 [ERROR] LogOutputStream:75 - [STDERR_REDIRECT] 
2025-05-23 22:16:53,483 [INFO] MainUpdater:2872 - connection check result : 10
2025-05-23 22:16:53,484 [INFO] MainUpdater:289 - Updater Check For Update Now.
2025-05-23 22:16:53,484 [INFO] MicroXplorer:498 - Change Database Version : DB.6.0.130
2025-05-23 22:16:53,513 [INFO] McuFinderGlobals:63 - Set McuFinder mode to 2 (CubeIDE integrated)
2025-05-23 22:16:53,519 [INFO] UserAuth:486 - Internet connection configuration mode: 1
2025-05-23 22:16:53,558 [INFO] JxBrowserEngine:152 - Initiate JxBrowser Engine with user profile folder
2025-05-23 22:16:53,678 [INFO] CheckServerUpdateThread:120 - End of CheckServer Thread
2025-05-23 22:16:54,205 [INFO] WebApp:168 - Instantiating new browser for Auth
2025-05-23 22:16:54,693 [INFO] WebApp:449 - Apply proxy settings
2025-05-23 22:16:54,693 [INFO] WebApp:534 - Chromium requires no authentication
2025-05-23 22:16:54,700 [INFO] WebApp:477 - Direct internet connection detected
2025-05-23 22:16:54,717 [INFO] WebApp:880 - Register for checkConnection events
2025-05-23 22:16:54,717 [INFO] WebApp:449 - Apply proxy settings
2025-05-23 22:16:54,717 [INFO] WebApp:534 - Chromium requires no authentication
2025-05-23 22:16:54,717 [INFO] WebApp:477 - Direct internet connection detected
2025-05-23 22:16:54,844 [INFO] WebApp:221 - Starting web application
2025-05-23 22:16:54,845 [INFO] WebApp:579 - Web application path used C:\ST\STM32CubeIDE_1.17.0\STM32CubeIDE\plugins\com.st.stm32cube.common.mx_6.13.0.202411220809\db\plugins\mcufinder\reactClient1\index.html
2025-05-23 22:16:54,861 [INFO] WebApp:187 - Connection restablished
2025-05-23 22:16:54,986 [INFO] UserAuth:486 - Internet connection configuration mode: 1
2025-05-23 22:16:55,161 [WARN] PackLoader:240 - Cannot read IP mode file for STMicroelectronics.FP-SNS-MOTENVWB1.1.4.0
2025-05-23 22:16:55,184 [WARN] PackLoader:240 - Cannot read IP mode file for STMicroelectronics.FP-ATR-ASTRA1.2.0.2
2025-05-23 22:16:55,203 [WARN] PackLoader:240 - Cannot read IP mode file for STMicroelectronics.X-CUBE-SMBUS.2.1.0
2025-05-23 22:16:55,224 [WARN] PackLoader:240 - Cannot read IP mode file for STMicroelectronics.X-CUBE-WB05N.1.1.0
2025-05-23 22:16:55,242 [WARN] PackLoader:240 - Cannot read IP mode file for STMicroelectronics.X-CUBE-ST60.1.0.0
2025-05-23 22:16:55,294 [WARN] PackLoader:240 - Cannot read IP mode file for STMicroelectronics.X-CUBE-AZRTOS-F7.1.1.0
2025-05-23 22:16:55,309 [WARN] PackLoader:240 - Cannot read IP mode file for STMicroelectronics.FP-SNS-FLIGHT1.5.0.2
2025-05-23 22:16:55,341 [WARN] PackLoader:240 - Cannot read IP mode file for Infineon.AIROC-Wi-Fi-Bluetooth-STM32.1.7.0
2025-05-23 22:16:55,362 [WARN] PackLoader:240 - Cannot read IP mode file for STMicroelectronics.X-CUBE-DISPLAY.3.0.0
2025-05-23 22:16:55,381 [WARN] PackLoader:240 - Cannot read IP mode file for STMicroelectronics.X-CUBE-BLE1.7.0.0
2025-05-23 22:16:55,489 [WARN] PackLoader:240 - Cannot read IP mode file for STMicroelectronics.X-CUBE-NFC10.1.0.0
2025-05-23 22:16:55,503 [WARN] PackLoader:240 - Cannot read IP mode file for STMicroelectronics.X-CUBE-BLEMGR.4.0.0
2025-05-23 22:16:55,517 [WARN] PackLoader:240 - Cannot read IP mode file for emotas.I-CUBE-CANOPEN.1.3.0
2025-05-23 22:16:55,529 [WARN] ConditionMgr:438 - getConditionDescription Invalid condition id : Cortex-A Device cause : null
2025-05-23 22:16:55,549 [WARN] ConditionMgr:1044 - genDependencies : Invalid condition id : Cortex-A Device cause : null
2025-05-23 22:16:55,549 [WARN] ConditionMgr:1044 - genDependencies : Invalid condition id : Cortex-A Device cause : null
2025-05-23 22:16:55,549 [WARN] ConditionMgr:1044 - genDependencies : Invalid condition id : Cortex-A Device cause : null
2025-05-23 22:16:55,562 [WARN] PackLoader:240 - Cannot read IP mode file for STMicroelectronics.X-CUBE-AI.10.0.0
2025-05-23 22:16:55,615 [WARN] PackLoader:240 - Cannot read IP mode file for STMicroelectronics.FP-SNS-SMARTAG2.1.2.0
2025-05-23 22:16:55,627 [WARN] PackLoader:240 - Cannot read IP mode file for STMicroelectronics.FP-SNS-FLIGHT1.5.1.0
2025-05-23 22:16:55,672 [WARN] PackLoader:240 - Cannot read IP mode file for STMicroelectronics.X-CUBE-MEMS1.11.1.0
2025-05-23 22:16:55,814 [INFO] LogOutputStream:77 - [STDOUT_REDIRECT] 1 : Invalid condition id : UX_CORESTACK_Condition cause : null
2025-05-23 22:16:55,815 [INFO] LogOutputStream:77 - [STDOUT_REDIRECT] 1 : Invalid condition id : UX_CORESTACK_Condition cause : null
2025-05-23 22:16:55,817 [INFO] LogOutputStream:77 - [STDOUT_REDIRECT] 1 : Invalid condition id : UX_CORESTACK_Condition cause : null
2025-05-23 22:16:55,819 [INFO] LogOutputStream:77 - [STDOUT_REDIRECT] 1 : Invalid condition id : UX_CORESTACK_Condition cause : null
2025-05-23 22:16:55,824 [INFO] LogOutputStream:77 - [STDOUT_REDIRECT] 1 : Invalid condition id : UX_CORESTACK_Condition cause : null
2025-05-23 22:16:55,825 [WARN] PackLoader:240 - Cannot read IP mode file for STMicroelectronics.X-CUBE-AZRTOS-WL.2.0.0
2025-05-23 22:16:55,839 [WARN] PackLoader:240 - Cannot read IP mode file for STMicroelectronics.FP-SNS-MOTENV1.5.0.0
2025-05-23 22:16:55,855 [WARN] PackLoader:240 - Cannot read IP mode file for WES.I-CUBE-Cesium.1.3.0
2025-05-23 22:16:55,869 [WARN] PackLoader:240 - Cannot read IP mode file for STMicroelectronics.X-CUBE-BLE2.3.3.0
2025-05-23 22:16:55,923 [WARN] PackLoader:240 - Cannot read IP mode file for STMicroelectronics.X-CUBE-NFC9.1.0.0
2025-05-23 22:16:55,936 [WARN] PackLoader:240 - Cannot read IP mode file for wolfSSL.I-CUBE-wolfSSL.5.8.0
2025-05-23 22:16:55,949 [WARN] PackLoader:240 - Cannot read IP mode file for STMicroelectronics.X-CUBE-BLE1.7.1.0
2025-05-23 22:16:55,960 [WARN] PackLoader:240 - Cannot read IP mode file for wolfSSL.I-CUBE-wolfMQTT.1.19.2
2025-05-23 22:16:55,995 [WARN] PackLoader:240 - Cannot read IP mode file for STMicroelectronics.X-CUBE-MEMS1.11.2.0
2025-05-23 22:16:56,068 [WARN] PackLoader:240 - Cannot read IP mode file for STMicroelectronics.X-CUBE-AZRTOS-G0.1.1.0
2025-05-23 22:16:56,082 [WARN] PackLoader:240 - Cannot read IP mode file for STMicroelectronics.X-CUBE-SAFEA1.1.2.2
2025-05-23 22:16:56,094 [WARN] PackLoader:240 - Cannot read IP mode file for STMicroelectronics.X-CUBE-NFC4.3.0.0
2025-05-23 22:16:56,108 [WARN] PackLoader:240 - Cannot read IP mode file for EmbeddedOffice.I-CUBE-FS-RTOS.1.0.1
2025-05-23 22:16:56,120 [WARN] PackLoader:240 - Cannot read IP mode file for STMicroelectronics.X-CUBE-WB05N.2.0.0
2025-05-23 22:16:56,132 [WARN] PackLoader:240 - Cannot read IP mode file for wolfSSL.I-CUBE-wolfTPM.3.8.0
2025-05-23 22:16:56,144 [WARN] PackLoader:240 - Cannot read IP mode file for STMicroelectronics.X-CUBE-TCPP.4.2.0
2025-05-23 22:16:56,157 [WARN] PackLoader:240 - Cannot read IP mode file for RealThread.X-CUBE-RT-Thread_Nano.4.1.1
2025-05-23 22:16:56,169 [WARN] PackLoader:240 - Cannot read IP mode file for STMicroelectronics.FP-ATR-SIGFOX1.3.2.0
2025-05-23 22:16:56,179 [WARN] ConditionMgr:438 - getConditionDescription Invalid condition id : Cortex-A Device cause : null
2025-05-23 22:16:56,191 [WARN] ConditionMgr:1044 - genDependencies : Invalid condition id : Cortex-A Device cause : null
2025-05-23 22:16:56,192 [WARN] ConditionMgr:1044 - genDependencies : Invalid condition id : Cortex-A Device cause : null
2025-05-23 22:16:56,192 [WARN] ConditionMgr:1044 - genDependencies : Invalid condition id : Cortex-A Device cause : null
2025-05-23 22:16:56,202 [WARN] PackLoader:240 - Cannot read IP mode file for STMicroelectronics.X-CUBE-EEPRMA1.5.1.0
2025-05-23 22:16:56,213 [WARN] PackLoader:240 - Cannot read IP mode file for wolfSSL.I-CUBE-wolfSSL.5.7.6
2025-05-23 22:16:56,225 [WARN] PackLoader:240 - Cannot read IP mode file for ITTIA_DB.I-CUBE-ITTIADB.8.9.0
2025-05-23 22:16:56,248 [WARN] PackLoader:240 - Cannot read IP mode file for SEGGER.I-CUBE-embOS.1.3.1
2025-05-23 22:16:56,278 [WARN] PackLoader:240 - Cannot read IP mode file for STMicroelectronics.X-CUBE-ALGOBUILD.1.4.0
2025-05-23 22:16:56,298 [WARN] PackLoader:240 - Cannot read IP mode file for STMicroelectronics.X-CUBE-AZRTOS-F4.1.1.0
2025-05-23 22:16:56,323 [WARN] PackLoader:240 - Cannot read IP mode file for Avnet-IotConnect.X-CUBE-IoTC-DA16k-PMOD.1.0.0
2025-05-23 22:16:56,349 [WARN] PackLoader:240 - Cannot read IP mode file for STMicroelectronics.X-CUBE-ISPU.2.1.0
2025-05-23 22:16:56,374 [WARN] PackLoader:240 - Cannot read IP mode file for STMicroelectronics.X-CUBE-AZRTOS-L5.2.0.0
2025-05-23 22:16:56,390 [WARN] PackLoader:240 - Cannot read IP mode file for STMicroelectronics.X-CUBE-NFC6.3.1.0
2025-05-23 22:16:56,402 [WARN] PackLoader:240 - Cannot read IP mode file for STMicroelectronics.X-CUBE-DPower.1.2.0
2025-05-23 22:16:56,414 [WARN] PackLoader:240 - Cannot read IP mode file for STMicroelectronics.X-CUBE-FREERTOS.1.3.1
2025-05-23 22:16:56,426 [WARN] PackLoader:240 - Cannot read IP mode file for STMicroelectronics.X-CUBE-FREERTOS.1.3.0
2025-05-23 22:16:56,440 [WARN] PackLoader:240 - Cannot read IP mode file for STMicroelectronics.X-CUBE-NFC7.1.0.1
2025-05-23 22:16:56,455 [WARN] PackLoader:240 - Cannot read IP mode file for STMicroelectronics.X-CUBE-DPower.1.3.0
2025-05-23 22:16:56,478 [WARN] ConditionMgr:438 - getConditionDescription Invalid condition id : LAN8742 Phy interface Condition cause : null
2025-05-23 22:16:56,479 [WARN] PackLoader:240 - Cannot read IP mode file for STMicroelectronics.X-CUBE-AZRTOS-L4.2.0.0
2025-05-23 22:16:56,480 [WARN] ConditionMgr:1044 - genDependencies : Invalid condition id : LAN8742 Phy interface Condition cause : null
2025-05-23 22:16:56,480 [WARN] ConditionMgr:1044 - genDependencies : Invalid condition id : LAN8742 Phy interface Condition cause : null
2025-05-23 22:16:56,480 [WARN] ConditionMgr:1044 - genDependencies : Invalid condition id : LAN8742 Phy interface Condition cause : null
2025-05-23 22:16:56,494 [WARN] PackLoader:240 - Cannot read IP mode file for STMicroelectronics.X-CUBE-SFXS2LP1.4.0.0
2025-05-23 22:16:56,516 [WARN] PackLoader:240 - Cannot read IP mode file for STMicroelectronics.X-CUBE-AZRTOS-H7.3.3.0
2025-05-23 22:16:56,536 [WARN] ConditionMgr:438 - getConditionDescription Invalid condition id : UX DEVICE CLASS RTOS Condition cause : null
2025-05-23 22:16:56,536 [WARN] ConditionMgr:438 - getConditionDescription Invalid condition id : UX DEVICE CLASS RTOS Condition cause : null
2025-05-23 22:16:56,537 [WARN] PackLoader:240 - Cannot read IP mode file for STMicroelectronics.X-CUBE-AZRTOS-WB.2.0.0
2025-05-23 22:16:56,537 [WARN] ConditionMgr:1044 - genDependencies : Invalid condition id : UX DEVICE CLASS RTOS Condition cause : null
2025-05-23 22:16:56,537 [WARN] ConditionMgr:1044 - genDependencies : Invalid condition id : UX DEVICE CLASS RTOS Condition cause : null
2025-05-23 22:16:56,537 [WARN] ConditionMgr:1044 - genDependencies : Invalid condition id : UX DEVICE CLASS RTOS Condition cause : null
2025-05-23 22:16:56,537 [WARN] ConditionMgr:1044 - genDependencies : Invalid condition id : UX DEVICE CLASS RTOS Condition cause : null
2025-05-23 22:16:56,537 [WARN] ConditionMgr:1044 - genDependencies : Invalid condition id : UX DEVICE CLASS RTOS Condition cause : null
2025-05-23 22:16:56,550 [WARN] PackLoader:240 - Cannot read IP mode file for STMicroelectronics.X-CUBE-GNSS1.7.0.1
2025-05-23 22:16:56,564 [WARN] PackLoader:240 - Cannot read IP mode file for STMicroelectronics.X-CUBE-TOUCHGFX.4.25.0
2025-05-23 22:16:56,575 [WARN] PackLoader:240 - Cannot read IP mode file for STMicroelectronics.FP-SNS-STBOX1.2.0.0
2025-05-23 22:16:56,590 [WARN] PackLoader:240 - Cannot read IP mode file for STMicroelectronics.X-CUBE-SUBG2.5.0.0
2025-05-23 22:16:56,616 [WARN] PackLoader:240 - Cannot read IP mode file for STMicroelectronics.X-CUBE-AZRTOS-H7RS.1.1.0
2025-05-23 22:16:56,629 [WARN] PackLoader:240 - Cannot read IP mode file for Cesanta.I-CUBE-Mongoose.7.13.0
2025-05-23 22:16:56,649 [WARN] PackLoader:240 - Cannot read IP mode file for STMicroelectronics.X-CUBE-AZRTOS-G4.2.0.0
2025-05-23 22:16:56,661 [WARN] PackLoader:240 - Cannot read IP mode file for wolfSSL.I-CUBE-wolfSSH.1.4.20
2025-05-23 22:16:56,672 [WARN] PackLoader:240 - Cannot read IP mode file for STMicroelectronics.X-CUBE-NFC7.2.0.0
2025-05-23 22:16:56,687 [WARN] PackLoader:240 - Cannot read IP mode file for STMicroelectronics.X-CUBE-IPS.3.1.0
2025-05-23 22:16:56,703 [WARN] PackLoader:240 - Cannot read IP mode file for STMicroelectronics.X-CUBE-ALS.1.0.2
2025-05-23 22:16:56,715 [WARN] PackLoader:240 - Cannot read IP mode file for STMicroelectronics.X-CUBE-TOUCHGFX.4.24.2
2025-05-23 22:16:56,727 [WARN] PackLoader:240 - Cannot read IP mode file for portGmbH.I-Cube-SoM-uGOAL.1.1.0
2025-05-23 22:16:56,747 [WARN] PackLoader:240 - Cannot read IP mode file for STMicroelectronics.X-CUBE-AZRTOS-H7RS.1.0.0
2025-05-23 22:16:56,766 [WARN] PackLoader:240 - Cannot read IP mode file for STMicroelectronics.X-CUBE-TOF1.3.4.2
2025-05-23 22:16:56,784 [WARN] PackLoader:240 - Cannot read IP mode file for STMicroelectronics.X-CUBE-TOF1.3.4.3
2025-05-23 22:16:56,789 [INFO] ThirdParty:978 - Integrity check success = true
2025-05-23 22:16:56,789 [INFO] IntegrityCheckThread:100 - exiting critical section [integrity check]
2025-05-23 22:16:56,789 [INFO] IntegrityCheckThread:103 - End integrity checks thread
2025-05-23 22:39:25,102 [ERROR] LogOutputStream:75 - [STDERR_REDIRECT] 
