2025-04-27 14:28:39,382 [INFO] Activator:176 - 


2025-04-27 14:28:39,386 [INFO] Activator:177 - !SESSION log4j initialized
2025-04-27 14:28:45,272 [INFO] LogOutputStream:77 - [STDOUT_REDIRECT] 
2025-04-27 14:28:47,545 [INFO] ApplicationProperties:184 - Using Application install path: C:\ST\STM32CubeIDE_1.17.0\STM32CubeIDE\plugins\com.st.stm32cube.common.mx_6.13.0.202411220809
2025-04-27 14:28:47,558 [INFO] DbMcusXml:78 - Set database path to: C:\ST\STM32CubeIDE_1.17.0\STM32CubeIDE\plugins\com.st.stm32cube.common.mx_6.13.0.202411220809\\db\/mcu/
2025-04-27 14:28:47,559 [INFO] ApiDb:274 - Set plugin database path to: C:\ST\STM32CubeIDE_1.17.0\STM32CubeIDE\plugins\com.st.stm32cube.common.mx_6.13.0.202411220809\\db\/plugins/boardmanager/
2025-04-27 14:28:47,559 [WARN] ApiDb:259 - Overriding images path with different value:  => C:\ST\STM32CubeIDE_1.17.0\STM32CubeIDE\plugins\com.st.stm32cube.common.mx_6.13.0.202411220809\\db\/plugins/mcufinder/images/
2025-04-27 14:28:47,563 [INFO] ApiDb:250 - Set database path to: C:\Users\a0979\.stmcufinder\plugins\mcufinder//mcu/
2025-04-27 14:28:47,564 [INFO] DbMcusAds:125 - Set database path to: C:\Users\a0979\.stmcufinder\plugins\mcufinder//mcu/
2025-04-27 14:28:47,566 [INFO] CrossReferenceDbSqlite:203 - Set database path to: C:\Users\a0979\.stmcufinder\plugins\mcufinder//mcu/cs/
2025-04-27 14:28:47,652 [INFO] RulesReader:64 - Compatibility file has been processed (297 Rules)
2025-04-27 14:28:47,720 [INFO] DbMcusXml:78 - Set database path to: C:\ST\STM32CubeIDE_1.17.0\STM32CubeIDE\plugins\com.st.stm32cube.common.mx_6.13.0.202411220809\\db\/mcu/
2025-04-27 14:28:47,720 [INFO] ApiDb:274 - Set plugin database path to: C:\ST\STM32CubeIDE_1.17.0\STM32CubeIDE\plugins\com.st.stm32cube.common.mx_6.13.0.202411220809\\db\/plugins/boardmanager/
2025-04-27 14:28:47,720 [INFO] ApiDb:261 - Set plugin images path to: C:\ST\STM32CubeIDE_1.17.0\STM32CubeIDE\plugins\com.st.stm32cube.common.mx_6.13.0.202411220809\\db\/plugins/mcufinder/images/
2025-04-27 14:28:47,720 [WARN] DbFile:41 - Overriding database path with different value: C:\Users\a0979\.stmcufinder\plugins\mcufinder/ => C:\Users\a0979\.stmcufinder\plugins\mcufinder
2025-04-27 14:28:47,720 [INFO] ApiDb:250 - Set database path to: C:\Users\a0979\.stmcufinder\plugins\mcufinder//mcu/
2025-04-27 14:28:47,721 [WARN] DbFile:41 - Overriding database path with different value: C:\Users\a0979\.stmcufinder\plugins\mcufinder/ => C:\Users\a0979\.stmcufinder\plugins\mcufinder
2025-04-27 14:28:47,721 [INFO] DbMcusAds:125 - Set database path to: C:\Users\a0979\.stmcufinder\plugins\mcufinder//mcu/
2025-04-27 14:28:47,721 [WARN] DbFile:41 - Overriding database path with different value: C:\Users\a0979\.stmcufinder\plugins\mcufinder/ => C:\Users\a0979\.stmcufinder\plugins\mcufinder
2025-04-27 14:28:47,721 [WARN] DbFile:41 - Overriding database path with different value: C:\Users\a0979\.stmcufinder\plugins\mcufinder/ => C:\Users\a0979\.stmcufinder\plugins\mcufinder
2025-04-27 14:28:47,721 [INFO] CrossReferenceDbSqlite:203 - Set database path to: C:\Users\a0979\.stmcufinder\plugins\mcufinder//mcu/cs/
2025-04-27 14:28:47,773 [INFO] MainPanel:272 - HeapMemory: 268435456
2025-04-27 14:28:47,851 [INFO] DbMcusXml:78 - Set database path to: C:\ST\STM32CubeIDE_1.17.0\STM32CubeIDE\plugins\com.st.stm32cube.common.mx_6.13.0.202411220809\\db\/mcu/
2025-04-27 14:28:47,851 [INFO] ApiDb:274 - Set plugin database path to: C:\ST\STM32CubeIDE_1.17.0\STM32CubeIDE\plugins\com.st.stm32cube.common.mx_6.13.0.202411220809\\db\/plugins/boardmanager/
2025-04-27 14:28:47,852 [INFO] ApiDb:261 - Set plugin images path to: C:\ST\STM32CubeIDE_1.17.0\STM32CubeIDE\plugins\com.st.stm32cube.common.mx_6.13.0.202411220809\\db\/plugins/mcufinder/images/
2025-04-27 14:28:47,852 [WARN] DbFile:41 - Overriding database path with different value: C:\Users\a0979\.stmcufinder\plugins\mcufinder/ => C:\Users\a0979\.stmcufinder\plugins\mcufinder
2025-04-27 14:28:47,852 [INFO] ApiDb:250 - Set database path to: C:\Users\a0979\.stmcufinder\plugins\mcufinder//mcu/
2025-04-27 14:28:47,852 [WARN] DbFile:41 - Overriding database path with different value: C:\Users\a0979\.stmcufinder\plugins\mcufinder/ => C:\Users\a0979\.stmcufinder\plugins\mcufinder
2025-04-27 14:28:47,852 [INFO] DbMcusAds:125 - Set database path to: C:\Users\a0979\.stmcufinder\plugins\mcufinder//mcu/
2025-04-27 14:28:47,852 [WARN] DbFile:41 - Overriding database path with different value: C:\Users\a0979\.stmcufinder\plugins\mcufinder/ => C:\Users\a0979\.stmcufinder\plugins\mcufinder
2025-04-27 14:28:47,852 [WARN] DbFile:41 - Overriding database path with different value: C:\Users\a0979\.stmcufinder\plugins\mcufinder/ => C:\Users\a0979\.stmcufinder\plugins\mcufinder
2025-04-27 14:28:47,852 [INFO] CrossReferenceDbSqlite:203 - Set database path to: C:\Users\a0979\.stmcufinder\plugins\mcufinder//mcu/cs/
2025-04-27 14:28:47,866 [INFO] ApplicationProperties:184 - Using Application install path: C:\ST\STM32CubeIDE_1.17.0\STM32CubeIDE\plugins\com.st.stm32cube.common.mx_6.13.0.202411220809
2025-04-27 14:28:47,867 [INFO] PluginManage:196 - Search for loadable plugins [exclusion list=, ]
2025-04-27 14:28:47,868 [INFO] PluginManage:310 - Check plugin analytics
2025-04-27 14:28:48,030 [INFO] AnalyticsPlugin:253 - Accepted Software Licenses: 
2025-04-27 14:28:48,030 [INFO] AnalyticsPlugin:255 - Accepted CMSIS Pack Licenses: 
2025-04-27 14:28:48,030 [INFO] AnalyticsPlugin:257 - Accepted Firmware Licenses: FW.L4.1.18.0,FW.F4.1.28.0
2025-04-27 14:28:48,034 [INFO] PluginManage:359 - Loaded plugin analytics (category:tool,tabindex:-1)
2025-04-27 14:28:48,034 [INFO] PluginManage:310 - Check plugin cadmodel
2025-04-27 14:28:48,050 [INFO] CADModel:105 - Init CAD model plugin
2025-04-27 14:28:48,050 [INFO] PluginManage:359 - Loaded plugin cadmodel (category:power,tabindex:5)
2025-04-27 14:28:48,050 [INFO] PluginManage:310 - Check plugin clock
2025-04-27 14:28:48,070 [INFO] PluginManage:359 - Loaded plugin clock (category:base,tabindex:2)
2025-04-27 14:28:48,070 [INFO] PluginManage:310 - Check plugin ddr
2025-04-27 14:28:48,072 [INFO] PluginManage:359 - Loaded plugin ddr (category:tool,tabindex:6)
2025-04-27 14:28:48,072 [INFO] PluginManage:310 - Check plugin filemanager
2025-04-27 14:28:48,202 [INFO] PluginManage:359 - Loaded plugin filemanager (category:base,tabindex:10)
2025-04-27 14:28:48,202 [INFO] PluginManage:310 - Check plugin ipmanager
2025-04-27 14:28:48,208 [INFO] PluginManage:359 - Loaded plugin ipmanager (category:base,tabindex:5)
2025-04-27 14:28:48,208 [INFO] PluginManage:310 - Check plugin lpbam
2025-04-27 14:28:48,223 [INFO] PluginManage:359 - Loaded plugin lpbam (category:base,tabindex:0)
2025-04-27 14:28:48,223 [INFO] PluginManage:310 - Check plugin memorymap
2025-04-27 14:28:48,241 [INFO] PluginManage:359 - Loaded plugin memorymap (category:base,tabindex:4)
2025-04-27 14:28:48,241 [INFO] PluginManage:310 - Check plugin pinoutandconfiguration
2025-04-27 14:28:48,255 [INFO] PluginManage:359 - Loaded plugin pinoutandconfiguration (category:base,tabindex:1)
2025-04-27 14:28:48,256 [INFO] PluginManage:310 - Check plugin pinoutconfig
2025-04-27 14:28:48,325 [WARN] SupportedApi:132 - Cannot load RTOS API schema: s4s-elt-must-match.1: The content of 'definitions' must match (annotation?, (simpleType | complexType)?, (unique | key | keyref)*)). A problem was found starting at: attribute.
2025-04-27 14:28:48,426 [INFO] PluginManage:359 - Loaded plugin pinoutconfig (category:base,tabindex:0)
2025-04-27 14:28:48,426 [INFO] PluginManage:310 - Check plugin power
2025-04-27 14:28:48,443 [INFO] PluginManage:359 - Loaded plugin power (category:power,tabindex:4)
2025-04-27 14:28:48,443 [INFO] PluginManage:310 - Check plugin projectmanager
2025-04-27 14:28:48,464 [INFO] PluginManage:359 - Loaded plugin projectmanager (category:projectmanager,tabindex:4)
2025-04-27 14:28:48,464 [INFO] PluginManage:310 - Check plugin rif
2025-04-27 14:28:48,480 [INFO] PluginManage:359 - Loaded plugin rif (category:base,tabindex:3)
2025-04-27 14:28:48,480 [INFO] PluginManage:310 - Check plugin thirdparty
2025-04-27 14:28:48,703 [INFO] PluginManage:359 - Loaded plugin thirdparty (category:base,tabindex:-1)
2025-04-27 14:28:48,703 [WARN] IntegrityCheckThread:84 - waiting for thirdparty lock release [integrity check]
2025-04-27 14:28:48,703 [INFO] IntegrityCheckThread:86 - entering critical section [integrity check]
2025-04-27 14:28:48,703 [INFO] PluginManage:310 - Check plugin tools
2025-04-27 14:28:48,704 [INFO] ThirdPartyUpdaterWithRetryManager:70 - Updater plugin not ready yet. [1/15]
2025-04-27 14:28:48,731 [INFO] PluginManage:359 - Loaded plugin tools (category:base,tabindex:7)
2025-04-27 14:28:48,732 [INFO] PluginManage:310 - Check plugin tutovideos
2025-04-27 14:28:48,882 [INFO] PluginManage:359 - Loaded plugin tutovideos (category:base,tabindex:-1)
2025-04-27 14:28:48,882 [INFO] PluginManage:310 - Check plugin updater
2025-04-27 14:28:48,899 [INFO] PluginManage:359 - Loaded plugin updater (category:base,tabindex:12)
2025-04-27 14:28:48,899 [INFO] PluginManage:310 - Check plugin userauth
2025-04-27 14:28:48,902 [INFO] UserAuth:118 - Init User Auth plugin
2025-04-27 14:28:48,903 [INFO] PluginManage:359 - Loaded plugin userauth (category:base,tabindex:14)
2025-04-27 14:28:48,904 [INFO] PluginManage:283 - PluginManage : Loaded plugins [18]
2025-04-27 14:28:49,069 [INFO] PinOutPanel:1589 - setPackage(No Configuration,No Configuration)
2025-04-27 14:28:49,131 [INFO] CADModel:165 - CPN selected for project level
2025-04-27 14:28:49,132 [INFO] CADModel:114 - Register for checkConnection events
2025-04-27 14:28:49,155 [INFO] IPUIPlugin:80 - create IPUIPlugin
2025-04-27 14:28:49,155 [INFO] PluginManager:220 - loadIPPluginJar : add adc
2025-04-27 14:28:49,186 [INFO] IPUIPlugin:80 - create IPUIPlugin
2025-04-27 14:28:49,186 [INFO] PluginManager:220 - loadIPPluginJar : add aes
2025-04-27 14:28:49,220 [INFO] IPUIPlugin:80 - create IPUIPlugin
2025-04-27 14:28:49,220 [INFO] PluginManager:220 - loadIPPluginJar : add can
2025-04-27 14:28:49,242 [INFO] IPUIPlugin:80 - create IPUIPlugin
2025-04-27 14:28:49,242 [INFO] PluginManager:220 - loadIPPluginJar : add comp
2025-04-27 14:28:49,276 [INFO] IPUIPlugin:80 - create IPUIPlugin
2025-04-27 14:28:49,276 [INFO] PluginManager:220 - loadIPPluginJar : add cryp
2025-04-27 14:28:49,287 [INFO] IPUIPlugin:80 - create IPUIPlugin
2025-04-27 14:28:49,288 [INFO] PluginManager:220 - loadIPPluginJar : add ddr_ctrl_phy
2025-04-27 14:28:49,317 [INFO] IPUIPlugin:80 - create IPUIPlugin
2025-04-27 14:28:49,317 [INFO] PluginManager:220 - loadIPPluginJar : add dfsdm
2025-04-27 14:28:49,330 [INFO] IPUIPlugin:80 - create IPUIPlugin
2025-04-27 14:28:49,331 [INFO] PluginManager:220 - loadIPPluginJar : add dma
2025-04-27 14:28:49,363 [INFO] IPUIPlugin:80 - create IPUIPlugin
2025-04-27 14:28:49,363 [INFO] PluginManager:220 - loadIPPluginJar : add dma3
2025-04-27 14:28:49,398 [INFO] IPUIPlugin:80 - create IPUIPlugin
2025-04-27 14:28:49,398 [INFO] PluginManager:220 - loadIPPluginJar : add extmemmanager
2025-04-27 14:28:49,415 [INFO] IPUIPlugin:80 - create IPUIPlugin
2025-04-27 14:28:49,415 [INFO] PluginManager:220 - loadIPPluginJar : add fatfs
2025-04-27 14:28:49,452 [INFO] IPUIPlugin:80 - create IPUIPlugin
2025-04-27 14:28:49,452 [INFO] PluginManager:220 - loadIPPluginJar : add fmc
2025-04-27 14:28:49,466 [INFO] IPUIPlugin:80 - create IPUIPlugin
2025-04-27 14:28:49,466 [INFO] PluginManager:220 - loadIPPluginJar : add freertos
2025-04-27 14:28:49,483 [INFO] IPUIPlugin:80 - create IPUIPlugin
2025-04-27 14:28:49,483 [INFO] PluginManager:220 - loadIPPluginJar : add genericplugin
2025-04-27 14:28:49,555 [INFO] IPUIPlugin:80 - create IPUIPlugin
2025-04-27 14:28:49,555 [INFO] PluginManager:220 - loadIPPluginJar : add gfxmmu
2025-04-27 14:28:49,656 [INFO] IPUIPlugin:80 - create IPUIPlugin
2025-04-27 14:28:49,656 [INFO] PluginManager:220 - loadIPPluginJar : add gic
2025-04-27 14:28:49,667 [INFO] IPUIPlugin:80 - create IPUIPlugin
2025-04-27 14:28:49,667 [INFO] PluginManager:220 - loadIPPluginJar : add gpio
2025-04-27 14:28:49,735 [INFO] IPUIPlugin:80 - create IPUIPlugin
2025-04-27 14:28:49,735 [INFO] PluginManager:220 - loadIPPluginJar : add gtzc
2025-04-27 14:28:49,761 [INFO] IPUIPlugin:80 - create IPUIPlugin
2025-04-27 14:28:49,761 [INFO] PluginManager:220 - loadIPPluginJar : add hash
2025-04-27 14:28:49,804 [INFO] IPUIPlugin:80 - create IPUIPlugin
2025-04-27 14:28:49,804 [INFO] PluginManager:220 - loadIPPluginJar : add i2c
2025-04-27 14:28:49,835 [INFO] IPUIPlugin:80 - create IPUIPlugin
2025-04-27 14:28:49,835 [INFO] PluginManager:220 - loadIPPluginJar : add i2s
2025-04-27 14:28:49,867 [INFO] IPUIPlugin:80 - create IPUIPlugin
2025-04-27 14:28:49,867 [INFO] PluginManager:220 - loadIPPluginJar : add i3c
2025-04-27 14:28:49,947 [INFO] IPUIPlugin:80 - create IPUIPlugin
2025-04-27 14:28:49,948 [INFO] PluginManager:220 - loadIPPluginJar : add ipddr
2025-04-27 14:28:50,018 [INFO] IPUIPlugin:80 - create IPUIPlugin
2025-04-27 14:28:50,018 [INFO] PluginManager:220 - loadIPPluginJar : add linkedlist
2025-04-27 14:28:50,049 [INFO] IPUIPlugin:80 - create IPUIPlugin
2025-04-27 14:28:50,049 [INFO] PluginManager:220 - loadIPPluginJar : add lorawan
2025-04-27 14:28:50,078 [INFO] IPUIPlugin:80 - create IPUIPlugin
2025-04-27 14:28:50,079 [INFO] PluginManager:220 - loadIPPluginJar : add ltdc
2025-04-27 14:28:50,093 [INFO] IPUIPlugin:80 - create IPUIPlugin
2025-04-27 14:28:50,093 [INFO] PluginManager:220 - loadIPPluginJar : add mdma
2025-04-27 14:28:50,104 [INFO] IPUIPlugin:80 - create IPUIPlugin
2025-04-27 14:28:50,104 [INFO] PluginManager:220 - loadIPPluginJar : add nvic
2025-04-27 14:28:50,134 [INFO] IPUIPlugin:80 - create IPUIPlugin
2025-04-27 14:28:50,134 [INFO] PluginManager:220 - loadIPPluginJar : add opamp
2025-04-27 14:28:50,182 [INFO] IPUIPlugin:80 - create IPUIPlugin
2025-04-27 14:28:50,182 [INFO] PluginManager:220 - loadIPPluginJar : add openamp
2025-04-27 14:28:50,221 [INFO] IPUIPlugin:80 - create IPUIPlugin
2025-04-27 14:28:50,221 [INFO] PluginManager:220 - loadIPPluginJar : add pdm2pcm
2025-04-27 14:28:50,233 [INFO] IPUIPlugin:80 - create IPUIPlugin
2025-04-27 14:28:50,235 [INFO] PluginManager:220 - loadIPPluginJar : add plateformsettings
2025-04-27 14:28:50,255 [INFO] IPUIPlugin:80 - create IPUIPlugin
2025-04-27 14:28:50,255 [INFO] PluginManager:220 - loadIPPluginJar : add quadspi
2025-04-27 14:28:50,277 [INFO] IPUIPlugin:80 - create IPUIPlugin
2025-04-27 14:28:50,277 [INFO] PluginManager:220 - loadIPPluginJar : add radio
2025-04-27 14:28:50,289 [INFO] IPUIPlugin:80 - create IPUIPlugin
2025-04-27 14:28:50,289 [INFO] PluginManager:220 - loadIPPluginJar : add resmgrutility
2025-04-27 14:28:50,325 [INFO] IPUIPlugin:80 - create IPUIPlugin
2025-04-27 14:28:50,325 [INFO] PluginManager:220 - loadIPPluginJar : add sai
2025-04-27 14:28:50,351 [INFO] IPUIPlugin:80 - create IPUIPlugin
2025-04-27 14:28:50,351 [INFO] PluginManager:220 - loadIPPluginJar : add spi
2025-04-27 14:28:50,400 [INFO] IPUIPlugin:80 - create IPUIPlugin
2025-04-27 14:28:50,400 [INFO] PluginManager:220 - loadIPPluginJar : add stm32_wpan
2025-04-27 14:28:50,419 [INFO] IPUIPlugin:80 - create IPUIPlugin
2025-04-27 14:28:50,419 [INFO] PluginManager:220 - loadIPPluginJar : add tim
2025-04-27 14:28:50,463 [INFO] IPUIPlugin:80 - create IPUIPlugin
2025-04-27 14:28:50,464 [INFO] PluginManager:220 - loadIPPluginJar : add touchsensing
2025-04-27 14:28:50,483 [INFO] IPUIPlugin:80 - create IPUIPlugin
2025-04-27 14:28:50,483 [INFO] PluginManager:220 - loadIPPluginJar : add tracer_emb
2025-04-27 14:28:50,508 [INFO] IPUIPlugin:80 - create IPUIPlugin
2025-04-27 14:28:50,508 [INFO] PluginManager:220 - loadIPPluginJar : add ts
2025-04-27 14:28:50,531 [INFO] IPUIPlugin:80 - create IPUIPlugin
2025-04-27 14:28:50,532 [INFO] PluginManager:220 - loadIPPluginJar : add tsc
2025-04-27 14:28:50,553 [INFO] IPUIPlugin:80 - create IPUIPlugin
2025-04-27 14:28:50,553 [INFO] PluginManager:220 - loadIPPluginJar : add ucpd
2025-04-27 14:28:50,587 [INFO] IPUIPlugin:80 - create IPUIPlugin
2025-04-27 14:28:50,588 [INFO] PluginManager:220 - loadIPPluginJar : add usart
2025-04-27 14:28:50,620 [INFO] IPUIPlugin:80 - create IPUIPlugin
2025-04-27 14:28:50,620 [INFO] PluginManager:220 - loadIPPluginJar : add usbx
2025-04-27 14:28:50,728 [FATAL] Updater:351 - Updater called before beeing initialized
2025-04-27 14:28:50,759 [INFO] RulesReader:64 - Compatibility file has been processed (297 Rules)
2025-04-27 14:28:50,771 [INFO] RulesReader:64 - Compatibility file has been processed (297 Rules)
2025-04-27 14:28:50,784 [INFO] CADModel:165 - CPN selected for project level
2025-04-27 14:28:50,784 [INFO] CADModel:114 - Register for checkConnection events
2025-04-27 14:28:50,784 [FATAL] Updater:351 - Updater called before beeing initialized
2025-04-27 14:28:50,784 [ERROR] CADModel:125 - Updater not yet initialized, retry later 
2025-04-27 14:28:50,909 [FATAL] Updater:351 - Updater called before beeing initialized
2025-04-27 14:28:50,910 [INFO] CADModel:165 - CPN selected for project level
2025-04-27 14:28:50,910 [INFO] CADModel:114 - Register for checkConnection events
2025-04-27 14:28:50,911 [FATAL] Updater:351 - Updater called before beeing initialized
2025-04-27 14:28:50,911 [ERROR] CADModel:125 - Updater not yet initialized, retry later 
2025-04-27 14:28:50,913 [FATAL] Updater:351 - Updater called before beeing initialized
2025-04-27 14:28:50,983 [FATAL] Updater:351 - Updater called before beeing initialized
2025-04-27 14:28:50,992 [INFO] DbMcusAds:53 - JSON generation date=Thu Mar 06 22:54:22 CST 2025 (1741272862078)
2025-04-27 14:28:50,992 [FATAL] Updater:351 - Updater called before beeing initialized
2025-04-27 14:28:51,018 [WARN] DetailPanel:346 - Failed to get advertising image, set to default
2025-04-27 14:28:51,155 [FATAL] Updater:351 - Updater called before beeing initialized
2025-04-27 14:28:51,156 [FATAL] Updater:351 - Updater called before beeing initialized
2025-04-27 14:28:51,156 [FATAL] Updater:351 - Updater called before beeing initialized
2025-04-27 14:28:51,156 [WARN] DetailPanel:346 - Failed to get advertising image, set to default
2025-04-27 14:28:51,157 [FATAL] Updater:351 - Updater called before beeing initialized
2025-04-27 14:28:51,200 [ERROR] Updater:1198 - MainUpdater not yet initialized. External WinMGr cannot be set.
2025-04-27 14:28:51,207 [INFO] Updater:1134 - Updater Version found : 6.13.0
2025-04-27 14:28:51,224 [INFO] ApplicationProperties:184 - Using Application install path: C:\ST\STM32CubeIDE_1.17.0\STM32CubeIDE\plugins\com.st.stm32cube.common.mx_6.13.0.202411220809
2025-04-27 14:28:51,705 [INFO] ThirdPartyUpdaterWithRetryManager:70 - Updater plugin not ready yet. [2/15]
2025-04-27 14:28:52,797 [ERROR] LogOutputStream:75 - [STDERR_REDIRECT] Apr 27, 2025 2:28:52 PM java.util.prefs.WindowsPreferences <init>
2025-04-27 14:28:52,800 [ERROR] LogOutputStream:75 - [STDERR_REDIRECT] WARNING: Could not open/create prefs root node Software\JavaSoft\Prefs at root 0xffffffff80000002. Windows RegCreateKeyEx(...) returned error code 5.
2025-04-27 14:28:52,800 [ERROR] LogOutputStream:75 - [STDERR_REDIRECT] 
2025-04-27 14:28:53,083 [INFO] MainUpdater:2872 - connection check result : 10
2025-04-27 14:28:53,084 [INFO] MainUpdater:3566 - Updater definition file requires update
2025-04-27 14:28:53,084 [INFO] MainUpdater:289 - Updater Check For Update Now.
2025-04-27 14:28:53,084 [INFO] MicroXplorer:498 - Change Database Version : DB.6.0.130
2025-04-27 14:28:53,099 [INFO] McuFinderGlobals:63 - Set McuFinder mode to 2 (CubeIDE integrated)
2025-04-27 14:28:53,100 [INFO] UserAuth:171 - activating auth plugin
2025-04-27 14:28:53,100 [INFO] ServerAccessManage:473 - Download File updaters.zip
2025-04-27 14:28:53,102 [INFO] UserAuth:486 - Internet connection configuration mode: 1
2025-04-27 14:28:53,128 [INFO] JxBrowserEngine:152 - Initiate JxBrowser Engine with user profile folder
2025-04-27 14:28:53,154 [INFO] FileExtend:240 - Unzip File : updaters.zip
2025-04-27 14:28:53,154 [INFO] FileExtend:255 - Standard Zip Deflate
2025-04-27 14:28:53,637 [INFO] ServerAccessManage:473 - Download File PacksControlFlags.xml
2025-04-27 14:28:53,683 [INFO] ServerAccessManage:473 - Download File cubemx.pidx
2025-04-27 14:28:53,761 [INFO] LoadServerUpdatesThread:375 - End of LoadServerUpdate Thread
2025-04-27 14:28:53,913 [INFO] CheckServerUpdateThread:120 - End of CheckServer Thread
2025-04-27 14:28:54,172 [INFO] WebApp:168 - Instantiating new browser for Auth
2025-04-27 14:28:54,672 [INFO] WebApp:449 - Apply proxy settings
2025-04-27 14:28:54,672 [INFO] WebApp:534 - Chromium requires no authentication
2025-04-27 14:28:54,680 [INFO] WebApp:477 - Direct internet connection detected
2025-04-27 14:28:54,698 [INFO] WebApp:880 - Register for checkConnection events
2025-04-27 14:28:54,698 [INFO] WebApp:449 - Apply proxy settings
2025-04-27 14:28:54,698 [INFO] WebApp:534 - Chromium requires no authentication
2025-04-27 14:28:54,699 [INFO] WebApp:477 - Direct internet connection detected
2025-04-27 14:28:54,823 [INFO] WebApp:187 - Connection restablished
2025-04-27 14:28:54,891 [WARN] PackLoader:240 - Cannot read IP mode file for STMicroelectronics.FP-SNS-MOTENVWB1.1.4.0
2025-04-27 14:28:54,909 [WARN] PackLoader:240 - Cannot read IP mode file for STMicroelectronics.FP-ATR-ASTRA1.2.0.2
2025-04-27 14:28:54,925 [WARN] PackLoader:240 - Cannot read IP mode file for STMicroelectronics.X-CUBE-SMBUS.2.1.0
2025-04-27 14:28:54,929 [INFO] WebApp:221 - Starting web application
2025-04-27 14:28:54,929 [INFO] WebApp:579 - Web application path used C:\ST\STM32CubeIDE_1.17.0\STM32CubeIDE\plugins\com.st.stm32cube.common.mx_6.13.0.202411220809\db\plugins\mcufinder\reactClient1\index.html
2025-04-27 14:28:54,947 [WARN] PackLoader:240 - Cannot read IP mode file for STMicroelectronics.X-CUBE-WB05N.1.1.0
2025-04-27 14:28:54,993 [WARN] PackLoader:240 - Cannot read IP mode file for STMicroelectronics.X-CUBE-AZRTOS-F7.1.1.0
2025-04-27 14:28:55,013 [WARN] PackLoader:240 - Cannot read IP mode file for STMicroelectronics.FP-SNS-FLIGHT1.5.0.2
2025-04-27 14:28:55,045 [WARN] PackLoader:240 - Cannot read IP mode file for Infineon.AIROC-Wi-Fi-Bluetooth-STM32.1.7.0
2025-04-27 14:28:55,065 [WARN] PackLoader:240 - Cannot read IP mode file for STMicroelectronics.X-CUBE-DISPLAY.3.0.0
2025-04-27 14:28:55,082 [WARN] PackLoader:240 - Cannot read IP mode file for STMicroelectronics.X-CUBE-BLE1.7.0.0
2025-04-27 14:28:55,099 [WARN] PackLoader:240 - Cannot read IP mode file for STMicroelectronics.X-CUBE-NFC10.1.0.0
2025-04-27 14:28:55,117 [WARN] PackLoader:240 - Cannot read IP mode file for STMicroelectronics.X-CUBE-BLEMGR.4.0.0
2025-04-27 14:28:55,131 [WARN] PackLoader:240 - Cannot read IP mode file for emotas.I-CUBE-CANOPEN.1.3.0
2025-04-27 14:28:55,143 [WARN] PackLoader:240 - Cannot read IP mode file for STMicroelectronics.X-CUBE-AI.10.0.0
2025-04-27 14:28:55,156 [WARN] PackLoader:240 - Cannot read IP mode file for STMicroelectronics.FP-SNS-SMARTAG2.1.2.0
2025-04-27 14:28:55,167 [WARN] PackLoader:240 - Cannot read IP mode file for STMicroelectronics.FP-SNS-FLIGHT1.5.1.0
2025-04-27 14:28:55,206 [WARN] PackLoader:240 - Cannot read IP mode file for STMicroelectronics.X-CUBE-MEMS1.11.1.0
2025-04-27 14:28:55,314 [INFO] LogOutputStream:77 - [STDOUT_REDIRECT] 1 : Invalid condition id : UX_CORESTACK_Condition cause : null
2025-04-27 14:28:55,315 [INFO] LogOutputStream:77 - [STDOUT_REDIRECT] 1 : Invalid condition id : UX_CORESTACK_Condition cause : null
2025-04-27 14:28:55,317 [INFO] LogOutputStream:77 - [STDOUT_REDIRECT] 1 : Invalid condition id : UX_CORESTACK_Condition cause : null
2025-04-27 14:28:55,318 [INFO] LogOutputStream:77 - [STDOUT_REDIRECT] 1 : Invalid condition id : UX_CORESTACK_Condition cause : null
2025-04-27 14:28:55,319 [INFO] LogOutputStream:77 - [STDOUT_REDIRECT] 1 : Invalid condition id : UX_CORESTACK_Condition cause : null
2025-04-27 14:28:55,321 [WARN] PackLoader:240 - Cannot read IP mode file for STMicroelectronics.X-CUBE-AZRTOS-WL.2.0.0
2025-04-27 14:28:55,332 [WARN] PackLoader:240 - Cannot read IP mode file for STMicroelectronics.FP-SNS-MOTENV1.5.0.0
2025-04-27 14:28:55,348 [WARN] PackLoader:240 - Cannot read IP mode file for WES.I-CUBE-Cesium.1.3.0
2025-04-27 14:28:55,359 [WARN] PackLoader:240 - Cannot read IP mode file for STMicroelectronics.X-CUBE-BLE2.3.3.0
2025-04-27 14:28:55,370 [WARN] PackLoader:240 - Cannot read IP mode file for STMicroelectronics.X-CUBE-NFC9.1.0.0
2025-04-27 14:28:55,381 [WARN] PackLoader:240 - Cannot read IP mode file for STMicroelectronics.X-CUBE-BLE1.7.1.0
2025-04-27 14:28:55,392 [WARN] PackLoader:240 - Cannot read IP mode file for wolfSSL.I-CUBE-wolfMQTT.1.19.2
2025-04-27 14:28:55,433 [WARN] PackLoader:240 - Cannot read IP mode file for STMicroelectronics.X-CUBE-MEMS1.11.2.0
2025-04-27 14:28:55,525 [WARN] PackLoader:240 - Cannot read IP mode file for STMicroelectronics.X-CUBE-AZRTOS-G0.1.1.0
2025-04-27 14:28:55,538 [WARN] PackLoader:240 - Cannot read IP mode file for STMicroelectronics.X-CUBE-SAFEA1.1.2.2
2025-04-27 14:28:55,550 [WARN] PackLoader:240 - Cannot read IP mode file for STMicroelectronics.X-CUBE-NFC4.3.0.0
2025-04-27 14:28:55,563 [WARN] PackLoader:240 - Cannot read IP mode file for EmbeddedOffice.I-CUBE-FS-RTOS.1.0.1
2025-04-27 14:28:55,575 [WARN] PackLoader:240 - Cannot read IP mode file for STMicroelectronics.X-CUBE-WB05N.2.0.0
2025-04-27 14:28:55,585 [WARN] PackLoader:240 - Cannot read IP mode file for wolfSSL.I-CUBE-wolfTPM.3.8.0
2025-04-27 14:28:55,596 [WARN] PackLoader:240 - Cannot read IP mode file for STMicroelectronics.X-CUBE-TCPP.4.2.0
2025-04-27 14:28:55,607 [WARN] PackLoader:240 - Cannot read IP mode file for RealThread.X-CUBE-RT-Thread_Nano.4.1.1
2025-04-27 14:28:55,617 [WARN] PackLoader:240 - Cannot read IP mode file for STMicroelectronics.FP-ATR-SIGFOX1.3.2.0
2025-04-27 14:28:55,628 [WARN] ConditionMgr:438 - getConditionDescription Invalid condition id : Cortex-A Device cause : null
2025-04-27 14:28:55,647 [WARN] ConditionMgr:1044 - genDependencies : Invalid condition id : Cortex-A Device cause : null
2025-04-27 14:28:55,647 [WARN] ConditionMgr:1044 - genDependencies : Invalid condition id : Cortex-A Device cause : null
2025-04-27 14:28:55,647 [WARN] ConditionMgr:1044 - genDependencies : Invalid condition id : Cortex-A Device cause : null
2025-04-27 14:28:55,658 [WARN] PackLoader:240 - Cannot read IP mode file for STMicroelectronics.X-CUBE-EEPRMA1.5.1.0
2025-04-27 14:28:55,669 [WARN] PackLoader:240 - Cannot read IP mode file for wolfSSL.I-CUBE-wolfSSL.5.7.6
2025-04-27 14:28:55,682 [WARN] PackLoader:240 - Cannot read IP mode file for ITTIA_DB.I-CUBE-ITTIADB.8.9.0
2025-04-27 14:28:55,705 [WARN] PackLoader:240 - Cannot read IP mode file for SEGGER.I-CUBE-embOS.1.3.1
2025-04-27 14:28:55,739 [WARN] PackLoader:240 - Cannot read IP mode file for STMicroelectronics.X-CUBE-ALGOBUILD.1.4.0
2025-04-27 14:28:55,759 [WARN] PackLoader:240 - Cannot read IP mode file for STMicroelectronics.X-CUBE-AZRTOS-F4.1.1.0
2025-04-27 14:28:55,772 [WARN] PackLoader:240 - Cannot read IP mode file for Avnet-IotConnect.X-CUBE-IoTC-DA16k-PMOD.1.0.0
2025-04-27 14:28:55,782 [WARN] PackLoader:240 - Cannot read IP mode file for STMicroelectronics.X-CUBE-ISPU.2.1.0
2025-04-27 14:28:55,802 [WARN] PackLoader:240 - Cannot read IP mode file for STMicroelectronics.X-CUBE-AZRTOS-L5.2.0.0
2025-04-27 14:28:55,815 [WARN] PackLoader:240 - Cannot read IP mode file for STMicroelectronics.X-CUBE-NFC6.3.1.0
2025-04-27 14:28:55,829 [WARN] PackLoader:240 - Cannot read IP mode file for STMicroelectronics.X-CUBE-DPower.1.2.0
2025-04-27 14:28:55,842 [WARN] PackLoader:240 - Cannot read IP mode file for STMicroelectronics.X-CUBE-FREERTOS.1.3.0
2025-04-27 14:28:55,854 [WARN] PackLoader:240 - Cannot read IP mode file for STMicroelectronics.X-CUBE-NFC7.1.0.1
2025-04-27 14:28:55,866 [WARN] PackLoader:240 - Cannot read IP mode file for STMicroelectronics.X-CUBE-DPower.1.3.0
2025-04-27 14:28:55,889 [WARN] ConditionMgr:438 - getConditionDescription Invalid condition id : LAN8742 Phy interface Condition cause : null
2025-04-27 14:28:55,889 [WARN] PackLoader:240 - Cannot read IP mode file for STMicroelectronics.X-CUBE-AZRTOS-L4.2.0.0
2025-04-27 14:28:55,890 [WARN] ConditionMgr:1044 - genDependencies : Invalid condition id : LAN8742 Phy interface Condition cause : null
2025-04-27 14:28:55,890 [WARN] ConditionMgr:1044 - genDependencies : Invalid condition id : LAN8742 Phy interface Condition cause : null
2025-04-27 14:28:55,890 [WARN] ConditionMgr:1044 - genDependencies : Invalid condition id : LAN8742 Phy interface Condition cause : null
2025-04-27 14:28:55,904 [WARN] PackLoader:240 - Cannot read IP mode file for STMicroelectronics.X-CUBE-SFXS2LP1.4.0.0
2025-04-27 14:28:55,927 [WARN] PackLoader:240 - Cannot read IP mode file for STMicroelectronics.X-CUBE-AZRTOS-H7.3.3.0
2025-04-27 14:28:55,946 [WARN] ConditionMgr:438 - getConditionDescription Invalid condition id : UX DEVICE CLASS RTOS Condition cause : null
2025-04-27 14:28:55,947 [WARN] ConditionMgr:438 - getConditionDescription Invalid condition id : UX DEVICE CLASS RTOS Condition cause : null
2025-04-27 14:28:55,948 [WARN] PackLoader:240 - Cannot read IP mode file for STMicroelectronics.X-CUBE-AZRTOS-WB.2.0.0
2025-04-27 14:28:55,948 [WARN] ConditionMgr:1044 - genDependencies : Invalid condition id : UX DEVICE CLASS RTOS Condition cause : null
2025-04-27 14:28:55,948 [WARN] ConditionMgr:1044 - genDependencies : Invalid condition id : UX DEVICE CLASS RTOS Condition cause : null
2025-04-27 14:28:55,948 [WARN] ConditionMgr:1044 - genDependencies : Invalid condition id : UX DEVICE CLASS RTOS Condition cause : null
2025-04-27 14:28:55,948 [WARN] ConditionMgr:1044 - genDependencies : Invalid condition id : UX DEVICE CLASS RTOS Condition cause : null
2025-04-27 14:28:55,948 [WARN] ConditionMgr:1044 - genDependencies : Invalid condition id : UX DEVICE CLASS RTOS Condition cause : null
2025-04-27 14:28:55,960 [WARN] PackLoader:240 - Cannot read IP mode file for STMicroelectronics.X-CUBE-GNSS1.7.0.1
2025-04-27 14:28:55,975 [WARN] PackLoader:240 - Cannot read IP mode file for STMicroelectronics.X-CUBE-TOUCHGFX.4.25.0
2025-04-27 14:28:55,987 [WARN] PackLoader:240 - Cannot read IP mode file for STMicroelectronics.FP-SNS-STBOX1.2.0.0
2025-04-27 14:28:56,010 [WARN] PackLoader:240 - Cannot read IP mode file for STMicroelectronics.X-CUBE-SUBG2.5.0.0
2025-04-27 14:28:56,035 [WARN] PackLoader:240 - Cannot read IP mode file for STMicroelectronics.X-CUBE-AZRTOS-H7RS.1.1.0
2025-04-27 14:28:56,047 [WARN] PackLoader:240 - Cannot read IP mode file for Cesanta.I-CUBE-Mongoose.7.13.0
2025-04-27 14:28:56,065 [WARN] PackLoader:240 - Cannot read IP mode file for STMicroelectronics.X-CUBE-AZRTOS-G4.2.0.0
2025-04-27 14:28:56,077 [WARN] PackLoader:240 - Cannot read IP mode file for wolfSSL.I-CUBE-wolfSSH.1.4.20
2025-04-27 14:28:56,090 [WARN] PackLoader:240 - Cannot read IP mode file for STMicroelectronics.X-CUBE-IPS.3.1.0
2025-04-27 14:28:56,103 [WARN] PackLoader:240 - Cannot read IP mode file for STMicroelectronics.X-CUBE-ALS.1.0.2
2025-04-27 14:28:56,113 [WARN] PackLoader:240 - Cannot read IP mode file for STMicroelectronics.X-CUBE-TOUCHGFX.4.24.2
2025-04-27 14:28:56,124 [WARN] PackLoader:240 - Cannot read IP mode file for portGmbH.I-Cube-SoM-uGOAL.1.1.0
2025-04-27 14:28:56,144 [WARN] PackLoader:240 - Cannot read IP mode file for STMicroelectronics.X-CUBE-AZRTOS-H7RS.1.0.0
2025-04-27 14:28:56,159 [WARN] PackLoader:240 - Cannot read IP mode file for STMicroelectronics.X-CUBE-TOF1.3.4.2
2025-04-27 14:28:56,178 [WARN] PackLoader:240 - Cannot read IP mode file for STMicroelectronics.X-CUBE-TOF1.3.4.3
2025-04-27 14:28:56,183 [INFO] ThirdParty:978 - Integrity check success = true
2025-04-27 14:28:56,183 [INFO] IntegrityCheckThread:100 - exiting critical section [integrity check]
2025-04-27 14:28:56,183 [INFO] IntegrityCheckThread:103 - End integrity checks thread
2025-04-27 17:34:49,000 [INFO] WebApp:190 - Connection lost
2025-04-27 17:34:49,119 [INFO] WebApp:187 - Connection restablished
2025-04-27 17:34:51,393 [INFO] WebApp:190 - Connection lost
2025-04-27 17:34:51,518 [INFO] WebApp:187 - Connection restablished
2025-04-27 17:34:54,542 [INFO] WebApp:190 - Connection lost
2025-04-27 17:34:54,694 [INFO] WebApp:187 - Connection restablished
2025-04-27 17:35:09,154 [INFO] WebApp:190 - Connection lost
2025-04-27 17:35:09,251 [INFO] WebApp:187 - Connection restablished
2025-04-27 17:35:12,790 [INFO] WebApp:190 - Connection lost
2025-04-27 17:35:12,886 [INFO] WebApp:187 - Connection restablished
2025-04-27 17:59:38,000 [ERROR] LogOutputStream:75 - [STDERR_REDIRECT] 
