2025-04-23 09:26:44,585 [INFO] Activator:176 - 


2025-04-23 09:26:44,589 [INFO] Activator:177 - !SESSION log4j initialized
2025-04-23 09:26:49,569 [INFO] LogOutputStream:77 - [STDOUT_REDIRECT] 
2025-04-23 09:26:52,359 [INFO] ApplicationProperties:184 - Using Application install path: C:\ST\STM32CubeIDE_1.17.0\STM32CubeIDE\plugins\com.st.stm32cube.common.mx_6.13.0.202411220809
2025-04-23 09:26:52,374 [INFO] DbMcusXml:78 - Set database path to: C:\ST\STM32CubeIDE_1.17.0\STM32CubeIDE\plugins\com.st.stm32cube.common.mx_6.13.0.202411220809\\db\/mcu/
2025-04-23 09:26:52,375 [INFO] ApiDb:274 - Set plugin database path to: C:\ST\STM32CubeIDE_1.17.0\STM32CubeIDE\plugins\com.st.stm32cube.common.mx_6.13.0.202411220809\\db\/plugins/boardmanager/
2025-04-23 09:26:52,375 [WARN] ApiDb:259 - Overriding images path with different value:  => C:\ST\STM32CubeIDE_1.17.0\STM32CubeIDE\plugins\com.st.stm32cube.common.mx_6.13.0.202411220809\\db\/plugins/mcufinder/images/
2025-04-23 09:26:52,381 [INFO] ApiDb:250 - Set database path to: C:\Users\a0979\.stmcufinder\plugins\mcufinder//mcu/
2025-04-23 09:26:52,382 [INFO] DbMcusAds:125 - Set database path to: C:\Users\a0979\.stmcufinder\plugins\mcufinder//mcu/
2025-04-23 09:26:52,384 [INFO] CrossReferenceDbSqlite:203 - Set database path to: C:\Users\a0979\.stmcufinder\plugins\mcufinder//mcu/cs/
2025-04-23 09:26:52,479 [INFO] RulesReader:64 - Compatibility file has been processed (297 Rules)
2025-04-23 09:26:52,558 [INFO] DbMcusXml:78 - Set database path to: C:\ST\STM32CubeIDE_1.17.0\STM32CubeIDE\plugins\com.st.stm32cube.common.mx_6.13.0.202411220809\\db\/mcu/
2025-04-23 09:26:52,558 [INFO] ApiDb:274 - Set plugin database path to: C:\ST\STM32CubeIDE_1.17.0\STM32CubeIDE\plugins\com.st.stm32cube.common.mx_6.13.0.202411220809\\db\/plugins/boardmanager/
2025-04-23 09:26:52,558 [INFO] ApiDb:261 - Set plugin images path to: C:\ST\STM32CubeIDE_1.17.0\STM32CubeIDE\plugins\com.st.stm32cube.common.mx_6.13.0.202411220809\\db\/plugins/mcufinder/images/
2025-04-23 09:26:52,559 [WARN] DbFile:41 - Overriding database path with different value: C:\Users\a0979\.stmcufinder\plugins\mcufinder/ => C:\Users\a0979\.stmcufinder\plugins\mcufinder
2025-04-23 09:26:52,559 [INFO] ApiDb:250 - Set database path to: C:\Users\a0979\.stmcufinder\plugins\mcufinder//mcu/
2025-04-23 09:26:52,559 [WARN] DbFile:41 - Overriding database path with different value: C:\Users\a0979\.stmcufinder\plugins\mcufinder/ => C:\Users\a0979\.stmcufinder\plugins\mcufinder
2025-04-23 09:26:52,559 [INFO] DbMcusAds:125 - Set database path to: C:\Users\a0979\.stmcufinder\plugins\mcufinder//mcu/
2025-04-23 09:26:52,559 [WARN] DbFile:41 - Overriding database path with different value: C:\Users\a0979\.stmcufinder\plugins\mcufinder/ => C:\Users\a0979\.stmcufinder\plugins\mcufinder
2025-04-23 09:26:52,559 [WARN] DbFile:41 - Overriding database path with different value: C:\Users\a0979\.stmcufinder\plugins\mcufinder/ => C:\Users\a0979\.stmcufinder\plugins\mcufinder
2025-04-23 09:26:52,559 [INFO] CrossReferenceDbSqlite:203 - Set database path to: C:\Users\a0979\.stmcufinder\plugins\mcufinder//mcu/cs/
2025-04-23 09:26:52,617 [INFO] MainPanel:272 - HeapMemory: 268435456
2025-04-23 09:26:52,699 [INFO] DbMcusXml:78 - Set database path to: C:\ST\STM32CubeIDE_1.17.0\STM32CubeIDE\plugins\com.st.stm32cube.common.mx_6.13.0.202411220809\\db\/mcu/
2025-04-23 09:26:52,699 [INFO] ApiDb:274 - Set plugin database path to: C:\ST\STM32CubeIDE_1.17.0\STM32CubeIDE\plugins\com.st.stm32cube.common.mx_6.13.0.202411220809\\db\/plugins/boardmanager/
2025-04-23 09:26:52,699 [INFO] ApiDb:261 - Set plugin images path to: C:\ST\STM32CubeIDE_1.17.0\STM32CubeIDE\plugins\com.st.stm32cube.common.mx_6.13.0.202411220809\\db\/plugins/mcufinder/images/
2025-04-23 09:26:52,700 [WARN] DbFile:41 - Overriding database path with different value: C:\Users\a0979\.stmcufinder\plugins\mcufinder/ => C:\Users\a0979\.stmcufinder\plugins\mcufinder
2025-04-23 09:26:52,700 [INFO] ApiDb:250 - Set database path to: C:\Users\a0979\.stmcufinder\plugins\mcufinder//mcu/
2025-04-23 09:26:52,700 [WARN] DbFile:41 - Overriding database path with different value: C:\Users\a0979\.stmcufinder\plugins\mcufinder/ => C:\Users\a0979\.stmcufinder\plugins\mcufinder
2025-04-23 09:26:52,700 [INFO] DbMcusAds:125 - Set database path to: C:\Users\a0979\.stmcufinder\plugins\mcufinder//mcu/
2025-04-23 09:26:52,700 [WARN] DbFile:41 - Overriding database path with different value: C:\Users\a0979\.stmcufinder\plugins\mcufinder/ => C:\Users\a0979\.stmcufinder\plugins\mcufinder
2025-04-23 09:26:52,700 [WARN] DbFile:41 - Overriding database path with different value: C:\Users\a0979\.stmcufinder\plugins\mcufinder/ => C:\Users\a0979\.stmcufinder\plugins\mcufinder
2025-04-23 09:26:52,700 [INFO] CrossReferenceDbSqlite:203 - Set database path to: C:\Users\a0979\.stmcufinder\plugins\mcufinder//mcu/cs/
2025-04-23 09:26:52,714 [INFO] ApplicationProperties:184 - Using Application install path: C:\ST\STM32CubeIDE_1.17.0\STM32CubeIDE\plugins\com.st.stm32cube.common.mx_6.13.0.202411220809
2025-04-23 09:26:52,715 [INFO] PluginManage:196 - Search for loadable plugins [exclusion list=, ]
2025-04-23 09:26:52,717 [INFO] PluginManage:310 - Check plugin analytics
2025-04-23 09:26:52,902 [INFO] AnalyticsPlugin:253 - Accepted Software Licenses: 
2025-04-23 09:26:52,902 [INFO] AnalyticsPlugin:255 - Accepted CMSIS Pack Licenses: 
2025-04-23 09:26:52,902 [INFO] AnalyticsPlugin:257 - Accepted Firmware Licenses: FW.L4.1.18.0,FW.F4.1.28.0
2025-04-23 09:26:52,907 [INFO] PluginManage:359 - Loaded plugin analytics (category:tool,tabindex:-1)
2025-04-23 09:26:52,907 [INFO] PluginManage:310 - Check plugin cadmodel
2025-04-23 09:26:52,924 [INFO] CADModel:105 - Init CAD model plugin
2025-04-23 09:26:52,924 [INFO] PluginManage:359 - Loaded plugin cadmodel (category:power,tabindex:5)
2025-04-23 09:26:52,924 [INFO] PluginManage:310 - Check plugin clock
2025-04-23 09:26:52,947 [INFO] PluginManage:359 - Loaded plugin clock (category:base,tabindex:2)
2025-04-23 09:26:52,947 [INFO] PluginManage:310 - Check plugin ddr
2025-04-23 09:26:52,952 [INFO] PluginManage:359 - Loaded plugin ddr (category:tool,tabindex:6)
2025-04-23 09:26:52,953 [INFO] PluginManage:310 - Check plugin filemanager
2025-04-23 09:26:53,086 [INFO] PluginManage:359 - Loaded plugin filemanager (category:base,tabindex:10)
2025-04-23 09:26:53,086 [INFO] PluginManage:310 - Check plugin ipmanager
2025-04-23 09:26:53,093 [INFO] PluginManage:359 - Loaded plugin ipmanager (category:base,tabindex:5)
2025-04-23 09:26:53,094 [INFO] PluginManage:310 - Check plugin lpbam
2025-04-23 09:26:53,111 [INFO] PluginManage:359 - Loaded plugin lpbam (category:base,tabindex:0)
2025-04-23 09:26:53,111 [INFO] PluginManage:310 - Check plugin memorymap
2025-04-23 09:26:53,131 [INFO] PluginManage:359 - Loaded plugin memorymap (category:base,tabindex:4)
2025-04-23 09:26:53,131 [INFO] PluginManage:310 - Check plugin pinoutandconfiguration
2025-04-23 09:26:53,148 [INFO] PluginManage:359 - Loaded plugin pinoutandconfiguration (category:base,tabindex:1)
2025-04-23 09:26:53,148 [INFO] PluginManage:310 - Check plugin pinoutconfig
2025-04-23 09:26:53,236 [WARN] SupportedApi:132 - Cannot load RTOS API schema: s4s-elt-must-match.1: The content of 'definitions' must match (annotation?, (simpleType | complexType)?, (unique | key | keyref)*)). A problem was found starting at: attribute.
2025-04-23 09:26:53,344 [INFO] PluginManage:359 - Loaded plugin pinoutconfig (category:base,tabindex:0)
2025-04-23 09:26:53,344 [INFO] PluginManage:310 - Check plugin power
2025-04-23 09:26:53,361 [INFO] PluginManage:359 - Loaded plugin power (category:power,tabindex:4)
2025-04-23 09:26:53,361 [INFO] PluginManage:310 - Check plugin projectmanager
2025-04-23 09:26:53,376 [INFO] PluginManage:359 - Loaded plugin projectmanager (category:projectmanager,tabindex:4)
2025-04-23 09:26:53,377 [INFO] PluginManage:310 - Check plugin rif
2025-04-23 09:26:53,390 [INFO] PluginManage:359 - Loaded plugin rif (category:base,tabindex:3)
2025-04-23 09:26:53,391 [INFO] PluginManage:310 - Check plugin thirdparty
2025-04-23 09:26:53,643 [INFO] PluginManage:359 - Loaded plugin thirdparty (category:base,tabindex:-1)
2025-04-23 09:26:53,643 [WARN] IntegrityCheckThread:84 - waiting for thirdparty lock release [integrity check]
2025-04-23 09:26:53,643 [INFO] PluginManage:310 - Check plugin tools
2025-04-23 09:26:53,643 [INFO] IntegrityCheckThread:86 - entering critical section [integrity check]
2025-04-23 09:26:53,643 [INFO] ThirdPartyUpdaterWithRetryManager:70 - Updater plugin not ready yet. [1/15]
2025-04-23 09:26:53,673 [INFO] PluginManage:359 - Loaded plugin tools (category:base,tabindex:7)
2025-04-23 09:26:53,673 [INFO] PluginManage:310 - Check plugin tutovideos
2025-04-23 09:26:53,839 [INFO] PluginManage:359 - Loaded plugin tutovideos (category:base,tabindex:-1)
2025-04-23 09:26:53,839 [INFO] PluginManage:310 - Check plugin updater
2025-04-23 09:26:53,856 [INFO] PluginManage:359 - Loaded plugin updater (category:base,tabindex:12)
2025-04-23 09:26:53,856 [INFO] PluginManage:310 - Check plugin userauth
2025-04-23 09:26:53,859 [INFO] UserAuth:118 - Init User Auth plugin
2025-04-23 09:26:53,860 [INFO] PluginManage:359 - Loaded plugin userauth (category:base,tabindex:14)
2025-04-23 09:26:53,861 [INFO] PluginManage:283 - PluginManage : Loaded plugins [18]
2025-04-23 09:26:54,033 [INFO] PinOutPanel:1589 - setPackage(No Configuration,No Configuration)
2025-04-23 09:26:54,099 [INFO] CADModel:165 - CPN selected for project level
2025-04-23 09:26:54,100 [INFO] CADModel:114 - Register for checkConnection events
2025-04-23 09:26:54,125 [INFO] IPUIPlugin:80 - create IPUIPlugin
2025-04-23 09:26:54,125 [INFO] PluginManager:220 - loadIPPluginJar : add adc
2025-04-23 09:26:54,158 [INFO] IPUIPlugin:80 - create IPUIPlugin
2025-04-23 09:26:54,159 [INFO] PluginManager:220 - loadIPPluginJar : add aes
2025-04-23 09:26:54,202 [INFO] IPUIPlugin:80 - create IPUIPlugin
2025-04-23 09:26:54,202 [INFO] PluginManager:220 - loadIPPluginJar : add can
2025-04-23 09:26:54,230 [INFO] IPUIPlugin:80 - create IPUIPlugin
2025-04-23 09:26:54,230 [INFO] PluginManager:220 - loadIPPluginJar : add comp
2025-04-23 09:26:54,262 [INFO] IPUIPlugin:80 - create IPUIPlugin
2025-04-23 09:26:54,262 [INFO] PluginManager:220 - loadIPPluginJar : add cryp
2025-04-23 09:26:54,273 [INFO] IPUIPlugin:80 - create IPUIPlugin
2025-04-23 09:26:54,273 [INFO] PluginManager:220 - loadIPPluginJar : add ddr_ctrl_phy
2025-04-23 09:26:54,299 [INFO] IPUIPlugin:80 - create IPUIPlugin
2025-04-23 09:26:54,299 [INFO] PluginManager:220 - loadIPPluginJar : add dfsdm
2025-04-23 09:26:54,311 [INFO] IPUIPlugin:80 - create IPUIPlugin
2025-04-23 09:26:54,311 [INFO] PluginManager:220 - loadIPPluginJar : add dma
2025-04-23 09:26:54,343 [INFO] IPUIPlugin:80 - create IPUIPlugin
2025-04-23 09:26:54,343 [INFO] PluginManager:220 - loadIPPluginJar : add dma3
2025-04-23 09:26:54,377 [INFO] IPUIPlugin:80 - create IPUIPlugin
2025-04-23 09:26:54,377 [INFO] PluginManager:220 - loadIPPluginJar : add extmemmanager
2025-04-23 09:26:54,397 [INFO] IPUIPlugin:80 - create IPUIPlugin
2025-04-23 09:26:54,397 [INFO] PluginManager:220 - loadIPPluginJar : add fatfs
2025-04-23 09:26:54,436 [INFO] IPUIPlugin:80 - create IPUIPlugin
2025-04-23 09:26:54,436 [INFO] PluginManager:220 - loadIPPluginJar : add fmc
2025-04-23 09:26:54,450 [INFO] IPUIPlugin:80 - create IPUIPlugin
2025-04-23 09:26:54,450 [INFO] PluginManager:220 - loadIPPluginJar : add freertos
2025-04-23 09:26:54,468 [INFO] IPUIPlugin:80 - create IPUIPlugin
2025-04-23 09:26:54,468 [INFO] PluginManager:220 - loadIPPluginJar : add genericplugin
2025-04-23 09:26:54,544 [INFO] IPUIPlugin:80 - create IPUIPlugin
2025-04-23 09:26:54,544 [INFO] PluginManager:220 - loadIPPluginJar : add gfxmmu
2025-04-23 09:26:54,659 [INFO] IPUIPlugin:80 - create IPUIPlugin
2025-04-23 09:26:54,659 [INFO] PluginManager:220 - loadIPPluginJar : add gic
2025-04-23 09:26:54,671 [INFO] IPUIPlugin:80 - create IPUIPlugin
2025-04-23 09:26:54,671 [INFO] PluginManager:220 - loadIPPluginJar : add gpio
2025-04-23 09:26:54,754 [INFO] IPUIPlugin:80 - create IPUIPlugin
2025-04-23 09:26:54,754 [INFO] PluginManager:220 - loadIPPluginJar : add gtzc
2025-04-23 09:26:54,793 [INFO] IPUIPlugin:80 - create IPUIPlugin
2025-04-23 09:26:54,793 [INFO] PluginManager:220 - loadIPPluginJar : add hash
2025-04-23 09:26:54,840 [INFO] IPUIPlugin:80 - create IPUIPlugin
2025-04-23 09:26:54,840 [INFO] PluginManager:220 - loadIPPluginJar : add i2c
2025-04-23 09:26:54,876 [INFO] IPUIPlugin:80 - create IPUIPlugin
2025-04-23 09:26:54,876 [INFO] PluginManager:220 - loadIPPluginJar : add i2s
2025-04-23 09:26:54,910 [INFO] IPUIPlugin:80 - create IPUIPlugin
2025-04-23 09:26:54,910 [INFO] PluginManager:220 - loadIPPluginJar : add i3c
2025-04-23 09:26:54,992 [INFO] IPUIPlugin:80 - create IPUIPlugin
2025-04-23 09:26:54,992 [INFO] PluginManager:220 - loadIPPluginJar : add ipddr
2025-04-23 09:26:55,073 [INFO] IPUIPlugin:80 - create IPUIPlugin
2025-04-23 09:26:55,074 [INFO] PluginManager:220 - loadIPPluginJar : add linkedlist
2025-04-23 09:26:55,103 [INFO] IPUIPlugin:80 - create IPUIPlugin
2025-04-23 09:26:55,103 [INFO] PluginManager:220 - loadIPPluginJar : add lorawan
2025-04-23 09:26:55,133 [INFO] IPUIPlugin:80 - create IPUIPlugin
2025-04-23 09:26:55,133 [INFO] PluginManager:220 - loadIPPluginJar : add ltdc
2025-04-23 09:26:55,143 [INFO] IPUIPlugin:80 - create IPUIPlugin
2025-04-23 09:26:55,143 [INFO] PluginManager:220 - loadIPPluginJar : add mdma
2025-04-23 09:26:55,153 [INFO] IPUIPlugin:80 - create IPUIPlugin
2025-04-23 09:26:55,153 [INFO] PluginManager:220 - loadIPPluginJar : add nvic
2025-04-23 09:26:55,184 [INFO] IPUIPlugin:80 - create IPUIPlugin
2025-04-23 09:26:55,184 [INFO] PluginManager:220 - loadIPPluginJar : add opamp
2025-04-23 09:26:55,233 [INFO] IPUIPlugin:80 - create IPUIPlugin
2025-04-23 09:26:55,233 [INFO] PluginManager:220 - loadIPPluginJar : add openamp
2025-04-23 09:26:55,267 [INFO] IPUIPlugin:80 - create IPUIPlugin
2025-04-23 09:26:55,267 [INFO] PluginManager:220 - loadIPPluginJar : add pdm2pcm
2025-04-23 09:26:55,279 [INFO] IPUIPlugin:80 - create IPUIPlugin
2025-04-23 09:26:55,280 [INFO] PluginManager:220 - loadIPPluginJar : add plateformsettings
2025-04-23 09:26:55,300 [INFO] IPUIPlugin:80 - create IPUIPlugin
2025-04-23 09:26:55,300 [INFO] PluginManager:220 - loadIPPluginJar : add quadspi
2025-04-23 09:26:55,320 [INFO] IPUIPlugin:80 - create IPUIPlugin
2025-04-23 09:26:55,320 [INFO] PluginManager:220 - loadIPPluginJar : add radio
2025-04-23 09:26:55,330 [INFO] IPUIPlugin:80 - create IPUIPlugin
2025-04-23 09:26:55,330 [INFO] PluginManager:220 - loadIPPluginJar : add resmgrutility
2025-04-23 09:26:55,368 [INFO] IPUIPlugin:80 - create IPUIPlugin
2025-04-23 09:26:55,368 [INFO] PluginManager:220 - loadIPPluginJar : add sai
2025-04-23 09:26:55,398 [INFO] IPUIPlugin:80 - create IPUIPlugin
2025-04-23 09:26:55,398 [INFO] PluginManager:220 - loadIPPluginJar : add spi
2025-04-23 09:26:55,449 [INFO] IPUIPlugin:80 - create IPUIPlugin
2025-04-23 09:26:55,449 [INFO] PluginManager:220 - loadIPPluginJar : add stm32_wpan
2025-04-23 09:26:55,468 [INFO] IPUIPlugin:80 - create IPUIPlugin
2025-04-23 09:26:55,469 [INFO] PluginManager:220 - loadIPPluginJar : add tim
2025-04-23 09:26:55,516 [INFO] IPUIPlugin:80 - create IPUIPlugin
2025-04-23 09:26:55,516 [INFO] PluginManager:220 - loadIPPluginJar : add touchsensing
2025-04-23 09:26:55,535 [INFO] IPUIPlugin:80 - create IPUIPlugin
2025-04-23 09:26:55,535 [INFO] PluginManager:220 - loadIPPluginJar : add tracer_emb
2025-04-23 09:26:55,554 [INFO] IPUIPlugin:80 - create IPUIPlugin
2025-04-23 09:26:55,554 [INFO] PluginManager:220 - loadIPPluginJar : add ts
2025-04-23 09:26:55,573 [INFO] IPUIPlugin:80 - create IPUIPlugin
2025-04-23 09:26:55,574 [INFO] PluginManager:220 - loadIPPluginJar : add tsc
2025-04-23 09:26:55,592 [INFO] IPUIPlugin:80 - create IPUIPlugin
2025-04-23 09:26:55,592 [INFO] PluginManager:220 - loadIPPluginJar : add ucpd
2025-04-23 09:26:55,625 [INFO] IPUIPlugin:80 - create IPUIPlugin
2025-04-23 09:26:55,625 [INFO] PluginManager:220 - loadIPPluginJar : add usart
2025-04-23 09:26:55,658 [INFO] IPUIPlugin:80 - create IPUIPlugin
2025-04-23 09:26:55,658 [INFO] PluginManager:220 - loadIPPluginJar : add usbx
2025-04-23 09:26:55,765 [FATAL] Updater:351 - Updater called before beeing initialized
2025-04-23 09:26:55,783 [INFO] RulesReader:64 - Compatibility file has been processed (297 Rules)
2025-04-23 09:26:55,789 [INFO] RulesReader:64 - Compatibility file has been processed (297 Rules)
2025-04-23 09:26:55,798 [INFO] CADModel:165 - CPN selected for project level
2025-04-23 09:26:55,798 [INFO] CADModel:114 - Register for checkConnection events
2025-04-23 09:26:55,798 [FATAL] Updater:351 - Updater called before beeing initialized
2025-04-23 09:26:55,798 [ERROR] CADModel:125 - Updater not yet initialized, retry later 
2025-04-23 09:26:55,927 [FATAL] Updater:351 - Updater called before beeing initialized
2025-04-23 09:26:55,929 [INFO] CADModel:165 - CPN selected for project level
2025-04-23 09:26:55,929 [INFO] CADModel:114 - Register for checkConnection events
2025-04-23 09:26:55,929 [FATAL] Updater:351 - Updater called before beeing initialized
2025-04-23 09:26:55,929 [ERROR] CADModel:125 - Updater not yet initialized, retry later 
2025-04-23 09:26:55,932 [FATAL] Updater:351 - Updater called before beeing initialized
2025-04-23 09:26:56,013 [FATAL] Updater:351 - Updater called before beeing initialized
2025-04-23 09:26:56,022 [INFO] DbMcusAds:53 - JSON generation date=Thu Mar 06 22:54:22 CST 2025 (1741272862078)
2025-04-23 09:26:56,023 [FATAL] Updater:351 - Updater called before beeing initialized
2025-04-23 09:26:56,051 [WARN] DetailPanel:346 - Failed to get advertising image, set to default
2025-04-23 09:26:56,238 [FATAL] Updater:351 - Updater called before beeing initialized
2025-04-23 09:26:56,241 [FATAL] Updater:351 - Updater called before beeing initialized
2025-04-23 09:26:56,241 [FATAL] Updater:351 - Updater called before beeing initialized
2025-04-23 09:26:56,242 [WARN] DetailPanel:346 - Failed to get advertising image, set to default
2025-04-23 09:26:56,242 [FATAL] Updater:351 - Updater called before beeing initialized
2025-04-23 09:26:56,291 [ERROR] Updater:1198 - MainUpdater not yet initialized. External WinMGr cannot be set.
2025-04-23 09:26:56,298 [INFO] Updater:1134 - Updater Version found : 6.13.0
2025-04-23 09:26:56,311 [INFO] ApplicationProperties:184 - Using Application install path: C:\ST\STM32CubeIDE_1.17.0\STM32CubeIDE\plugins\com.st.stm32cube.common.mx_6.13.0.202411220809
2025-04-23 09:26:56,646 [INFO] ThirdPartyUpdaterWithRetryManager:70 - Updater plugin not ready yet. [2/15]
2025-04-23 09:26:57,882 [ERROR] LogOutputStream:75 - [STDERR_REDIRECT] Apr 23, 2025 9:26:57 AM java.util.prefs.WindowsPreferences <init>
2025-04-23 09:26:57,882 [ERROR] LogOutputStream:75 - [STDERR_REDIRECT] WARNING: Could not open/create prefs root node Software\JavaSoft\Prefs at root 0xffffffff80000002. Windows RegCreateKeyEx(...) returned error code 5.
2025-04-23 09:26:57,882 [ERROR] LogOutputStream:75 - [STDERR_REDIRECT] 
2025-04-23 09:26:58,152 [INFO] MainUpdater:2872 - connection check result : 10
2025-04-23 09:26:58,152 [INFO] MainUpdater:289 - Updater Check For Update Now.
2025-04-23 09:26:58,152 [INFO] MicroXplorer:498 - Change Database Version : DB.6.0.130
2025-04-23 09:26:58,173 [INFO] McuFinderGlobals:63 - Set McuFinder mode to 2 (CubeIDE integrated)
2025-04-23 09:26:58,173 [INFO] UserAuth:171 - activating auth plugin
2025-04-23 09:26:58,175 [INFO] UserAuth:486 - Internet connection configuration mode: 1
2025-04-23 09:26:58,212 [INFO] JxBrowserEngine:152 - Initiate JxBrowser Engine with user profile folder
2025-04-23 09:26:58,340 [INFO] CheckServerUpdateThread:120 - End of CheckServer Thread
2025-04-23 09:26:59,122 [INFO] WebApp:168 - Instantiating new browser for Auth
2025-04-23 09:26:59,619 [INFO] WebApp:449 - Apply proxy settings
2025-04-23 09:26:59,619 [INFO] WebApp:534 - Chromium requires no authentication
2025-04-23 09:26:59,626 [INFO] WebApp:477 - Direct internet connection detected
2025-04-23 09:26:59,644 [INFO] WebApp:880 - Register for checkConnection events
2025-04-23 09:26:59,644 [INFO] WebApp:449 - Apply proxy settings
2025-04-23 09:26:59,644 [INFO] WebApp:534 - Chromium requires no authentication
2025-04-23 09:26:59,645 [INFO] WebApp:477 - Direct internet connection detected
2025-04-23 09:26:59,766 [INFO] WebApp:187 - Connection restablished
2025-04-23 09:26:59,854 [WARN] PackLoader:240 - Cannot read IP mode file for STMicroelectronics.FP-SNS-MOTENVWB1.1.4.0
2025-04-23 09:26:59,874 [WARN] PackLoader:240 - Cannot read IP mode file for STMicroelectronics.FP-ATR-ASTRA1.2.0.2
2025-04-23 09:26:59,889 [WARN] PackLoader:240 - Cannot read IP mode file for STMicroelectronics.X-CUBE-SMBUS.2.1.0
2025-04-23 09:26:59,907 [WARN] PackLoader:240 - Cannot read IP mode file for STMicroelectronics.X-CUBE-WB05N.1.1.0
2025-04-23 09:26:59,920 [INFO] WebApp:221 - Starting web application
2025-04-23 09:26:59,921 [INFO] WebApp:579 - Web application path used C:\ST\STM32CubeIDE_1.17.0\STM32CubeIDE\plugins\com.st.stm32cube.common.mx_6.13.0.202411220809\db\plugins\mcufinder\reactClient1\index.html
2025-04-23 09:26:59,955 [WARN] PackLoader:240 - Cannot read IP mode file for STMicroelectronics.X-CUBE-AZRTOS-F7.1.1.0
2025-04-23 09:26:59,975 [WARN] PackLoader:240 - Cannot read IP mode file for STMicroelectronics.FP-SNS-FLIGHT1.5.0.2
2025-04-23 09:27:00,011 [WARN] PackLoader:240 - Cannot read IP mode file for Infineon.AIROC-Wi-Fi-Bluetooth-STM32.1.7.0
2025-04-23 09:27:00,032 [WARN] PackLoader:240 - Cannot read IP mode file for STMicroelectronics.X-CUBE-DISPLAY.3.0.0
2025-04-23 09:27:00,053 [WARN] PackLoader:240 - Cannot read IP mode file for STMicroelectronics.X-CUBE-BLE1.7.0.0
2025-04-23 09:27:00,067 [WARN] PackLoader:240 - Cannot read IP mode file for STMicroelectronics.X-CUBE-NFC10.1.0.0
2025-04-23 09:27:00,083 [WARN] PackLoader:240 - Cannot read IP mode file for STMicroelectronics.X-CUBE-BLEMGR.4.0.0
2025-04-23 09:27:00,097 [WARN] PackLoader:240 - Cannot read IP mode file for emotas.I-CUBE-CANOPEN.1.3.0
2025-04-23 09:27:00,108 [WARN] PackLoader:240 - Cannot read IP mode file for STMicroelectronics.X-CUBE-AI.10.0.0
2025-04-23 09:27:00,120 [WARN] PackLoader:240 - Cannot read IP mode file for STMicroelectronics.FP-SNS-SMARTAG2.1.2.0
2025-04-23 09:27:00,130 [WARN] PackLoader:240 - Cannot read IP mode file for STMicroelectronics.FP-SNS-FLIGHT1.5.1.0
2025-04-23 09:27:00,179 [WARN] PackLoader:240 - Cannot read IP mode file for STMicroelectronics.X-CUBE-MEMS1.11.1.0
2025-04-23 09:27:00,302 [INFO] LogOutputStream:77 - [STDOUT_REDIRECT] 1 : Invalid condition id : UX_CORESTACK_Condition cause : null
2025-04-23 09:27:00,304 [INFO] LogOutputStream:77 - [STDOUT_REDIRECT] 1 : Invalid condition id : UX_CORESTACK_Condition cause : null
2025-04-23 09:27:00,305 [INFO] LogOutputStream:77 - [STDOUT_REDIRECT] 1 : Invalid condition id : UX_CORESTACK_Condition cause : null
2025-04-23 09:27:00,306 [INFO] LogOutputStream:77 - [STDOUT_REDIRECT] 1 : Invalid condition id : UX_CORESTACK_Condition cause : null
2025-04-23 09:27:00,307 [INFO] LogOutputStream:77 - [STDOUT_REDIRECT] 1 : Invalid condition id : UX_CORESTACK_Condition cause : null
2025-04-23 09:27:00,308 [WARN] PackLoader:240 - Cannot read IP mode file for STMicroelectronics.X-CUBE-AZRTOS-WL.2.0.0
2025-04-23 09:27:00,320 [WARN] PackLoader:240 - Cannot read IP mode file for STMicroelectronics.FP-SNS-MOTENV1.5.0.0
2025-04-23 09:27:00,335 [WARN] PackLoader:240 - Cannot read IP mode file for WES.I-CUBE-Cesium.1.3.0
2025-04-23 09:27:00,346 [WARN] PackLoader:240 - Cannot read IP mode file for STMicroelectronics.X-CUBE-BLE2.3.3.0
2025-04-23 09:27:00,358 [WARN] PackLoader:240 - Cannot read IP mode file for STMicroelectronics.X-CUBE-NFC9.1.0.0
2025-04-23 09:27:00,369 [WARN] PackLoader:240 - Cannot read IP mode file for STMicroelectronics.X-CUBE-BLE1.7.1.0
2025-04-23 09:27:00,379 [WARN] PackLoader:240 - Cannot read IP mode file for wolfSSL.I-CUBE-wolfMQTT.1.19.2
2025-04-23 09:27:00,451 [WARN] PackLoader:240 - Cannot read IP mode file for STMicroelectronics.X-CUBE-MEMS1.11.2.0
2025-04-23 09:27:00,554 [WARN] PackLoader:240 - Cannot read IP mode file for STMicroelectronics.X-CUBE-AZRTOS-G0.1.1.0
2025-04-23 09:27:00,568 [WARN] PackLoader:240 - Cannot read IP mode file for STMicroelectronics.X-CUBE-SAFEA1.1.2.2
2025-04-23 09:27:00,580 [WARN] PackLoader:240 - Cannot read IP mode file for STMicroelectronics.X-CUBE-NFC4.3.0.0
2025-04-23 09:27:00,593 [WARN] PackLoader:240 - Cannot read IP mode file for EmbeddedOffice.I-CUBE-FS-RTOS.1.0.1
2025-04-23 09:27:00,604 [WARN] PackLoader:240 - Cannot read IP mode file for STMicroelectronics.X-CUBE-WB05N.2.0.0
2025-04-23 09:27:00,614 [WARN] PackLoader:240 - Cannot read IP mode file for wolfSSL.I-CUBE-wolfTPM.3.8.0
2025-04-23 09:27:00,626 [WARN] PackLoader:240 - Cannot read IP mode file for STMicroelectronics.X-CUBE-TCPP.4.2.0
2025-04-23 09:27:00,636 [WARN] PackLoader:240 - Cannot read IP mode file for RealThread.X-CUBE-RT-Thread_Nano.4.1.1
2025-04-23 09:27:00,646 [WARN] PackLoader:240 - Cannot read IP mode file for STMicroelectronics.FP-ATR-SIGFOX1.3.2.0
2025-04-23 09:27:00,658 [WARN] ConditionMgr:438 - getConditionDescription Invalid condition id : Cortex-A Device cause : null
2025-04-23 09:27:00,678 [WARN] ConditionMgr:1044 - genDependencies : Invalid condition id : Cortex-A Device cause : null
2025-04-23 09:27:00,678 [WARN] ConditionMgr:1044 - genDependencies : Invalid condition id : Cortex-A Device cause : null
2025-04-23 09:27:00,678 [WARN] ConditionMgr:1044 - genDependencies : Invalid condition id : Cortex-A Device cause : null
2025-04-23 09:27:00,691 [WARN] PackLoader:240 - Cannot read IP mode file for STMicroelectronics.X-CUBE-EEPRMA1.5.1.0
2025-04-23 09:27:00,703 [WARN] PackLoader:240 - Cannot read IP mode file for wolfSSL.I-CUBE-wolfSSL.5.7.6
2025-04-23 09:27:00,715 [WARN] PackLoader:240 - Cannot read IP mode file for ITTIA_DB.I-CUBE-ITTIADB.8.9.0
2025-04-23 09:27:00,740 [WARN] PackLoader:240 - Cannot read IP mode file for SEGGER.I-CUBE-embOS.1.3.1
2025-04-23 09:27:00,767 [WARN] PackLoader:240 - Cannot read IP mode file for STMicroelectronics.X-CUBE-ALGOBUILD.1.4.0
2025-04-23 09:27:00,789 [WARN] PackLoader:240 - Cannot read IP mode file for STMicroelectronics.X-CUBE-AZRTOS-F4.1.1.0
2025-04-23 09:27:00,802 [WARN] PackLoader:240 - Cannot read IP mode file for Avnet-IotConnect.X-CUBE-IoTC-DA16k-PMOD.1.0.0
2025-04-23 09:27:00,813 [WARN] PackLoader:240 - Cannot read IP mode file for STMicroelectronics.X-CUBE-ISPU.2.1.0
2025-04-23 09:27:00,832 [WARN] PackLoader:240 - Cannot read IP mode file for STMicroelectronics.X-CUBE-AZRTOS-L5.2.0.0
2025-04-23 09:27:00,850 [WARN] PackLoader:240 - Cannot read IP mode file for STMicroelectronics.X-CUBE-NFC6.3.1.0
2025-04-23 09:27:00,863 [WARN] PackLoader:240 - Cannot read IP mode file for STMicroelectronics.X-CUBE-DPower.1.2.0
2025-04-23 09:27:00,874 [WARN] PackLoader:240 - Cannot read IP mode file for STMicroelectronics.X-CUBE-FREERTOS.1.3.0
2025-04-23 09:27:00,885 [WARN] PackLoader:240 - Cannot read IP mode file for STMicroelectronics.X-CUBE-NFC7.1.0.1
2025-04-23 09:27:00,896 [WARN] PackLoader:240 - Cannot read IP mode file for STMicroelectronics.X-CUBE-DPower.1.3.0
2025-04-23 09:27:00,915 [WARN] ConditionMgr:438 - getConditionDescription Invalid condition id : LAN8742 Phy interface Condition cause : null
2025-04-23 09:27:00,915 [WARN] PackLoader:240 - Cannot read IP mode file for STMicroelectronics.X-CUBE-AZRTOS-L4.2.0.0
2025-04-23 09:27:00,916 [WARN] ConditionMgr:1044 - genDependencies : Invalid condition id : LAN8742 Phy interface Condition cause : null
2025-04-23 09:27:00,916 [WARN] ConditionMgr:1044 - genDependencies : Invalid condition id : LAN8742 Phy interface Condition cause : null
2025-04-23 09:27:00,916 [WARN] ConditionMgr:1044 - genDependencies : Invalid condition id : LAN8742 Phy interface Condition cause : null
2025-04-23 09:27:00,927 [WARN] PackLoader:240 - Cannot read IP mode file for STMicroelectronics.X-CUBE-SFXS2LP1.4.0.0
2025-04-23 09:27:00,948 [WARN] PackLoader:240 - Cannot read IP mode file for STMicroelectronics.X-CUBE-AZRTOS-H7.3.3.0
2025-04-23 09:27:00,966 [WARN] ConditionMgr:438 - getConditionDescription Invalid condition id : UX DEVICE CLASS RTOS Condition cause : null
2025-04-23 09:27:00,966 [WARN] ConditionMgr:438 - getConditionDescription Invalid condition id : UX DEVICE CLASS RTOS Condition cause : null
2025-04-23 09:27:00,967 [WARN] PackLoader:240 - Cannot read IP mode file for STMicroelectronics.X-CUBE-AZRTOS-WB.2.0.0
2025-04-23 09:27:00,967 [WARN] ConditionMgr:1044 - genDependencies : Invalid condition id : UX DEVICE CLASS RTOS Condition cause : null
2025-04-23 09:27:00,967 [WARN] ConditionMgr:1044 - genDependencies : Invalid condition id : UX DEVICE CLASS RTOS Condition cause : null
2025-04-23 09:27:00,968 [WARN] ConditionMgr:1044 - genDependencies : Invalid condition id : UX DEVICE CLASS RTOS Condition cause : null
2025-04-23 09:27:00,968 [WARN] ConditionMgr:1044 - genDependencies : Invalid condition id : UX DEVICE CLASS RTOS Condition cause : null
2025-04-23 09:27:00,968 [WARN] ConditionMgr:1044 - genDependencies : Invalid condition id : UX DEVICE CLASS RTOS Condition cause : null
2025-04-23 09:27:00,981 [WARN] PackLoader:240 - Cannot read IP mode file for STMicroelectronics.X-CUBE-GNSS1.7.0.1
2025-04-23 09:27:00,998 [WARN] PackLoader:240 - Cannot read IP mode file for STMicroelectronics.X-CUBE-TOUCHGFX.4.25.0
2025-04-23 09:27:01,011 [WARN] PackLoader:240 - Cannot read IP mode file for STMicroelectronics.FP-SNS-STBOX1.2.0.0
2025-04-23 09:27:01,027 [WARN] PackLoader:240 - Cannot read IP mode file for STMicroelectronics.X-CUBE-SUBG2.5.0.0
2025-04-23 09:27:01,054 [WARN] PackLoader:240 - Cannot read IP mode file for STMicroelectronics.X-CUBE-AZRTOS-H7RS.1.1.0
2025-04-23 09:27:01,068 [WARN] PackLoader:240 - Cannot read IP mode file for Cesanta.I-CUBE-Mongoose.7.13.0
2025-04-23 09:27:01,088 [WARN] PackLoader:240 - Cannot read IP mode file for STMicroelectronics.X-CUBE-AZRTOS-G4.2.0.0
2025-04-23 09:27:01,099 [WARN] PackLoader:240 - Cannot read IP mode file for wolfSSL.I-CUBE-wolfSSH.1.4.20
2025-04-23 09:27:01,113 [WARN] PackLoader:240 - Cannot read IP mode file for STMicroelectronics.X-CUBE-IPS.3.1.0
2025-04-23 09:27:01,126 [WARN] PackLoader:240 - Cannot read IP mode file for STMicroelectronics.X-CUBE-ALS.1.0.2
2025-04-23 09:27:01,137 [WARN] PackLoader:240 - Cannot read IP mode file for STMicroelectronics.X-CUBE-TOUCHGFX.4.24.2
2025-04-23 09:27:01,150 [WARN] PackLoader:240 - Cannot read IP mode file for portGmbH.I-Cube-SoM-uGOAL.1.1.0
2025-04-23 09:27:01,171 [WARN] PackLoader:240 - Cannot read IP mode file for STMicroelectronics.X-CUBE-AZRTOS-H7RS.1.0.0
2025-04-23 09:27:01,186 [WARN] PackLoader:240 - Cannot read IP mode file for STMicroelectronics.X-CUBE-TOF1.3.4.2
2025-04-23 09:27:01,209 [WARN] PackLoader:240 - Cannot read IP mode file for STMicroelectronics.X-CUBE-TOF1.3.4.3
2025-04-23 09:27:01,219 [INFO] ThirdParty:978 - Integrity check success = true
2025-04-23 09:27:01,219 [INFO] IntegrityCheckThread:100 - exiting critical section [integrity check]
2025-04-23 09:27:01,219 [INFO] IntegrityCheckThread:103 - End integrity checks thread
2025-04-23 10:08:06,238 [INFO] WebApp:190 - Connection lost
2025-04-23 10:08:06,482 [INFO] WebApp:187 - Connection restablished
2025-04-23 10:08:11,518 [INFO] WebApp:190 - Connection lost
2025-04-23 10:08:11,608 [INFO] WebApp:187 - Connection restablished
2025-04-23 10:08:15,025 [INFO] WebApp:190 - Connection lost
2025-04-23 10:08:15,111 [INFO] WebApp:187 - Connection restablished
2025-04-23 10:08:21,460 [INFO] WebApp:190 - Connection lost
2025-04-23 10:08:21,545 [INFO] WebApp:187 - Connection restablished
2025-04-23 10:08:24,532 [INFO] WebApp:190 - Connection lost
2025-04-23 10:08:24,618 [INFO] WebApp:187 - Connection restablished
2025-04-23 10:14:34,826 [ERROR] LogOutputStream:75 - [STDERR_REDIRECT] 
