2025-07-02 20:46:47,068 [INFO] Activator:176 - 


2025-07-02 20:46:47,071 [INFO] Activator:177 - !SESSION log4j initialized
2025-07-02 20:46:53,000 [INFO] LogOutputStream:77 - [STDOUT_REDIRECT] 
2025-07-02 20:46:55,521 [INFO] ApplicationProperties:184 - Using Application install path: C:\ST\STM32CubeIDE_1.17.0\STM32CubeIDE\plugins\com.st.stm32cube.common.mx_6.13.0.202411220809
2025-07-02 20:46:55,541 [INFO] DbMcusXml:78 - Set database path to: C:\ST\STM32CubeIDE_1.17.0\STM32CubeIDE\plugins\com.st.stm32cube.common.mx_6.13.0.202411220809\\db\/mcu/
2025-07-02 20:46:55,542 [INFO] ApiDb:274 - Set plugin database path to: C:\ST\STM32CubeIDE_1.17.0\STM32CubeIDE\plugins\com.st.stm32cube.common.mx_6.13.0.202411220809\\db\/plugins/boardmanager/
2025-07-02 20:46:55,542 [WARN] ApiDb:259 - Overriding images path with different value:  => C:\ST\STM32CubeIDE_1.17.0\STM32CubeIDE\plugins\com.st.stm32cube.common.mx_6.13.0.202411220809\\db\/plugins/mcufinder/images/
2025-07-02 20:46:55,548 [INFO] ApiDb:250 - Set database path to: C:\Users\a0979\.stmcufinder\plugins\mcufinder//mcu/
2025-07-02 20:46:55,549 [INFO] DbMcusAds:125 - Set database path to: C:\Users\a0979\.stmcufinder\plugins\mcufinder//mcu/
2025-07-02 20:46:55,551 [INFO] CrossReferenceDbSqlite:203 - Set database path to: C:\Users\a0979\.stmcufinder\plugins\mcufinder//mcu/cs/
2025-07-02 20:46:55,650 [INFO] RulesReader:64 - Compatibility file has been processed (297 Rules)
2025-07-02 20:46:55,727 [INFO] DbMcusXml:78 - Set database path to: C:\ST\STM32CubeIDE_1.17.0\STM32CubeIDE\plugins\com.st.stm32cube.common.mx_6.13.0.202411220809\\db\/mcu/
2025-07-02 20:46:55,727 [INFO] ApiDb:274 - Set plugin database path to: C:\ST\STM32CubeIDE_1.17.0\STM32CubeIDE\plugins\com.st.stm32cube.common.mx_6.13.0.202411220809\\db\/plugins/boardmanager/
2025-07-02 20:46:55,727 [INFO] ApiDb:261 - Set plugin images path to: C:\ST\STM32CubeIDE_1.17.0\STM32CubeIDE\plugins\com.st.stm32cube.common.mx_6.13.0.202411220809\\db\/plugins/mcufinder/images/
2025-07-02 20:46:55,728 [WARN] DbFile:41 - Overriding database path with different value: C:\Users\a0979\.stmcufinder\plugins\mcufinder/ => C:\Users\a0979\.stmcufinder\plugins\mcufinder
2025-07-02 20:46:55,728 [INFO] ApiDb:250 - Set database path to: C:\Users\a0979\.stmcufinder\plugins\mcufinder//mcu/
2025-07-02 20:46:55,728 [WARN] DbFile:41 - Overriding database path with different value: C:\Users\a0979\.stmcufinder\plugins\mcufinder/ => C:\Users\a0979\.stmcufinder\plugins\mcufinder
2025-07-02 20:46:55,728 [INFO] DbMcusAds:125 - Set database path to: C:\Users\a0979\.stmcufinder\plugins\mcufinder//mcu/
2025-07-02 20:46:55,728 [WARN] DbFile:41 - Overriding database path with different value: C:\Users\a0979\.stmcufinder\plugins\mcufinder/ => C:\Users\a0979\.stmcufinder\plugins\mcufinder
2025-07-02 20:46:55,728 [WARN] DbFile:41 - Overriding database path with different value: C:\Users\a0979\.stmcufinder\plugins\mcufinder/ => C:\Users\a0979\.stmcufinder\plugins\mcufinder
2025-07-02 20:46:55,728 [INFO] CrossReferenceDbSqlite:203 - Set database path to: C:\Users\a0979\.stmcufinder\plugins\mcufinder//mcu/cs/
2025-07-02 20:46:55,793 [INFO] MainPanel:272 - HeapMemory: 268435456
2025-07-02 20:46:55,883 [INFO] DbMcusXml:78 - Set database path to: C:\ST\STM32CubeIDE_1.17.0\STM32CubeIDE\plugins\com.st.stm32cube.common.mx_6.13.0.202411220809\\db\/mcu/
2025-07-02 20:46:55,883 [INFO] ApiDb:274 - Set plugin database path to: C:\ST\STM32CubeIDE_1.17.0\STM32CubeIDE\plugins\com.st.stm32cube.common.mx_6.13.0.202411220809\\db\/plugins/boardmanager/
2025-07-02 20:46:55,883 [INFO] ApiDb:261 - Set plugin images path to: C:\ST\STM32CubeIDE_1.17.0\STM32CubeIDE\plugins\com.st.stm32cube.common.mx_6.13.0.202411220809\\db\/plugins/mcufinder/images/
2025-07-02 20:46:55,883 [WARN] DbFile:41 - Overriding database path with different value: C:\Users\a0979\.stmcufinder\plugins\mcufinder/ => C:\Users\a0979\.stmcufinder\plugins\mcufinder
2025-07-02 20:46:55,883 [INFO] ApiDb:250 - Set database path to: C:\Users\a0979\.stmcufinder\plugins\mcufinder//mcu/
2025-07-02 20:46:55,884 [WARN] DbFile:41 - Overriding database path with different value: C:\Users\a0979\.stmcufinder\plugins\mcufinder/ => C:\Users\a0979\.stmcufinder\plugins\mcufinder
2025-07-02 20:46:55,884 [INFO] DbMcusAds:125 - Set database path to: C:\Users\a0979\.stmcufinder\plugins\mcufinder//mcu/
2025-07-02 20:46:55,884 [WARN] DbFile:41 - Overriding database path with different value: C:\Users\a0979\.stmcufinder\plugins\mcufinder/ => C:\Users\a0979\.stmcufinder\plugins\mcufinder
2025-07-02 20:46:55,884 [WARN] DbFile:41 - Overriding database path with different value: C:\Users\a0979\.stmcufinder\plugins\mcufinder/ => C:\Users\a0979\.stmcufinder\plugins\mcufinder
2025-07-02 20:46:55,884 [INFO] CrossReferenceDbSqlite:203 - Set database path to: C:\Users\a0979\.stmcufinder\plugins\mcufinder//mcu/cs/
2025-07-02 20:46:55,899 [INFO] ApplicationProperties:184 - Using Application install path: C:\ST\STM32CubeIDE_1.17.0\STM32CubeIDE\plugins\com.st.stm32cube.common.mx_6.13.0.202411220809
2025-07-02 20:46:55,901 [INFO] PluginManage:196 - Search for loadable plugins [exclusion list=, ]
2025-07-02 20:46:55,902 [INFO] PluginManage:310 - Check plugin analytics
2025-07-02 20:46:56,074 [INFO] AnalyticsPlugin:253 - Accepted Software Licenses: 
2025-07-02 20:46:56,074 [INFO] AnalyticsPlugin:255 - Accepted CMSIS Pack Licenses: STMicroelectronics.X-CUBE-BLE1.7.0.0,STMicroelectronics.X-CUBE-AI.10.0.0,STMicroelectronics.X-CUBE-BLE2.3.3.0
2025-07-02 20:46:56,074 [INFO] AnalyticsPlugin:257 - Accepted Firmware Licenses: FW.L4.1.18.0,FW.F4.1.28.0
2025-07-02 20:46:56,078 [INFO] PluginManage:359 - Loaded plugin analytics (category:tool,tabindex:-1)
2025-07-02 20:46:56,079 [INFO] PluginManage:310 - Check plugin cadmodel
2025-07-02 20:46:56,097 [INFO] CADModel:105 - Init CAD model plugin
2025-07-02 20:46:56,097 [INFO] PluginManage:359 - Loaded plugin cadmodel (category:power,tabindex:5)
2025-07-02 20:46:56,098 [INFO] PluginManage:310 - Check plugin clock
2025-07-02 20:46:56,123 [INFO] PluginManage:359 - Loaded plugin clock (category:base,tabindex:2)
2025-07-02 20:46:56,123 [INFO] PluginManage:310 - Check plugin ddr
2025-07-02 20:46:56,126 [INFO] PluginManage:359 - Loaded plugin ddr (category:tool,tabindex:6)
2025-07-02 20:46:56,127 [INFO] PluginManage:310 - Check plugin filemanager
2025-07-02 20:46:56,272 [INFO] PluginManage:359 - Loaded plugin filemanager (category:base,tabindex:10)
2025-07-02 20:46:56,273 [INFO] PluginManage:310 - Check plugin ipmanager
2025-07-02 20:46:56,280 [INFO] PluginManage:359 - Loaded plugin ipmanager (category:base,tabindex:5)
2025-07-02 20:46:56,280 [INFO] PluginManage:310 - Check plugin lpbam
2025-07-02 20:46:56,299 [INFO] PluginManage:359 - Loaded plugin lpbam (category:base,tabindex:0)
2025-07-02 20:46:56,299 [INFO] PluginManage:310 - Check plugin memorymap
2025-07-02 20:46:56,323 [INFO] PluginManage:359 - Loaded plugin memorymap (category:base,tabindex:4)
2025-07-02 20:46:56,323 [INFO] PluginManage:310 - Check plugin pinoutandconfiguration
2025-07-02 20:46:56,341 [INFO] PluginManage:359 - Loaded plugin pinoutandconfiguration (category:base,tabindex:1)
2025-07-02 20:46:56,341 [INFO] PluginManage:310 - Check plugin pinoutconfig
2025-07-02 20:46:56,427 [WARN] SupportedApi:132 - Cannot load RTOS API schema: s4s-elt-must-match.1: The content of 'definitions' must match (annotation?, (simpleType | complexType)?, (unique | key | keyref)*)). A problem was found starting at: attribute.
2025-07-02 20:46:56,547 [INFO] PluginManage:359 - Loaded plugin pinoutconfig (category:base,tabindex:0)
2025-07-02 20:46:56,547 [INFO] PluginManage:310 - Check plugin power
2025-07-02 20:46:56,568 [INFO] PluginManage:359 - Loaded plugin power (category:power,tabindex:4)
2025-07-02 20:46:56,568 [INFO] PluginManage:310 - Check plugin projectmanager
2025-07-02 20:46:56,582 [INFO] PluginManage:359 - Loaded plugin projectmanager (category:projectmanager,tabindex:4)
2025-07-02 20:46:56,582 [INFO] PluginManage:310 - Check plugin rif
2025-07-02 20:46:56,598 [INFO] PluginManage:359 - Loaded plugin rif (category:base,tabindex:3)
2025-07-02 20:46:56,598 [INFO] PluginManage:310 - Check plugin thirdparty
2025-07-02 20:46:56,848 [WARN] IntegrityCheckThread:84 - waiting for thirdparty lock release [integrity check]
2025-07-02 20:46:56,848 [INFO] PluginManage:359 - Loaded plugin thirdparty (category:base,tabindex:-1)
2025-07-02 20:46:56,849 [INFO] IntegrityCheckThread:86 - entering critical section [integrity check]
2025-07-02 20:46:56,849 [INFO] PluginManage:310 - Check plugin tools
2025-07-02 20:46:56,849 [INFO] ThirdPartyUpdaterWithRetryManager:70 - Updater plugin not ready yet. [1/15]
2025-07-02 20:46:56,880 [INFO] PluginManage:359 - Loaded plugin tools (category:base,tabindex:7)
2025-07-02 20:46:56,880 [INFO] PluginManage:310 - Check plugin tutovideos
2025-07-02 20:46:57,028 [INFO] PluginManage:359 - Loaded plugin tutovideos (category:base,tabindex:-1)
2025-07-02 20:46:57,028 [INFO] PluginManage:310 - Check plugin updater
2025-07-02 20:46:57,044 [INFO] PluginManage:359 - Loaded plugin updater (category:base,tabindex:12)
2025-07-02 20:46:57,044 [INFO] PluginManage:310 - Check plugin userauth
2025-07-02 20:46:57,047 [INFO] UserAuth:118 - Init User Auth plugin
2025-07-02 20:46:57,048 [INFO] PluginManage:359 - Loaded plugin userauth (category:base,tabindex:14)
2025-07-02 20:46:57,049 [INFO] PluginManage:283 - PluginManage : Loaded plugins [18]
2025-07-02 20:46:57,218 [INFO] PinOutPanel:1589 - setPackage(No Configuration,No Configuration)
2025-07-02 20:46:57,283 [INFO] CADModel:165 - CPN selected for project level
2025-07-02 20:46:57,283 [INFO] CADModel:114 - Register for checkConnection events
2025-07-02 20:46:57,308 [INFO] IPUIPlugin:80 - create IPUIPlugin
2025-07-02 20:46:57,308 [INFO] PluginManager:220 - loadIPPluginJar : add adc
2025-07-02 20:46:57,342 [INFO] IPUIPlugin:80 - create IPUIPlugin
2025-07-02 20:46:57,342 [INFO] PluginManager:220 - loadIPPluginJar : add aes
2025-07-02 20:46:57,378 [INFO] IPUIPlugin:80 - create IPUIPlugin
2025-07-02 20:46:57,378 [INFO] PluginManager:220 - loadIPPluginJar : add can
2025-07-02 20:46:57,403 [INFO] IPUIPlugin:80 - create IPUIPlugin
2025-07-02 20:46:57,403 [INFO] PluginManager:220 - loadIPPluginJar : add comp
2025-07-02 20:46:57,431 [INFO] IPUIPlugin:80 - create IPUIPlugin
2025-07-02 20:46:57,431 [INFO] PluginManager:220 - loadIPPluginJar : add cryp
2025-07-02 20:46:57,443 [INFO] IPUIPlugin:80 - create IPUIPlugin
2025-07-02 20:46:57,444 [INFO] PluginManager:220 - loadIPPluginJar : add ddr_ctrl_phy
2025-07-02 20:46:57,469 [INFO] IPUIPlugin:80 - create IPUIPlugin
2025-07-02 20:46:57,469 [INFO] PluginManager:220 - loadIPPluginJar : add dfsdm
2025-07-02 20:46:57,482 [INFO] IPUIPlugin:80 - create IPUIPlugin
2025-07-02 20:46:57,482 [INFO] PluginManager:220 - loadIPPluginJar : add dma
2025-07-02 20:46:57,513 [INFO] IPUIPlugin:80 - create IPUIPlugin
2025-07-02 20:46:57,513 [INFO] PluginManager:220 - loadIPPluginJar : add dma3
2025-07-02 20:46:57,555 [INFO] IPUIPlugin:80 - create IPUIPlugin
2025-07-02 20:46:57,555 [INFO] PluginManager:220 - loadIPPluginJar : add extmemmanager
2025-07-02 20:46:57,573 [INFO] IPUIPlugin:80 - create IPUIPlugin
2025-07-02 20:46:57,573 [INFO] PluginManager:220 - loadIPPluginJar : add fatfs
2025-07-02 20:46:57,613 [INFO] IPUIPlugin:80 - create IPUIPlugin
2025-07-02 20:46:57,613 [INFO] PluginManager:220 - loadIPPluginJar : add fmc
2025-07-02 20:46:57,627 [INFO] IPUIPlugin:80 - create IPUIPlugin
2025-07-02 20:46:57,627 [INFO] PluginManager:220 - loadIPPluginJar : add freertos
2025-07-02 20:46:57,646 [INFO] IPUIPlugin:80 - create IPUIPlugin
2025-07-02 20:46:57,646 [INFO] PluginManager:220 - loadIPPluginJar : add genericplugin
2025-07-02 20:46:57,716 [INFO] IPUIPlugin:80 - create IPUIPlugin
2025-07-02 20:46:57,716 [INFO] PluginManager:220 - loadIPPluginJar : add gfxmmu
2025-07-02 20:46:57,813 [INFO] IPUIPlugin:80 - create IPUIPlugin
2025-07-02 20:46:57,813 [INFO] PluginManager:220 - loadIPPluginJar : add gic
2025-07-02 20:46:57,825 [INFO] IPUIPlugin:80 - create IPUIPlugin
2025-07-02 20:46:57,825 [INFO] PluginManager:220 - loadIPPluginJar : add gpio
2025-07-02 20:46:57,898 [INFO] IPUIPlugin:80 - create IPUIPlugin
2025-07-02 20:46:57,898 [INFO] PluginManager:220 - loadIPPluginJar : add gtzc
2025-07-02 20:46:57,926 [INFO] IPUIPlugin:80 - create IPUIPlugin
2025-07-02 20:46:57,926 [INFO] PluginManager:220 - loadIPPluginJar : add hash
2025-07-02 20:46:57,971 [INFO] IPUIPlugin:80 - create IPUIPlugin
2025-07-02 20:46:57,972 [INFO] PluginManager:220 - loadIPPluginJar : add i2c
2025-07-02 20:46:58,003 [INFO] IPUIPlugin:80 - create IPUIPlugin
2025-07-02 20:46:58,003 [INFO] PluginManager:220 - loadIPPluginJar : add i2s
2025-07-02 20:46:58,037 [INFO] IPUIPlugin:80 - create IPUIPlugin
2025-07-02 20:46:58,037 [INFO] PluginManager:220 - loadIPPluginJar : add i3c
2025-07-02 20:46:58,121 [INFO] IPUIPlugin:80 - create IPUIPlugin
2025-07-02 20:46:58,122 [INFO] PluginManager:220 - loadIPPluginJar : add ipddr
2025-07-02 20:46:58,211 [INFO] IPUIPlugin:80 - create IPUIPlugin
2025-07-02 20:46:58,211 [INFO] PluginManager:220 - loadIPPluginJar : add linkedlist
2025-07-02 20:46:58,249 [INFO] IPUIPlugin:80 - create IPUIPlugin
2025-07-02 20:46:58,249 [INFO] PluginManager:220 - loadIPPluginJar : add lorawan
2025-07-02 20:46:58,286 [INFO] IPUIPlugin:80 - create IPUIPlugin
2025-07-02 20:46:58,286 [INFO] PluginManager:220 - loadIPPluginJar : add ltdc
2025-07-02 20:46:58,301 [INFO] IPUIPlugin:80 - create IPUIPlugin
2025-07-02 20:46:58,301 [INFO] PluginManager:220 - loadIPPluginJar : add mdma
2025-07-02 20:46:58,313 [INFO] IPUIPlugin:80 - create IPUIPlugin
2025-07-02 20:46:58,314 [INFO] PluginManager:220 - loadIPPluginJar : add nvic
2025-07-02 20:46:58,352 [INFO] IPUIPlugin:80 - create IPUIPlugin
2025-07-02 20:46:58,353 [INFO] PluginManager:220 - loadIPPluginJar : add opamp
2025-07-02 20:46:58,414 [INFO] IPUIPlugin:80 - create IPUIPlugin
2025-07-02 20:46:58,414 [INFO] PluginManager:220 - loadIPPluginJar : add openamp
2025-07-02 20:46:58,458 [INFO] IPUIPlugin:80 - create IPUIPlugin
2025-07-02 20:46:58,458 [INFO] PluginManager:220 - loadIPPluginJar : add pdm2pcm
2025-07-02 20:46:58,473 [INFO] IPUIPlugin:80 - create IPUIPlugin
2025-07-02 20:46:58,475 [INFO] PluginManager:220 - loadIPPluginJar : add plateformsettings
2025-07-02 20:46:58,499 [INFO] IPUIPlugin:80 - create IPUIPlugin
2025-07-02 20:46:58,499 [INFO] PluginManager:220 - loadIPPluginJar : add quadspi
2025-07-02 20:46:58,526 [INFO] IPUIPlugin:80 - create IPUIPlugin
2025-07-02 20:46:58,526 [INFO] PluginManager:220 - loadIPPluginJar : add radio
2025-07-02 20:46:58,540 [INFO] IPUIPlugin:80 - create IPUIPlugin
2025-07-02 20:46:58,540 [INFO] PluginManager:220 - loadIPPluginJar : add resmgrutility
2025-07-02 20:46:58,588 [INFO] IPUIPlugin:80 - create IPUIPlugin
2025-07-02 20:46:58,588 [INFO] PluginManager:220 - loadIPPluginJar : add sai
2025-07-02 20:46:58,625 [INFO] IPUIPlugin:80 - create IPUIPlugin
2025-07-02 20:46:58,625 [INFO] PluginManager:220 - loadIPPluginJar : add spi
2025-07-02 20:46:58,686 [INFO] IPUIPlugin:80 - create IPUIPlugin
2025-07-02 20:46:58,686 [INFO] PluginManager:220 - loadIPPluginJar : add stm32_wpan
2025-07-02 20:46:58,710 [INFO] IPUIPlugin:80 - create IPUIPlugin
2025-07-02 20:46:58,710 [INFO] PluginManager:220 - loadIPPluginJar : add tim
2025-07-02 20:46:58,767 [INFO] IPUIPlugin:80 - create IPUIPlugin
2025-07-02 20:46:58,767 [INFO] PluginManager:220 - loadIPPluginJar : add touchsensing
2025-07-02 20:46:58,792 [INFO] IPUIPlugin:80 - create IPUIPlugin
2025-07-02 20:46:58,792 [INFO] PluginManager:220 - loadIPPluginJar : add tracer_emb
2025-07-02 20:46:58,817 [INFO] IPUIPlugin:80 - create IPUIPlugin
2025-07-02 20:46:58,817 [INFO] PluginManager:220 - loadIPPluginJar : add ts
2025-07-02 20:46:58,843 [INFO] IPUIPlugin:80 - create IPUIPlugin
2025-07-02 20:46:58,843 [INFO] PluginManager:220 - loadIPPluginJar : add tsc
2025-07-02 20:46:58,868 [INFO] IPUIPlugin:80 - create IPUIPlugin
2025-07-02 20:46:58,868 [INFO] PluginManager:220 - loadIPPluginJar : add ucpd
2025-07-02 20:46:58,911 [INFO] IPUIPlugin:80 - create IPUIPlugin
2025-07-02 20:46:58,911 [INFO] PluginManager:220 - loadIPPluginJar : add usart
2025-07-02 20:46:58,957 [INFO] IPUIPlugin:80 - create IPUIPlugin
2025-07-02 20:46:58,957 [INFO] PluginManager:220 - loadIPPluginJar : add usbx
2025-07-02 20:46:59,071 [FATAL] Updater:351 - Updater called before beeing initialized
2025-07-02 20:46:59,100 [INFO] RulesReader:64 - Compatibility file has been processed (297 Rules)
2025-07-02 20:46:59,108 [INFO] RulesReader:64 - Compatibility file has been processed (297 Rules)
2025-07-02 20:46:59,116 [INFO] CADModel:165 - CPN selected for project level
2025-07-02 20:46:59,116 [INFO] CADModel:114 - Register for checkConnection events
2025-07-02 20:46:59,117 [FATAL] Updater:351 - Updater called before beeing initialized
2025-07-02 20:46:59,117 [ERROR] CADModel:125 - Updater not yet initialized, retry later 
2025-07-02 20:46:59,250 [FATAL] Updater:351 - Updater called before beeing initialized
2025-07-02 20:46:59,252 [INFO] CADModel:165 - CPN selected for project level
2025-07-02 20:46:59,252 [INFO] CADModel:114 - Register for checkConnection events
2025-07-02 20:46:59,252 [FATAL] Updater:351 - Updater called before beeing initialized
2025-07-02 20:46:59,252 [ERROR] CADModel:125 - Updater not yet initialized, retry later 
2025-07-02 20:46:59,254 [FATAL] Updater:351 - Updater called before beeing initialized
2025-07-02 20:46:59,332 [FATAL] Updater:351 - Updater called before beeing initialized
2025-07-02 20:46:59,341 [INFO] DbMcusAds:53 - JSON generation date=Wed May 07 17:07:55 CST 2025 (1746608875484)
2025-07-02 20:46:59,341 [FATAL] Updater:351 - Updater called before beeing initialized
2025-07-02 20:46:59,369 [WARN] DetailPanel:346 - Failed to get advertising image, set to default
2025-07-02 20:46:59,512 [FATAL] Updater:351 - Updater called before beeing initialized
2025-07-02 20:46:59,514 [FATAL] Updater:351 - Updater called before beeing initialized
2025-07-02 20:46:59,514 [FATAL] Updater:351 - Updater called before beeing initialized
2025-07-02 20:46:59,514 [WARN] DetailPanel:346 - Failed to get advertising image, set to default
2025-07-02 20:46:59,515 [FATAL] Updater:351 - Updater called before beeing initialized
2025-07-02 20:46:59,561 [ERROR] Updater:1198 - MainUpdater not yet initialized. External WinMGr cannot be set.
2025-07-02 20:46:59,569 [INFO] Updater:1134 - Updater Version found : 6.13.0
2025-07-02 20:46:59,584 [INFO] ApplicationProperties:184 - Using Application install path: C:\ST\STM32CubeIDE_1.17.0\STM32CubeIDE\plugins\com.st.stm32cube.common.mx_6.13.0.202411220809
2025-07-02 20:46:59,850 [INFO] ThirdPartyUpdaterWithRetryManager:70 - Updater plugin not ready yet. [2/15]
2025-07-02 20:47:01,162 [ERROR] LogOutputStream:75 - [STDERR_REDIRECT] Jul 02, 2025 8:47:01 PM java.util.prefs.WindowsPreferences <init>
2025-07-02 20:47:01,163 [ERROR] LogOutputStream:75 - [STDERR_REDIRECT] WARNING: Could not open/create prefs root node Software\JavaSoft\Prefs at root 0xffffffff80000002. Windows RegCreateKeyEx(...) returned error code 5.
2025-07-02 20:47:01,163 [ERROR] LogOutputStream:75 - [STDERR_REDIRECT] 
2025-07-02 20:47:01,486 [INFO] MainUpdater:2872 - connection check result : 10
2025-07-02 20:47:01,486 [INFO] MainUpdater:3566 - Updater definition file requires update
2025-07-02 20:47:01,487 [INFO] MainUpdater:289 - Updater Check For Update Now.
2025-07-02 20:47:01,487 [INFO] MicroXplorer:498 - Change Database Version : DB.6.0.130
2025-07-02 20:47:01,502 [INFO] ServerAccessManage:473 - Download File updaters.zip
2025-07-02 20:47:01,505 [INFO] McuFinderGlobals:63 - Set McuFinder mode to 2 (CubeIDE integrated)
2025-07-02 20:47:01,513 [INFO] UserAuth:486 - Internet connection configuration mode: 1
2025-07-02 20:47:01,542 [INFO] JxBrowserEngine:152 - Initiate JxBrowser Engine with user profile folder
2025-07-02 20:47:01,560 [INFO] FileExtend:240 - Unzip File : updaters.zip
2025-07-02 20:47:01,560 [INFO] FileExtend:255 - Standard Zip Deflate
2025-07-02 20:47:02,064 [INFO] ServerAccessManage:473 - Download File PacksControlFlags.xml
2025-07-02 20:47:02,162 [INFO] ServerAccessManage:473 - Download File cubemx.pidx
2025-07-02 20:47:02,244 [INFO] LoadServerUpdatesThread:375 - End of LoadServerUpdate Thread
2025-07-02 20:47:02,408 [INFO] CheckServerUpdateThread:120 - End of CheckServer Thread
2025-07-02 20:47:02,581 [INFO] WebApp:168 - Instantiating new browser for Auth
2025-07-02 20:47:03,045 [WARN] PackLoader:240 - Cannot read IP mode file for STMicroelectronics.FP-SNS-MOTENVWB1.1.4.0
2025-07-02 20:47:03,063 [WARN] PackLoader:240 - Cannot read IP mode file for STMicroelectronics.FP-ATR-ASTRA1.2.0.2
2025-07-02 20:47:03,080 [WARN] PackLoader:240 - Cannot read IP mode file for STMicroelectronics.X-CUBE-SMBUS.2.1.0
2025-07-02 20:47:03,100 [WARN] PackLoader:240 - Cannot read IP mode file for STMicroelectronics.X-CUBE-WB05N.1.1.0
2025-07-02 20:47:03,114 [WARN] PackLoader:240 - Cannot read IP mode file for STMicroelectronics.X-CUBE-ST60.1.0.0
2025-07-02 20:47:03,154 [WARN] PackLoader:240 - Cannot read IP mode file for STMicroelectronics.X-CUBE-AZRTOS-F7.1.1.0
2025-07-02 20:47:03,171 [WARN] PackLoader:240 - Cannot read IP mode file for STMicroelectronics.FP-SNS-FLIGHT1.5.0.2
2025-07-02 20:47:03,198 [INFO] WebApp:449 - Apply proxy settings
2025-07-02 20:47:03,199 [INFO] WebApp:534 - Chromium requires no authentication
2025-07-02 20:47:03,204 [WARN] PackLoader:240 - Cannot read IP mode file for Infineon.AIROC-Wi-Fi-Bluetooth-STM32.1.7.0
2025-07-02 20:47:03,226 [WARN] PackLoader:240 - Cannot read IP mode file for STMicroelectronics.X-CUBE-DISPLAY.3.0.0
2025-07-02 20:47:03,234 [INFO] WebApp:477 - Direct internet connection detected
2025-07-02 20:47:03,246 [WARN] PackLoader:240 - Cannot read IP mode file for STMicroelectronics.X-CUBE-BLE1.7.0.0
2025-07-02 20:47:03,330 [INFO] WebApp:880 - Register for checkConnection events
2025-07-02 20:47:03,331 [INFO] WebApp:449 - Apply proxy settings
2025-07-02 20:47:03,331 [INFO] WebApp:534 - Chromium requires no authentication
2025-07-02 20:47:03,331 [INFO] WebApp:477 - Direct internet connection detected
2025-07-02 20:47:03,353 [WARN] PackLoader:240 - Cannot read IP mode file for STMicroelectronics.X-CUBE-NFC10.1.0.0
2025-07-02 20:47:03,378 [WARN] PackLoader:240 - Cannot read IP mode file for STMicroelectronics.X-CUBE-BLEMGR.4.0.0
2025-07-02 20:47:03,393 [INFO] WebApp:187 - Connection restablished
2025-07-02 20:47:03,396 [WARN] PackLoader:240 - Cannot read IP mode file for emotas.I-CUBE-CANOPEN.1.3.0
2025-07-02 20:47:03,413 [WARN] ConditionMgr:438 - getConditionDescription Invalid condition id : Cortex-A Device cause : null
2025-07-02 20:47:03,433 [WARN] ConditionMgr:1044 - genDependencies : Invalid condition id : Cortex-A Device cause : null
2025-07-02 20:47:03,434 [WARN] ConditionMgr:1044 - genDependencies : Invalid condition id : Cortex-A Device cause : null
2025-07-02 20:47:03,434 [WARN] ConditionMgr:1044 - genDependencies : Invalid condition id : Cortex-A Device cause : null
2025-07-02 20:47:03,455 [WARN] PackLoader:240 - Cannot read IP mode file for STMicroelectronics.X-CUBE-AI.10.0.0
2025-07-02 20:47:03,526 [WARN] PackLoader:240 - Cannot read IP mode file for STMicroelectronics.FP-SNS-SMARTAG2.1.2.0
2025-07-02 20:47:03,540 [WARN] PackLoader:240 - Cannot read IP mode file for STMicroelectronics.FP-SNS-FLIGHT1.5.1.0
2025-07-02 20:47:03,584 [WARN] PackLoader:240 - Cannot read IP mode file for STMicroelectronics.X-CUBE-MEMS1.11.1.0
2025-07-02 20:47:03,701 [INFO] LogOutputStream:77 - [STDOUT_REDIRECT] 1 : Invalid condition id : UX_CORESTACK_Condition cause : null
2025-07-02 20:47:03,702 [INFO] LogOutputStream:77 - [STDOUT_REDIRECT] 1 : Invalid condition id : UX_CORESTACK_Condition cause : null
2025-07-02 20:47:03,704 [INFO] LogOutputStream:77 - [STDOUT_REDIRECT] 1 : Invalid condition id : UX_CORESTACK_Condition cause : null
2025-07-02 20:47:03,705 [INFO] LogOutputStream:77 - [STDOUT_REDIRECT] 1 : Invalid condition id : UX_CORESTACK_Condition cause : null
2025-07-02 20:47:03,707 [INFO] LogOutputStream:77 - [STDOUT_REDIRECT] 1 : Invalid condition id : UX_CORESTACK_Condition cause : null
2025-07-02 20:47:03,708 [WARN] PackLoader:240 - Cannot read IP mode file for STMicroelectronics.X-CUBE-AZRTOS-WL.2.0.0
2025-07-02 20:47:03,722 [WARN] PackLoader:240 - Cannot read IP mode file for STMicroelectronics.FP-SNS-MOTENV1.5.0.0
2025-07-02 20:47:03,742 [WARN] PackLoader:240 - Cannot read IP mode file for WES.I-CUBE-Cesium.1.3.0
2025-07-02 20:47:03,756 [WARN] PackLoader:240 - Cannot read IP mode file for STMicroelectronics.X-CUBE-BLE2.3.3.0
2025-07-02 20:47:03,812 [WARN] PackLoader:240 - Cannot read IP mode file for STMicroelectronics.X-CUBE-NFC9.1.0.0
2025-07-02 20:47:03,827 [WARN] PackLoader:240 - Cannot read IP mode file for wolfSSL.I-CUBE-wolfSSL.5.8.0
2025-07-02 20:47:03,840 [WARN] PackLoader:240 - Cannot read IP mode file for STMicroelectronics.X-CUBE-BLE1.7.1.0
2025-07-02 20:47:03,853 [WARN] PackLoader:240 - Cannot read IP mode file for wolfSSL.I-CUBE-wolfMQTT.1.19.2
2025-07-02 20:47:03,865 [WARN] PackLoader:240 - Cannot read IP mode file for STMicroelectronics.X-CUBE-AI.10.1.0
2025-07-02 20:47:03,898 [WARN] PackLoader:240 - Cannot read IP mode file for STMicroelectronics.X-CUBE-MEMS1.11.2.0
2025-07-02 20:47:03,979 [WARN] PackLoader:240 - Cannot read IP mode file for STMicroelectronics.X-CUBE-AZRTOS-G0.1.1.0
2025-07-02 20:47:03,993 [WARN] PackLoader:240 - Cannot read IP mode file for STMicroelectronics.X-CUBE-SAFEA1.1.2.2
2025-07-02 20:47:04,009 [WARN] PackLoader:240 - Cannot read IP mode file for STMicroelectronics.X-CUBE-NFC4.3.0.0
2025-07-02 20:47:04,022 [WARN] PackLoader:240 - Cannot read IP mode file for EmbeddedOffice.I-CUBE-FS-RTOS.1.0.1
2025-07-02 20:47:04,037 [WARN] PackLoader:240 - Cannot read IP mode file for STMicroelectronics.X-CUBE-WB05N.2.0.0
2025-07-02 20:47:04,051 [WARN] PackLoader:240 - Cannot read IP mode file for wolfSSL.I-CUBE-wolfTPM.3.8.0
2025-07-02 20:47:04,065 [WARN] PackLoader:240 - Cannot read IP mode file for STMicroelectronics.X-CUBE-TCPP.4.2.0
2025-07-02 20:47:04,078 [WARN] PackLoader:240 - Cannot read IP mode file for RealThread.X-CUBE-RT-Thread_Nano.4.1.1
2025-07-02 20:47:04,090 [WARN] PackLoader:240 - Cannot read IP mode file for STMicroelectronics.FP-ATR-SIGFOX1.3.2.0
2025-07-02 20:47:04,101 [WARN] ConditionMgr:438 - getConditionDescription Invalid condition id : Cortex-A Device cause : null
2025-07-02 20:47:04,113 [WARN] ConditionMgr:1044 - genDependencies : Invalid condition id : Cortex-A Device cause : null
2025-07-02 20:47:04,113 [WARN] ConditionMgr:1044 - genDependencies : Invalid condition id : Cortex-A Device cause : null
2025-07-02 20:47:04,113 [WARN] ConditionMgr:1044 - genDependencies : Invalid condition id : Cortex-A Device cause : null
2025-07-02 20:47:04,126 [WARN] PackLoader:240 - Cannot read IP mode file for STMicroelectronics.X-CUBE-EEPRMA1.5.1.0
2025-07-02 20:47:04,137 [WARN] PackLoader:240 - Cannot read IP mode file for wolfSSL.I-CUBE-wolfSSL.5.7.6
2025-07-02 20:47:04,150 [WARN] PackLoader:240 - Cannot read IP mode file for ITTIA_DB.I-CUBE-ITTIADB.8.9.0
2025-07-02 20:47:04,165 [WARN] PackLoader:240 - Cannot read IP mode file for STMicroelectronics.X-CUBE-ST67W61.1.0.0
2025-07-02 20:47:04,187 [WARN] PackLoader:240 - Cannot read IP mode file for SEGGER.I-CUBE-embOS.1.3.1
2025-07-02 20:47:04,225 [WARN] PackLoader:240 - Cannot read IP mode file for STMicroelectronics.X-CUBE-ALGOBUILD.1.4.0
2025-07-02 20:47:04,257 [WARN] PackLoader:240 - Cannot read IP mode file for STMicroelectronics.X-CUBE-MEMS1.11.3.0
2025-07-02 20:47:04,331 [WARN] PackLoader:240 - Cannot read IP mode file for STMicroelectronics.X-CUBE-PM33A1.1.0.0
2025-07-02 20:47:04,352 [WARN] PackLoader:240 - Cannot read IP mode file for STMicroelectronics.X-CUBE-AZRTOS-F4.1.1.0
2025-07-02 20:47:04,365 [WARN] PackLoader:240 - Cannot read IP mode file for Avnet-IotConnect.X-CUBE-IoTC-DA16k-PMOD.1.0.0
2025-07-02 20:47:04,377 [WARN] PackLoader:240 - Cannot read IP mode file for STMicroelectronics.X-CUBE-ISPU.2.1.0
2025-07-02 20:47:04,399 [WARN] PackLoader:240 - Cannot read IP mode file for STMicroelectronics.X-CUBE-AZRTOS-L5.2.0.0
2025-07-02 20:47:04,414 [WARN] PackLoader:240 - Cannot read IP mode file for STMicroelectronics.X-CUBE-NFC6.3.1.0
2025-07-02 20:47:04,428 [WARN] PackLoader:240 - Cannot read IP mode file for STMicroelectronics.X-CUBE-DPower.1.2.0
2025-07-02 20:47:04,444 [WARN] PackLoader:240 - Cannot read IP mode file for STMicroelectronics.X-CUBE-FREERTOS.1.3.1
2025-07-02 20:47:04,445 [INFO] WebApp:221 - Starting web application
2025-07-02 20:47:04,445 [INFO] WebApp:579 - Web application path used C:\ST\STM32CubeIDE_1.17.0\STM32CubeIDE\plugins\com.st.stm32cube.common.mx_6.13.0.202411220809\db\plugins\mcufinder\reactClient1\index.html
2025-07-02 20:47:04,458 [WARN] PackLoader:240 - Cannot read IP mode file for STMicroelectronics.X-CUBE-FREERTOS.1.3.0
2025-07-02 20:47:04,470 [WARN] PackLoader:240 - Cannot read IP mode file for STMicroelectronics.X-CUBE-NFC7.1.0.1
2025-07-02 20:47:04,485 [WARN] PackLoader:240 - Cannot read IP mode file for STMicroelectronics.FP-SNS-STAIOTCFT.1.0.0
2025-07-02 20:47:04,496 [WARN] PackLoader:240 - Cannot read IP mode file for STMicroelectronics.X-CUBE-DPower.1.3.0
2025-07-02 20:47:04,517 [WARN] ConditionMgr:438 - getConditionDescription Invalid condition id : LAN8742 Phy interface Condition cause : null
2025-07-02 20:47:04,517 [WARN] PackLoader:240 - Cannot read IP mode file for STMicroelectronics.X-CUBE-AZRTOS-L4.2.0.0
2025-07-02 20:47:04,518 [WARN] ConditionMgr:1044 - genDependencies : Invalid condition id : LAN8742 Phy interface Condition cause : null
2025-07-02 20:47:04,518 [WARN] ConditionMgr:1044 - genDependencies : Invalid condition id : LAN8742 Phy interface Condition cause : null
2025-07-02 20:47:04,518 [WARN] ConditionMgr:1044 - genDependencies : Invalid condition id : LAN8742 Phy interface Condition cause : null
2025-07-02 20:47:04,533 [WARN] PackLoader:240 - Cannot read IP mode file for STMicroelectronics.X-CUBE-SFXS2LP1.4.0.0
2025-07-02 20:47:04,555 [WARN] PackLoader:240 - Cannot read IP mode file for STMicroelectronics.X-CUBE-AZRTOS-H7.3.3.0
2025-07-02 20:47:04,575 [WARN] ConditionMgr:438 - getConditionDescription Invalid condition id : UX DEVICE CLASS RTOS Condition cause : null
2025-07-02 20:47:04,575 [WARN] ConditionMgr:438 - getConditionDescription Invalid condition id : UX DEVICE CLASS RTOS Condition cause : null
2025-07-02 20:47:04,575 [WARN] PackLoader:240 - Cannot read IP mode file for STMicroelectronics.X-CUBE-AZRTOS-WB.2.0.0
2025-07-02 20:47:04,576 [WARN] ConditionMgr:1044 - genDependencies : Invalid condition id : UX DEVICE CLASS RTOS Condition cause : null
2025-07-02 20:47:04,576 [WARN] ConditionMgr:1044 - genDependencies : Invalid condition id : UX DEVICE CLASS RTOS Condition cause : null
2025-07-02 20:47:04,576 [WARN] ConditionMgr:1044 - genDependencies : Invalid condition id : UX DEVICE CLASS RTOS Condition cause : null
2025-07-02 20:47:04,576 [WARN] ConditionMgr:1044 - genDependencies : Invalid condition id : UX DEVICE CLASS RTOS Condition cause : null
2025-07-02 20:47:04,576 [WARN] ConditionMgr:1044 - genDependencies : Invalid condition id : UX DEVICE CLASS RTOS Condition cause : null
2025-07-02 20:47:04,588 [WARN] PackLoader:240 - Cannot read IP mode file for STMicroelectronics.X-CUBE-GNSS1.7.0.1
2025-07-02 20:47:04,604 [WARN] PackLoader:240 - Cannot read IP mode file for STMicroelectronics.X-CUBE-TOUCHGFX.4.25.0
2025-07-02 20:47:04,616 [WARN] PackLoader:240 - Cannot read IP mode file for STMicroelectronics.FP-SNS-STBOX1.2.0.0
2025-07-02 20:47:04,632 [WARN] PackLoader:240 - Cannot read IP mode file for STMicroelectronics.X-CUBE-SUBG2.5.0.0
2025-07-02 20:47:04,660 [WARN] PackLoader:240 - Cannot read IP mode file for STMicroelectronics.X-CUBE-AZRTOS-H7RS.1.1.0
2025-07-02 20:47:04,679 [WARN] PackLoader:240 - Cannot read IP mode file for Cesanta.I-CUBE-Mongoose.7.13.0
2025-07-02 20:47:04,716 [INFO] UserAuth:486 - Internet connection configuration mode: 1
2025-07-02 20:47:04,719 [WARN] PackLoader:240 - Cannot read IP mode file for STMicroelectronics.X-CUBE-AZRTOS-G4.2.0.0
2025-07-02 20:47:04,736 [WARN] PackLoader:240 - Cannot read IP mode file for wolfSSL.I-CUBE-wolfSSH.1.4.20
2025-07-02 20:47:04,746 [WARN] PackLoader:240 - Cannot read IP mode file for STMicroelectronics.X-CUBE-NFC7.2.0.0
2025-07-02 20:47:04,761 [WARN] PackLoader:240 - Cannot read IP mode file for STMicroelectronics.X-CUBE-IPS.3.1.0
2025-07-02 20:47:04,775 [WARN] PackLoader:240 - Cannot read IP mode file for STMicroelectronics.X-CUBE-ALS.1.0.2
2025-07-02 20:47:04,785 [WARN] PackLoader:240 - Cannot read IP mode file for STMicroelectronics.X-CUBE-TOUCHGFX.4.24.2
2025-07-02 20:47:04,797 [WARN] PackLoader:240 - Cannot read IP mode file for portGmbH.I-Cube-SoM-uGOAL.1.1.0
2025-07-02 20:47:04,821 [WARN] PackLoader:240 - Cannot read IP mode file for STMicroelectronics.X-CUBE-AZRTOS-H7RS.1.0.0
2025-07-02 20:47:04,838 [WARN] PackLoader:240 - Cannot read IP mode file for STMicroelectronics.X-CUBE-TOF1.3.4.2
2025-07-02 20:47:04,857 [WARN] PackLoader:240 - Cannot read IP mode file for STMicroelectronics.X-CUBE-TOF1.3.4.3
2025-07-02 20:47:04,860 [INFO] ThirdParty:978 - Integrity check success = true
2025-07-02 20:47:04,860 [INFO] IntegrityCheckThread:100 - exiting critical section [integrity check]
2025-07-02 20:47:04,860 [INFO] IntegrityCheckThread:103 - End integrity checks thread
2025-07-02 20:47:30,919 [ERROR] LogOutputStream:75 - [STDERR_REDIRECT] 
2025-07-02 20:47:30,920 [ERROR] LogOutputStream:75 - [STDERR_REDIRECT] 
2025-07-02 20:52:41,878 [INFO] Activator:176 - 


2025-07-02 20:52:41,884 [INFO] Activator:177 - !SESSION log4j initialized
2025-07-02 20:52:48,903 [INFO] LogOutputStream:77 - [STDOUT_REDIRECT] 
2025-07-02 20:52:51,447 [INFO] ApplicationProperties:184 - Using Application install path: C:\ST\STM32CubeIDE_1.17.0\STM32CubeIDE\plugins\com.st.stm32cube.common.mx_6.13.0.202411220809
2025-07-02 20:52:51,461 [INFO] DbMcusXml:78 - Set database path to: C:\ST\STM32CubeIDE_1.17.0\STM32CubeIDE\plugins\com.st.stm32cube.common.mx_6.13.0.202411220809\\db\/mcu/
2025-07-02 20:52:51,461 [INFO] ApiDb:274 - Set plugin database path to: C:\ST\STM32CubeIDE_1.17.0\STM32CubeIDE\plugins\com.st.stm32cube.common.mx_6.13.0.202411220809\\db\/plugins/boardmanager/
2025-07-02 20:52:51,461 [WARN] ApiDb:259 - Overriding images path with different value:  => C:\ST\STM32CubeIDE_1.17.0\STM32CubeIDE\plugins\com.st.stm32cube.common.mx_6.13.0.202411220809\\db\/plugins/mcufinder/images/
2025-07-02 20:52:51,466 [INFO] ApiDb:250 - Set database path to: C:\Users\a0979\.stmcufinder\plugins\mcufinder//mcu/
2025-07-02 20:52:51,467 [INFO] DbMcusAds:125 - Set database path to: C:\Users\a0979\.stmcufinder\plugins\mcufinder//mcu/
2025-07-02 20:52:51,469 [INFO] CrossReferenceDbSqlite:203 - Set database path to: C:\Users\a0979\.stmcufinder\plugins\mcufinder//mcu/cs/
2025-07-02 20:52:51,557 [INFO] RulesReader:64 - Compatibility file has been processed (297 Rules)
2025-07-02 20:52:51,620 [INFO] DbMcusXml:78 - Set database path to: C:\ST\STM32CubeIDE_1.17.0\STM32CubeIDE\plugins\com.st.stm32cube.common.mx_6.13.0.202411220809\\db\/mcu/
2025-07-02 20:52:51,620 [INFO] ApiDb:274 - Set plugin database path to: C:\ST\STM32CubeIDE_1.17.0\STM32CubeIDE\plugins\com.st.stm32cube.common.mx_6.13.0.202411220809\\db\/plugins/boardmanager/
2025-07-02 20:52:51,620 [INFO] ApiDb:261 - Set plugin images path to: C:\ST\STM32CubeIDE_1.17.0\STM32CubeIDE\plugins\com.st.stm32cube.common.mx_6.13.0.202411220809\\db\/plugins/mcufinder/images/
2025-07-02 20:52:51,620 [WARN] DbFile:41 - Overriding database path with different value: C:\Users\a0979\.stmcufinder\plugins\mcufinder/ => C:\Users\a0979\.stmcufinder\plugins\mcufinder
2025-07-02 20:52:51,620 [INFO] ApiDb:250 - Set database path to: C:\Users\a0979\.stmcufinder\plugins\mcufinder//mcu/
2025-07-02 20:52:51,620 [WARN] DbFile:41 - Overriding database path with different value: C:\Users\a0979\.stmcufinder\plugins\mcufinder/ => C:\Users\a0979\.stmcufinder\plugins\mcufinder
2025-07-02 20:52:51,620 [INFO] DbMcusAds:125 - Set database path to: C:\Users\a0979\.stmcufinder\plugins\mcufinder//mcu/
2025-07-02 20:52:51,620 [WARN] DbFile:41 - Overriding database path with different value: C:\Users\a0979\.stmcufinder\plugins\mcufinder/ => C:\Users\a0979\.stmcufinder\plugins\mcufinder
2025-07-02 20:52:51,621 [WARN] DbFile:41 - Overriding database path with different value: C:\Users\a0979\.stmcufinder\plugins\mcufinder/ => C:\Users\a0979\.stmcufinder\plugins\mcufinder
2025-07-02 20:52:51,621 [INFO] CrossReferenceDbSqlite:203 - Set database path to: C:\Users\a0979\.stmcufinder\plugins\mcufinder//mcu/cs/
2025-07-02 20:52:51,677 [INFO] MainPanel:272 - HeapMemory: 268435456
2025-07-02 20:52:51,770 [INFO] DbMcusXml:78 - Set database path to: C:\ST\STM32CubeIDE_1.17.0\STM32CubeIDE\plugins\com.st.stm32cube.common.mx_6.13.0.202411220809\\db\/mcu/
2025-07-02 20:52:51,771 [INFO] ApiDb:274 - Set plugin database path to: C:\ST\STM32CubeIDE_1.17.0\STM32CubeIDE\plugins\com.st.stm32cube.common.mx_6.13.0.202411220809\\db\/plugins/boardmanager/
2025-07-02 20:52:51,771 [INFO] ApiDb:261 - Set plugin images path to: C:\ST\STM32CubeIDE_1.17.0\STM32CubeIDE\plugins\com.st.stm32cube.common.mx_6.13.0.202411220809\\db\/plugins/mcufinder/images/
2025-07-02 20:52:51,771 [WARN] DbFile:41 - Overriding database path with different value: C:\Users\a0979\.stmcufinder\plugins\mcufinder/ => C:\Users\a0979\.stmcufinder\plugins\mcufinder
2025-07-02 20:52:51,771 [INFO] ApiDb:250 - Set database path to: C:\Users\a0979\.stmcufinder\plugins\mcufinder//mcu/
2025-07-02 20:52:51,771 [WARN] DbFile:41 - Overriding database path with different value: C:\Users\a0979\.stmcufinder\plugins\mcufinder/ => C:\Users\a0979\.stmcufinder\plugins\mcufinder
2025-07-02 20:52:51,771 [INFO] DbMcusAds:125 - Set database path to: C:\Users\a0979\.stmcufinder\plugins\mcufinder//mcu/
2025-07-02 20:52:51,771 [WARN] DbFile:41 - Overriding database path with different value: C:\Users\a0979\.stmcufinder\plugins\mcufinder/ => C:\Users\a0979\.stmcufinder\plugins\mcufinder
2025-07-02 20:52:51,771 [WARN] DbFile:41 - Overriding database path with different value: C:\Users\a0979\.stmcufinder\plugins\mcufinder/ => C:\Users\a0979\.stmcufinder\plugins\mcufinder
2025-07-02 20:52:51,771 [INFO] CrossReferenceDbSqlite:203 - Set database path to: C:\Users\a0979\.stmcufinder\plugins\mcufinder//mcu/cs/
2025-07-02 20:52:51,786 [INFO] ApplicationProperties:184 - Using Application install path: C:\ST\STM32CubeIDE_1.17.0\STM32CubeIDE\plugins\com.st.stm32cube.common.mx_6.13.0.202411220809
2025-07-02 20:52:51,788 [INFO] PluginManage:196 - Search for loadable plugins [exclusion list=, ]
2025-07-02 20:52:51,789 [INFO] PluginManage:310 - Check plugin analytics
2025-07-02 20:52:51,975 [INFO] AnalyticsPlugin:253 - Accepted Software Licenses: 
2025-07-02 20:52:51,976 [INFO] AnalyticsPlugin:255 - Accepted CMSIS Pack Licenses: STMicroelectronics.X-CUBE-BLE1.7.0.0,STMicroelectronics.X-CUBE-AI.10.0.0,STMicroelectronics.X-CUBE-BLE2.3.3.0
2025-07-02 20:52:51,976 [INFO] AnalyticsPlugin:257 - Accepted Firmware Licenses: FW.L4.1.18.0,FW.F4.1.28.0
2025-07-02 20:52:51,981 [INFO] PluginManage:359 - Loaded plugin analytics (category:tool,tabindex:-1)
2025-07-02 20:52:51,982 [INFO] PluginManage:310 - Check plugin cadmodel
2025-07-02 20:52:51,988 [INFO] CADModel:105 - Init CAD model plugin
2025-07-02 20:52:51,988 [INFO] PluginManage:359 - Loaded plugin cadmodel (category:power,tabindex:5)
2025-07-02 20:52:51,988 [INFO] PluginManage:310 - Check plugin clock
2025-07-02 20:52:51,998 [INFO] PluginManage:359 - Loaded plugin clock (category:base,tabindex:2)
2025-07-02 20:52:51,998 [INFO] PluginManage:310 - Check plugin ddr
2025-07-02 20:52:52,000 [INFO] PluginManage:359 - Loaded plugin ddr (category:tool,tabindex:6)
2025-07-02 20:52:52,001 [INFO] PluginManage:310 - Check plugin filemanager
2025-07-02 20:52:52,132 [INFO] PluginManage:359 - Loaded plugin filemanager (category:base,tabindex:10)
2025-07-02 20:52:52,133 [INFO] PluginManage:310 - Check plugin ipmanager
2025-07-02 20:52:52,139 [INFO] PluginManage:359 - Loaded plugin ipmanager (category:base,tabindex:5)
2025-07-02 20:52:52,139 [INFO] PluginManage:310 - Check plugin lpbam
2025-07-02 20:52:52,145 [INFO] PluginManage:359 - Loaded plugin lpbam (category:base,tabindex:0)
2025-07-02 20:52:52,145 [INFO] PluginManage:310 - Check plugin memorymap
2025-07-02 20:52:52,156 [INFO] PluginManage:359 - Loaded plugin memorymap (category:base,tabindex:4)
2025-07-02 20:52:52,156 [INFO] PluginManage:310 - Check plugin pinoutandconfiguration
2025-07-02 20:52:52,162 [INFO] PluginManage:359 - Loaded plugin pinoutandconfiguration (category:base,tabindex:1)
2025-07-02 20:52:52,162 [INFO] PluginManage:310 - Check plugin pinoutconfig
2025-07-02 20:52:52,241 [WARN] SupportedApi:132 - Cannot load RTOS API schema: s4s-elt-must-match.1: The content of 'definitions' must match (annotation?, (simpleType | complexType)?, (unique | key | keyref)*)). A problem was found starting at: attribute.
2025-07-02 20:52:52,365 [INFO] PluginManage:359 - Loaded plugin pinoutconfig (category:base,tabindex:0)
2025-07-02 20:52:52,365 [INFO] PluginManage:310 - Check plugin power
2025-07-02 20:52:52,373 [INFO] PluginManage:359 - Loaded plugin power (category:power,tabindex:4)
2025-07-02 20:52:52,373 [INFO] PluginManage:310 - Check plugin projectmanager
2025-07-02 20:52:52,388 [INFO] PluginManage:359 - Loaded plugin projectmanager (category:projectmanager,tabindex:4)
2025-07-02 20:52:52,388 [INFO] PluginManage:310 - Check plugin rif
2025-07-02 20:52:52,408 [INFO] PluginManage:359 - Loaded plugin rif (category:base,tabindex:3)
2025-07-02 20:52:52,408 [INFO] PluginManage:310 - Check plugin thirdparty
2025-07-02 20:52:52,680 [INFO] PluginManage:359 - Loaded plugin thirdparty (category:base,tabindex:-1)
2025-07-02 20:52:52,680 [WARN] IntegrityCheckThread:84 - waiting for thirdparty lock release [integrity check]
2025-07-02 20:52:52,680 [INFO] PluginManage:310 - Check plugin tools
2025-07-02 20:52:52,680 [INFO] IntegrityCheckThread:86 - entering critical section [integrity check]
2025-07-02 20:52:52,681 [INFO] ThirdPartyUpdaterWithRetryManager:70 - Updater plugin not ready yet. [1/15]
2025-07-02 20:52:52,682 [INFO] PluginManage:359 - Loaded plugin tools (category:base,tabindex:7)
2025-07-02 20:52:52,682 [INFO] PluginManage:310 - Check plugin tutovideos
2025-07-02 20:52:52,835 [INFO] PluginManage:359 - Loaded plugin tutovideos (category:base,tabindex:-1)
2025-07-02 20:52:52,835 [INFO] PluginManage:310 - Check plugin updater
2025-07-02 20:52:52,849 [INFO] PluginManage:359 - Loaded plugin updater (category:base,tabindex:12)
2025-07-02 20:52:52,849 [INFO] PluginManage:310 - Check plugin userauth
2025-07-02 20:52:52,852 [INFO] UserAuth:118 - Init User Auth plugin
2025-07-02 20:52:52,853 [INFO] PluginManage:359 - Loaded plugin userauth (category:base,tabindex:14)
2025-07-02 20:52:52,853 [INFO] PluginManage:283 - PluginManage : Loaded plugins [18]
2025-07-02 20:52:53,001 [INFO] PinOutPanel:1589 - setPackage(No Configuration,No Configuration)
2025-07-02 20:52:53,071 [INFO] CADModel:165 - CPN selected for project level
2025-07-02 20:52:53,071 [INFO] CADModel:114 - Register for checkConnection events
2025-07-02 20:52:53,086 [INFO] IPUIPlugin:80 - create IPUIPlugin
2025-07-02 20:52:53,086 [INFO] PluginManager:220 - loadIPPluginJar : add adc
2025-07-02 20:52:53,089 [INFO] IPUIPlugin:80 - create IPUIPlugin
2025-07-02 20:52:53,089 [INFO] PluginManager:220 - loadIPPluginJar : add aes
2025-07-02 20:52:53,091 [INFO] IPUIPlugin:80 - create IPUIPlugin
2025-07-02 20:52:53,091 [INFO] PluginManager:220 - loadIPPluginJar : add can
2025-07-02 20:52:53,092 [INFO] IPUIPlugin:80 - create IPUIPlugin
2025-07-02 20:52:53,092 [INFO] PluginManager:220 - loadIPPluginJar : add comp
2025-07-02 20:52:53,094 [INFO] IPUIPlugin:80 - create IPUIPlugin
2025-07-02 20:52:53,094 [INFO] PluginManager:220 - loadIPPluginJar : add cryp
2025-07-02 20:52:53,108 [INFO] IPUIPlugin:80 - create IPUIPlugin
2025-07-02 20:52:53,108 [INFO] PluginManager:220 - loadIPPluginJar : add ddr_ctrl_phy
2025-07-02 20:52:53,109 [INFO] IPUIPlugin:80 - create IPUIPlugin
2025-07-02 20:52:53,109 [INFO] PluginManager:220 - loadIPPluginJar : add dfsdm
2025-07-02 20:52:53,113 [INFO] IPUIPlugin:80 - create IPUIPlugin
2025-07-02 20:52:53,114 [INFO] PluginManager:220 - loadIPPluginJar : add dma
2025-07-02 20:52:53,116 [INFO] IPUIPlugin:80 - create IPUIPlugin
2025-07-02 20:52:53,116 [INFO] PluginManager:220 - loadIPPluginJar : add dma3
2025-07-02 20:52:53,118 [INFO] IPUIPlugin:80 - create IPUIPlugin
2025-07-02 20:52:53,118 [INFO] PluginManager:220 - loadIPPluginJar : add extmemmanager
2025-07-02 20:52:53,119 [INFO] IPUIPlugin:80 - create IPUIPlugin
2025-07-02 20:52:53,119 [INFO] PluginManager:220 - loadIPPluginJar : add fatfs
2025-07-02 20:52:53,122 [INFO] IPUIPlugin:80 - create IPUIPlugin
2025-07-02 20:52:53,123 [INFO] PluginManager:220 - loadIPPluginJar : add fmc
2025-07-02 20:52:53,128 [INFO] IPUIPlugin:80 - create IPUIPlugin
2025-07-02 20:52:53,128 [INFO] PluginManager:220 - loadIPPluginJar : add freertos
2025-07-02 20:52:53,129 [INFO] IPUIPlugin:80 - create IPUIPlugin
2025-07-02 20:52:53,129 [INFO] PluginManager:220 - loadIPPluginJar : add genericplugin
2025-07-02 20:52:53,131 [INFO] IPUIPlugin:80 - create IPUIPlugin
2025-07-02 20:52:53,131 [INFO] PluginManager:220 - loadIPPluginJar : add gfxmmu
2025-07-02 20:52:53,134 [INFO] IPUIPlugin:80 - create IPUIPlugin
2025-07-02 20:52:53,134 [INFO] PluginManager:220 - loadIPPluginJar : add gic
2025-07-02 20:52:53,136 [INFO] IPUIPlugin:80 - create IPUIPlugin
2025-07-02 20:52:53,136 [INFO] PluginManager:220 - loadIPPluginJar : add gpio
2025-07-02 20:52:53,138 [INFO] IPUIPlugin:80 - create IPUIPlugin
2025-07-02 20:52:53,138 [INFO] PluginManager:220 - loadIPPluginJar : add gtzc
2025-07-02 20:52:53,139 [INFO] IPUIPlugin:80 - create IPUIPlugin
2025-07-02 20:52:53,139 [INFO] PluginManager:220 - loadIPPluginJar : add hash
2025-07-02 20:52:53,140 [INFO] IPUIPlugin:80 - create IPUIPlugin
2025-07-02 20:52:53,140 [INFO] PluginManager:220 - loadIPPluginJar : add i2c
2025-07-02 20:52:53,143 [INFO] IPUIPlugin:80 - create IPUIPlugin
2025-07-02 20:52:53,143 [INFO] PluginManager:220 - loadIPPluginJar : add i2s
2025-07-02 20:52:53,145 [INFO] IPUIPlugin:80 - create IPUIPlugin
2025-07-02 20:52:53,145 [INFO] PluginManager:220 - loadIPPluginJar : add i3c
2025-07-02 20:52:53,240 [INFO] IPUIPlugin:80 - create IPUIPlugin
2025-07-02 20:52:53,240 [INFO] PluginManager:220 - loadIPPluginJar : add ipddr
2025-07-02 20:52:53,246 [INFO] IPUIPlugin:80 - create IPUIPlugin
2025-07-02 20:52:53,246 [INFO] PluginManager:220 - loadIPPluginJar : add linkedlist
2025-07-02 20:52:53,249 [INFO] IPUIPlugin:80 - create IPUIPlugin
2025-07-02 20:52:53,249 [INFO] PluginManager:220 - loadIPPluginJar : add lorawan
2025-07-02 20:52:53,250 [INFO] IPUIPlugin:80 - create IPUIPlugin
2025-07-02 20:52:53,250 [INFO] PluginManager:220 - loadIPPluginJar : add ltdc
2025-07-02 20:52:53,253 [INFO] IPUIPlugin:80 - create IPUIPlugin
2025-07-02 20:52:53,253 [INFO] PluginManager:220 - loadIPPluginJar : add mdma
2025-07-02 20:52:53,255 [INFO] IPUIPlugin:80 - create IPUIPlugin
2025-07-02 20:52:53,255 [INFO] PluginManager:220 - loadIPPluginJar : add nvic
2025-07-02 20:52:53,257 [INFO] IPUIPlugin:80 - create IPUIPlugin
2025-07-02 20:52:53,257 [INFO] PluginManager:220 - loadIPPluginJar : add opamp
2025-07-02 20:52:53,259 [INFO] IPUIPlugin:80 - create IPUIPlugin
2025-07-02 20:52:53,259 [INFO] PluginManager:220 - loadIPPluginJar : add openamp
2025-07-02 20:52:53,260 [INFO] IPUIPlugin:80 - create IPUIPlugin
2025-07-02 20:52:53,260 [INFO] PluginManager:220 - loadIPPluginJar : add pdm2pcm
2025-07-02 20:52:53,264 [INFO] IPUIPlugin:80 - create IPUIPlugin
2025-07-02 20:52:53,265 [INFO] PluginManager:220 - loadIPPluginJar : add plateformsettings
2025-07-02 20:52:53,266 [INFO] IPUIPlugin:80 - create IPUIPlugin
2025-07-02 20:52:53,266 [INFO] PluginManager:220 - loadIPPluginJar : add quadspi
2025-07-02 20:52:53,267 [INFO] IPUIPlugin:80 - create IPUIPlugin
2025-07-02 20:52:53,268 [INFO] PluginManager:220 - loadIPPluginJar : add radio
2025-07-02 20:52:53,269 [INFO] IPUIPlugin:80 - create IPUIPlugin
2025-07-02 20:52:53,269 [INFO] PluginManager:220 - loadIPPluginJar : add resmgrutility
2025-07-02 20:52:53,271 [INFO] IPUIPlugin:80 - create IPUIPlugin
2025-07-02 20:52:53,271 [INFO] PluginManager:220 - loadIPPluginJar : add sai
2025-07-02 20:52:53,272 [INFO] IPUIPlugin:80 - create IPUIPlugin
2025-07-02 20:52:53,272 [INFO] PluginManager:220 - loadIPPluginJar : add spi
2025-07-02 20:52:53,276 [INFO] IPUIPlugin:80 - create IPUIPlugin
2025-07-02 20:52:53,276 [INFO] PluginManager:220 - loadIPPluginJar : add stm32_wpan
2025-07-02 20:52:53,277 [INFO] IPUIPlugin:80 - create IPUIPlugin
2025-07-02 20:52:53,277 [INFO] PluginManager:220 - loadIPPluginJar : add tim
2025-07-02 20:52:53,279 [INFO] IPUIPlugin:80 - create IPUIPlugin
2025-07-02 20:52:53,279 [INFO] PluginManager:220 - loadIPPluginJar : add touchsensing
2025-07-02 20:52:53,280 [INFO] IPUIPlugin:80 - create IPUIPlugin
2025-07-02 20:52:53,280 [INFO] PluginManager:220 - loadIPPluginJar : add tracer_emb
2025-07-02 20:52:53,281 [INFO] IPUIPlugin:80 - create IPUIPlugin
2025-07-02 20:52:53,281 [INFO] PluginManager:220 - loadIPPluginJar : add ts
2025-07-02 20:52:53,282 [INFO] IPUIPlugin:80 - create IPUIPlugin
2025-07-02 20:52:53,282 [INFO] PluginManager:220 - loadIPPluginJar : add tsc
2025-07-02 20:52:53,283 [INFO] IPUIPlugin:80 - create IPUIPlugin
2025-07-02 20:52:53,284 [INFO] PluginManager:220 - loadIPPluginJar : add ucpd
2025-07-02 20:52:53,285 [INFO] IPUIPlugin:80 - create IPUIPlugin
2025-07-02 20:52:53,285 [INFO] PluginManager:220 - loadIPPluginJar : add usart
2025-07-02 20:52:53,287 [INFO] IPUIPlugin:80 - create IPUIPlugin
2025-07-02 20:52:53,287 [INFO] PluginManager:220 - loadIPPluginJar : add usbx
2025-07-02 20:52:53,398 [FATAL] Updater:351 - Updater called before beeing initialized
2025-07-02 20:52:53,422 [INFO] RulesReader:64 - Compatibility file has been processed (297 Rules)
2025-07-02 20:52:53,432 [INFO] RulesReader:64 - Compatibility file has been processed (297 Rules)
2025-07-02 20:52:53,441 [INFO] CADModel:165 - CPN selected for project level
2025-07-02 20:52:53,442 [INFO] CADModel:114 - Register for checkConnection events
2025-07-02 20:52:53,442 [FATAL] Updater:351 - Updater called before beeing initialized
2025-07-02 20:52:53,442 [ERROR] CADModel:125 - Updater not yet initialized, retry later 
2025-07-02 20:52:53,586 [FATAL] Updater:351 - Updater called before beeing initialized
2025-07-02 20:52:53,588 [INFO] CADModel:165 - CPN selected for project level
2025-07-02 20:52:53,588 [INFO] CADModel:114 - Register for checkConnection events
2025-07-02 20:52:53,588 [FATAL] Updater:351 - Updater called before beeing initialized
2025-07-02 20:52:53,588 [ERROR] CADModel:125 - Updater not yet initialized, retry later 
2025-07-02 20:52:53,591 [FATAL] Updater:351 - Updater called before beeing initialized
2025-07-02 20:52:53,677 [FATAL] Updater:351 - Updater called before beeing initialized
2025-07-02 20:52:53,687 [INFO] DbMcusAds:53 - JSON generation date=Thu Jun 19 16:32:37 CST 2025 (1750321957418)
2025-07-02 20:52:53,688 [FATAL] Updater:351 - Updater called before beeing initialized
2025-07-02 20:52:53,712 [WARN] DetailPanel:346 - Failed to get advertising image, set to default
2025-07-02 20:52:53,904 [FATAL] Updater:351 - Updater called before beeing initialized
2025-07-02 20:52:53,906 [FATAL] Updater:351 - Updater called before beeing initialized
2025-07-02 20:52:53,906 [FATAL] Updater:351 - Updater called before beeing initialized
2025-07-02 20:52:53,906 [WARN] DetailPanel:346 - Failed to get advertising image, set to default
2025-07-02 20:52:53,907 [FATAL] Updater:351 - Updater called before beeing initialized
2025-07-02 20:52:53,957 [ERROR] Updater:1198 - MainUpdater not yet initialized. External WinMGr cannot be set.
2025-07-02 20:52:53,966 [INFO] Updater:1134 - Updater Version found : 6.13.0
2025-07-02 20:52:53,978 [INFO] ApplicationProperties:184 - Using Application install path: C:\ST\STM32CubeIDE_1.17.0\STM32CubeIDE\plugins\com.st.stm32cube.common.mx_6.13.0.202411220809
2025-07-02 20:52:55,544 [ERROR] LogOutputStream:75 - [STDERR_REDIRECT] Jul 02, 2025 8:52:55 PM java.util.prefs.WindowsPreferences <init>
2025-07-02 20:52:55,545 [ERROR] LogOutputStream:75 - [STDERR_REDIRECT] WARNING: Could not open/create prefs root node Software\JavaSoft\Prefs at root 0xffffffff80000002. Windows RegCreateKeyEx(...) returned error code 5.
2025-07-02 20:52:55,545 [ERROR] LogOutputStream:75 - [STDERR_REDIRECT] 
2025-07-02 20:52:55,682 [INFO] ThirdPartyUpdaterWithRetryManager:70 - Updater plugin not ready yet. [2/15]
2025-07-02 20:52:55,986 [INFO] MainUpdater:2872 - connection check result : 10
2025-07-02 20:52:55,987 [INFO] MainUpdater:289 - Updater Check For Update Now.
2025-07-02 20:52:55,987 [INFO] MicroXplorer:498 - Change Database Version : DB.6.0.130
2025-07-02 20:52:56,014 [INFO] McuFinderGlobals:63 - Set McuFinder mode to 2 (CubeIDE integrated)
2025-07-02 20:52:56,023 [INFO] UserAuth:486 - Internet connection configuration mode: 1
2025-07-02 20:52:56,087 [INFO] JxBrowserEngine:152 - Initiate JxBrowser Engine with user profile folder
2025-07-02 20:52:56,166 [INFO] CheckServerUpdateThread:120 - End of CheckServer Thread
2025-07-02 20:52:56,765 [INFO] WebApp:168 - Instantiating new browser for Auth
2025-07-02 20:52:57,473 [INFO] WebApp:449 - Apply proxy settings
2025-07-02 20:52:57,473 [INFO] WebApp:534 - Chromium requires no authentication
2025-07-02 20:52:57,485 [INFO] WebApp:477 - Direct internet connection detected
2025-07-02 20:52:57,508 [INFO] WebApp:880 - Register for checkConnection events
2025-07-02 20:52:57,509 [INFO] WebApp:449 - Apply proxy settings
2025-07-02 20:52:57,509 [INFO] WebApp:534 - Chromium requires no authentication
2025-07-02 20:52:57,510 [INFO] WebApp:477 - Direct internet connection detected
2025-07-02 20:52:57,623 [INFO] WebApp:187 - Connection restablished
2025-07-02 20:52:57,702 [INFO] WebApp:221 - Starting web application
2025-07-02 20:52:57,702 [INFO] WebApp:579 - Web application path used C:\ST\STM32CubeIDE_1.17.0\STM32CubeIDE\plugins\com.st.stm32cube.common.mx_6.13.0.202411220809\db\plugins\mcufinder\reactClient1\index.html
2025-07-02 20:52:57,834 [INFO] UserAuth:486 - Internet connection configuration mode: 1
2025-07-02 20:52:58,938 [WARN] PackLoader:240 - Cannot read IP mode file for STMicroelectronics.FP-SNS-MOTENVWB1.1.4.0
2025-07-02 20:52:58,973 [WARN] PackLoader:240 - Cannot read IP mode file for STMicroelectronics.FP-ATR-ASTRA1.2.0.2
2025-07-02 20:52:58,996 [WARN] PackLoader:240 - Cannot read IP mode file for STMicroelectronics.X-CUBE-SMBUS.2.1.0
2025-07-02 20:52:59,021 [WARN] PackLoader:240 - Cannot read IP mode file for STMicroelectronics.X-CUBE-WB05N.1.1.0
2025-07-02 20:52:59,039 [WARN] PackLoader:240 - Cannot read IP mode file for STMicroelectronics.X-CUBE-ST60.1.0.0
2025-07-02 20:52:59,088 [WARN] PackLoader:240 - Cannot read IP mode file for STMicroelectronics.X-CUBE-AZRTOS-F7.1.1.0
2025-07-02 20:52:59,108 [WARN] PackLoader:240 - Cannot read IP mode file for STMicroelectronics.FP-SNS-FLIGHT1.5.0.2
2025-07-02 20:52:59,149 [WARN] PackLoader:240 - Cannot read IP mode file for Infineon.AIROC-Wi-Fi-Bluetooth-STM32.1.7.0
2025-07-02 20:52:59,177 [WARN] PackLoader:240 - Cannot read IP mode file for STMicroelectronics.X-CUBE-DISPLAY.3.0.0
2025-07-02 20:52:59,201 [WARN] PackLoader:240 - Cannot read IP mode file for STMicroelectronics.X-CUBE-BLE1.7.0.0
2025-07-02 20:52:59,318 [WARN] PackLoader:240 - Cannot read IP mode file for STMicroelectronics.X-CUBE-NFC10.1.0.0
2025-07-02 20:52:59,346 [WARN] PackLoader:240 - Cannot read IP mode file for STMicroelectronics.X-CUBE-BLEMGR.4.0.0
2025-07-02 20:52:59,371 [WARN] PackLoader:240 - Cannot read IP mode file for emotas.I-CUBE-CANOPEN.1.3.0
2025-07-02 20:52:59,392 [WARN] ConditionMgr:438 - getConditionDescription Invalid condition id : Cortex-A Device cause : null
2025-07-02 20:52:59,418 [WARN] ConditionMgr:1044 - genDependencies : Invalid condition id : Cortex-A Device cause : null
2025-07-02 20:52:59,418 [WARN] ConditionMgr:1044 - genDependencies : Invalid condition id : Cortex-A Device cause : null
2025-07-02 20:52:59,418 [WARN] ConditionMgr:1044 - genDependencies : Invalid condition id : Cortex-A Device cause : null
2025-07-02 20:52:59,445 [WARN] PackLoader:240 - Cannot read IP mode file for STMicroelectronics.X-CUBE-AI.10.0.0
2025-07-02 20:52:59,533 [WARN] PackLoader:240 - Cannot read IP mode file for STMicroelectronics.FP-SNS-SMARTAG2.1.2.0
2025-07-02 20:52:59,559 [WARN] PackLoader:240 - Cannot read IP mode file for STMicroelectronics.FP-SNS-FLIGHT1.5.1.0
2025-07-02 20:52:59,621 [WARN] PackLoader:240 - Cannot read IP mode file for STMicroelectronics.X-CUBE-MEMS1.11.1.0
2025-07-02 20:52:59,757 [INFO] LogOutputStream:77 - [STDOUT_REDIRECT] 1 : Invalid condition id : UX_CORESTACK_Condition cause : null
2025-07-02 20:52:59,759 [INFO] LogOutputStream:77 - [STDOUT_REDIRECT] 1 : Invalid condition id : UX_CORESTACK_Condition cause : null
2025-07-02 20:52:59,761 [INFO] LogOutputStream:77 - [STDOUT_REDIRECT] 1 : Invalid condition id : UX_CORESTACK_Condition cause : null
2025-07-02 20:52:59,762 [INFO] LogOutputStream:77 - [STDOUT_REDIRECT] 1 : Invalid condition id : UX_CORESTACK_Condition cause : null
2025-07-02 20:52:59,763 [INFO] LogOutputStream:77 - [STDOUT_REDIRECT] 1 : Invalid condition id : UX_CORESTACK_Condition cause : null
2025-07-02 20:52:59,765 [WARN] PackLoader:240 - Cannot read IP mode file for STMicroelectronics.X-CUBE-AZRTOS-WL.2.0.0
2025-07-02 20:52:59,784 [WARN] PackLoader:240 - Cannot read IP mode file for STMicroelectronics.FP-SNS-MOTENV1.5.0.0
2025-07-02 20:52:59,806 [WARN] PackLoader:240 - Cannot read IP mode file for WES.I-CUBE-Cesium.1.3.0
2025-07-02 20:52:59,828 [WARN] PackLoader:240 - Cannot read IP mode file for STMicroelectronics.X-CUBE-BLE2.3.3.0
2025-07-02 20:52:59,891 [WARN] PackLoader:240 - Cannot read IP mode file for STMicroelectronics.X-CUBE-NFC9.1.0.0
2025-07-02 20:52:59,909 [WARN] PackLoader:240 - Cannot read IP mode file for wolfSSL.I-CUBE-wolfSSL.5.8.0
2025-07-02 20:52:59,924 [WARN] PackLoader:240 - Cannot read IP mode file for STMicroelectronics.X-CUBE-BLE1.7.1.0
2025-07-02 20:52:59,942 [WARN] PackLoader:240 - Cannot read IP mode file for wolfSSL.I-CUBE-wolfMQTT.1.19.2
2025-07-02 20:52:59,959 [WARN] PackLoader:240 - Cannot read IP mode file for STMicroelectronics.X-CUBE-AI.10.1.0
2025-07-02 20:53:00,011 [WARN] PackLoader:240 - Cannot read IP mode file for STMicroelectronics.X-CUBE-MEMS1.11.2.0
2025-07-02 20:53:00,159 [WARN] PackLoader:240 - Cannot read IP mode file for STMicroelectronics.X-CUBE-AZRTOS-G0.1.1.0
2025-07-02 20:53:00,178 [WARN] PackLoader:240 - Cannot read IP mode file for STMicroelectronics.X-CUBE-SAFEA1.1.2.2
2025-07-02 20:53:00,197 [WARN] PackLoader:240 - Cannot read IP mode file for STMicroelectronics.X-CUBE-NFC4.3.0.0
2025-07-02 20:53:00,216 [WARN] PackLoader:240 - Cannot read IP mode file for EmbeddedOffice.I-CUBE-FS-RTOS.1.0.1
2025-07-02 20:53:00,235 [WARN] PackLoader:240 - Cannot read IP mode file for STMicroelectronics.X-CUBE-WB05N.2.0.0
2025-07-02 20:53:00,251 [WARN] PackLoader:240 - Cannot read IP mode file for wolfSSL.I-CUBE-wolfTPM.3.8.0
2025-07-02 20:53:00,267 [WARN] PackLoader:240 - Cannot read IP mode file for STMicroelectronics.X-CUBE-TCPP.4.2.0
2025-07-02 20:53:00,287 [WARN] PackLoader:240 - Cannot read IP mode file for RealThread.X-CUBE-RT-Thread_Nano.4.1.1
2025-07-02 20:53:00,303 [WARN] PackLoader:240 - Cannot read IP mode file for STMicroelectronics.FP-ATR-SIGFOX1.3.2.0
2025-07-02 20:53:00,318 [WARN] ConditionMgr:438 - getConditionDescription Invalid condition id : Cortex-A Device cause : null
2025-07-02 20:53:00,337 [WARN] ConditionMgr:1044 - genDependencies : Invalid condition id : Cortex-A Device cause : null
2025-07-02 20:53:00,337 [WARN] ConditionMgr:1044 - genDependencies : Invalid condition id : Cortex-A Device cause : null
2025-07-02 20:53:00,337 [WARN] ConditionMgr:1044 - genDependencies : Invalid condition id : Cortex-A Device cause : null
2025-07-02 20:53:00,352 [WARN] PackLoader:240 - Cannot read IP mode file for STMicroelectronics.X-CUBE-EEPRMA1.5.1.0
2025-07-02 20:53:00,367 [WARN] PackLoader:240 - Cannot read IP mode file for wolfSSL.I-CUBE-wolfSSL.5.7.6
2025-07-02 20:53:00,383 [WARN] PackLoader:240 - Cannot read IP mode file for ITTIA_DB.I-CUBE-ITTIADB.8.9.0
2025-07-02 20:53:00,403 [WARN] PackLoader:240 - Cannot read IP mode file for STMicroelectronics.X-CUBE-ST67W61.1.0.0
2025-07-02 20:53:00,431 [WARN] PackLoader:240 - Cannot read IP mode file for SEGGER.I-CUBE-embOS.1.3.1
2025-07-02 20:53:00,472 [WARN] PackLoader:240 - Cannot read IP mode file for STMicroelectronics.X-CUBE-ALGOBUILD.1.4.0
2025-07-02 20:53:00,506 [WARN] PackLoader:240 - Cannot read IP mode file for STMicroelectronics.X-CUBE-MEMS1.11.3.0
2025-07-02 20:53:00,577 [WARN] PackLoader:240 - Cannot read IP mode file for STMicroelectronics.X-CUBE-PM33A1.1.0.0
2025-07-02 20:53:00,601 [WARN] PackLoader:240 - Cannot read IP mode file for STMicroelectronics.X-CUBE-AZRTOS-F4.1.1.0
2025-07-02 20:53:00,619 [WARN] PackLoader:240 - Cannot read IP mode file for Avnet-IotConnect.X-CUBE-IoTC-DA16k-PMOD.1.0.0
2025-07-02 20:53:00,633 [WARN] PackLoader:240 - Cannot read IP mode file for STMicroelectronics.X-CUBE-ISPU.2.1.0
2025-07-02 20:53:00,659 [WARN] PackLoader:240 - Cannot read IP mode file for STMicroelectronics.X-CUBE-AZRTOS-L5.2.0.0
2025-07-02 20:53:00,680 [WARN] PackLoader:240 - Cannot read IP mode file for STMicroelectronics.X-CUBE-NFC6.3.1.0
2025-07-02 20:53:00,701 [WARN] PackLoader:240 - Cannot read IP mode file for STMicroelectronics.X-CUBE-DPower.1.2.0
2025-07-02 20:53:00,718 [WARN] PackLoader:240 - Cannot read IP mode file for STMicroelectronics.X-CUBE-FREERTOS.1.3.1
2025-07-02 20:53:00,737 [WARN] PackLoader:240 - Cannot read IP mode file for STMicroelectronics.X-CUBE-FREERTOS.1.3.0
2025-07-02 20:53:00,752 [WARN] PackLoader:240 - Cannot read IP mode file for STMicroelectronics.X-CUBE-NFC7.1.0.1
2025-07-02 20:53:00,767 [WARN] PackLoader:240 - Cannot read IP mode file for STMicroelectronics.FP-SNS-STAIOTCFT.1.0.0
2025-07-02 20:53:00,786 [WARN] PackLoader:240 - Cannot read IP mode file for STMicroelectronics.X-CUBE-DPower.1.3.0
2025-07-02 20:53:00,820 [WARN] ConditionMgr:438 - getConditionDescription Invalid condition id : LAN8742 Phy interface Condition cause : null
2025-07-02 20:53:00,820 [WARN] PackLoader:240 - Cannot read IP mode file for STMicroelectronics.X-CUBE-AZRTOS-L4.2.0.0
2025-07-02 20:53:00,821 [WARN] ConditionMgr:1044 - genDependencies : Invalid condition id : LAN8742 Phy interface Condition cause : null
2025-07-02 20:53:00,821 [WARN] ConditionMgr:1044 - genDependencies : Invalid condition id : LAN8742 Phy interface Condition cause : null
2025-07-02 20:53:00,821 [WARN] ConditionMgr:1044 - genDependencies : Invalid condition id : LAN8742 Phy interface Condition cause : null
2025-07-02 20:53:00,840 [WARN] PackLoader:240 - Cannot read IP mode file for STMicroelectronics.X-CUBE-SFXS2LP1.4.0.0
2025-07-02 20:53:00,868 [WARN] PackLoader:240 - Cannot read IP mode file for STMicroelectronics.X-CUBE-AZRTOS-H7.3.3.0
2025-07-02 20:53:00,896 [WARN] ConditionMgr:438 - getConditionDescription Invalid condition id : UX DEVICE CLASS RTOS Condition cause : null
2025-07-02 20:53:00,896 [WARN] ConditionMgr:438 - getConditionDescription Invalid condition id : UX DEVICE CLASS RTOS Condition cause : null
2025-07-02 20:53:00,897 [WARN] PackLoader:240 - Cannot read IP mode file for STMicroelectronics.X-CUBE-AZRTOS-WB.2.0.0
2025-07-02 20:53:00,897 [WARN] ConditionMgr:1044 - genDependencies : Invalid condition id : UX DEVICE CLASS RTOS Condition cause : null
2025-07-02 20:53:00,897 [WARN] ConditionMgr:1044 - genDependencies : Invalid condition id : UX DEVICE CLASS RTOS Condition cause : null
2025-07-02 20:53:00,897 [WARN] ConditionMgr:1044 - genDependencies : Invalid condition id : UX DEVICE CLASS RTOS Condition cause : null
2025-07-02 20:53:00,897 [WARN] ConditionMgr:1044 - genDependencies : Invalid condition id : UX DEVICE CLASS RTOS Condition cause : null
2025-07-02 20:53:00,897 [WARN] ConditionMgr:1044 - genDependencies : Invalid condition id : UX DEVICE CLASS RTOS Condition cause : null
2025-07-02 20:53:00,920 [WARN] PackLoader:240 - Cannot read IP mode file for STMicroelectronics.X-CUBE-GNSS1.7.0.1
2025-07-02 20:53:00,938 [WARN] PackLoader:240 - Cannot read IP mode file for STMicroelectronics.X-CUBE-TOUCHGFX.4.25.0
2025-07-02 20:53:00,957 [WARN] PackLoader:240 - Cannot read IP mode file for STMicroelectronics.FP-SNS-STBOX1.2.0.0
2025-07-02 20:53:00,983 [WARN] PackLoader:240 - Cannot read IP mode file for STMicroelectronics.X-CUBE-SUBG2.5.0.0
2025-07-02 20:53:01,009 [WARN] PackLoader:240 - Cannot read IP mode file for STMicroelectronics.X-CUBE-AZRTOS-H7RS.1.1.0
2025-07-02 20:53:01,028 [WARN] PackLoader:240 - Cannot read IP mode file for Cesanta.I-CUBE-Mongoose.7.13.0
2025-07-02 20:53:01,053 [WARN] PackLoader:240 - Cannot read IP mode file for STMicroelectronics.X-CUBE-AZRTOS-G4.2.0.0
2025-07-02 20:53:01,079 [WARN] PackLoader:240 - Cannot read IP mode file for wolfSSL.I-CUBE-wolfSSH.1.4.20
2025-07-02 20:53:01,112 [WARN] PackLoader:240 - Cannot read IP mode file for STMicroelectronics.X-CUBE-NFC7.2.0.0
2025-07-02 20:53:01,135 [WARN] PackLoader:240 - Cannot read IP mode file for STMicroelectronics.X-CUBE-IPS.3.1.0
2025-07-02 20:53:01,171 [WARN] PackLoader:240 - Cannot read IP mode file for STMicroelectronics.X-CUBE-ALS.1.0.2
2025-07-02 20:53:01,195 [WARN] PackLoader:240 - Cannot read IP mode file for STMicroelectronics.X-CUBE-TOUCHGFX.4.24.2
2025-07-02 20:53:01,217 [WARN] PackLoader:240 - Cannot read IP mode file for portGmbH.I-Cube-SoM-uGOAL.1.1.0
2025-07-02 20:53:01,249 [WARN] PackLoader:240 - Cannot read IP mode file for STMicroelectronics.X-CUBE-AZRTOS-H7RS.1.0.0
2025-07-02 20:53:01,276 [WARN] PackLoader:240 - Cannot read IP mode file for STMicroelectronics.X-CUBE-TOF1.3.4.2
2025-07-02 20:53:01,303 [WARN] PackLoader:240 - Cannot read IP mode file for STMicroelectronics.X-CUBE-TOF1.3.4.3
2025-07-02 20:53:01,309 [INFO] ThirdParty:978 - Integrity check success = true
2025-07-02 20:53:01,309 [INFO] IntegrityCheckThread:100 - exiting critical section [integrity check]
2025-07-02 20:53:01,309 [INFO] IntegrityCheckThread:103 - End integrity checks thread
