2025-08-09 23:47:50,248 [INFO] Activator:176 - 


2025-08-09 23:47:50,252 [INFO] Activator:177 - !SESSION log4j initialized
2025-08-09 23:47:56,256 [INFO] LogOutputStream:77 - [STDOUT_REDIRECT] 
2025-08-09 23:48:00,588 [INFO] ApplicationProperties:184 - Using Application install path: C:\ST\STM32CubeIDE_1.17.0\STM32CubeIDE\plugins\com.st.stm32cube.common.mx_6.13.0.202411220809
2025-08-09 23:48:00,604 [INFO] DbMcusXml:78 - Set database path to: C:\ST\STM32CubeIDE_1.17.0\STM32CubeIDE\plugins\com.st.stm32cube.common.mx_6.13.0.202411220809\\db\/mcu/
2025-08-09 23:48:00,604 [INFO] ApiDb:274 - Set plugin database path to: C:\ST\STM32CubeIDE_1.17.0\STM32CubeIDE\plugins\com.st.stm32cube.common.mx_6.13.0.202411220809\\db\/plugins/boardmanager/
2025-08-09 23:48:00,604 [WARN] ApiDb:259 - Overriding images path with different value:  => C:\ST\STM32CubeIDE_1.17.0\STM32CubeIDE\plugins\com.st.stm32cube.common.mx_6.13.0.202411220809\\db\/plugins/mcufinder/images/
2025-08-09 23:48:00,613 [INFO] ApiDb:250 - Set database path to: C:\Users\a0979\.stmcufinder\plugins\mcufinder//mcu/
2025-08-09 23:48:00,614 [INFO] DbMcusAds:125 - Set database path to: C:\Users\a0979\.stmcufinder\plugins\mcufinder//mcu/
2025-08-09 23:48:00,616 [INFO] CrossReferenceDbSqlite:203 - Set database path to: C:\Users\a0979\.stmcufinder\plugins\mcufinder//mcu/cs/
2025-08-09 23:48:00,719 [INFO] RulesReader:64 - Compatibility file has been processed (297 Rules)
2025-08-09 23:48:00,798 [INFO] DbMcusXml:78 - Set database path to: C:\ST\STM32CubeIDE_1.17.0\STM32CubeIDE\plugins\com.st.stm32cube.common.mx_6.13.0.202411220809\\db\/mcu/
2025-08-09 23:48:00,798 [INFO] ApiDb:274 - Set plugin database path to: C:\ST\STM32CubeIDE_1.17.0\STM32CubeIDE\plugins\com.st.stm32cube.common.mx_6.13.0.202411220809\\db\/plugins/boardmanager/
2025-08-09 23:48:00,799 [INFO] ApiDb:261 - Set plugin images path to: C:\ST\STM32CubeIDE_1.17.0\STM32CubeIDE\plugins\com.st.stm32cube.common.mx_6.13.0.202411220809\\db\/plugins/mcufinder/images/
2025-08-09 23:48:00,799 [WARN] DbFile:41 - Overriding database path with different value: C:\Users\a0979\.stmcufinder\plugins\mcufinder/ => C:\Users\a0979\.stmcufinder\plugins\mcufinder
2025-08-09 23:48:00,799 [INFO] ApiDb:250 - Set database path to: C:\Users\a0979\.stmcufinder\plugins\mcufinder//mcu/
2025-08-09 23:48:00,799 [WARN] DbFile:41 - Overriding database path with different value: C:\Users\a0979\.stmcufinder\plugins\mcufinder/ => C:\Users\a0979\.stmcufinder\plugins\mcufinder
2025-08-09 23:48:00,800 [INFO] DbMcusAds:125 - Set database path to: C:\Users\a0979\.stmcufinder\plugins\mcufinder//mcu/
2025-08-09 23:48:00,800 [WARN] DbFile:41 - Overriding database path with different value: C:\Users\a0979\.stmcufinder\plugins\mcufinder/ => C:\Users\a0979\.stmcufinder\plugins\mcufinder
2025-08-09 23:48:00,800 [WARN] DbFile:41 - Overriding database path with different value: C:\Users\a0979\.stmcufinder\plugins\mcufinder/ => C:\Users\a0979\.stmcufinder\plugins\mcufinder
2025-08-09 23:48:00,800 [INFO] CrossReferenceDbSqlite:203 - Set database path to: C:\Users\a0979\.stmcufinder\plugins\mcufinder//mcu/cs/
2025-08-09 23:48:00,861 [INFO] MainPanel:272 - HeapMemory: 268435456
2025-08-09 23:48:00,941 [INFO] DbMcusXml:78 - Set database path to: C:\ST\STM32CubeIDE_1.17.0\STM32CubeIDE\plugins\com.st.stm32cube.common.mx_6.13.0.202411220809\\db\/mcu/
2025-08-09 23:48:00,941 [INFO] ApiDb:274 - Set plugin database path to: C:\ST\STM32CubeIDE_1.17.0\STM32CubeIDE\plugins\com.st.stm32cube.common.mx_6.13.0.202411220809\\db\/plugins/boardmanager/
2025-08-09 23:48:00,941 [INFO] ApiDb:261 - Set plugin images path to: C:\ST\STM32CubeIDE_1.17.0\STM32CubeIDE\plugins\com.st.stm32cube.common.mx_6.13.0.202411220809\\db\/plugins/mcufinder/images/
2025-08-09 23:48:00,942 [WARN] DbFile:41 - Overriding database path with different value: C:\Users\a0979\.stmcufinder\plugins\mcufinder/ => C:\Users\a0979\.stmcufinder\plugins\mcufinder
2025-08-09 23:48:00,942 [INFO] ApiDb:250 - Set database path to: C:\Users\a0979\.stmcufinder\plugins\mcufinder//mcu/
2025-08-09 23:48:00,942 [WARN] DbFile:41 - Overriding database path with different value: C:\Users\a0979\.stmcufinder\plugins\mcufinder/ => C:\Users\a0979\.stmcufinder\plugins\mcufinder
2025-08-09 23:48:00,942 [INFO] DbMcusAds:125 - Set database path to: C:\Users\a0979\.stmcufinder\plugins\mcufinder//mcu/
2025-08-09 23:48:00,942 [WARN] DbFile:41 - Overriding database path with different value: C:\Users\a0979\.stmcufinder\plugins\mcufinder/ => C:\Users\a0979\.stmcufinder\plugins\mcufinder
2025-08-09 23:48:00,942 [WARN] DbFile:41 - Overriding database path with different value: C:\Users\a0979\.stmcufinder\plugins\mcufinder/ => C:\Users\a0979\.stmcufinder\plugins\mcufinder
2025-08-09 23:48:00,942 [INFO] CrossReferenceDbSqlite:203 - Set database path to: C:\Users\a0979\.stmcufinder\plugins\mcufinder//mcu/cs/
2025-08-09 23:48:00,957 [INFO] ApplicationProperties:184 - Using Application install path: C:\ST\STM32CubeIDE_1.17.0\STM32CubeIDE\plugins\com.st.stm32cube.common.mx_6.13.0.202411220809
2025-08-09 23:48:00,958 [INFO] PluginManage:196 - Search for loadable plugins [exclusion list=, ]
2025-08-09 23:48:00,960 [INFO] PluginManage:310 - Check plugin analytics
2025-08-09 23:48:01,130 [INFO] AnalyticsPlugin:253 - Accepted Software Licenses: 
2025-08-09 23:48:01,130 [INFO] AnalyticsPlugin:255 - Accepted CMSIS Pack Licenses: STMicroelectronics.X-CUBE-BLE1.7.0.0,STMicroelectronics.X-CUBE-AI.10.0.0,STMicroelectronics.X-CUBE-BLE2.3.3.0
2025-08-09 23:48:01,130 [INFO] AnalyticsPlugin:257 - Accepted Firmware Licenses: FW.L4.1.18.0,FW.F4.1.28.0
2025-08-09 23:48:01,135 [INFO] PluginManage:359 - Loaded plugin analytics (category:tool,tabindex:-1)
2025-08-09 23:48:01,135 [INFO] PluginManage:310 - Check plugin cadmodel
2025-08-09 23:48:01,153 [INFO] CADModel:105 - Init CAD model plugin
2025-08-09 23:48:01,153 [INFO] PluginManage:359 - Loaded plugin cadmodel (category:power,tabindex:5)
2025-08-09 23:48:01,154 [INFO] PluginManage:310 - Check plugin clock
2025-08-09 23:48:01,174 [INFO] PluginManage:359 - Loaded plugin clock (category:base,tabindex:2)
2025-08-09 23:48:01,174 [INFO] PluginManage:310 - Check plugin ddr
2025-08-09 23:48:01,178 [INFO] PluginManage:359 - Loaded plugin ddr (category:tool,tabindex:6)
2025-08-09 23:48:01,178 [INFO] PluginManage:310 - Check plugin filemanager
2025-08-09 23:48:01,293 [INFO] PluginManage:359 - Loaded plugin filemanager (category:base,tabindex:10)
2025-08-09 23:48:01,293 [INFO] PluginManage:310 - Check plugin ipmanager
2025-08-09 23:48:01,299 [INFO] PluginManage:359 - Loaded plugin ipmanager (category:base,tabindex:5)
2025-08-09 23:48:01,300 [INFO] PluginManage:310 - Check plugin lpbam
2025-08-09 23:48:01,316 [INFO] PluginManage:359 - Loaded plugin lpbam (category:base,tabindex:0)
2025-08-09 23:48:01,316 [INFO] PluginManage:310 - Check plugin memorymap
2025-08-09 23:48:01,337 [INFO] PluginManage:359 - Loaded plugin memorymap (category:base,tabindex:4)
2025-08-09 23:48:01,337 [INFO] PluginManage:310 - Check plugin pinoutandconfiguration
2025-08-09 23:48:01,355 [INFO] PluginManage:359 - Loaded plugin pinoutandconfiguration (category:base,tabindex:1)
2025-08-09 23:48:01,355 [INFO] PluginManage:310 - Check plugin pinoutconfig
2025-08-09 23:48:01,437 [WARN] SupportedApi:132 - Cannot load RTOS API schema: s4s-elt-must-match.1: The content of 'definitions' must match (annotation?, (simpleType | complexType)?, (unique | key | keyref)*)). A problem was found starting at: attribute.
2025-08-09 23:48:01,534 [INFO] PluginManage:359 - Loaded plugin pinoutconfig (category:base,tabindex:0)
2025-08-09 23:48:01,534 [INFO] PluginManage:310 - Check plugin power
2025-08-09 23:48:01,551 [INFO] PluginManage:359 - Loaded plugin power (category:power,tabindex:4)
2025-08-09 23:48:01,551 [INFO] PluginManage:310 - Check plugin projectmanager
2025-08-09 23:48:01,564 [INFO] PluginManage:359 - Loaded plugin projectmanager (category:projectmanager,tabindex:4)
2025-08-09 23:48:01,564 [INFO] PluginManage:310 - Check plugin rif
2025-08-09 23:48:01,596 [INFO] PluginManage:359 - Loaded plugin rif (category:base,tabindex:3)
2025-08-09 23:48:01,596 [INFO] PluginManage:310 - Check plugin thirdparty
2025-08-09 23:48:01,891 [INFO] PluginManage:359 - Loaded plugin thirdparty (category:base,tabindex:-1)
2025-08-09 23:48:01,891 [WARN] IntegrityCheckThread:84 - waiting for thirdparty lock release [integrity check]
2025-08-09 23:48:01,891 [INFO] IntegrityCheckThread:86 - entering critical section [integrity check]
2025-08-09 23:48:01,891 [INFO] PluginManage:310 - Check plugin tools
2025-08-09 23:48:01,891 [INFO] ThirdPartyUpdaterWithRetryManager:70 - Updater plugin not ready yet. [1/15]
2025-08-09 23:48:01,924 [INFO] PluginManage:359 - Loaded plugin tools (category:base,tabindex:7)
2025-08-09 23:48:01,924 [INFO] PluginManage:310 - Check plugin tutovideos
2025-08-09 23:48:02,140 [INFO] PluginManage:359 - Loaded plugin tutovideos (category:base,tabindex:-1)
2025-08-09 23:48:02,140 [INFO] PluginManage:310 - Check plugin updater
2025-08-09 23:48:02,156 [INFO] PluginManage:359 - Loaded plugin updater (category:base,tabindex:12)
2025-08-09 23:48:02,157 [INFO] PluginManage:310 - Check plugin userauth
2025-08-09 23:48:02,160 [INFO] UserAuth:118 - Init User Auth plugin
2025-08-09 23:48:02,161 [INFO] PluginManage:359 - Loaded plugin userauth (category:base,tabindex:14)
2025-08-09 23:48:02,161 [INFO] PluginManage:283 - PluginManage : Loaded plugins [18]
2025-08-09 23:48:02,408 [INFO] PinOutPanel:1589 - setPackage(No Configuration,No Configuration)
2025-08-09 23:48:02,505 [INFO] CADModel:165 - CPN selected for project level
2025-08-09 23:48:02,505 [INFO] CADModel:114 - Register for checkConnection events
2025-08-09 23:48:02,535 [INFO] IPUIPlugin:80 - create IPUIPlugin
2025-08-09 23:48:02,535 [INFO] PluginManager:220 - loadIPPluginJar : add adc
2025-08-09 23:48:02,574 [INFO] IPUIPlugin:80 - create IPUIPlugin
2025-08-09 23:48:02,574 [INFO] PluginManager:220 - loadIPPluginJar : add aes
2025-08-09 23:48:02,611 [INFO] IPUIPlugin:80 - create IPUIPlugin
2025-08-09 23:48:02,611 [INFO] PluginManager:220 - loadIPPluginJar : add can
2025-08-09 23:48:02,638 [INFO] IPUIPlugin:80 - create IPUIPlugin
2025-08-09 23:48:02,638 [INFO] PluginManager:220 - loadIPPluginJar : add comp
2025-08-09 23:48:02,672 [INFO] IPUIPlugin:80 - create IPUIPlugin
2025-08-09 23:48:02,672 [INFO] PluginManager:220 - loadIPPluginJar : add cryp
2025-08-09 23:48:02,683 [INFO] IPUIPlugin:80 - create IPUIPlugin
2025-08-09 23:48:02,683 [INFO] PluginManager:220 - loadIPPluginJar : add ddr_ctrl_phy
2025-08-09 23:48:02,711 [INFO] IPUIPlugin:80 - create IPUIPlugin
2025-08-09 23:48:02,711 [INFO] PluginManager:220 - loadIPPluginJar : add dfsdm
2025-08-09 23:48:02,724 [INFO] IPUIPlugin:80 - create IPUIPlugin
2025-08-09 23:48:02,725 [INFO] PluginManager:220 - loadIPPluginJar : add dma
2025-08-09 23:48:02,759 [INFO] IPUIPlugin:80 - create IPUIPlugin
2025-08-09 23:48:02,759 [INFO] PluginManager:220 - loadIPPluginJar : add dma3
2025-08-09 23:48:02,797 [INFO] IPUIPlugin:80 - create IPUIPlugin
2025-08-09 23:48:02,797 [INFO] PluginManager:220 - loadIPPluginJar : add extmemmanager
2025-08-09 23:48:02,819 [INFO] IPUIPlugin:80 - create IPUIPlugin
2025-08-09 23:48:02,820 [INFO] PluginManager:220 - loadIPPluginJar : add fatfs
2025-08-09 23:48:02,866 [INFO] IPUIPlugin:80 - create IPUIPlugin
2025-08-09 23:48:02,866 [INFO] PluginManager:220 - loadIPPluginJar : add fmc
2025-08-09 23:48:02,882 [INFO] IPUIPlugin:80 - create IPUIPlugin
2025-08-09 23:48:02,882 [INFO] PluginManager:220 - loadIPPluginJar : add freertos
2025-08-09 23:48:02,904 [INFO] IPUIPlugin:80 - create IPUIPlugin
2025-08-09 23:48:02,904 [INFO] PluginManager:220 - loadIPPluginJar : add genericplugin
2025-08-09 23:48:02,987 [INFO] IPUIPlugin:80 - create IPUIPlugin
2025-08-09 23:48:02,987 [INFO] PluginManager:220 - loadIPPluginJar : add gfxmmu
2025-08-09 23:48:03,093 [INFO] IPUIPlugin:80 - create IPUIPlugin
2025-08-09 23:48:03,093 [INFO] PluginManager:220 - loadIPPluginJar : add gic
2025-08-09 23:48:03,105 [INFO] IPUIPlugin:80 - create IPUIPlugin
2025-08-09 23:48:03,105 [INFO] PluginManager:220 - loadIPPluginJar : add gpio
2025-08-09 23:48:03,194 [INFO] IPUIPlugin:80 - create IPUIPlugin
2025-08-09 23:48:03,194 [INFO] PluginManager:220 - loadIPPluginJar : add gtzc
2025-08-09 23:48:03,232 [INFO] IPUIPlugin:80 - create IPUIPlugin
2025-08-09 23:48:03,232 [INFO] PluginManager:220 - loadIPPluginJar : add hash
2025-08-09 23:48:03,287 [INFO] IPUIPlugin:80 - create IPUIPlugin
2025-08-09 23:48:03,287 [INFO] PluginManager:220 - loadIPPluginJar : add i2c
2025-08-09 23:48:03,327 [INFO] IPUIPlugin:80 - create IPUIPlugin
2025-08-09 23:48:03,327 [INFO] PluginManager:220 - loadIPPluginJar : add i2s
2025-08-09 23:48:03,368 [INFO] IPUIPlugin:80 - create IPUIPlugin
2025-08-09 23:48:03,368 [INFO] PluginManager:220 - loadIPPluginJar : add i3c
2025-08-09 23:48:03,451 [INFO] IPUIPlugin:80 - create IPUIPlugin
2025-08-09 23:48:03,451 [INFO] PluginManager:220 - loadIPPluginJar : add ipddr
2025-08-09 23:48:03,534 [INFO] IPUIPlugin:80 - create IPUIPlugin
2025-08-09 23:48:03,534 [INFO] PluginManager:220 - loadIPPluginJar : add linkedlist
2025-08-09 23:48:03,567 [INFO] IPUIPlugin:80 - create IPUIPlugin
2025-08-09 23:48:03,568 [INFO] PluginManager:220 - loadIPPluginJar : add lorawan
2025-08-09 23:48:03,599 [INFO] IPUIPlugin:80 - create IPUIPlugin
2025-08-09 23:48:03,599 [INFO] PluginManager:220 - loadIPPluginJar : add ltdc
2025-08-09 23:48:03,611 [INFO] IPUIPlugin:80 - create IPUIPlugin
2025-08-09 23:48:03,611 [INFO] PluginManager:220 - loadIPPluginJar : add mdma
2025-08-09 23:48:03,623 [INFO] IPUIPlugin:80 - create IPUIPlugin
2025-08-09 23:48:03,623 [INFO] PluginManager:220 - loadIPPluginJar : add nvic
2025-08-09 23:48:03,657 [INFO] IPUIPlugin:80 - create IPUIPlugin
2025-08-09 23:48:03,657 [INFO] PluginManager:220 - loadIPPluginJar : add opamp
2025-08-09 23:48:03,710 [INFO] IPUIPlugin:80 - create IPUIPlugin
2025-08-09 23:48:03,710 [INFO] PluginManager:220 - loadIPPluginJar : add openamp
2025-08-09 23:48:03,746 [INFO] IPUIPlugin:80 - create IPUIPlugin
2025-08-09 23:48:03,746 [INFO] PluginManager:220 - loadIPPluginJar : add pdm2pcm
2025-08-09 23:48:03,760 [INFO] IPUIPlugin:80 - create IPUIPlugin
2025-08-09 23:48:03,761 [INFO] PluginManager:220 - loadIPPluginJar : add plateformsettings
2025-08-09 23:48:03,784 [INFO] IPUIPlugin:80 - create IPUIPlugin
2025-08-09 23:48:03,784 [INFO] PluginManager:220 - loadIPPluginJar : add quadspi
2025-08-09 23:48:03,806 [INFO] IPUIPlugin:80 - create IPUIPlugin
2025-08-09 23:48:03,806 [INFO] PluginManager:220 - loadIPPluginJar : add radio
2025-08-09 23:48:03,818 [INFO] IPUIPlugin:80 - create IPUIPlugin
2025-08-09 23:48:03,818 [INFO] PluginManager:220 - loadIPPluginJar : add resmgrutility
2025-08-09 23:48:03,856 [INFO] IPUIPlugin:80 - create IPUIPlugin
2025-08-09 23:48:03,856 [INFO] PluginManager:220 - loadIPPluginJar : add sai
2025-08-09 23:48:03,890 [INFO] IPUIPlugin:80 - create IPUIPlugin
2025-08-09 23:48:03,890 [INFO] PluginManager:220 - loadIPPluginJar : add spi
2025-08-09 23:48:03,944 [INFO] IPUIPlugin:80 - create IPUIPlugin
2025-08-09 23:48:03,944 [INFO] PluginManager:220 - loadIPPluginJar : add stm32_wpan
2025-08-09 23:48:03,967 [INFO] IPUIPlugin:80 - create IPUIPlugin
2025-08-09 23:48:03,967 [INFO] PluginManager:220 - loadIPPluginJar : add tim
2025-08-09 23:48:04,020 [INFO] IPUIPlugin:80 - create IPUIPlugin
2025-08-09 23:48:04,020 [INFO] PluginManager:220 - loadIPPluginJar : add touchsensing
2025-08-09 23:48:04,041 [INFO] IPUIPlugin:80 - create IPUIPlugin
2025-08-09 23:48:04,041 [INFO] PluginManager:220 - loadIPPluginJar : add tracer_emb
2025-08-09 23:48:04,063 [INFO] IPUIPlugin:80 - create IPUIPlugin
2025-08-09 23:48:04,063 [INFO] PluginManager:220 - loadIPPluginJar : add ts
2025-08-09 23:48:04,086 [INFO] IPUIPlugin:80 - create IPUIPlugin
2025-08-09 23:48:04,086 [INFO] PluginManager:220 - loadIPPluginJar : add tsc
2025-08-09 23:48:04,109 [INFO] IPUIPlugin:80 - create IPUIPlugin
2025-08-09 23:48:04,109 [INFO] PluginManager:220 - loadIPPluginJar : add ucpd
2025-08-09 23:48:04,145 [INFO] IPUIPlugin:80 - create IPUIPlugin
2025-08-09 23:48:04,146 [INFO] PluginManager:220 - loadIPPluginJar : add usart
2025-08-09 23:48:04,180 [INFO] IPUIPlugin:80 - create IPUIPlugin
2025-08-09 23:48:04,180 [INFO] PluginManager:220 - loadIPPluginJar : add usbx
2025-08-09 23:48:04,289 [FATAL] Updater:351 - Updater called before beeing initialized
2025-08-09 23:48:04,308 [INFO] RulesReader:64 - Compatibility file has been processed (297 Rules)
2025-08-09 23:48:04,315 [INFO] RulesReader:64 - Compatibility file has been processed (297 Rules)
2025-08-09 23:48:04,324 [INFO] CADModel:165 - CPN selected for project level
2025-08-09 23:48:04,325 [INFO] CADModel:114 - Register for checkConnection events
2025-08-09 23:48:04,325 [FATAL] Updater:351 - Updater called before beeing initialized
2025-08-09 23:48:04,325 [ERROR] CADModel:125 - Updater not yet initialized, retry later 
2025-08-09 23:48:04,505 [FATAL] Updater:351 - Updater called before beeing initialized
2025-08-09 23:48:04,507 [INFO] CADModel:165 - CPN selected for project level
2025-08-09 23:48:04,507 [INFO] CADModel:114 - Register for checkConnection events
2025-08-09 23:48:04,507 [FATAL] Updater:351 - Updater called before beeing initialized
2025-08-09 23:48:04,507 [ERROR] CADModel:125 - Updater not yet initialized, retry later 
2025-08-09 23:48:04,510 [FATAL] Updater:351 - Updater called before beeing initialized
2025-08-09 23:48:04,597 [FATAL] Updater:351 - Updater called before beeing initialized
2025-08-09 23:48:04,607 [INFO] DbMcusAds:53 - JSON generation date=Thu Jun 19 16:32:37 CST 2025 (1750321957418)
2025-08-09 23:48:04,607 [FATAL] Updater:351 - Updater called before beeing initialized
2025-08-09 23:48:04,636 [WARN] DetailPanel:346 - Failed to get advertising image, set to default
2025-08-09 23:48:04,790 [FATAL] Updater:351 - Updater called before beeing initialized
2025-08-09 23:48:04,791 [FATAL] Updater:351 - Updater called before beeing initialized
2025-08-09 23:48:04,791 [FATAL] Updater:351 - Updater called before beeing initialized
2025-08-09 23:48:04,792 [WARN] DetailPanel:346 - Failed to get advertising image, set to default
2025-08-09 23:48:04,792 [FATAL] Updater:351 - Updater called before beeing initialized
2025-08-09 23:48:04,837 [ERROR] Updater:1198 - MainUpdater not yet initialized. External WinMGr cannot be set.
2025-08-09 23:48:04,846 [INFO] Updater:1134 - Updater Version found : 6.13.0
2025-08-09 23:48:04,859 [INFO] ApplicationProperties:184 - Using Application install path: C:\ST\STM32CubeIDE_1.17.0\STM32CubeIDE\plugins\com.st.stm32cube.common.mx_6.13.0.202411220809
2025-08-09 23:48:04,896 [INFO] ThirdPartyUpdaterWithRetryManager:70 - Updater plugin not ready yet. [2/15]
2025-08-09 23:48:06,461 [ERROR] LogOutputStream:75 - [STDERR_REDIRECT] Aug 09, 2025 11:48:06 PM java.util.prefs.WindowsPreferences <init>
2025-08-09 23:48:06,462 [ERROR] LogOutputStream:75 - [STDERR_REDIRECT] WARNING: Could not open/create prefs root node Software\JavaSoft\Prefs at root 0xffffffff80000002. Windows RegCreateKeyEx(...) returned error code 5.
2025-08-09 23:48:06,462 [ERROR] LogOutputStream:75 - [STDERR_REDIRECT] 
2025-08-09 23:48:06,940 [INFO] MainUpdater:2872 - connection check result : 10
2025-08-09 23:48:06,940 [INFO] MainUpdater:289 - Updater Check For Update Now.
2025-08-09 23:48:06,940 [INFO] MicroXplorer:498 - Change Database Version : DB.6.0.130
2025-08-09 23:48:06,959 [INFO] McuFinderGlobals:63 - Set McuFinder mode to 2 (CubeIDE integrated)
2025-08-09 23:48:06,967 [INFO] UserAuth:486 - Internet connection configuration mode: 1
2025-08-09 23:48:07,011 [INFO] JxBrowserEngine:152 - Initiate JxBrowser Engine with user profile folder
2025-08-09 23:48:07,159 [INFO] CheckServerUpdateThread:120 - End of CheckServer Thread
2025-08-09 23:48:07,812 [INFO] WebApp:168 - Instantiating new browser for Auth
2025-08-09 23:48:08,149 [WARN] PackLoader:240 - Cannot read IP mode file for STMicroelectronics.FP-SNS-MOTENVWB1.1.4.0
2025-08-09 23:48:08,167 [WARN] PackLoader:240 - Cannot read IP mode file for STMicroelectronics.FP-ATR-ASTRA1.2.0.2
2025-08-09 23:48:08,184 [WARN] PackLoader:240 - Cannot read IP mode file for STMicroelectronics.X-CUBE-SMBUS.2.1.0
2025-08-09 23:48:08,201 [WARN] PackLoader:240 - Cannot read IP mode file for STMicroelectronics.X-CUBE-WB05N.1.1.0
2025-08-09 23:48:08,215 [WARN] PackLoader:240 - Cannot read IP mode file for STMicroelectronics.X-CUBE-ST60.1.0.0
2025-08-09 23:48:08,250 [WARN] PackLoader:240 - Cannot read IP mode file for STMicroelectronics.X-CUBE-AZRTOS-F7.1.1.0
2025-08-09 23:48:08,266 [WARN] PackLoader:240 - Cannot read IP mode file for STMicroelectronics.FP-SNS-FLIGHT1.5.0.2
2025-08-09 23:48:08,302 [WARN] PackLoader:240 - Cannot read IP mode file for Infineon.AIROC-Wi-Fi-Bluetooth-STM32.1.7.0
2025-08-09 23:48:08,334 [WARN] PackLoader:240 - Cannot read IP mode file for STMicroelectronics.X-CUBE-AZRTOS-H7.3.4.0
2025-08-09 23:48:08,351 [WARN] PackLoader:240 - Cannot read IP mode file for STMicroelectronics.X-CUBE-DISPLAY.3.0.0
2025-08-09 23:48:08,390 [WARN] PackLoader:240 - Cannot read IP mode file for STMicroelectronics.X-CUBE-BLE1.7.0.0
2025-08-09 23:48:08,501 [WARN] PackLoader:240 - Cannot read IP mode file for STMicroelectronics.X-CUBE-NFC10.1.0.0
2025-08-09 23:48:08,518 [WARN] PackLoader:240 - Cannot read IP mode file for STMicroelectronics.X-CUBE-BLEMGR.4.0.0
2025-08-09 23:48:08,533 [WARN] PackLoader:240 - Cannot read IP mode file for emotas.I-CUBE-CANOPEN.1.3.0
2025-08-09 23:48:08,547 [WARN] ConditionMgr:438 - getConditionDescription Invalid condition id : Cortex-A Device cause : null
2025-08-09 23:48:08,565 [WARN] ConditionMgr:1044 - genDependencies : Invalid condition id : Cortex-A Device cause : null
2025-08-09 23:48:08,565 [WARN] ConditionMgr:1044 - genDependencies : Invalid condition id : Cortex-A Device cause : null
2025-08-09 23:48:08,565 [WARN] ConditionMgr:1044 - genDependencies : Invalid condition id : Cortex-A Device cause : null
2025-08-09 23:48:08,583 [WARN] PackLoader:240 - Cannot read IP mode file for STMicroelectronics.X-CUBE-AI.10.0.0
2025-08-09 23:48:08,638 [ERROR] Engine:466 - C:\Users\a0979\.stm32cubemx\thirdparties\pdsc\STMicroelectronics.FP-SNS-STBOX1.2.1.0.pdsc: PDSC version is not supported
2025-08-09 23:48:08,650 [WARN] PackLoader:240 - Cannot read IP mode file for STMicroelectronics.FP-SNS-SMARTAG2.1.2.0
2025-08-09 23:48:08,664 [WARN] PackLoader:240 - Cannot read IP mode file for STMicroelectronics.FP-SNS-FLIGHT1.5.1.0
2025-08-09 23:48:08,702 [WARN] PackLoader:240 - Cannot read IP mode file for STMicroelectronics.X-CUBE-MEMS1.11.1.0
2025-08-09 23:48:08,844 [INFO] LogOutputStream:77 - [STDOUT_REDIRECT] 1 : Invalid condition id : UX_CORESTACK_Condition cause : null
2025-08-09 23:48:08,845 [INFO] LogOutputStream:77 - [STDOUT_REDIRECT] 1 : Invalid condition id : UX_CORESTACK_Condition cause : null
2025-08-09 23:48:08,846 [INFO] LogOutputStream:77 - [STDOUT_REDIRECT] 1 : Invalid condition id : UX_CORESTACK_Condition cause : null
2025-08-09 23:48:08,848 [INFO] LogOutputStream:77 - [STDOUT_REDIRECT] 1 : Invalid condition id : UX_CORESTACK_Condition cause : null
2025-08-09 23:48:08,849 [INFO] LogOutputStream:77 - [STDOUT_REDIRECT] 1 : Invalid condition id : UX_CORESTACK_Condition cause : null
2025-08-09 23:48:08,851 [WARN] PackLoader:240 - Cannot read IP mode file for STMicroelectronics.X-CUBE-AZRTOS-WL.2.0.0
2025-08-09 23:48:08,867 [WARN] PackLoader:240 - Cannot read IP mode file for STMicroelectronics.FP-SNS-MOTENV1.5.0.0
2025-08-09 23:48:08,887 [WARN] PackLoader:240 - Cannot read IP mode file for WES.I-CUBE-Cesium.1.3.0
2025-08-09 23:48:08,904 [WARN] PackLoader:240 - Cannot read IP mode file for STMicroelectronics.X-CUBE-BLE2.3.3.0
2025-08-09 23:48:08,961 [WARN] PackLoader:240 - Cannot read IP mode file for STMicroelectronics.X-CUBE-NFC9.1.0.0
2025-08-09 23:48:08,976 [WARN] PackLoader:240 - Cannot read IP mode file for wolfSSL.I-CUBE-wolfSSL.5.8.0
2025-08-09 23:48:08,994 [WARN] PackLoader:240 - Cannot read IP mode file for STMicroelectronics.X-CUBE-BLE1.7.1.0
2025-08-09 23:48:09,006 [WARN] PackLoader:240 - Cannot read IP mode file for wolfSSL.I-CUBE-wolfMQTT.1.19.2
2025-08-09 23:48:09,020 [WARN] PackLoader:240 - Cannot read IP mode file for STMicroelectronics.X-CUBE-EEPRMA1.5.2.0
2025-08-09 23:48:09,033 [WARN] PackLoader:240 - Cannot read IP mode file for STMicroelectronics.X-CUBE-AI.10.1.0
2025-08-09 23:48:09,072 [WARN] PackLoader:240 - Cannot read IP mode file for STMicroelectronics.X-CUBE-MEMS1.11.2.0
2025-08-09 23:48:09,190 [WARN] PackLoader:240 - Cannot read IP mode file for STMicroelectronics.X-CUBE-AZRTOS-G0.1.1.0
2025-08-09 23:48:09,212 [WARN] PackLoader:240 - Cannot read IP mode file for STMicroelectronics.X-CUBE-SAFEA1.1.2.2
2025-08-09 23:48:09,230 [WARN] PackLoader:240 - Cannot read IP mode file for STMicroelectronics.X-CUBE-NFC4.3.0.0
2025-08-09 23:48:09,244 [WARN] PackLoader:240 - Cannot read IP mode file for EmbeddedOffice.I-CUBE-FS-RTOS.1.0.1
2025-08-09 23:48:09,259 [WARN] PackLoader:240 - Cannot read IP mode file for STMicroelectronics.X-CUBE-WB05N.2.0.0
2025-08-09 23:48:09,268 [INFO] WebApp:449 - Apply proxy settings
2025-08-09 23:48:09,268 [INFO] WebApp:534 - Chromium requires no authentication
2025-08-09 23:48:09,274 [WARN] PackLoader:240 - Cannot read IP mode file for wolfSSL.I-CUBE-wolfTPM.3.8.0
2025-08-09 23:48:09,287 [WARN] PackLoader:240 - Cannot read IP mode file for STMicroelectronics.X-CUBE-TCPP.4.2.0
2025-08-09 23:48:09,300 [WARN] PackLoader:240 - Cannot read IP mode file for RealThread.X-CUBE-RT-Thread_Nano.4.1.1
2025-08-09 23:48:09,312 [WARN] PackLoader:240 - Cannot read IP mode file for STMicroelectronics.FP-ATR-SIGFOX1.3.2.0
2025-08-09 23:48:09,322 [INFO] WebApp:477 - Direct internet connection detected
2025-08-09 23:48:09,323 [WARN] ConditionMgr:438 - getConditionDescription Invalid condition id : Cortex-A Device cause : null
2025-08-09 23:48:09,340 [WARN] ConditionMgr:1044 - genDependencies : Invalid condition id : Cortex-A Device cause : null
2025-08-09 23:48:09,340 [WARN] ConditionMgr:1044 - genDependencies : Invalid condition id : Cortex-A Device cause : null
2025-08-09 23:48:09,340 [WARN] ConditionMgr:1044 - genDependencies : Invalid condition id : Cortex-A Device cause : null
2025-08-09 23:48:09,352 [WARN] PackLoader:240 - Cannot read IP mode file for STMicroelectronics.X-CUBE-EEPRMA1.5.1.0
2025-08-09 23:48:09,364 [WARN] PackLoader:240 - Cannot read IP mode file for wolfSSL.I-CUBE-wolfSSL.5.7.6
2025-08-09 23:48:09,378 [WARN] PackLoader:240 - Cannot read IP mode file for ITTIA_DB.I-CUBE-ITTIADB.8.9.0
2025-08-09 23:48:09,397 [WARN] PackLoader:240 - Cannot read IP mode file for STMicroelectronics.X-CUBE-ST67W61.1.0.0
2025-08-09 23:48:09,410 [WARN] PackLoader:240 - Cannot read IP mode file for STMicroelectronics.X-CUBE-AI.10.2.0
2025-08-09 23:48:09,434 [WARN] PackLoader:240 - Cannot read IP mode file for SEGGER.I-CUBE-embOS.1.3.1
2025-08-09 23:48:09,482 [WARN] PackLoader:240 - Cannot read IP mode file for STMicroelectronics.X-CUBE-ALGOBUILD.1.4.0
2025-08-09 23:48:09,500 [INFO] WebApp:187 - Connection restablished
2025-08-09 23:48:09,531 [WARN] PackLoader:240 - Cannot read IP mode file for STMicroelectronics.X-CUBE-MEMS1.11.3.0
2025-08-09 23:48:09,571 [INFO] WebApp:880 - Register for checkConnection events
2025-08-09 23:48:09,571 [INFO] WebApp:449 - Apply proxy settings
2025-08-09 23:48:09,571 [INFO] WebApp:534 - Chromium requires no authentication
2025-08-09 23:48:09,574 [INFO] WebApp:477 - Direct internet connection detected
2025-08-09 23:48:09,631 [WARN] PackLoader:240 - Cannot read IP mode file for STMicroelectronics.X-CUBE-PM33A1.1.0.0
2025-08-09 23:48:09,663 [WARN] PackLoader:240 - Cannot read IP mode file for STMicroelectronics.X-CUBE-AZRTOS-F4.1.1.0
2025-08-09 23:48:09,682 [WARN] PackLoader:240 - Cannot read IP mode file for Avnet-IotConnect.X-CUBE-IoTC-DA16k-PMOD.1.0.0
2025-08-09 23:48:09,699 [WARN] PackLoader:240 - Cannot read IP mode file for STMicroelectronics.X-CUBE-ISPU.2.1.0
2025-08-09 23:48:09,714 [WARN] PackLoader:240 - Cannot read IP mode file for STMicroelectronics.X-CUBE-NFC12.1.0.0
2025-08-09 23:48:09,741 [WARN] PackLoader:240 - Cannot read IP mode file for STMicroelectronics.X-CUBE-AZRTOS-L5.2.0.0
2025-08-09 23:48:09,758 [WARN] PackLoader:240 - Cannot read IP mode file for STMicroelectronics.X-CUBE-NFC6.3.1.0
2025-08-09 23:48:09,774 [WARN] PackLoader:240 - Cannot read IP mode file for STMicroelectronics.X-CUBE-DPower.1.2.0
2025-08-09 23:48:09,788 [WARN] PackLoader:240 - Cannot read IP mode file for STMicroelectronics.X-CUBE-FREERTOS.1.3.1
2025-08-09 23:48:09,801 [WARN] PackLoader:240 - Cannot read IP mode file for STMicroelectronics.X-CUBE-FREERTOS.1.3.0
2025-08-09 23:48:09,814 [WARN] PackLoader:240 - Cannot read IP mode file for STMicroelectronics.X-CUBE-NFC7.1.0.1
2025-08-09 23:48:09,844 [WARN] PackLoader:240 - Cannot read IP mode file for STMicroelectronics.FP-SNS-STAIOTCFT.1.0.0
2025-08-09 23:48:09,859 [WARN] PackLoader:240 - Cannot read IP mode file for STMicroelectronics.X-CUBE-DPower.1.3.0
2025-08-09 23:48:09,887 [WARN] ConditionMgr:438 - getConditionDescription Invalid condition id : LAN8742 Phy interface Condition cause : null
2025-08-09 23:48:09,887 [WARN] PackLoader:240 - Cannot read IP mode file for STMicroelectronics.X-CUBE-AZRTOS-L4.2.0.0
2025-08-09 23:48:09,888 [WARN] ConditionMgr:1044 - genDependencies : Invalid condition id : LAN8742 Phy interface Condition cause : null
2025-08-09 23:48:09,888 [WARN] ConditionMgr:1044 - genDependencies : Invalid condition id : LAN8742 Phy interface Condition cause : null
2025-08-09 23:48:09,888 [WARN] ConditionMgr:1044 - genDependencies : Invalid condition id : LAN8742 Phy interface Condition cause : null
2025-08-09 23:48:09,904 [WARN] PackLoader:240 - Cannot read IP mode file for STMicroelectronics.X-CUBE-SFXS2LP1.4.0.0
2025-08-09 23:48:09,930 [WARN] PackLoader:240 - Cannot read IP mode file for STMicroelectronics.X-CUBE-AZRTOS-H7.3.3.0
2025-08-09 23:48:09,948 [WARN] PackLoader:240 - Cannot read IP mode file for STMicroelectronics.X-CUBE-BLEMGR.4.1.0
2025-08-09 23:48:09,969 [WARN] ConditionMgr:438 - getConditionDescription Invalid condition id : UX DEVICE CLASS RTOS Condition cause : null
2025-08-09 23:48:09,969 [WARN] ConditionMgr:438 - getConditionDescription Invalid condition id : UX DEVICE CLASS RTOS Condition cause : null
2025-08-09 23:48:09,970 [WARN] PackLoader:240 - Cannot read IP mode file for STMicroelectronics.X-CUBE-AZRTOS-WB.2.0.0
2025-08-09 23:48:09,970 [WARN] ConditionMgr:1044 - genDependencies : Invalid condition id : UX DEVICE CLASS RTOS Condition cause : null
2025-08-09 23:48:09,970 [WARN] ConditionMgr:1044 - genDependencies : Invalid condition id : UX DEVICE CLASS RTOS Condition cause : null
2025-08-09 23:48:09,971 [WARN] ConditionMgr:1044 - genDependencies : Invalid condition id : UX DEVICE CLASS RTOS Condition cause : null
2025-08-09 23:48:09,971 [WARN] ConditionMgr:1044 - genDependencies : Invalid condition id : UX DEVICE CLASS RTOS Condition cause : null
2025-08-09 23:48:09,971 [WARN] ConditionMgr:1044 - genDependencies : Invalid condition id : UX DEVICE CLASS RTOS Condition cause : null
2025-08-09 23:48:09,984 [WARN] PackLoader:240 - Cannot read IP mode file for STMicroelectronics.X-CUBE-GNSS1.7.0.1
2025-08-09 23:48:10,002 [WARN] PackLoader:240 - Cannot read IP mode file for STMicroelectronics.X-CUBE-TOUCHGFX.4.25.0
2025-08-09 23:48:10,017 [WARN] PackLoader:240 - Cannot read IP mode file for STMicroelectronics.FP-SNS-STBOX1.2.0.0
2025-08-09 23:48:10,033 [WARN] PackLoader:240 - Cannot read IP mode file for STMicroelectronics.X-CUBE-SUBG2.5.0.0
2025-08-09 23:48:10,058 [WARN] PackLoader:240 - Cannot read IP mode file for STMicroelectronics.X-CUBE-AZRTOS-H7RS.1.1.0
2025-08-09 23:48:10,073 [WARN] PackLoader:240 - Cannot read IP mode file for Cesanta.I-CUBE-Mongoose.7.13.0
2025-08-09 23:48:10,093 [WARN] PackLoader:240 - Cannot read IP mode file for STMicroelectronics.X-CUBE-AZRTOS-G4.2.0.0
2025-08-09 23:48:10,107 [WARN] PackLoader:240 - Cannot read IP mode file for wolfSSL.I-CUBE-wolfSSH.1.4.20
2025-08-09 23:48:10,119 [WARN] PackLoader:240 - Cannot read IP mode file for STMicroelectronics.X-CUBE-NFC7.2.0.0
2025-08-09 23:48:10,135 [WARN] PackLoader:240 - Cannot read IP mode file for STMicroelectronics.X-CUBE-IPS.3.1.0
2025-08-09 23:48:10,149 [WARN] PackLoader:240 - Cannot read IP mode file for STMicroelectronics.X-CUBE-ALS.1.0.2
2025-08-09 23:48:10,162 [WARN] PackLoader:240 - Cannot read IP mode file for STMicroelectronics.X-CUBE-TOUCHGFX.4.24.2
2025-08-09 23:48:10,177 [WARN] PackLoader:240 - Cannot read IP mode file for portGmbH.I-Cube-SoM-uGOAL.1.1.0
2025-08-09 23:48:10,199 [WARN] PackLoader:240 - Cannot read IP mode file for STMicroelectronics.X-CUBE-AZRTOS-H7RS.1.0.0
2025-08-09 23:48:10,219 [WARN] PackLoader:240 - Cannot read IP mode file for STMicroelectronics.X-CUBE-TOF1.3.4.2
2025-08-09 23:48:10,239 [WARN] PackLoader:240 - Cannot read IP mode file for STMicroelectronics.X-CUBE-TOF1.3.4.3
2025-08-09 23:48:10,244 [INFO] ThirdParty:978 - Integrity check success = true
2025-08-09 23:48:10,244 [INFO] IntegrityCheckThread:100 - exiting critical section [integrity check]
2025-08-09 23:48:10,244 [INFO] IntegrityCheckThread:103 - End integrity checks thread
2025-08-09 23:48:10,482 [INFO] WebApp:221 - Starting web application
2025-08-09 23:48:10,482 [INFO] WebApp:579 - Web application path used C:\ST\STM32CubeIDE_1.17.0\STM32CubeIDE\plugins\com.st.stm32cube.common.mx_6.13.0.202411220809\db\plugins\mcufinder\reactClient1\index.html
2025-08-09 23:48:10,695 [INFO] UserAuth:486 - Internet connection configuration mode: 1
