2025-07-19 12:35:43,051 [INFO] Activator:176 - 


2025-07-19 12:35:43,051 [INFO] Activator:177 - !SESSION log4j initialized
2025-07-19 12:35:48,451 [INFO] LogOutputStream:77 - [STDOUT_REDIRECT] 
2025-07-19 12:35:50,713 [INFO] ApplicationProperties:184 - Using Application install path: C:\ST\STM32CubeIDE_1.17.0\STM32CubeIDE\plugins\com.st.stm32cube.common.mx_6.13.0.202411220809
2025-07-19 12:35:50,729 [INFO] DbMcusXml:78 - Set database path to: C:\ST\STM32CubeIDE_1.17.0\STM32CubeIDE\plugins\com.st.stm32cube.common.mx_6.13.0.202411220809\\db\/mcu/
2025-07-19 12:35:50,729 [INFO] ApiDb:274 - Set plugin database path to: C:\ST\STM32CubeIDE_1.17.0\STM32CubeIDE\plugins\com.st.stm32cube.common.mx_6.13.0.202411220809\\db\/plugins/boardmanager/
2025-07-19 12:35:50,729 [WARN] ApiDb:259 - Overriding images path with different value:  => C:\ST\STM32CubeIDE_1.17.0\STM32CubeIDE\plugins\com.st.stm32cube.common.mx_6.13.0.202411220809\\db\/plugins/mcufinder/images/
2025-07-19 12:35:50,738 [INFO] ApiDb:250 - Set database path to: C:\Users\a0979\.stmcufinder\plugins\mcufinder//mcu/
2025-07-19 12:35:50,739 [INFO] DbMcusAds:125 - Set database path to: C:\Users\a0979\.stmcufinder\plugins\mcufinder//mcu/
2025-07-19 12:35:50,741 [INFO] CrossReferenceDbSqlite:203 - Set database path to: C:\Users\a0979\.stmcufinder\plugins\mcufinder//mcu/cs/
2025-07-19 12:35:50,845 [INFO] RulesReader:64 - Compatibility file has been processed (297 Rules)
2025-07-19 12:35:50,925 [INFO] DbMcusXml:78 - Set database path to: C:\ST\STM32CubeIDE_1.17.0\STM32CubeIDE\plugins\com.st.stm32cube.common.mx_6.13.0.202411220809\\db\/mcu/
2025-07-19 12:35:50,925 [INFO] ApiDb:274 - Set plugin database path to: C:\ST\STM32CubeIDE_1.17.0\STM32CubeIDE\plugins\com.st.stm32cube.common.mx_6.13.0.202411220809\\db\/plugins/boardmanager/
2025-07-19 12:35:50,925 [INFO] ApiDb:261 - Set plugin images path to: C:\ST\STM32CubeIDE_1.17.0\STM32CubeIDE\plugins\com.st.stm32cube.common.mx_6.13.0.202411220809\\db\/plugins/mcufinder/images/
2025-07-19 12:35:50,925 [WARN] DbFile:41 - Overriding database path with different value: C:\Users\a0979\.stmcufinder\plugins\mcufinder/ => C:\Users\a0979\.stmcufinder\plugins\mcufinder
2025-07-19 12:35:50,925 [INFO] ApiDb:250 - Set database path to: C:\Users\a0979\.stmcufinder\plugins\mcufinder//mcu/
2025-07-19 12:35:50,925 [WARN] DbFile:41 - Overriding database path with different value: C:\Users\a0979\.stmcufinder\plugins\mcufinder/ => C:\Users\a0979\.stmcufinder\plugins\mcufinder
2025-07-19 12:35:50,925 [INFO] DbMcusAds:125 - Set database path to: C:\Users\a0979\.stmcufinder\plugins\mcufinder//mcu/
2025-07-19 12:35:50,925 [WARN] DbFile:41 - Overriding database path with different value: C:\Users\a0979\.stmcufinder\plugins\mcufinder/ => C:\Users\a0979\.stmcufinder\plugins\mcufinder
2025-07-19 12:35:50,925 [WARN] DbFile:41 - Overriding database path with different value: C:\Users\a0979\.stmcufinder\plugins\mcufinder/ => C:\Users\a0979\.stmcufinder\plugins\mcufinder
2025-07-19 12:35:50,925 [INFO] CrossReferenceDbSqlite:203 - Set database path to: C:\Users\a0979\.stmcufinder\plugins\mcufinder//mcu/cs/
2025-07-19 12:35:50,979 [INFO] MainPanel:272 - HeapMemory: 268435456
2025-07-19 12:35:51,055 [INFO] DbMcusXml:78 - Set database path to: C:\ST\STM32CubeIDE_1.17.0\STM32CubeIDE\plugins\com.st.stm32cube.common.mx_6.13.0.202411220809\\db\/mcu/
2025-07-19 12:35:51,055 [INFO] ApiDb:274 - Set plugin database path to: C:\ST\STM32CubeIDE_1.17.0\STM32CubeIDE\plugins\com.st.stm32cube.common.mx_6.13.0.202411220809\\db\/plugins/boardmanager/
2025-07-19 12:35:51,055 [INFO] ApiDb:261 - Set plugin images path to: C:\ST\STM32CubeIDE_1.17.0\STM32CubeIDE\plugins\com.st.stm32cube.common.mx_6.13.0.202411220809\\db\/plugins/mcufinder/images/
2025-07-19 12:35:51,055 [WARN] DbFile:41 - Overriding database path with different value: C:\Users\a0979\.stmcufinder\plugins\mcufinder/ => C:\Users\a0979\.stmcufinder\plugins\mcufinder
2025-07-19 12:35:51,055 [INFO] ApiDb:250 - Set database path to: C:\Users\a0979\.stmcufinder\plugins\mcufinder//mcu/
2025-07-19 12:35:51,055 [WARN] DbFile:41 - Overriding database path with different value: C:\Users\a0979\.stmcufinder\plugins\mcufinder/ => C:\Users\a0979\.stmcufinder\plugins\mcufinder
2025-07-19 12:35:51,055 [INFO] DbMcusAds:125 - Set database path to: C:\Users\a0979\.stmcufinder\plugins\mcufinder//mcu/
2025-07-19 12:35:51,055 [WARN] DbFile:41 - Overriding database path with different value: C:\Users\a0979\.stmcufinder\plugins\mcufinder/ => C:\Users\a0979\.stmcufinder\plugins\mcufinder
2025-07-19 12:35:51,055 [WARN] DbFile:41 - Overriding database path with different value: C:\Users\a0979\.stmcufinder\plugins\mcufinder/ => C:\Users\a0979\.stmcufinder\plugins\mcufinder
2025-07-19 12:35:51,056 [INFO] CrossReferenceDbSqlite:203 - Set database path to: C:\Users\a0979\.stmcufinder\plugins\mcufinder//mcu/cs/
2025-07-19 12:35:51,069 [INFO] ApplicationProperties:184 - Using Application install path: C:\ST\STM32CubeIDE_1.17.0\STM32CubeIDE\plugins\com.st.stm32cube.common.mx_6.13.0.202411220809
2025-07-19 12:35:51,071 [INFO] PluginManage:196 - Search for loadable plugins [exclusion list=, ]
2025-07-19 12:35:51,074 [INFO] PluginManage:310 - Check plugin analytics
2025-07-19 12:35:51,235 [INFO] AnalyticsPlugin:253 - Accepted Software Licenses: 
2025-07-19 12:35:51,235 [INFO] AnalyticsPlugin:255 - Accepted CMSIS Pack Licenses: STMicroelectronics.X-CUBE-BLE1.7.0.0,STMicroelectronics.X-CUBE-AI.10.0.0,STMicroelectronics.X-CUBE-BLE2.3.3.0
2025-07-19 12:35:51,235 [INFO] AnalyticsPlugin:257 - Accepted Firmware Licenses: FW.L4.1.18.0,FW.F4.1.28.0
2025-07-19 12:35:51,239 [INFO] PluginManage:359 - Loaded plugin analytics (category:tool,tabindex:-1)
2025-07-19 12:35:51,239 [INFO] PluginManage:310 - Check plugin cadmodel
2025-07-19 12:35:51,256 [INFO] CADModel:105 - Init CAD model plugin
2025-07-19 12:35:51,256 [INFO] PluginManage:359 - Loaded plugin cadmodel (category:power,tabindex:5)
2025-07-19 12:35:51,256 [INFO] PluginManage:310 - Check plugin clock
2025-07-19 12:35:51,273 [INFO] PluginManage:359 - Loaded plugin clock (category:base,tabindex:2)
2025-07-19 12:35:51,273 [INFO] PluginManage:310 - Check plugin ddr
2025-07-19 12:35:51,275 [INFO] PluginManage:359 - Loaded plugin ddr (category:tool,tabindex:6)
2025-07-19 12:35:51,275 [INFO] PluginManage:310 - Check plugin filemanager
2025-07-19 12:35:51,394 [INFO] PluginManage:359 - Loaded plugin filemanager (category:base,tabindex:10)
2025-07-19 12:35:51,394 [INFO] PluginManage:310 - Check plugin ipmanager
2025-07-19 12:35:51,399 [INFO] PluginManage:359 - Loaded plugin ipmanager (category:base,tabindex:5)
2025-07-19 12:35:51,399 [INFO] PluginManage:310 - Check plugin lpbam
2025-07-19 12:35:51,415 [INFO] PluginManage:359 - Loaded plugin lpbam (category:base,tabindex:0)
2025-07-19 12:35:51,415 [INFO] PluginManage:310 - Check plugin memorymap
2025-07-19 12:35:51,434 [INFO] PluginManage:359 - Loaded plugin memorymap (category:base,tabindex:4)
2025-07-19 12:35:51,434 [INFO] PluginManage:310 - Check plugin pinoutandconfiguration
2025-07-19 12:35:51,447 [INFO] PluginManage:359 - Loaded plugin pinoutandconfiguration (category:base,tabindex:1)
2025-07-19 12:35:51,448 [INFO] PluginManage:310 - Check plugin pinoutconfig
2025-07-19 12:35:51,534 [WARN] SupportedApi:132 - Cannot load RTOS API schema: s4s-elt-must-match.1: The content of 'definitions' must match (annotation?, (simpleType | complexType)?, (unique | key | keyref)*)). A problem was found starting at: attribute.
2025-07-19 12:35:51,651 [INFO] PluginManage:359 - Loaded plugin pinoutconfig (category:base,tabindex:0)
2025-07-19 12:35:51,651 [INFO] PluginManage:310 - Check plugin power
2025-07-19 12:35:51,668 [INFO] PluginManage:359 - Loaded plugin power (category:power,tabindex:4)
2025-07-19 12:35:51,668 [INFO] PluginManage:310 - Check plugin projectmanager
2025-07-19 12:35:51,682 [INFO] PluginManage:359 - Loaded plugin projectmanager (category:projectmanager,tabindex:4)
2025-07-19 12:35:51,682 [INFO] PluginManage:310 - Check plugin rif
2025-07-19 12:35:51,696 [INFO] PluginManage:359 - Loaded plugin rif (category:base,tabindex:3)
2025-07-19 12:35:51,698 [INFO] PluginManage:310 - Check plugin thirdparty
2025-07-19 12:35:51,918 [INFO] PluginManage:359 - Loaded plugin thirdparty (category:base,tabindex:-1)
2025-07-19 12:35:51,918 [WARN] IntegrityCheckThread:84 - waiting for thirdparty lock release [integrity check]
2025-07-19 12:35:51,919 [INFO] PluginManage:310 - Check plugin tools
2025-07-19 12:35:51,919 [INFO] IntegrityCheckThread:86 - entering critical section [integrity check]
2025-07-19 12:35:51,919 [INFO] ThirdPartyUpdaterWithRetryManager:70 - Updater plugin not ready yet. [1/15]
2025-07-19 12:35:51,951 [INFO] PluginManage:359 - Loaded plugin tools (category:base,tabindex:7)
2025-07-19 12:35:51,952 [INFO] PluginManage:310 - Check plugin tutovideos
2025-07-19 12:35:52,114 [INFO] PluginManage:359 - Loaded plugin tutovideos (category:base,tabindex:-1)
2025-07-19 12:35:52,114 [INFO] PluginManage:310 - Check plugin updater
2025-07-19 12:35:52,133 [INFO] PluginManage:359 - Loaded plugin updater (category:base,tabindex:12)
2025-07-19 12:35:52,133 [INFO] PluginManage:310 - Check plugin userauth
2025-07-19 12:35:52,137 [INFO] UserAuth:118 - Init User Auth plugin
2025-07-19 12:35:52,137 [INFO] PluginManage:359 - Loaded plugin userauth (category:base,tabindex:14)
2025-07-19 12:35:52,138 [INFO] PluginManage:283 - PluginManage : Loaded plugins [18]
2025-07-19 12:35:52,291 [INFO] PinOutPanel:1589 - setPackage(No Configuration,No Configuration)
2025-07-19 12:35:52,352 [INFO] CADModel:165 - CPN selected for project level
2025-07-19 12:35:52,352 [INFO] CADModel:114 - Register for checkConnection events
2025-07-19 12:35:52,377 [INFO] IPUIPlugin:80 - create IPUIPlugin
2025-07-19 12:35:52,377 [INFO] PluginManager:220 - loadIPPluginJar : add adc
2025-07-19 12:35:52,415 [INFO] IPUIPlugin:80 - create IPUIPlugin
2025-07-19 12:35:52,415 [INFO] PluginManager:220 - loadIPPluginJar : add aes
2025-07-19 12:35:52,457 [INFO] IPUIPlugin:80 - create IPUIPlugin
2025-07-19 12:35:52,457 [INFO] PluginManager:220 - loadIPPluginJar : add can
2025-07-19 12:35:52,483 [INFO] IPUIPlugin:80 - create IPUIPlugin
2025-07-19 12:35:52,483 [INFO] PluginManager:220 - loadIPPluginJar : add comp
2025-07-19 12:35:52,514 [INFO] IPUIPlugin:80 - create IPUIPlugin
2025-07-19 12:35:52,514 [INFO] PluginManager:220 - loadIPPluginJar : add cryp
2025-07-19 12:35:52,524 [INFO] IPUIPlugin:80 - create IPUIPlugin
2025-07-19 12:35:52,524 [INFO] PluginManager:220 - loadIPPluginJar : add ddr_ctrl_phy
2025-07-19 12:35:52,548 [INFO] IPUIPlugin:80 - create IPUIPlugin
2025-07-19 12:35:52,548 [INFO] PluginManager:220 - loadIPPluginJar : add dfsdm
2025-07-19 12:35:52,561 [INFO] IPUIPlugin:80 - create IPUIPlugin
2025-07-19 12:35:52,561 [INFO] PluginManager:220 - loadIPPluginJar : add dma
2025-07-19 12:35:52,591 [INFO] IPUIPlugin:80 - create IPUIPlugin
2025-07-19 12:35:52,591 [INFO] PluginManager:220 - loadIPPluginJar : add dma3
2025-07-19 12:35:52,624 [INFO] IPUIPlugin:80 - create IPUIPlugin
2025-07-19 12:35:52,625 [INFO] PluginManager:220 - loadIPPluginJar : add extmemmanager
2025-07-19 12:35:52,642 [INFO] IPUIPlugin:80 - create IPUIPlugin
2025-07-19 12:35:52,642 [INFO] PluginManager:220 - loadIPPluginJar : add fatfs
2025-07-19 12:35:52,680 [INFO] IPUIPlugin:80 - create IPUIPlugin
2025-07-19 12:35:52,680 [INFO] PluginManager:220 - loadIPPluginJar : add fmc
2025-07-19 12:35:52,694 [INFO] IPUIPlugin:80 - create IPUIPlugin
2025-07-19 12:35:52,694 [INFO] PluginManager:220 - loadIPPluginJar : add freertos
2025-07-19 12:35:52,711 [INFO] IPUIPlugin:80 - create IPUIPlugin
2025-07-19 12:35:52,711 [INFO] PluginManager:220 - loadIPPluginJar : add genericplugin
2025-07-19 12:35:52,781 [INFO] IPUIPlugin:80 - create IPUIPlugin
2025-07-19 12:35:52,782 [INFO] PluginManager:220 - loadIPPluginJar : add gfxmmu
2025-07-19 12:35:52,876 [INFO] IPUIPlugin:80 - create IPUIPlugin
2025-07-19 12:35:52,876 [INFO] PluginManager:220 - loadIPPluginJar : add gic
2025-07-19 12:35:52,887 [INFO] IPUIPlugin:80 - create IPUIPlugin
2025-07-19 12:35:52,887 [INFO] PluginManager:220 - loadIPPluginJar : add gpio
2025-07-19 12:35:52,957 [INFO] IPUIPlugin:80 - create IPUIPlugin
2025-07-19 12:35:52,957 [INFO] PluginManager:220 - loadIPPluginJar : add gtzc
2025-07-19 12:35:52,984 [INFO] IPUIPlugin:80 - create IPUIPlugin
2025-07-19 12:35:52,985 [INFO] PluginManager:220 - loadIPPluginJar : add hash
2025-07-19 12:35:53,026 [INFO] IPUIPlugin:80 - create IPUIPlugin
2025-07-19 12:35:53,026 [INFO] PluginManager:220 - loadIPPluginJar : add i2c
2025-07-19 12:35:53,056 [INFO] IPUIPlugin:80 - create IPUIPlugin
2025-07-19 12:35:53,056 [INFO] PluginManager:220 - loadIPPluginJar : add i2s
2025-07-19 12:35:53,089 [INFO] IPUIPlugin:80 - create IPUIPlugin
2025-07-19 12:35:53,090 [INFO] PluginManager:220 - loadIPPluginJar : add i3c
2025-07-19 12:35:53,165 [INFO] IPUIPlugin:80 - create IPUIPlugin
2025-07-19 12:35:53,165 [INFO] PluginManager:220 - loadIPPluginJar : add ipddr
2025-07-19 12:35:53,247 [INFO] IPUIPlugin:80 - create IPUIPlugin
2025-07-19 12:35:53,247 [INFO] PluginManager:220 - loadIPPluginJar : add linkedlist
2025-07-19 12:35:53,282 [INFO] IPUIPlugin:80 - create IPUIPlugin
2025-07-19 12:35:53,282 [INFO] PluginManager:220 - loadIPPluginJar : add lorawan
2025-07-19 12:35:53,319 [INFO] IPUIPlugin:80 - create IPUIPlugin
2025-07-19 12:35:53,319 [INFO] PluginManager:220 - loadIPPluginJar : add ltdc
2025-07-19 12:35:53,333 [INFO] IPUIPlugin:80 - create IPUIPlugin
2025-07-19 12:35:53,333 [INFO] PluginManager:220 - loadIPPluginJar : add mdma
2025-07-19 12:35:53,346 [INFO] IPUIPlugin:80 - create IPUIPlugin
2025-07-19 12:35:53,346 [INFO] PluginManager:220 - loadIPPluginJar : add nvic
2025-07-19 12:35:53,378 [INFO] IPUIPlugin:80 - create IPUIPlugin
2025-07-19 12:35:53,379 [INFO] PluginManager:220 - loadIPPluginJar : add opamp
2025-07-19 12:35:53,426 [INFO] IPUIPlugin:80 - create IPUIPlugin
2025-07-19 12:35:53,426 [INFO] PluginManager:220 - loadIPPluginJar : add openamp
2025-07-19 12:35:53,461 [INFO] IPUIPlugin:80 - create IPUIPlugin
2025-07-19 12:35:53,461 [INFO] PluginManager:220 - loadIPPluginJar : add pdm2pcm
2025-07-19 12:35:53,474 [INFO] IPUIPlugin:80 - create IPUIPlugin
2025-07-19 12:35:53,476 [INFO] PluginManager:220 - loadIPPluginJar : add plateformsettings
2025-07-19 12:35:53,496 [INFO] IPUIPlugin:80 - create IPUIPlugin
2025-07-19 12:35:53,496 [INFO] PluginManager:220 - loadIPPluginJar : add quadspi
2025-07-19 12:35:53,516 [INFO] IPUIPlugin:80 - create IPUIPlugin
2025-07-19 12:35:53,516 [INFO] PluginManager:220 - loadIPPluginJar : add radio
2025-07-19 12:35:53,529 [INFO] IPUIPlugin:80 - create IPUIPlugin
2025-07-19 12:35:53,530 [INFO] PluginManager:220 - loadIPPluginJar : add resmgrutility
2025-07-19 12:35:53,566 [INFO] IPUIPlugin:80 - create IPUIPlugin
2025-07-19 12:35:53,566 [INFO] PluginManager:220 - loadIPPluginJar : add sai
2025-07-19 12:35:53,594 [INFO] IPUIPlugin:80 - create IPUIPlugin
2025-07-19 12:35:53,594 [INFO] PluginManager:220 - loadIPPluginJar : add spi
2025-07-19 12:35:53,642 [INFO] IPUIPlugin:80 - create IPUIPlugin
2025-07-19 12:35:53,642 [INFO] PluginManager:220 - loadIPPluginJar : add stm32_wpan
2025-07-19 12:35:53,662 [INFO] IPUIPlugin:80 - create IPUIPlugin
2025-07-19 12:35:53,663 [INFO] PluginManager:220 - loadIPPluginJar : add tim
2025-07-19 12:35:53,712 [INFO] IPUIPlugin:80 - create IPUIPlugin
2025-07-19 12:35:53,713 [INFO] PluginManager:220 - loadIPPluginJar : add touchsensing
2025-07-19 12:35:53,730 [INFO] IPUIPlugin:80 - create IPUIPlugin
2025-07-19 12:35:53,730 [INFO] PluginManager:220 - loadIPPluginJar : add tracer_emb
2025-07-19 12:35:53,749 [INFO] IPUIPlugin:80 - create IPUIPlugin
2025-07-19 12:35:53,749 [INFO] PluginManager:220 - loadIPPluginJar : add ts
2025-07-19 12:35:53,769 [INFO] IPUIPlugin:80 - create IPUIPlugin
2025-07-19 12:35:53,769 [INFO] PluginManager:220 - loadIPPluginJar : add tsc
2025-07-19 12:35:53,786 [INFO] IPUIPlugin:80 - create IPUIPlugin
2025-07-19 12:35:53,786 [INFO] PluginManager:220 - loadIPPluginJar : add ucpd
2025-07-19 12:35:53,818 [INFO] IPUIPlugin:80 - create IPUIPlugin
2025-07-19 12:35:53,818 [INFO] PluginManager:220 - loadIPPluginJar : add usart
2025-07-19 12:35:53,850 [INFO] IPUIPlugin:80 - create IPUIPlugin
2025-07-19 12:35:53,850 [INFO] PluginManager:220 - loadIPPluginJar : add usbx
2025-07-19 12:35:53,959 [FATAL] Updater:351 - Updater called before beeing initialized
2025-07-19 12:35:53,993 [INFO] RulesReader:64 - Compatibility file has been processed (297 Rules)
2025-07-19 12:35:54,005 [INFO] RulesReader:64 - Compatibility file has been processed (297 Rules)
2025-07-19 12:35:54,018 [INFO] CADModel:165 - CPN selected for project level
2025-07-19 12:35:54,018 [INFO] CADModel:114 - Register for checkConnection events
2025-07-19 12:35:54,018 [FATAL] Updater:351 - Updater called before beeing initialized
2025-07-19 12:35:54,018 [ERROR] CADModel:125 - Updater not yet initialized, retry later 
2025-07-19 12:35:54,153 [FATAL] Updater:351 - Updater called before beeing initialized
2025-07-19 12:35:54,155 [INFO] CADModel:165 - CPN selected for project level
2025-07-19 12:35:54,155 [INFO] CADModel:114 - Register for checkConnection events
2025-07-19 12:35:54,155 [FATAL] Updater:351 - Updater called before beeing initialized
2025-07-19 12:35:54,155 [ERROR] CADModel:125 - Updater not yet initialized, retry later 
2025-07-19 12:35:54,157 [FATAL] Updater:351 - Updater called before beeing initialized
2025-07-19 12:35:54,236 [FATAL] Updater:351 - Updater called before beeing initialized
2025-07-19 12:35:54,245 [INFO] DbMcusAds:53 - JSON generation date=Thu Jun 19 16:32:37 CST 2025 (1750321957418)
2025-07-19 12:35:54,246 [FATAL] Updater:351 - Updater called before beeing initialized
2025-07-19 12:35:54,273 [WARN] DetailPanel:346 - Failed to get advertising image, set to default
2025-07-19 12:35:54,421 [FATAL] Updater:351 - Updater called before beeing initialized
2025-07-19 12:35:54,423 [FATAL] Updater:351 - Updater called before beeing initialized
2025-07-19 12:35:54,424 [FATAL] Updater:351 - Updater called before beeing initialized
2025-07-19 12:35:54,424 [WARN] DetailPanel:346 - Failed to get advertising image, set to default
2025-07-19 12:35:54,425 [FATAL] Updater:351 - Updater called before beeing initialized
2025-07-19 12:35:54,472 [ERROR] Updater:1198 - MainUpdater not yet initialized. External WinMGr cannot be set.
2025-07-19 12:35:54,481 [INFO] Updater:1134 - Updater Version found : 6.13.0
2025-07-19 12:35:54,497 [INFO] ApplicationProperties:184 - Using Application install path: C:\ST\STM32CubeIDE_1.17.0\STM32CubeIDE\plugins\com.st.stm32cube.common.mx_6.13.0.202411220809
2025-07-19 12:35:54,920 [INFO] ThirdPartyUpdaterWithRetryManager:70 - Updater plugin not ready yet. [2/15]
2025-07-19 12:35:56,092 [ERROR] LogOutputStream:75 - [STDERR_REDIRECT] Jul 19, 2025 12:35:56 PM java.util.prefs.WindowsPreferences <init>
2025-07-19 12:35:56,094 [ERROR] LogOutputStream:75 - [STDERR_REDIRECT] WARNING: Could not open/create prefs root node Software\JavaSoft\Prefs at root 0xffffffff80000002. Windows RegCreateKeyEx(...) returned error code 5.
2025-07-19 12:35:56,095 [ERROR] LogOutputStream:75 - [STDERR_REDIRECT] 
2025-07-19 12:35:56,421 [INFO] MainUpdater:2872 - connection check result : 10
2025-07-19 12:35:56,421 [INFO] MainUpdater:289 - Updater Check For Update Now.
2025-07-19 12:35:56,421 [INFO] MicroXplorer:498 - Change Database Version : DB.6.0.130
2025-07-19 12:35:56,441 [INFO] McuFinderGlobals:63 - Set McuFinder mode to 2 (CubeIDE integrated)
2025-07-19 12:35:56,446 [INFO] UserAuth:486 - Internet connection configuration mode: 1
2025-07-19 12:35:56,484 [INFO] JxBrowserEngine:152 - Initiate JxBrowser Engine with user profile folder
2025-07-19 12:35:56,608 [INFO] CheckServerUpdateThread:120 - End of CheckServer Thread
2025-07-19 12:35:57,159 [INFO] WebApp:168 - Instantiating new browser for Auth
2025-07-19 12:35:57,674 [INFO] WebApp:449 - Apply proxy settings
2025-07-19 12:35:57,674 [INFO] WebApp:534 - Chromium requires no authentication
2025-07-19 12:35:57,682 [INFO] WebApp:477 - Direct internet connection detected
2025-07-19 12:35:57,699 [INFO] WebApp:880 - Register for checkConnection events
2025-07-19 12:35:57,699 [INFO] WebApp:449 - Apply proxy settings
2025-07-19 12:35:57,699 [INFO] WebApp:534 - Chromium requires no authentication
2025-07-19 12:35:57,700 [INFO] WebApp:477 - Direct internet connection detected
2025-07-19 12:35:57,828 [INFO] WebApp:187 - Connection restablished
2025-07-19 12:35:57,843 [INFO] WebApp:221 - Starting web application
2025-07-19 12:35:57,843 [INFO] WebApp:579 - Web application path used C:\ST\STM32CubeIDE_1.17.0\STM32CubeIDE\plugins\com.st.stm32cube.common.mx_6.13.0.202411220809\db\plugins\mcufinder\reactClient1\index.html
2025-07-19 12:35:58,011 [INFO] UserAuth:486 - Internet connection configuration mode: 1
2025-07-19 12:35:58,134 [WARN] PackLoader:240 - Cannot read IP mode file for STMicroelectronics.FP-SNS-MOTENVWB1.1.4.0
2025-07-19 12:35:58,152 [WARN] PackLoader:240 - Cannot read IP mode file for STMicroelectronics.FP-ATR-ASTRA1.2.0.2
2025-07-19 12:35:58,174 [WARN] PackLoader:240 - Cannot read IP mode file for STMicroelectronics.X-CUBE-SMBUS.2.1.0
2025-07-19 12:35:58,193 [WARN] PackLoader:240 - Cannot read IP mode file for STMicroelectronics.X-CUBE-WB05N.1.1.0
2025-07-19 12:35:58,208 [WARN] PackLoader:240 - Cannot read IP mode file for STMicroelectronics.X-CUBE-ST60.1.0.0
2025-07-19 12:35:58,246 [WARN] PackLoader:240 - Cannot read IP mode file for STMicroelectronics.X-CUBE-AZRTOS-F7.1.1.0
2025-07-19 12:35:58,266 [WARN] PackLoader:240 - Cannot read IP mode file for STMicroelectronics.FP-SNS-FLIGHT1.5.0.2
2025-07-19 12:35:58,295 [WARN] PackLoader:240 - Cannot read IP mode file for Infineon.AIROC-Wi-Fi-Bluetooth-STM32.1.7.0
2025-07-19 12:35:58,328 [WARN] PackLoader:240 - Cannot read IP mode file for STMicroelectronics.X-CUBE-AZRTOS-H7.3.4.0
2025-07-19 12:35:58,345 [WARN] PackLoader:240 - Cannot read IP mode file for STMicroelectronics.X-CUBE-DISPLAY.3.0.0
2025-07-19 12:35:58,437 [WARN] PackLoader:240 - Cannot read IP mode file for STMicroelectronics.X-CUBE-BLE1.7.0.0
2025-07-19 12:35:58,523 [WARN] PackLoader:240 - Cannot read IP mode file for STMicroelectronics.X-CUBE-NFC10.1.0.0
2025-07-19 12:35:58,537 [WARN] PackLoader:240 - Cannot read IP mode file for STMicroelectronics.X-CUBE-BLEMGR.4.0.0
2025-07-19 12:35:58,551 [WARN] PackLoader:240 - Cannot read IP mode file for emotas.I-CUBE-CANOPEN.1.3.0
2025-07-19 12:35:58,562 [WARN] ConditionMgr:438 - getConditionDescription Invalid condition id : Cortex-A Device cause : null
2025-07-19 12:35:58,577 [WARN] ConditionMgr:1044 - genDependencies : Invalid condition id : Cortex-A Device cause : null
2025-07-19 12:35:58,577 [WARN] ConditionMgr:1044 - genDependencies : Invalid condition id : Cortex-A Device cause : null
2025-07-19 12:35:58,577 [WARN] ConditionMgr:1044 - genDependencies : Invalid condition id : Cortex-A Device cause : null
2025-07-19 12:35:58,590 [WARN] PackLoader:240 - Cannot read IP mode file for STMicroelectronics.X-CUBE-AI.10.0.0
2025-07-19 12:35:58,637 [WARN] PackLoader:240 - Cannot read IP mode file for STMicroelectronics.FP-SNS-SMARTAG2.1.2.0
2025-07-19 12:35:58,649 [WARN] PackLoader:240 - Cannot read IP mode file for STMicroelectronics.FP-SNS-FLIGHT1.5.1.0
2025-07-19 12:35:58,698 [WARN] PackLoader:240 - Cannot read IP mode file for STMicroelectronics.X-CUBE-MEMS1.11.1.0
2025-07-19 12:35:58,823 [INFO] LogOutputStream:77 - [STDOUT_REDIRECT] 1 : Invalid condition id : UX_CORESTACK_Condition cause : null
2025-07-19 12:35:58,824 [INFO] LogOutputStream:77 - [STDOUT_REDIRECT] 1 : Invalid condition id : UX_CORESTACK_Condition cause : null
2025-07-19 12:35:58,826 [INFO] LogOutputStream:77 - [STDOUT_REDIRECT] 1 : Invalid condition id : UX_CORESTACK_Condition cause : null
2025-07-19 12:35:58,827 [INFO] LogOutputStream:77 - [STDOUT_REDIRECT] 1 : Invalid condition id : UX_CORESTACK_Condition cause : null
2025-07-19 12:35:58,827 [INFO] LogOutputStream:77 - [STDOUT_REDIRECT] 1 : Invalid condition id : UX_CORESTACK_Condition cause : null
2025-07-19 12:35:58,828 [WARN] PackLoader:240 - Cannot read IP mode file for STMicroelectronics.X-CUBE-AZRTOS-WL.2.0.0
2025-07-19 12:35:58,841 [WARN] PackLoader:240 - Cannot read IP mode file for STMicroelectronics.FP-SNS-MOTENV1.5.0.0
2025-07-19 12:35:58,858 [WARN] PackLoader:240 - Cannot read IP mode file for WES.I-CUBE-Cesium.1.3.0
2025-07-19 12:35:58,873 [WARN] PackLoader:240 - Cannot read IP mode file for STMicroelectronics.X-CUBE-BLE2.3.3.0
2025-07-19 12:35:58,925 [WARN] PackLoader:240 - Cannot read IP mode file for STMicroelectronics.X-CUBE-NFC9.1.0.0
2025-07-19 12:35:58,937 [WARN] PackLoader:240 - Cannot read IP mode file for wolfSSL.I-CUBE-wolfSSL.5.8.0
2025-07-19 12:35:58,949 [WARN] PackLoader:240 - Cannot read IP mode file for STMicroelectronics.X-CUBE-BLE1.7.1.0
2025-07-19 12:35:58,961 [WARN] PackLoader:240 - Cannot read IP mode file for wolfSSL.I-CUBE-wolfMQTT.1.19.2
2025-07-19 12:35:58,973 [WARN] PackLoader:240 - Cannot read IP mode file for STMicroelectronics.X-CUBE-EEPRMA1.5.2.0
2025-07-19 12:35:58,985 [WARN] PackLoader:240 - Cannot read IP mode file for STMicroelectronics.X-CUBE-AI.10.1.0
2025-07-19 12:35:59,022 [WARN] PackLoader:240 - Cannot read IP mode file for STMicroelectronics.X-CUBE-MEMS1.11.2.0
2025-07-19 12:35:59,103 [WARN] PackLoader:240 - Cannot read IP mode file for STMicroelectronics.X-CUBE-AZRTOS-G0.1.1.0
2025-07-19 12:35:59,117 [WARN] PackLoader:240 - Cannot read IP mode file for STMicroelectronics.X-CUBE-SAFEA1.1.2.2
2025-07-19 12:35:59,130 [WARN] PackLoader:240 - Cannot read IP mode file for STMicroelectronics.X-CUBE-NFC4.3.0.0
2025-07-19 12:35:59,145 [WARN] PackLoader:240 - Cannot read IP mode file for EmbeddedOffice.I-CUBE-FS-RTOS.1.0.1
2025-07-19 12:35:59,158 [WARN] PackLoader:240 - Cannot read IP mode file for STMicroelectronics.X-CUBE-WB05N.2.0.0
2025-07-19 12:35:59,170 [WARN] PackLoader:240 - Cannot read IP mode file for wolfSSL.I-CUBE-wolfTPM.3.8.0
2025-07-19 12:35:59,182 [WARN] PackLoader:240 - Cannot read IP mode file for STMicroelectronics.X-CUBE-TCPP.4.2.0
2025-07-19 12:35:59,194 [WARN] PackLoader:240 - Cannot read IP mode file for RealThread.X-CUBE-RT-Thread_Nano.4.1.1
2025-07-19 12:35:59,206 [WARN] PackLoader:240 - Cannot read IP mode file for STMicroelectronics.FP-ATR-SIGFOX1.3.2.0
2025-07-19 12:35:59,217 [WARN] ConditionMgr:438 - getConditionDescription Invalid condition id : Cortex-A Device cause : null
2025-07-19 12:35:59,229 [WARN] ConditionMgr:1044 - genDependencies : Invalid condition id : Cortex-A Device cause : null
2025-07-19 12:35:59,229 [WARN] ConditionMgr:1044 - genDependencies : Invalid condition id : Cortex-A Device cause : null
2025-07-19 12:35:59,229 [WARN] ConditionMgr:1044 - genDependencies : Invalid condition id : Cortex-A Device cause : null
2025-07-19 12:35:59,240 [WARN] PackLoader:240 - Cannot read IP mode file for STMicroelectronics.X-CUBE-EEPRMA1.5.1.0
2025-07-19 12:35:59,254 [WARN] PackLoader:240 - Cannot read IP mode file for wolfSSL.I-CUBE-wolfSSL.5.7.6
2025-07-19 12:35:59,266 [WARN] PackLoader:240 - Cannot read IP mode file for ITTIA_DB.I-CUBE-ITTIADB.8.9.0
2025-07-19 12:35:59,281 [WARN] PackLoader:240 - Cannot read IP mode file for STMicroelectronics.X-CUBE-ST67W61.1.0.0
2025-07-19 12:35:59,306 [WARN] PackLoader:240 - Cannot read IP mode file for SEGGER.I-CUBE-embOS.1.3.1
2025-07-19 12:35:59,337 [WARN] PackLoader:240 - Cannot read IP mode file for STMicroelectronics.X-CUBE-ALGOBUILD.1.4.0
2025-07-19 12:35:59,374 [WARN] PackLoader:240 - Cannot read IP mode file for STMicroelectronics.X-CUBE-MEMS1.11.3.0
2025-07-19 12:35:59,476 [WARN] PackLoader:240 - Cannot read IP mode file for STMicroelectronics.X-CUBE-PM33A1.1.0.0
2025-07-19 12:35:59,502 [WARN] PackLoader:240 - Cannot read IP mode file for STMicroelectronics.X-CUBE-AZRTOS-F4.1.1.0
2025-07-19 12:35:59,515 [WARN] PackLoader:240 - Cannot read IP mode file for Avnet-IotConnect.X-CUBE-IoTC-DA16k-PMOD.1.0.0
2025-07-19 12:35:59,526 [WARN] PackLoader:240 - Cannot read IP mode file for STMicroelectronics.X-CUBE-ISPU.2.1.0
2025-07-19 12:35:59,539 [WARN] PackLoader:240 - Cannot read IP mode file for STMicroelectronics.X-CUBE-NFC12.1.0.0
2025-07-19 12:35:59,558 [WARN] PackLoader:240 - Cannot read IP mode file for STMicroelectronics.X-CUBE-AZRTOS-L5.2.0.0
2025-07-19 12:35:59,573 [WARN] PackLoader:240 - Cannot read IP mode file for STMicroelectronics.X-CUBE-NFC6.3.1.0
2025-07-19 12:35:59,589 [WARN] PackLoader:240 - Cannot read IP mode file for STMicroelectronics.X-CUBE-DPower.1.2.0
2025-07-19 12:35:59,600 [WARN] PackLoader:240 - Cannot read IP mode file for STMicroelectronics.X-CUBE-FREERTOS.1.3.1
2025-07-19 12:35:59,610 [WARN] PackLoader:240 - Cannot read IP mode file for STMicroelectronics.X-CUBE-FREERTOS.1.3.0
2025-07-19 12:35:59,624 [WARN] PackLoader:240 - Cannot read IP mode file for STMicroelectronics.X-CUBE-NFC7.1.0.1
2025-07-19 12:35:59,639 [WARN] PackLoader:240 - Cannot read IP mode file for STMicroelectronics.FP-SNS-STAIOTCFT.1.0.0
2025-07-19 12:35:59,652 [WARN] PackLoader:240 - Cannot read IP mode file for STMicroelectronics.X-CUBE-DPower.1.3.0
2025-07-19 12:35:59,673 [WARN] ConditionMgr:438 - getConditionDescription Invalid condition id : LAN8742 Phy interface Condition cause : null
2025-07-19 12:35:59,673 [WARN] PackLoader:240 - Cannot read IP mode file for STMicroelectronics.X-CUBE-AZRTOS-L4.2.0.0
2025-07-19 12:35:59,674 [WARN] ConditionMgr:1044 - genDependencies : Invalid condition id : LAN8742 Phy interface Condition cause : null
2025-07-19 12:35:59,674 [WARN] ConditionMgr:1044 - genDependencies : Invalid condition id : LAN8742 Phy interface Condition cause : null
2025-07-19 12:35:59,674 [WARN] ConditionMgr:1044 - genDependencies : Invalid condition id : LAN8742 Phy interface Condition cause : null
2025-07-19 12:35:59,688 [WARN] PackLoader:240 - Cannot read IP mode file for STMicroelectronics.X-CUBE-SFXS2LP1.4.0.0
2025-07-19 12:35:59,711 [WARN] PackLoader:240 - Cannot read IP mode file for STMicroelectronics.X-CUBE-AZRTOS-H7.3.3.0
2025-07-19 12:35:59,731 [WARN] ConditionMgr:438 - getConditionDescription Invalid condition id : UX DEVICE CLASS RTOS Condition cause : null
2025-07-19 12:35:59,731 [WARN] ConditionMgr:438 - getConditionDescription Invalid condition id : UX DEVICE CLASS RTOS Condition cause : null
2025-07-19 12:35:59,733 [WARN] PackLoader:240 - Cannot read IP mode file for STMicroelectronics.X-CUBE-AZRTOS-WB.2.0.0
2025-07-19 12:35:59,733 [WARN] ConditionMgr:1044 - genDependencies : Invalid condition id : UX DEVICE CLASS RTOS Condition cause : null
2025-07-19 12:35:59,733 [WARN] ConditionMgr:1044 - genDependencies : Invalid condition id : UX DEVICE CLASS RTOS Condition cause : null
2025-07-19 12:35:59,733 [WARN] ConditionMgr:1044 - genDependencies : Invalid condition id : UX DEVICE CLASS RTOS Condition cause : null
2025-07-19 12:35:59,734 [WARN] ConditionMgr:1044 - genDependencies : Invalid condition id : UX DEVICE CLASS RTOS Condition cause : null
2025-07-19 12:35:59,734 [WARN] ConditionMgr:1044 - genDependencies : Invalid condition id : UX DEVICE CLASS RTOS Condition cause : null
2025-07-19 12:35:59,746 [WARN] PackLoader:240 - Cannot read IP mode file for STMicroelectronics.X-CUBE-GNSS1.7.0.1
2025-07-19 12:35:59,766 [WARN] PackLoader:240 - Cannot read IP mode file for STMicroelectronics.X-CUBE-TOUCHGFX.4.25.0
2025-07-19 12:35:59,778 [WARN] PackLoader:240 - Cannot read IP mode file for STMicroelectronics.FP-SNS-STBOX1.2.0.0
2025-07-19 12:35:59,794 [WARN] PackLoader:240 - Cannot read IP mode file for STMicroelectronics.X-CUBE-SUBG2.5.0.0
2025-07-19 12:35:59,822 [WARN] PackLoader:240 - Cannot read IP mode file for STMicroelectronics.X-CUBE-AZRTOS-H7RS.1.1.0
2025-07-19 12:35:59,835 [WARN] PackLoader:240 - Cannot read IP mode file for Cesanta.I-CUBE-Mongoose.7.13.0
2025-07-19 12:35:59,855 [WARN] PackLoader:240 - Cannot read IP mode file for STMicroelectronics.X-CUBE-AZRTOS-G4.2.0.0
2025-07-19 12:35:59,865 [WARN] PackLoader:240 - Cannot read IP mode file for wolfSSL.I-CUBE-wolfSSH.1.4.20
2025-07-19 12:35:59,876 [WARN] PackLoader:240 - Cannot read IP mode file for STMicroelectronics.X-CUBE-NFC7.2.0.0
2025-07-19 12:35:59,891 [WARN] PackLoader:240 - Cannot read IP mode file for STMicroelectronics.X-CUBE-IPS.3.1.0
2025-07-19 12:35:59,905 [WARN] PackLoader:240 - Cannot read IP mode file for STMicroelectronics.X-CUBE-ALS.1.0.2
2025-07-19 12:35:59,916 [WARN] PackLoader:240 - Cannot read IP mode file for STMicroelectronics.X-CUBE-TOUCHGFX.4.24.2
2025-07-19 12:35:59,928 [WARN] PackLoader:240 - Cannot read IP mode file for portGmbH.I-Cube-SoM-uGOAL.1.1.0
2025-07-19 12:35:59,949 [WARN] PackLoader:240 - Cannot read IP mode file for STMicroelectronics.X-CUBE-AZRTOS-H7RS.1.0.0
2025-07-19 12:35:59,966 [WARN] PackLoader:240 - Cannot read IP mode file for STMicroelectronics.X-CUBE-TOF1.3.4.2
2025-07-19 12:35:59,988 [WARN] PackLoader:240 - Cannot read IP mode file for STMicroelectronics.X-CUBE-TOF1.3.4.3
2025-07-19 12:35:59,992 [INFO] ThirdParty:978 - Integrity check success = true
2025-07-19 12:35:59,992 [INFO] IntegrityCheckThread:100 - exiting critical section [integrity check]
2025-07-19 12:35:59,992 [INFO] IntegrityCheckThread:103 - End integrity checks thread
2025-07-19 12:42:41,790 [INFO] WebApp:190 - Connection lost
2025-07-19 12:42:41,912 [INFO] WebApp:187 - Connection restablished
2025-07-19 12:42:44,180 [INFO] WebApp:190 - Connection lost
2025-07-19 12:42:44,311 [INFO] WebApp:187 - Connection restablished
2025-07-19 12:43:12,615 [INFO] WebApp:190 - Connection lost
2025-07-19 12:43:13,801 [INFO] WebApp:187 - Connection restablished
2025-07-19 13:27:24,392 [INFO] WebApp:190 - Connection lost
2025-07-19 13:27:24,482 [INFO] WebApp:187 - Connection restablished
2025-07-19 13:27:28,172 [INFO] WebApp:190 - Connection lost
2025-07-19 13:27:28,277 [INFO] WebApp:187 - Connection restablished
2025-07-19 13:34:08,796 [INFO] WebApp:190 - Connection lost
2025-07-19 13:34:08,893 [INFO] WebApp:187 - Connection restablished
2025-07-19 13:34:12,207 [INFO] WebApp:190 - Connection lost
2025-07-19 13:34:12,289 [INFO] WebApp:187 - Connection restablished
2025-07-19 13:34:19,881 [INFO] WebApp:190 - Connection lost
2025-07-19 13:34:20,000 [INFO] WebApp:187 - Connection restablished
2025-07-19 13:34:23,190 [INFO] WebApp:190 - Connection lost
2025-07-19 13:34:23,300 [INFO] WebApp:187 - Connection restablished
2025-07-19 13:34:45,832 [INFO] WebApp:190 - Connection lost
2025-07-19 13:34:45,977 [INFO] WebApp:187 - Connection restablished
2025-07-19 14:06:57,163 [INFO] WebApp:190 - Connection lost
2025-07-19 14:06:57,260 [INFO] WebApp:187 - Connection restablished
2025-07-19 14:07:00,653 [INFO] WebApp:190 - Connection lost
2025-07-19 14:07:00,739 [INFO] WebApp:187 - Connection restablished
2025-07-19 14:19:32,606 [INFO] WebApp:190 - Connection lost
2025-07-19 14:19:32,697 [INFO] WebApp:187 - Connection restablished
2025-07-19 14:19:38,687 [INFO] WebApp:190 - Connection lost
2025-07-19 14:19:38,784 [INFO] WebApp:187 - Connection restablished
2025-07-19 14:19:42,161 [INFO] WebApp:190 - Connection lost
2025-07-19 14:19:42,259 [INFO] WebApp:187 - Connection restablished
2025-07-19 14:19:48,757 [INFO] WebApp:190 - Connection lost
2025-07-19 14:19:48,839 [INFO] WebApp:187 - Connection restablished
2025-07-19 14:19:56,406 [INFO] WebApp:190 - Connection lost
2025-07-19 14:19:56,501 [INFO] WebApp:187 - Connection restablished
2025-07-19 14:41:36,091 [INFO] WebApp:190 - Connection lost
2025-07-19 14:41:36,194 [INFO] WebApp:187 - Connection restablished
2025-07-19 14:41:39,177 [INFO] WebApp:190 - Connection lost
2025-07-19 14:41:39,285 [INFO] WebApp:187 - Connection restablished
2025-07-19 14:42:08,807 [INFO] WebApp:190 - Connection lost
2025-07-19 14:42:08,949 [INFO] WebApp:187 - Connection restablished
2025-07-19 15:05:01,656 [INFO] WebApp:190 - Connection lost
2025-07-19 15:05:01,812 [INFO] WebApp:187 - Connection restablished
2025-07-19 15:05:07,668 [INFO] WebApp:190 - Connection lost
2025-07-19 15:05:07,814 [INFO] WebApp:187 - Connection restablished
2025-07-19 15:05:11,168 [INFO] WebApp:190 - Connection lost
2025-07-19 15:05:11,294 [INFO] WebApp:187 - Connection restablished
2025-07-19 15:05:17,834 [INFO] WebApp:190 - Connection lost
2025-07-19 15:05:17,947 [INFO] WebApp:187 - Connection restablished
2025-07-19 15:05:25,470 [INFO] WebApp:190 - Connection lost
2025-07-19 15:05:25,580 [INFO] WebApp:187 - Connection restablished
2025-07-19 15:50:13,913 [INFO] WebApp:190 - Connection lost
2025-07-19 15:50:14,020 [INFO] WebApp:187 - Connection restablished
2025-07-19 15:50:16,186 [INFO] WebApp:190 - Connection lost
2025-07-19 15:50:16,282 [INFO] WebApp:187 - Connection restablished
2025-07-19 20:16:32,669 [INFO] WebApp:190 - Connection lost
2025-07-19 20:16:32,762 [INFO] WebApp:187 - Connection restablished
