2025-08-11 09:08:04,710 [INFO] Activator:176 - 


2025-08-11 09:08:04,713 [INFO] Activator:177 - !SESSION log4j initialized
2025-08-11 09:08:08,686 [INFO] LogOutputStream:77 - [STDOUT_REDIRECT] 
2025-08-11 09:08:09,807 [INFO] ApplicationProperties:184 - Using Application install path: C:\ST\STM32CubeIDE_1.17.0\STM32CubeIDE\plugins\com.st.stm32cube.common.mx_6.13.0.202411220809
2025-08-11 09:08:09,823 [INFO] DbMcusXml:78 - Set database path to: C:\ST\STM32CubeIDE_1.17.0\STM32CubeIDE\plugins\com.st.stm32cube.common.mx_6.13.0.202411220809\\db\/mcu/
2025-08-11 09:08:09,823 [INFO] ApiDb:274 - Set plugin database path to: C:\ST\STM32CubeIDE_1.17.0\STM32CubeIDE\plugins\com.st.stm32cube.common.mx_6.13.0.202411220809\\db\/plugins/boardmanager/
2025-08-11 09:08:09,824 [WARN] ApiDb:259 - Overriding images path with different value:  => C:\ST\STM32CubeIDE_1.17.0\STM32CubeIDE\plugins\com.st.stm32cube.common.mx_6.13.0.202411220809\\db\/plugins/mcufinder/images/
2025-08-11 09:08:09,830 [INFO] ApiDb:250 - Set database path to: C:\Users\a0979\.stmcufinder\plugins\mcufinder//mcu/
2025-08-11 09:08:09,831 [INFO] DbMcusAds:125 - Set database path to: C:\Users\a0979\.stmcufinder\plugins\mcufinder//mcu/
2025-08-11 09:08:09,832 [INFO] CrossReferenceDbSqlite:203 - Set database path to: C:\Users\a0979\.stmcufinder\plugins\mcufinder//mcu/cs/
2025-08-11 09:08:09,911 [INFO] RulesReader:64 - Compatibility file has been processed (297 Rules)
2025-08-11 09:08:09,979 [INFO] DbMcusXml:78 - Set database path to: C:\ST\STM32CubeIDE_1.17.0\STM32CubeIDE\plugins\com.st.stm32cube.common.mx_6.13.0.202411220809\\db\/mcu/
2025-08-11 09:08:09,979 [INFO] ApiDb:274 - Set plugin database path to: C:\ST\STM32CubeIDE_1.17.0\STM32CubeIDE\plugins\com.st.stm32cube.common.mx_6.13.0.202411220809\\db\/plugins/boardmanager/
2025-08-11 09:08:09,979 [INFO] ApiDb:261 - Set plugin images path to: C:\ST\STM32CubeIDE_1.17.0\STM32CubeIDE\plugins\com.st.stm32cube.common.mx_6.13.0.202411220809\\db\/plugins/mcufinder/images/
2025-08-11 09:08:09,979 [WARN] DbFile:41 - Overriding database path with different value: C:\Users\a0979\.stmcufinder\plugins\mcufinder/ => C:\Users\a0979\.stmcufinder\plugins\mcufinder
2025-08-11 09:08:09,979 [INFO] ApiDb:250 - Set database path to: C:\Users\a0979\.stmcufinder\plugins\mcufinder//mcu/
2025-08-11 09:08:09,980 [WARN] DbFile:41 - Overriding database path with different value: C:\Users\a0979\.stmcufinder\plugins\mcufinder/ => C:\Users\a0979\.stmcufinder\plugins\mcufinder
2025-08-11 09:08:09,980 [INFO] DbMcusAds:125 - Set database path to: C:\Users\a0979\.stmcufinder\plugins\mcufinder//mcu/
2025-08-11 09:08:09,980 [WARN] DbFile:41 - Overriding database path with different value: C:\Users\a0979\.stmcufinder\plugins\mcufinder/ => C:\Users\a0979\.stmcufinder\plugins\mcufinder
2025-08-11 09:08:09,980 [WARN] DbFile:41 - Overriding database path with different value: C:\Users\a0979\.stmcufinder\plugins\mcufinder/ => C:\Users\a0979\.stmcufinder\plugins\mcufinder
2025-08-11 09:08:09,980 [INFO] CrossReferenceDbSqlite:203 - Set database path to: C:\Users\a0979\.stmcufinder\plugins\mcufinder//mcu/cs/
2025-08-11 09:08:10,037 [INFO] MainPanel:272 - HeapMemory: 268435456
2025-08-11 09:08:10,115 [INFO] DbMcusXml:78 - Set database path to: C:\ST\STM32CubeIDE_1.17.0\STM32CubeIDE\plugins\com.st.stm32cube.common.mx_6.13.0.202411220809\\db\/mcu/
2025-08-11 09:08:10,115 [INFO] ApiDb:274 - Set plugin database path to: C:\ST\STM32CubeIDE_1.17.0\STM32CubeIDE\plugins\com.st.stm32cube.common.mx_6.13.0.202411220809\\db\/plugins/boardmanager/
2025-08-11 09:08:10,115 [INFO] ApiDb:261 - Set plugin images path to: C:\ST\STM32CubeIDE_1.17.0\STM32CubeIDE\plugins\com.st.stm32cube.common.mx_6.13.0.202411220809\\db\/plugins/mcufinder/images/
2025-08-11 09:08:10,115 [WARN] DbFile:41 - Overriding database path with different value: C:\Users\a0979\.stmcufinder\plugins\mcufinder/ => C:\Users\a0979\.stmcufinder\plugins\mcufinder
2025-08-11 09:08:10,115 [INFO] ApiDb:250 - Set database path to: C:\Users\a0979\.stmcufinder\plugins\mcufinder//mcu/
2025-08-11 09:08:10,116 [WARN] DbFile:41 - Overriding database path with different value: C:\Users\a0979\.stmcufinder\plugins\mcufinder/ => C:\Users\a0979\.stmcufinder\plugins\mcufinder
2025-08-11 09:08:10,116 [INFO] DbMcusAds:125 - Set database path to: C:\Users\a0979\.stmcufinder\plugins\mcufinder//mcu/
2025-08-11 09:08:10,116 [WARN] DbFile:41 - Overriding database path with different value: C:\Users\a0979\.stmcufinder\plugins\mcufinder/ => C:\Users\a0979\.stmcufinder\plugins\mcufinder
2025-08-11 09:08:10,116 [WARN] DbFile:41 - Overriding database path with different value: C:\Users\a0979\.stmcufinder\plugins\mcufinder/ => C:\Users\a0979\.stmcufinder\plugins\mcufinder
2025-08-11 09:08:10,116 [INFO] CrossReferenceDbSqlite:203 - Set database path to: C:\Users\a0979\.stmcufinder\plugins\mcufinder//mcu/cs/
2025-08-11 09:08:10,131 [INFO] ApplicationProperties:184 - Using Application install path: C:\ST\STM32CubeIDE_1.17.0\STM32CubeIDE\plugins\com.st.stm32cube.common.mx_6.13.0.202411220809
2025-08-11 09:08:10,132 [INFO] PluginManage:196 - Search for loadable plugins [exclusion list=, ]
2025-08-11 09:08:10,133 [INFO] PluginManage:310 - Check plugin analytics
2025-08-11 09:08:10,301 [INFO] AnalyticsPlugin:253 - Accepted Software Licenses: 
2025-08-11 09:08:10,301 [INFO] AnalyticsPlugin:255 - Accepted CMSIS Pack Licenses: STMicroelectronics.X-CUBE-BLE1.7.0.0,STMicroelectronics.X-CUBE-AI.10.0.0,STMicroelectronics.X-CUBE-BLE2.3.3.0
2025-08-11 09:08:10,301 [INFO] AnalyticsPlugin:257 - Accepted Firmware Licenses: FW.L4.1.18.0,FW.F4.1.28.0
2025-08-11 09:08:10,305 [INFO] PluginManage:359 - Loaded plugin analytics (category:tool,tabindex:-1)
2025-08-11 09:08:10,306 [INFO] PluginManage:310 - Check plugin cadmodel
2025-08-11 09:08:10,312 [INFO] CADModel:105 - Init CAD model plugin
2025-08-11 09:08:10,314 [INFO] PluginManage:359 - Loaded plugin cadmodel (category:power,tabindex:5)
2025-08-11 09:08:10,314 [INFO] PluginManage:310 - Check plugin clock
2025-08-11 09:08:10,324 [INFO] PluginManage:359 - Loaded plugin clock (category:base,tabindex:2)
2025-08-11 09:08:10,324 [INFO] PluginManage:310 - Check plugin ddr
2025-08-11 09:08:10,331 [INFO] PluginManage:359 - Loaded plugin ddr (category:tool,tabindex:6)
2025-08-11 09:08:10,332 [INFO] PluginManage:310 - Check plugin filemanager
2025-08-11 09:08:10,452 [INFO] PluginManage:359 - Loaded plugin filemanager (category:base,tabindex:10)
2025-08-11 09:08:10,452 [INFO] PluginManage:310 - Check plugin ipmanager
2025-08-11 09:08:10,458 [INFO] PluginManage:359 - Loaded plugin ipmanager (category:base,tabindex:5)
2025-08-11 09:08:10,458 [INFO] PluginManage:310 - Check plugin lpbam
2025-08-11 09:08:10,475 [INFO] PluginManage:359 - Loaded plugin lpbam (category:base,tabindex:0)
2025-08-11 09:08:10,476 [INFO] PluginManage:310 - Check plugin memorymap
2025-08-11 09:08:10,488 [INFO] PluginManage:359 - Loaded plugin memorymap (category:base,tabindex:4)
2025-08-11 09:08:10,488 [INFO] PluginManage:310 - Check plugin pinoutandconfiguration
2025-08-11 09:08:10,494 [INFO] PluginManage:359 - Loaded plugin pinoutandconfiguration (category:base,tabindex:1)
2025-08-11 09:08:10,494 [INFO] PluginManage:310 - Check plugin pinoutconfig
2025-08-11 09:08:10,558 [WARN] SupportedApi:132 - Cannot load RTOS API schema: s4s-elt-must-match.1: The content of 'definitions' must match (annotation?, (simpleType | complexType)?, (unique | key | keyref)*)). A problem was found starting at: attribute.
2025-08-11 09:08:10,656 [INFO] PluginManage:359 - Loaded plugin pinoutconfig (category:base,tabindex:0)
2025-08-11 09:08:10,656 [INFO] PluginManage:310 - Check plugin power
2025-08-11 09:08:10,664 [INFO] PluginManage:359 - Loaded plugin power (category:power,tabindex:4)
2025-08-11 09:08:10,664 [INFO] PluginManage:310 - Check plugin projectmanager
2025-08-11 09:08:10,677 [INFO] PluginManage:359 - Loaded plugin projectmanager (category:projectmanager,tabindex:4)
2025-08-11 09:08:10,677 [INFO] PluginManage:310 - Check plugin rif
2025-08-11 09:08:10,684 [INFO] PluginManage:359 - Loaded plugin rif (category:base,tabindex:3)
2025-08-11 09:08:10,684 [INFO] PluginManage:310 - Check plugin thirdparty
2025-08-11 09:08:10,791 [WARN] IntegrityCheckThread:84 - waiting for thirdparty lock release [integrity check]
2025-08-11 09:08:10,792 [INFO] IntegrityCheckThread:86 - entering critical section [integrity check]
2025-08-11 09:08:10,792 [INFO] ThirdPartyUpdaterWithRetryManager:70 - Updater plugin not ready yet. [1/15]
2025-08-11 09:08:10,792 [INFO] PluginManage:359 - Loaded plugin thirdparty (category:base,tabindex:-1)
2025-08-11 09:08:10,792 [INFO] PluginManage:310 - Check plugin tools
2025-08-11 09:08:10,794 [INFO] PluginManage:359 - Loaded plugin tools (category:base,tabindex:7)
2025-08-11 09:08:10,794 [INFO] PluginManage:310 - Check plugin tutovideos
2025-08-11 09:08:10,934 [INFO] PluginManage:359 - Loaded plugin tutovideos (category:base,tabindex:-1)
2025-08-11 09:08:10,934 [INFO] PluginManage:310 - Check plugin updater
2025-08-11 09:08:10,951 [INFO] PluginManage:359 - Loaded plugin updater (category:base,tabindex:12)
2025-08-11 09:08:10,951 [INFO] PluginManage:310 - Check plugin userauth
2025-08-11 09:08:10,954 [INFO] UserAuth:118 - Init User Auth plugin
2025-08-11 09:08:10,954 [INFO] PluginManage:359 - Loaded plugin userauth (category:base,tabindex:14)
2025-08-11 09:08:10,955 [INFO] PluginManage:283 - PluginManage : Loaded plugins [18]
2025-08-11 09:08:11,112 [INFO] PinOutPanel:1589 - setPackage(No Configuration,No Configuration)
2025-08-11 09:08:11,175 [INFO] CADModel:165 - CPN selected for project level
2025-08-11 09:08:11,175 [INFO] CADModel:114 - Register for checkConnection events
2025-08-11 09:08:11,192 [INFO] IPUIPlugin:80 - create IPUIPlugin
2025-08-11 09:08:11,192 [INFO] PluginManager:220 - loadIPPluginJar : add adc
2025-08-11 09:08:11,195 [INFO] IPUIPlugin:80 - create IPUIPlugin
2025-08-11 09:08:11,195 [INFO] PluginManager:220 - loadIPPluginJar : add aes
2025-08-11 09:08:11,198 [INFO] IPUIPlugin:80 - create IPUIPlugin
2025-08-11 09:08:11,198 [INFO] PluginManager:220 - loadIPPluginJar : add can
2025-08-11 09:08:11,200 [INFO] IPUIPlugin:80 - create IPUIPlugin
2025-08-11 09:08:11,200 [INFO] PluginManager:220 - loadIPPluginJar : add comp
2025-08-11 09:08:11,202 [INFO] IPUIPlugin:80 - create IPUIPlugin
2025-08-11 09:08:11,202 [INFO] PluginManager:220 - loadIPPluginJar : add cryp
2025-08-11 09:08:11,205 [INFO] IPUIPlugin:80 - create IPUIPlugin
2025-08-11 09:08:11,205 [INFO] PluginManager:220 - loadIPPluginJar : add ddr_ctrl_phy
2025-08-11 09:08:11,207 [INFO] IPUIPlugin:80 - create IPUIPlugin
2025-08-11 09:08:11,208 [INFO] PluginManager:220 - loadIPPluginJar : add dfsdm
2025-08-11 09:08:11,213 [INFO] IPUIPlugin:80 - create IPUIPlugin
2025-08-11 09:08:11,213 [INFO] PluginManager:220 - loadIPPluginJar : add dma
2025-08-11 09:08:11,215 [INFO] IPUIPlugin:80 - create IPUIPlugin
2025-08-11 09:08:11,215 [INFO] PluginManager:220 - loadIPPluginJar : add dma3
2025-08-11 09:08:11,218 [INFO] IPUIPlugin:80 - create IPUIPlugin
2025-08-11 09:08:11,218 [INFO] PluginManager:220 - loadIPPluginJar : add extmemmanager
2025-08-11 09:08:11,219 [INFO] IPUIPlugin:80 - create IPUIPlugin
2025-08-11 09:08:11,219 [INFO] PluginManager:220 - loadIPPluginJar : add fatfs
2025-08-11 09:08:11,223 [INFO] IPUIPlugin:80 - create IPUIPlugin
2025-08-11 09:08:11,223 [INFO] PluginManager:220 - loadIPPluginJar : add fmc
2025-08-11 09:08:11,227 [INFO] IPUIPlugin:80 - create IPUIPlugin
2025-08-11 09:08:11,228 [INFO] PluginManager:220 - loadIPPluginJar : add freertos
2025-08-11 09:08:11,229 [INFO] IPUIPlugin:80 - create IPUIPlugin
2025-08-11 09:08:11,229 [INFO] PluginManager:220 - loadIPPluginJar : add genericplugin
2025-08-11 09:08:11,231 [INFO] IPUIPlugin:80 - create IPUIPlugin
2025-08-11 09:08:11,231 [INFO] PluginManager:220 - loadIPPluginJar : add gfxmmu
2025-08-11 09:08:11,234 [INFO] IPUIPlugin:80 - create IPUIPlugin
2025-08-11 09:08:11,234 [INFO] PluginManager:220 - loadIPPluginJar : add gic
2025-08-11 09:08:11,237 [INFO] IPUIPlugin:80 - create IPUIPlugin
2025-08-11 09:08:11,238 [INFO] PluginManager:220 - loadIPPluginJar : add gpio
2025-08-11 09:08:11,240 [INFO] IPUIPlugin:80 - create IPUIPlugin
2025-08-11 09:08:11,240 [INFO] PluginManager:220 - loadIPPluginJar : add gtzc
2025-08-11 09:08:11,242 [INFO] IPUIPlugin:80 - create IPUIPlugin
2025-08-11 09:08:11,242 [INFO] PluginManager:220 - loadIPPluginJar : add hash
2025-08-11 09:08:11,244 [INFO] IPUIPlugin:80 - create IPUIPlugin
2025-08-11 09:08:11,244 [INFO] PluginManager:220 - loadIPPluginJar : add i2c
2025-08-11 09:08:11,246 [INFO] IPUIPlugin:80 - create IPUIPlugin
2025-08-11 09:08:11,246 [INFO] PluginManager:220 - loadIPPluginJar : add i2s
2025-08-11 09:08:11,249 [INFO] IPUIPlugin:80 - create IPUIPlugin
2025-08-11 09:08:11,249 [INFO] PluginManager:220 - loadIPPluginJar : add i3c
2025-08-11 09:08:11,251 [INFO] IPUIPlugin:80 - create IPUIPlugin
2025-08-11 09:08:11,251 [INFO] PluginManager:220 - loadIPPluginJar : add ipddr
2025-08-11 09:08:11,257 [INFO] IPUIPlugin:80 - create IPUIPlugin
2025-08-11 09:08:11,258 [INFO] PluginManager:220 - loadIPPluginJar : add linkedlist
2025-08-11 09:08:11,262 [INFO] IPUIPlugin:80 - create IPUIPlugin
2025-08-11 09:08:11,262 [INFO] PluginManager:220 - loadIPPluginJar : add lorawan
2025-08-11 09:08:11,263 [INFO] IPUIPlugin:80 - create IPUIPlugin
2025-08-11 09:08:11,264 [INFO] PluginManager:220 - loadIPPluginJar : add ltdc
2025-08-11 09:08:11,268 [INFO] IPUIPlugin:80 - create IPUIPlugin
2025-08-11 09:08:11,269 [INFO] PluginManager:220 - loadIPPluginJar : add mdma
2025-08-11 09:08:11,273 [INFO] IPUIPlugin:80 - create IPUIPlugin
2025-08-11 09:08:11,273 [INFO] PluginManager:220 - loadIPPluginJar : add nvic
2025-08-11 09:08:11,276 [INFO] IPUIPlugin:80 - create IPUIPlugin
2025-08-11 09:08:11,276 [INFO] PluginManager:220 - loadIPPluginJar : add opamp
2025-08-11 09:08:11,279 [INFO] IPUIPlugin:80 - create IPUIPlugin
2025-08-11 09:08:11,279 [INFO] PluginManager:220 - loadIPPluginJar : add openamp
2025-08-11 09:08:11,282 [INFO] IPUIPlugin:80 - create IPUIPlugin
2025-08-11 09:08:11,282 [INFO] PluginManager:220 - loadIPPluginJar : add pdm2pcm
2025-08-11 09:08:11,287 [INFO] IPUIPlugin:80 - create IPUIPlugin
2025-08-11 09:08:11,288 [INFO] PluginManager:220 - loadIPPluginJar : add plateformsettings
2025-08-11 09:08:11,290 [INFO] IPUIPlugin:80 - create IPUIPlugin
2025-08-11 09:08:11,290 [INFO] PluginManager:220 - loadIPPluginJar : add quadspi
2025-08-11 09:08:11,291 [INFO] IPUIPlugin:80 - create IPUIPlugin
2025-08-11 09:08:11,291 [INFO] PluginManager:220 - loadIPPluginJar : add radio
2025-08-11 09:08:11,294 [INFO] IPUIPlugin:80 - create IPUIPlugin
2025-08-11 09:08:11,294 [INFO] PluginManager:220 - loadIPPluginJar : add resmgrutility
2025-08-11 09:08:11,297 [INFO] IPUIPlugin:80 - create IPUIPlugin
2025-08-11 09:08:11,297 [INFO] PluginManager:220 - loadIPPluginJar : add sai
2025-08-11 09:08:11,299 [INFO] IPUIPlugin:80 - create IPUIPlugin
2025-08-11 09:08:11,299 [INFO] PluginManager:220 - loadIPPluginJar : add spi
2025-08-11 09:08:11,303 [INFO] IPUIPlugin:80 - create IPUIPlugin
2025-08-11 09:08:11,303 [INFO] PluginManager:220 - loadIPPluginJar : add stm32_wpan
2025-08-11 09:08:11,305 [INFO] IPUIPlugin:80 - create IPUIPlugin
2025-08-11 09:08:11,305 [INFO] PluginManager:220 - loadIPPluginJar : add tim
2025-08-11 09:08:11,307 [INFO] IPUIPlugin:80 - create IPUIPlugin
2025-08-11 09:08:11,307 [INFO] PluginManager:220 - loadIPPluginJar : add touchsensing
2025-08-11 09:08:11,308 [INFO] IPUIPlugin:80 - create IPUIPlugin
2025-08-11 09:08:11,308 [INFO] PluginManager:220 - loadIPPluginJar : add tracer_emb
2025-08-11 09:08:11,310 [INFO] IPUIPlugin:80 - create IPUIPlugin
2025-08-11 09:08:11,310 [INFO] PluginManager:220 - loadIPPluginJar : add ts
2025-08-11 09:08:11,311 [INFO] IPUIPlugin:80 - create IPUIPlugin
2025-08-11 09:08:11,311 [INFO] PluginManager:220 - loadIPPluginJar : add tsc
2025-08-11 09:08:11,313 [INFO] IPUIPlugin:80 - create IPUIPlugin
2025-08-11 09:08:11,313 [INFO] PluginManager:220 - loadIPPluginJar : add ucpd
2025-08-11 09:08:11,315 [INFO] IPUIPlugin:80 - create IPUIPlugin
2025-08-11 09:08:11,315 [INFO] PluginManager:220 - loadIPPluginJar : add usart
2025-08-11 09:08:11,318 [INFO] IPUIPlugin:80 - create IPUIPlugin
2025-08-11 09:08:11,318 [INFO] PluginManager:220 - loadIPPluginJar : add usbx
2025-08-11 09:08:11,425 [FATAL] Updater:351 - Updater called before beeing initialized
2025-08-11 09:08:11,453 [INFO] RulesReader:64 - Compatibility file has been processed (297 Rules)
2025-08-11 09:08:11,461 [INFO] RulesReader:64 - Compatibility file has been processed (297 Rules)
2025-08-11 09:08:11,469 [INFO] CADModel:165 - CPN selected for project level
2025-08-11 09:08:11,469 [INFO] CADModel:114 - Register for checkConnection events
2025-08-11 09:08:11,469 [FATAL] Updater:351 - Updater called before beeing initialized
2025-08-11 09:08:11,469 [ERROR] CADModel:125 - Updater not yet initialized, retry later 
2025-08-11 09:08:11,588 [FATAL] Updater:351 - Updater called before beeing initialized
2025-08-11 09:08:11,589 [INFO] CADModel:165 - CPN selected for project level
2025-08-11 09:08:11,590 [INFO] CADModel:114 - Register for checkConnection events
2025-08-11 09:08:11,590 [FATAL] Updater:351 - Updater called before beeing initialized
2025-08-11 09:08:11,590 [ERROR] CADModel:125 - Updater not yet initialized, retry later 
2025-08-11 09:08:11,592 [FATAL] Updater:351 - Updater called before beeing initialized
2025-08-11 09:08:11,663 [FATAL] Updater:351 - Updater called before beeing initialized
2025-08-11 09:08:11,667 [INFO] DbMcusAds:53 - JSON generation date=Thu Jun 19 16:32:37 CST 2025 (1750321957418)
2025-08-11 09:08:11,667 [FATAL] Updater:351 - Updater called before beeing initialized
2025-08-11 09:08:11,697 [WARN] DetailPanel:346 - Failed to get advertising image, set to default
2025-08-11 09:08:11,847 [FATAL] Updater:351 - Updater called before beeing initialized
2025-08-11 09:08:11,848 [FATAL] Updater:351 - Updater called before beeing initialized
2025-08-11 09:08:11,849 [FATAL] Updater:351 - Updater called before beeing initialized
2025-08-11 09:08:11,849 [WARN] DetailPanel:346 - Failed to get advertising image, set to default
2025-08-11 09:08:11,849 [FATAL] Updater:351 - Updater called before beeing initialized
2025-08-11 09:08:11,889 [ERROR] Updater:1198 - MainUpdater not yet initialized. External WinMGr cannot be set.
2025-08-11 09:08:11,893 [INFO] Updater:1134 - Updater Version found : 6.13.0
2025-08-11 09:08:11,909 [INFO] ApplicationProperties:184 - Using Application install path: C:\ST\STM32CubeIDE_1.17.0\STM32CubeIDE\plugins\com.st.stm32cube.common.mx_6.13.0.202411220809
2025-08-11 09:08:13,477 [ERROR] LogOutputStream:75 - [STDERR_REDIRECT] Aug 11, 2025 9:08:13 AM java.util.prefs.WindowsPreferences <init>
2025-08-11 09:08:13,478 [ERROR] LogOutputStream:75 - [STDERR_REDIRECT] WARNING: Could not open/create prefs root node Software\JavaSoft\Prefs at root 0xffffffff80000002. Windows RegCreateKeyEx(...) returned error code 5.
2025-08-11 09:08:13,478 [ERROR] LogOutputStream:75 - [STDERR_REDIRECT] 
2025-08-11 09:08:13,748 [INFO] MainUpdater:2872 - connection check result : 10
2025-08-11 09:08:13,749 [INFO] MainUpdater:289 - Updater Check For Update Now.
2025-08-11 09:08:13,749 [INFO] MicroXplorer:498 - Change Database Version : DB.6.0.130
2025-08-11 09:08:13,763 [INFO] McuFinderGlobals:63 - Set McuFinder mode to 2 (CubeIDE integrated)
2025-08-11 09:08:13,764 [INFO] UserAuth:486 - Internet connection configuration mode: 1
2025-08-11 09:08:13,793 [WARN] MainUpdater:1193 - Updater busy. Cannot search thirdparties
2025-08-11 09:08:13,793 [INFO] ThirdPartyUpdaterWithRetryManager:96 - Updater plugin is busy. [1/15]
2025-08-11 09:08:13,800 [INFO] JxBrowserEngine:152 - Initiate JxBrowser Engine with user profile folder
2025-08-11 09:08:13,922 [INFO] CheckServerUpdateThread:120 - End of CheckServer Thread
2025-08-11 09:08:14,434 [INFO] WebApp:168 - Instantiating new browser for Auth
2025-08-11 09:08:14,933 [INFO] WebApp:449 - Apply proxy settings
2025-08-11 09:08:14,933 [INFO] WebApp:534 - Chromium requires no authentication
2025-08-11 09:08:14,941 [INFO] WebApp:477 - Direct internet connection detected
2025-08-11 09:08:14,959 [INFO] WebApp:880 - Register for checkConnection events
2025-08-11 09:08:14,959 [INFO] WebApp:449 - Apply proxy settings
2025-08-11 09:08:14,959 [INFO] WebApp:534 - Chromium requires no authentication
2025-08-11 09:08:14,959 [INFO] WebApp:477 - Direct internet connection detected
2025-08-11 09:08:15,070 [INFO] WebApp:187 - Connection restablished
2025-08-11 09:08:15,113 [INFO] WebApp:221 - Starting web application
2025-08-11 09:08:15,113 [INFO] WebApp:579 - Web application path used C:\ST\STM32CubeIDE_1.17.0\STM32CubeIDE\plugins\com.st.stm32cube.common.mx_6.13.0.202411220809\db\plugins\mcufinder\reactClient1\index.html
2025-08-11 09:08:15,180 [INFO] UserAuth:486 - Internet connection configuration mode: 1
2025-08-11 09:08:17,015 [WARN] PackLoader:240 - Cannot read IP mode file for STMicroelectronics.FP-SNS-MOTENVWB1.1.4.0
2025-08-11 09:08:17,023 [WARN] PackLoader:240 - Cannot read IP mode file for STMicroelectronics.FP-ATR-ASTRA1.2.0.2
2025-08-11 09:08:17,029 [WARN] PackLoader:240 - Cannot read IP mode file for STMicroelectronics.X-CUBE-SMBUS.2.1.0
2025-08-11 09:08:17,034 [WARN] PackLoader:240 - Cannot read IP mode file for STMicroelectronics.X-CUBE-WB05N.1.1.0
2025-08-11 09:08:17,039 [WARN] PackLoader:240 - Cannot read IP mode file for STMicroelectronics.X-CUBE-ST60.1.0.0
2025-08-11 09:08:17,058 [WARN] PackLoader:240 - Cannot read IP mode file for STMicroelectronics.X-CUBE-AZRTOS-F7.1.1.0
2025-08-11 09:08:17,064 [WARN] PackLoader:240 - Cannot read IP mode file for STMicroelectronics.FP-SNS-FLIGHT1.5.0.2
2025-08-11 09:08:17,081 [WARN] PackLoader:240 - Cannot read IP mode file for Infineon.AIROC-Wi-Fi-Bluetooth-STM32.1.7.0
2025-08-11 09:08:17,101 [WARN] PackLoader:240 - Cannot read IP mode file for STMicroelectronics.X-CUBE-AZRTOS-H7.3.4.0
2025-08-11 09:08:17,109 [WARN] PackLoader:240 - Cannot read IP mode file for STMicroelectronics.X-CUBE-DISPLAY.3.0.0
2025-08-11 09:08:17,117 [WARN] PackLoader:240 - Cannot read IP mode file for STMicroelectronics.X-CUBE-BLE1.7.0.0
2025-08-11 09:08:17,182 [WARN] PackLoader:240 - Cannot read IP mode file for STMicroelectronics.X-CUBE-NFC10.1.0.0
2025-08-11 09:08:17,189 [WARN] PackLoader:240 - Cannot read IP mode file for STMicroelectronics.X-CUBE-BLEMGR.4.0.0
2025-08-11 09:08:17,194 [WARN] PackLoader:240 - Cannot read IP mode file for emotas.I-CUBE-CANOPEN.1.3.0
2025-08-11 09:08:17,196 [WARN] ConditionMgr:438 - getConditionDescription Invalid condition id : Cortex-A Device cause : null
2025-08-11 09:08:17,213 [WARN] ConditionMgr:1044 - genDependencies : Invalid condition id : Cortex-A Device cause : null
2025-08-11 09:08:17,213 [WARN] ConditionMgr:1044 - genDependencies : Invalid condition id : Cortex-A Device cause : null
2025-08-11 09:08:17,213 [WARN] ConditionMgr:1044 - genDependencies : Invalid condition id : Cortex-A Device cause : null
2025-08-11 09:08:17,219 [WARN] PackLoader:240 - Cannot read IP mode file for STMicroelectronics.X-CUBE-AI.10.0.0
2025-08-11 09:08:17,245 [ERROR] Engine:466 - C:\Users\a0979\.stm32cubemx\thirdparties\pdsc\STMicroelectronics.FP-SNS-STBOX1.2.1.0.pdsc: PDSC version is not supported
2025-08-11 09:08:17,248 [WARN] PackLoader:240 - Cannot read IP mode file for STMicroelectronics.FP-SNS-SMARTAG2.1.2.0
2025-08-11 09:08:17,251 [WARN] PackLoader:240 - Cannot read IP mode file for STMicroelectronics.FP-SNS-FLIGHT1.5.1.0
2025-08-11 09:08:17,278 [WARN] PackLoader:240 - Cannot read IP mode file for STMicroelectronics.X-CUBE-MEMS1.11.1.0
2025-08-11 09:08:17,357 [INFO] LogOutputStream:77 - [STDOUT_REDIRECT] 1 : Invalid condition id : UX_CORESTACK_Condition cause : null
2025-08-11 09:08:17,358 [INFO] LogOutputStream:77 - [STDOUT_REDIRECT] 1 : Invalid condition id : UX_CORESTACK_Condition cause : null
2025-08-11 09:08:17,360 [INFO] LogOutputStream:77 - [STDOUT_REDIRECT] 1 : Invalid condition id : UX_CORESTACK_Condition cause : null
2025-08-11 09:08:17,361 [INFO] LogOutputStream:77 - [STDOUT_REDIRECT] 1 : Invalid condition id : UX_CORESTACK_Condition cause : null
2025-08-11 09:08:17,362 [INFO] LogOutputStream:77 - [STDOUT_REDIRECT] 1 : Invalid condition id : UX_CORESTACK_Condition cause : null
2025-08-11 09:08:17,363 [WARN] PackLoader:240 - Cannot read IP mode file for STMicroelectronics.X-CUBE-AZRTOS-WL.2.0.0
2025-08-11 09:08:17,367 [WARN] PackLoader:240 - Cannot read IP mode file for STMicroelectronics.FP-SNS-MOTENV1.5.0.0
2025-08-11 09:08:17,375 [WARN] PackLoader:240 - Cannot read IP mode file for WES.I-CUBE-Cesium.1.3.0
2025-08-11 09:08:17,380 [WARN] PackLoader:240 - Cannot read IP mode file for STMicroelectronics.X-CUBE-BLE2.3.3.0
2025-08-11 09:08:17,407 [WARN] PackLoader:240 - Cannot read IP mode file for STMicroelectronics.X-CUBE-NFC9.1.0.0
2025-08-11 09:08:17,411 [WARN] PackLoader:240 - Cannot read IP mode file for wolfSSL.I-CUBE-wolfSSL.5.8.0
2025-08-11 09:08:17,414 [WARN] PackLoader:240 - Cannot read IP mode file for STMicroelectronics.X-CUBE-BLE1.7.1.0
2025-08-11 09:08:17,417 [WARN] PackLoader:240 - Cannot read IP mode file for wolfSSL.I-CUBE-wolfMQTT.1.19.2
2025-08-11 09:08:17,420 [WARN] PackLoader:240 - Cannot read IP mode file for STMicroelectronics.X-CUBE-EEPRMA1.5.2.0
2025-08-11 09:08:17,424 [WARN] PackLoader:240 - Cannot read IP mode file for STMicroelectronics.X-CUBE-AI.10.1.0
2025-08-11 09:08:17,447 [WARN] PackLoader:240 - Cannot read IP mode file for STMicroelectronics.X-CUBE-MEMS1.11.2.0
2025-08-11 09:08:17,517 [WARN] PackLoader:240 - Cannot read IP mode file for STMicroelectronics.X-CUBE-AZRTOS-G0.1.1.0
2025-08-11 09:08:17,526 [WARN] PackLoader:240 - Cannot read IP mode file for STMicroelectronics.X-CUBE-SAFEA1.1.2.2
2025-08-11 09:08:17,533 [WARN] PackLoader:240 - Cannot read IP mode file for STMicroelectronics.X-CUBE-NFC4.3.0.0
2025-08-11 09:08:17,540 [WARN] PackLoader:240 - Cannot read IP mode file for EmbeddedOffice.I-CUBE-FS-RTOS.1.0.1
2025-08-11 09:08:17,564 [WARN] PackLoader:240 - Cannot read IP mode file for STMicroelectronics.X-CUBE-WB05N.2.0.0
2025-08-11 09:08:17,569 [WARN] PackLoader:240 - Cannot read IP mode file for wolfSSL.I-CUBE-wolfTPM.3.8.0
2025-08-11 09:08:17,572 [WARN] PackLoader:240 - Cannot read IP mode file for STMicroelectronics.X-CUBE-TCPP.4.2.0
2025-08-11 09:08:17,576 [WARN] PackLoader:240 - Cannot read IP mode file for RealThread.X-CUBE-RT-Thread_Nano.4.1.1
2025-08-11 09:08:17,581 [WARN] PackLoader:240 - Cannot read IP mode file for STMicroelectronics.FP-ATR-SIGFOX1.3.2.0
2025-08-11 09:08:17,584 [WARN] ConditionMgr:438 - getConditionDescription Invalid condition id : Cortex-A Device cause : null
2025-08-11 09:08:17,590 [WARN] ConditionMgr:1044 - genDependencies : Invalid condition id : Cortex-A Device cause : null
2025-08-11 09:08:17,590 [WARN] ConditionMgr:1044 - genDependencies : Invalid condition id : Cortex-A Device cause : null
2025-08-11 09:08:17,590 [WARN] ConditionMgr:1044 - genDependencies : Invalid condition id : Cortex-A Device cause : null
2025-08-11 09:08:17,594 [WARN] PackLoader:240 - Cannot read IP mode file for STMicroelectronics.X-CUBE-EEPRMA1.5.1.0
2025-08-11 09:08:17,597 [WARN] PackLoader:240 - Cannot read IP mode file for wolfSSL.I-CUBE-wolfSSL.5.7.6
2025-08-11 09:08:17,601 [WARN] PackLoader:240 - Cannot read IP mode file for ITTIA_DB.I-CUBE-ITTIADB.8.9.0
2025-08-11 09:08:17,608 [WARN] PackLoader:240 - Cannot read IP mode file for STMicroelectronics.X-CUBE-ST67W61.1.0.0
2025-08-11 09:08:17,611 [WARN] PackLoader:240 - Cannot read IP mode file for STMicroelectronics.X-CUBE-AI.10.2.0
2025-08-11 09:08:17,624 [WARN] PackLoader:240 - Cannot read IP mode file for SEGGER.I-CUBE-embOS.1.3.1
2025-08-11 09:08:17,647 [WARN] PackLoader:240 - Cannot read IP mode file for STMicroelectronics.X-CUBE-ALGOBUILD.1.4.0
2025-08-11 09:08:17,673 [WARN] PackLoader:240 - Cannot read IP mode file for STMicroelectronics.X-CUBE-MEMS1.11.3.0
2025-08-11 09:08:17,741 [WARN] PackLoader:240 - Cannot read IP mode file for STMicroelectronics.X-CUBE-PM33A1.1.0.0
2025-08-11 09:08:17,749 [WARN] PackLoader:240 - Cannot read IP mode file for STMicroelectronics.X-CUBE-AZRTOS-F4.1.1.0
2025-08-11 09:08:17,753 [WARN] PackLoader:240 - Cannot read IP mode file for Avnet-IotConnect.X-CUBE-IoTC-DA16k-PMOD.1.0.0
2025-08-11 09:08:17,755 [WARN] PackLoader:240 - Cannot read IP mode file for STMicroelectronics.X-CUBE-ISPU.2.1.0
2025-08-11 09:08:17,759 [WARN] PackLoader:240 - Cannot read IP mode file for STMicroelectronics.X-CUBE-NFC12.1.0.0
2025-08-11 09:08:17,768 [WARN] PackLoader:240 - Cannot read IP mode file for STMicroelectronics.X-CUBE-AZRTOS-L5.2.0.0
2025-08-11 09:08:17,773 [WARN] PackLoader:240 - Cannot read IP mode file for STMicroelectronics.X-CUBE-NFC6.3.1.0
2025-08-11 09:08:17,777 [WARN] PackLoader:240 - Cannot read IP mode file for STMicroelectronics.X-CUBE-DPower.1.2.0
2025-08-11 09:08:17,780 [WARN] PackLoader:240 - Cannot read IP mode file for STMicroelectronics.X-CUBE-FREERTOS.1.3.1
2025-08-11 09:08:17,786 [WARN] PackLoader:240 - Cannot read IP mode file for STMicroelectronics.X-CUBE-FREERTOS.1.3.0
2025-08-11 09:08:17,789 [WARN] PackLoader:240 - Cannot read IP mode file for STMicroelectronics.X-CUBE-NFC7.1.0.1
2025-08-11 09:08:17,793 [WARN] PackLoader:240 - Cannot read IP mode file for STMicroelectronics.FP-SNS-STAIOTCFT.1.0.0
2025-08-11 09:08:17,797 [WARN] PackLoader:240 - Cannot read IP mode file for STMicroelectronics.X-CUBE-DPower.1.3.0
2025-08-11 09:08:17,805 [WARN] ConditionMgr:438 - getConditionDescription Invalid condition id : LAN8742 Phy interface Condition cause : null
2025-08-11 09:08:17,805 [WARN] PackLoader:240 - Cannot read IP mode file for STMicroelectronics.X-CUBE-AZRTOS-L4.2.0.0
2025-08-11 09:08:17,806 [WARN] ConditionMgr:1044 - genDependencies : Invalid condition id : LAN8742 Phy interface Condition cause : null
2025-08-11 09:08:17,806 [WARN] ConditionMgr:1044 - genDependencies : Invalid condition id : LAN8742 Phy interface Condition cause : null
2025-08-11 09:08:17,806 [WARN] ConditionMgr:1044 - genDependencies : Invalid condition id : LAN8742 Phy interface Condition cause : null
2025-08-11 09:08:17,811 [WARN] PackLoader:240 - Cannot read IP mode file for STMicroelectronics.X-CUBE-SFXS2LP1.4.0.0
2025-08-11 09:08:17,820 [WARN] PackLoader:240 - Cannot read IP mode file for STMicroelectronics.X-CUBE-AZRTOS-H7.3.3.0
2025-08-11 09:08:17,827 [WARN] PackLoader:240 - Cannot read IP mode file for STMicroelectronics.X-CUBE-BLEMGR.4.1.0
2025-08-11 09:08:17,836 [WARN] ConditionMgr:438 - getConditionDescription Invalid condition id : UX DEVICE CLASS RTOS Condition cause : null
2025-08-11 09:08:17,837 [WARN] ConditionMgr:438 - getConditionDescription Invalid condition id : UX DEVICE CLASS RTOS Condition cause : null
2025-08-11 09:08:17,838 [WARN] PackLoader:240 - Cannot read IP mode file for STMicroelectronics.X-CUBE-AZRTOS-WB.2.0.0
2025-08-11 09:08:17,838 [WARN] ConditionMgr:1044 - genDependencies : Invalid condition id : UX DEVICE CLASS RTOS Condition cause : null
2025-08-11 09:08:17,838 [WARN] ConditionMgr:1044 - genDependencies : Invalid condition id : UX DEVICE CLASS RTOS Condition cause : null
2025-08-11 09:08:17,838 [WARN] ConditionMgr:1044 - genDependencies : Invalid condition id : UX DEVICE CLASS RTOS Condition cause : null
2025-08-11 09:08:17,838 [WARN] ConditionMgr:1044 - genDependencies : Invalid condition id : UX DEVICE CLASS RTOS Condition cause : null
2025-08-11 09:08:17,838 [WARN] ConditionMgr:1044 - genDependencies : Invalid condition id : UX DEVICE CLASS RTOS Condition cause : null
2025-08-11 09:08:17,842 [WARN] PackLoader:240 - Cannot read IP mode file for STMicroelectronics.X-CUBE-GNSS1.7.0.1
2025-08-11 09:08:17,847 [WARN] PackLoader:240 - Cannot read IP mode file for STMicroelectronics.X-CUBE-TOUCHGFX.4.25.0
2025-08-11 09:08:17,851 [WARN] PackLoader:240 - Cannot read IP mode file for STMicroelectronics.FP-SNS-STBOX1.2.0.0
2025-08-11 09:08:17,857 [WARN] PackLoader:240 - Cannot read IP mode file for STMicroelectronics.X-CUBE-SUBG2.5.0.0
2025-08-11 09:08:17,868 [WARN] PackLoader:240 - Cannot read IP mode file for STMicroelectronics.X-CUBE-AZRTOS-H7RS.1.1.0
2025-08-11 09:08:17,873 [WARN] PackLoader:240 - Cannot read IP mode file for Cesanta.I-CUBE-Mongoose.7.13.0
2025-08-11 09:08:17,880 [WARN] PackLoader:240 - Cannot read IP mode file for STMicroelectronics.X-CUBE-AZRTOS-G4.2.0.0
2025-08-11 09:08:17,883 [WARN] PackLoader:240 - Cannot read IP mode file for wolfSSL.I-CUBE-wolfSSH.1.4.20
2025-08-11 09:08:17,886 [WARN] PackLoader:240 - Cannot read IP mode file for STMicroelectronics.X-CUBE-NFC7.2.0.0
2025-08-11 09:08:17,892 [WARN] PackLoader:240 - Cannot read IP mode file for STMicroelectronics.X-CUBE-IPS.3.1.0
2025-08-11 09:08:17,898 [WARN] PackLoader:240 - Cannot read IP mode file for STMicroelectronics.X-CUBE-ALS.1.0.2
2025-08-11 09:08:17,900 [WARN] PackLoader:240 - Cannot read IP mode file for STMicroelectronics.X-CUBE-TOUCHGFX.4.24.2
2025-08-11 09:08:17,903 [WARN] PackLoader:240 - Cannot read IP mode file for portGmbH.I-Cube-SoM-uGOAL.1.1.0
2025-08-11 09:08:17,911 [WARN] PackLoader:240 - Cannot read IP mode file for STMicroelectronics.X-CUBE-AZRTOS-H7RS.1.0.0
2025-08-11 09:08:17,921 [WARN] PackLoader:240 - Cannot read IP mode file for STMicroelectronics.X-CUBE-TOF1.3.4.2
2025-08-11 09:08:17,940 [WARN] PackLoader:240 - Cannot read IP mode file for STMicroelectronics.X-CUBE-TOF1.3.4.3
2025-08-11 09:08:17,962 [INFO] ThirdParty:978 - Integrity check success = true
2025-08-11 09:08:17,962 [INFO] IntegrityCheckThread:100 - exiting critical section [integrity check]
2025-08-11 09:08:17,962 [INFO] IntegrityCheckThread:103 - End integrity checks thread
2025-08-11 12:01:28,123 [ERROR] LogOutputStream:75 - [STDERR_REDIRECT] 
